<?xml version="1.0" encoding="UTF-8"?>
<coverage generated="1700360828403" clover="3.2.0">
  <project timestamp="1700360828403" name="All files">
    <metrics statements="724" coveredstatements="556" conditionals="253" coveredconditionals="155" methods="191" coveredmethods="133" elements="1168" coveredelements="844" complexity="0" loc="724" ncloc="724" packages="7" files="24" classes="24"/>
    <package name="src">
      <metrics statements="64" coveredstatements="50" conditionals="9" coveredconditionals="3" methods="9" coveredmethods="3"/>
      <file name="config.ts" path="C:\Users\Theo Siemens-Rhodes\Documents\CPEN321\CPEN321-TuneMatch\backend\src\config.ts">
        <metrics statements="3" coveredstatements="3" conditionals="4" coveredconditionals="3" methods="0" coveredmethods="0"/>
        <line num="1" count="9" type="stmt"/>
        <line num="3" count="9" type="cond" truecount="2" falsecount="0"/>
        <line num="4" count="9" type="cond" truecount="1" falsecount="1"/>
      </file>
      <file name="index.ts" path="C:\Users\Theo Siemens-Rhodes\Documents\CPEN321\CPEN321-TuneMatch\backend\src\index.ts">
        <metrics statements="37" coveredstatements="27" conditionals="2" coveredconditionals="0" methods="6" coveredmethods="2"/>
        <line num="1" count="9" type="stmt"/>
        <line num="3" count="9" type="stmt"/>
        <line num="4" count="9" type="stmt"/>
        <line num="5" count="9" type="stmt"/>
        <line num="6" count="9" type="stmt"/>
        <line num="7" count="9" type="stmt"/>
        <line num="8" count="9" type="stmt"/>
        <line num="9" count="9" type="stmt"/>
        <line num="10" count="9" type="stmt"/>
        <line num="11" count="9" type="stmt"/>
        <line num="12" count="9" type="stmt"/>
        <line num="13" count="9" type="stmt"/>
        <line num="14" count="9" type="stmt"/>
        <line num="15" count="9" type="stmt"/>
        <line num="17" count="9" type="stmt"/>
        <line num="21" count="9" type="stmt"/>
        <line num="23" count="0" type="stmt"/>
        <line num="26" count="9" type="stmt"/>
        <line num="27" count="9" type="stmt"/>
        <line num="28" count="9" type="stmt"/>
        <line num="32" count="9" type="stmt"/>
        <line num="33" count="99" type="stmt"/>
        <line num="36" count="0" type="stmt"/>
        <line num="37" count="0" type="stmt"/>
        <line num="38" count="0" type="cond" truecount="0" falsecount="1"/>
        <line num="40" count="0" type="stmt"/>
        <line num="44" count="0" type="stmt"/>
        <line num="49" count="0" type="stmt"/>
        <line num="51" count="0" type="stmt"/>
        <line num="57" count="9" type="stmt"/>
        <line num="60" count="9" type="stmt"/>
        <line num="61" count="9" type="stmt"/>
        <line num="64" count="9" type="stmt"/>
        <line num="68" count="9" type="stmt"/>
        <line num="77" count="9" type="cond" truecount="0" falsecount="1"/>
        <line num="78" count="0" type="stmt"/>
        <line num="79" count="0" type="stmt"/>
      </file>
      <file name="logger.ts" path="C:\Users\Theo Siemens-Rhodes\Documents\CPEN321\CPEN321-TuneMatch\backend\src\logger.ts">
        <metrics statements="9" coveredstatements="5" conditionals="3" coveredconditionals="0" methods="3" coveredmethods="1"/>
        <line num="1" count="9" type="stmt"/>
        <line num="3" count="9" type="stmt"/>
        <line num="4" count="404" type="stmt"/>
        <line num="5" count="202" type="cond" truecount="0" falsecount="1"/>
        <line num="7" count="0" type="stmt"/>
        <line num="8" count="0" type="cond" truecount="0" falsecount="1"/>
        <line num="10" count="0" type="stmt"/>
        <line num="11" count="0" type="cond" truecount="0" falsecount="1"/>
        <line num="15" count="9" type="stmt"/>
      </file>
      <file name="routes.ts" path="C:\Users\Theo Siemens-Rhodes\Documents\CPEN321\CPEN321-TuneMatch\backend\src\routes.ts">
        <metrics statements="3" coveredstatements="3" conditionals="0" coveredconditionals="0" methods="0" coveredmethods="0"/>
        <line num="1" count="9" type="stmt"/>
        <line num="2" count="9" type="stmt"/>
        <line num="4" count="9" type="stmt"/>
      </file>
      <file name="services.ts" path="C:\Users\Theo Siemens-Rhodes\Documents\CPEN321\CPEN321-TuneMatch\backend\src\services.ts">
        <metrics statements="12" coveredstatements="12" conditionals="0" coveredconditionals="0" methods="0" coveredmethods="0"/>
        <line num="1" count="9" type="stmt"/>
        <line num="2" count="9" type="stmt"/>
        <line num="3" count="9" type="stmt"/>
        <line num="4" count="9" type="stmt"/>
        <line num="5" count="9" type="stmt"/>
        <line num="6" count="9" type="stmt"/>
        <line num="9" count="9" type="stmt"/>
        <line num="10" count="9" type="stmt"/>
        <line num="11" count="9" type="stmt"/>
        <line num="12" count="9" type="stmt"/>
        <line num="13" count="9" type="stmt"/>
        <line num="14" count="9" type="stmt"/>
      </file>
    </package>
    <package name="src.controller">
      <metrics statements="236" coveredstatements="176" conditionals="74" coveredconditionals="53" methods="59" coveredmethods="34"/>
      <file name="ReportController.ts" path="C:\Users\Theo Siemens-Rhodes\Documents\CPEN321\CPEN321-TuneMatch\backend\src\controller\ReportController.ts">
        <metrics statements="14" coveredstatements="6" conditionals="1" coveredconditionals="0" methods="4" coveredmethods="1"/>
        <line num="1" count="9" type="stmt"/>
        <line num="4" count="9" type="stmt"/>
        <line num="6" count="9" type="stmt"/>
        <line num="7" count="0" type="stmt"/>
        <line num="8" count="0" type="stmt"/>
        <line num="13" count="0" type="stmt"/>
        <line num="17" count="9" type="stmt"/>
        <line num="18" count="0" type="stmt"/>
        <line num="19" count="0" type="stmt"/>
        <line num="20" count="0" type="stmt"/>
        <line num="24" count="9" type="stmt"/>
        <line num="25" count="0" type="cond" truecount="0" falsecount="1"/>
        <line num="26" count="0" type="stmt"/>
        <line num="28" count="9" type="stmt"/>
      </file>
      <file name="RequestController.ts" path="C:\Users\Theo Siemens-Rhodes\Documents\CPEN321\CPEN321-TuneMatch\backend\src\controller\RequestController.ts">
        <metrics statements="48" coveredstatements="38" conditionals="10" coveredconditionals="9" methods="10" coveredmethods="9"/>
        <line num="1" count="9" type="stmt"/>
        <line num="9" count="9" type="stmt"/>
        <line num="12" count="9" type="stmt"/>
        <line num="15" count="9" type="stmt"/>
        <line num="20" count="7" type="stmt"/>
        <line num="21" count="14" type="cond" truecount="1" falsecount="0"/>
        <line num="22" count="0" type="stmt"/>
        <line num="29" count="14" type="stmt"/>
        <line num="31" count="2" type="stmt"/>
        <line num="38" count="9" type="stmt"/>
        <line num="43" count="0" type="cond" truecount="0" falsecount="1"/>
        <line num="45" count="0" type="stmt"/>
        <line num="46" count="0" type="stmt"/>
        <line num="47" count="0" type="stmt"/>
        <line num="48" count="0" type="stmt"/>
        <line num="49" count="0" type="stmt"/>
        <line num="56" count="9" type="stmt"/>
        <line num="57" count="4" type="cond" truecount="2" falsecount="0"/>
        <line num="58" count="4" type="cond" truecount="1" falsecount="0"/>
        <line num="59" count="1" type="stmt"/>
        <line num="62" count="3" type="stmt"/>
        <line num="63" count="3" type="stmt"/>
        <line num="65" count="4" type="cond" truecount="1" falsecount="0"/>
        <line num="67" count="2" type="stmt"/>
        <line num="68" count="2" type="stmt"/>
        <line num="69" count="2" type="stmt"/>
        <line num="70" count="2" type="stmt"/>
        <line num="71" count="2" type="stmt"/>
        <line num="72" count="2" type="stmt"/>
        <line num="82" count="4" type="cond" truecount="1" falsecount="0"/>
        <line num="83" count="2" type="stmt"/>
        <line num="86" count="2" type="stmt"/>
        <line num="87" count="2" type="stmt"/>
        <line num="88" count="2" type="stmt"/>
        <line num="89" count="2" type="stmt"/>
        <line num="90" count="2" type="stmt"/>
        <line num="91" count="2" type="stmt"/>
        <line num="103" count="9" type="stmt"/>
        <line num="104" count="3" type="cond" truecount="1" falsecount="0"/>
        <line num="105" count="3" type="cond" truecount="1" falsecount="0"/>
        <line num="106" count="1" type="stmt"/>
        <line num="109" count="2" type="stmt"/>
        <line num="110" count="2" type="stmt"/>
        <line num="112" count="4" type="cond" truecount="1" falsecount="0"/>
        <line num="113" count="0" type="stmt"/>
        <line num="114" count="0" type="stmt"/>
        <line num="115" count="0" type="stmt"/>
        <line num="120" count="9" type="stmt"/>
      </file>
      <file name="SessionController.ts" path="C:\Users\Theo Siemens-Rhodes\Documents\CPEN321\CPEN321-TuneMatch\backend\src\controller\SessionController.ts">
        <metrics statements="58" coveredstatements="58" conditionals="20" coveredconditionals="19" methods="13" coveredmethods="13"/>
        <line num="1" count="9" type="stmt"/>
        <line num="2" count="9" type="stmt"/>
        <line num="6" count="9" type="stmt"/>
        <line num="9" count="9" type="stmt"/>
        <line num="12" count="9" type="stmt"/>
        <line num="17" count="95" type="stmt"/>
        <line num="18" count="189" type="cond" truecount="1" falsecount="0"/>
        <line num="19" count="1" type="stmt"/>
        <line num="26" count="188" type="stmt"/>
        <line num="28" count="3" type="stmt"/>
        <line num="35" count="9" type="stmt"/>
        <line num="36" count="3" type="cond" truecount="1" falsecount="0"/>
        <line num="37" count="4" type="stmt"/>
        <line num="45" count="9" type="stmt"/>
        <line num="50" count="7" type="cond" truecount="1" falsecount="0"/>
        <line num="51" count="14" type="stmt"/>
        <line num="52" count="14" type="stmt"/>
        <line num="60" count="9" type="stmt"/>
        <line num="65" count="27" type="stmt"/>
        <line num="66" count="27" type="stmt"/>
        <line num="67" count="54" type="stmt"/>
        <line num="75" count="54" type="stmt"/>
        <line num="83" count="9" type="stmt"/>
        <line num="88" count="7" type="cond" truecount="1" falsecount="0"/>
        <line num="89" count="14" type="stmt"/>
        <line num="90" count="14" type="stmt"/>
        <line num="98" count="9" type="stmt"/>
        <line num="103" count="4" type="cond" truecount="1" falsecount="0"/>
        <line num="104" count="4" type="stmt"/>
        <line num="105" count="8" type="stmt"/>
        <line num="110" count="8" type="stmt"/>
        <line num="118" count="9" type="stmt"/>
        <line num="123" count="1" type="cond" truecount="1" falsecount="0"/>
        <line num="124" count="2" type="stmt"/>
        <line num="125" count="2" type="stmt"/>
        <line num="133" count="9" type="stmt"/>
        <line num="138" count="1" type="cond" truecount="1" falsecount="0"/>
        <line num="139" count="2" type="stmt"/>
        <line num="140" count="2" type="stmt"/>
        <line num="148" count="9" type="stmt"/>
        <line num="153" count="1" type="cond" truecount="1" falsecount="0"/>
        <line num="154" count="1" type="stmt"/>
        <line num="155" count="2" type="stmt"/>
        <line num="156" count="2" type="stmt"/>
        <line num="164" count="9" type="stmt"/>
        <line num="165" count="39" type="cond" truecount="1" falsecount="0"/>
        <line num="169" count="37" type="stmt"/>
        <line num="170" count="37" type="stmt"/>
        <line num="171" count="37" type="stmt"/>
        <line num="172" count="37" type="stmt"/>
        <line num="173" count="37" type="stmt"/>
        <line num="174" count="47" type="stmt"/>
        <line num="183" count="9" type="stmt"/>
        <line num="184" count="8" type="cond" truecount="1" falsecount="0"/>
        <line num="185" count="4" type="stmt"/>
        <line num="186" count="4" type="stmt"/>
        <line num="187" count="4" type="stmt"/>
        <line num="190" count="9" type="stmt"/>
      </file>
      <file name="UserController.ts" path="C:\Users\Theo Siemens-Rhodes\Documents\CPEN321\CPEN321-TuneMatch\backend\src\controller\UserController.ts">
        <metrics statements="60" coveredstatements="18" conditionals="32" coveredconditionals="14" methods="24" coveredmethods="3"/>
        <line num="1" count="9" type="stmt"/>
        <line num="7" count="9" type="stmt"/>
        <line num="11" count="9" type="stmt"/>
        <line num="14" count="9" type="stmt"/>
        <line num="16" count="0" type="cond" truecount="0" falsecount="2"/>
        <line num="19" count="0" type="stmt"/>
        <line num="20" count="0" type="cond" truecount="0" falsecount="1"/>
        <line num="21" count="0" type="stmt"/>
        <line num="23" count="0" type="stmt"/>
        <line num="24" count="0" type="stmt"/>
        <line num="25" count="0" type="cond" truecount="0" falsecount="2"/>
        <line num="37" count="9" type="stmt"/>
        <line num="38" count="0" type="cond" truecount="0" falsecount="1"/>
        <line num="39" count="0" type="stmt"/>
        <line num="40" count="0" type="stmt"/>
        <line num="41" count="0" type="stmt"/>
        <line num="47" count="9" type="stmt"/>
        <line num="48" count="0" type="cond" truecount="0" falsecount="1"/>
        <line num="51" count="0" type="cond" truecount="0" falsecount="1"/>
        <line num="52" count="0" type="stmt"/>
        <line num="54" count="0" type="stmt"/>
        <line num="58" count="0" type="stmt"/>
        <line num="59" count="0" type="stmt"/>
        <line num="60" count="0" type="stmt"/>
        <line num="66" count="9" type="stmt"/>
        <line num="67" count="0" type="cond" truecount="0" falsecount="1"/>
        <line num="68" count="0" type="stmt"/>
        <line num="69" count="0" type="stmt"/>
        <line num="70" count="0" type="stmt"/>
        <line num="80" count="9" type="stmt"/>
        <line num="81" count="0" type="cond" truecount="0" falsecount="1"/>
        <line num="85" count="0" type="stmt"/>
        <line num="86" count="0" type="stmt"/>
        <line num="87" count="0" type="stmt"/>
        <line num="93" count="9" type="stmt"/>
        <line num="94" count="0" type="cond" truecount="0" falsecount="1"/>
        <line num="95" count="0" type="stmt"/>
        <line num="99" count="9" type="stmt"/>
        <line num="100" count="0" type="cond" truecount="0" falsecount="1"/>
        <line num="105" count="0" type="stmt"/>
        <line num="106" count="0" type="stmt"/>
        <line num="107" count="0" type="cond" truecount="0" falsecount="1"/>
        <line num="108" count="0" type="stmt"/>
        <line num="119" count="9" type="stmt"/>
        <line num="124" count="4" type="stmt"/>
        <line num="125" count="8" type="cond" truecount="1" falsecount="0"/>
        <line num="126" count="0" type="stmt"/>
        <line num="133" count="8" type="stmt"/>
        <line num="135" count="0" type="stmt"/>
        <line num="142" count="9" type="stmt"/>
        <line num="143" count="0" type="cond" truecount="0" falsecount="1"/>
        <line num="145" count="0" type="stmt"/>
        <line num="146" count="0" type="stmt"/>
        <line num="147" count="0" type="stmt"/>
        <line num="148" count="0" type="stmt"/>
        <line num="149" count="0" type="stmt"/>
        <line num="150" count="0" type="stmt"/>
        <line num="161" count="9" type="stmt"/>
        <line num="162" count="4" type="cond" truecount="1" falsecount="0"/>
        <line num="168" count="9" type="stmt"/>
      </file>
      <file name="WebsocketController.ts" path="C:\Users\Theo Siemens-Rhodes\Documents\CPEN321\CPEN321-TuneMatch\backend\src\controller\WebsocketController.ts">
        <metrics statements="56" coveredstatements="56" conditionals="11" coveredconditionals="11" methods="8" coveredmethods="8"/>
        <line num="1" count="9" type="stmt"/>
        <line num="2" count="9" type="stmt"/>
        <line num="3" count="9" type="stmt"/>
        <line num="4" count="9" type="stmt"/>
        <line num="10" count="9" type="stmt"/>
        <line num="11" count="9" type="stmt"/>
        <line num="22" count="76" type="cond" truecount="1" falsecount="0"/>
        <line num="23" count="1" type="stmt"/>
        <line num="24" count="1" type="stmt"/>
        <line num="27" count="75" type="stmt"/>
        <line num="33" count="75" type="cond" truecount="1" falsecount="0"/>
        <line num="34" count="1" type="stmt"/>
        <line num="35" count="1" type="stmt"/>
        <line num="37" count="148" type="stmt"/>
        <line num="40" count="74" type="stmt"/>
        <line num="41" count="74" type="stmt"/>
        <line num="42" count="74" type="stmt"/>
        <line num="43" count="74" type="stmt"/>
        <line num="44" count="74" type="stmt"/>
        <line num="45" count="74" type="stmt"/>
        <line num="46" count="18" type="stmt"/>
        <line num="54" count="74" type="stmt"/>
        <line num="55" count="74" type="stmt"/>
        <line num="56" count="74" type="stmt"/>
        <line num="57" count="74" type="stmt"/>
        <line num="58" count="74" type="stmt"/>
        <line num="59" count="74" type="stmt"/>
        <line num="64" count="74" type="stmt"/>
        <line num="66" count="74" type="stmt"/>
        <line num="70" count="9" type="stmt"/>
        <line num="72" count="76" type="cond" truecount="1" falsecount="0"/>
        <line num="74" count="76" type="stmt"/>
        <line num="76" count="76" type="stmt"/>
        <line num="78" count="150" type="stmt"/>
        <line num="82" count="76" type="stmt"/>
        <line num="83" count="109" type="stmt"/>
        <line num="84" count="109" type="stmt"/>
        <line num="85" count="108" type="cond" truecount="2" falsecount="0"/>
        <line num="86" count="1" type="stmt"/>
        <line num="88" count="107" type="cond" truecount="4" falsecount="0"/>
        <line num="90" count="95" type="stmt"/>
        <line num="91" count="95" type="stmt"/>
        <line num="93" count="4" type="stmt"/>
        <line num="94" count="4" type="stmt"/>
        <line num="96" count="7" type="stmt"/>
        <line num="97" count="7" type="stmt"/>
        <line num="99" count="1" type="stmt"/>
        <line num="105" count="1" type="stmt"/>
        <line num="112" count="76" type="stmt"/>
        <line num="113" count="66" type="stmt"/>
        <line num="114" count="66" type="stmt"/>
        <line num="116" count="69" type="cond" truecount="1" falsecount="0"/>
        <line num="117" count="126" type="stmt"/>
        <line num="118" count="126" type="stmt"/>
        <line num="121" count="69" type="cond" truecount="1" falsecount="0"/>
        <line num="122" count="126" type="stmt"/>
      </file>
    </package>
    <package name="src.middleware">
      <metrics statements="16" coveredstatements="3" conditionals="11" coveredconditionals="0" methods="2" coveredmethods="0"/>
      <file name="CurrentUser.ts" path="C:\Users\Theo Siemens-Rhodes\Documents\CPEN321\CPEN321-TuneMatch\backend\src\middleware\CurrentUser.ts">
        <metrics statements="14" coveredstatements="2" conditionals="9" coveredconditionals="0" methods="1" coveredmethods="0"/>
        <line num="2" count="9" type="stmt"/>
        <line num="6" count="9" type="stmt"/>
        <line num="11" count="0" type="cond" truecount="0" falsecount="2"/>
        <line num="12" count="0" type="stmt"/>
        <line num="15" count="0" type="cond" truecount="0" falsecount="3"/>
        <line num="16" count="0" type="stmt"/>
        <line num="17" count="0" type="stmt"/>
        <line num="19" count="0" type="cond" truecount="0" falsecount="3"/>
        <line num="20" count="0" type="stmt"/>
        <line num="21" count="0" type="stmt"/>
        <line num="23" count="0" type="cond" truecount="0" falsecount="1"/>
        <line num="24" count="0" type="stmt"/>
        <line num="25" count="0" type="stmt"/>
        <line num="27" count="0" type="stmt"/>
      </file>
      <file name="ErrorHandler.ts" path="C:\Users\Theo Siemens-Rhodes\Documents\CPEN321\CPEN321-TuneMatch\backend\src\middleware\ErrorHandler.ts">
        <metrics statements="2" coveredstatements="1" conditionals="2" coveredconditionals="0" methods="1" coveredmethods="0"/>
        <line num="4" count="9" type="stmt"/>
        <line num="10" count="0" type="cond" truecount="0" falsecount="2"/>
      </file>
    </package>
    <package name="src.models">
      <metrics statements="100" coveredstatements="100" conditionals="44" coveredconditionals="43" methods="26" coveredmethods="26"/>
      <file name="Queue.ts" path="C:\Users\Theo Siemens-Rhodes\Documents\CPEN321\CPEN321-TuneMatch\backend\src\models\Queue.ts">
        <metrics statements="65" coveredstatements="65" conditionals="27" coveredconditionals="26" methods="13" coveredmethods="13"/>
        <line num="1" count="9" type="stmt"/>
        <line num="11" count="51" type="stmt"/>
        <line num="12" count="51" type="stmt"/>
        <line num="13" count="51" type="stmt"/>
        <line num="14" count="51" type="stmt"/>
        <line num="15" count="51" type="stmt"/>
        <line num="16" count="51" type="stmt"/>
        <line num="18" count="9" type="stmt"/>
        <line num="20" count="9" type="stmt"/>
        <line num="26" count="28" type="stmt"/>
        <line num="27" count="28" type="stmt"/>
        <line num="28" count="28" type="stmt"/>
        <line num="35" count="9" type="stmt"/>
        <line num="36" count="7" type="cond" truecount="3" falsecount="0"/>
        <line num="37" count="7" type="stmt"/>
        <line num="38" count="7" type="stmt"/>
        <line num="43" count="44" type="cond" truecount="1" falsecount="0"/>
        <line num="44" count="26" type="cond" truecount="2" falsecount="0"/>
        <line num="45" count="22" type="stmt"/>
        <line num="46" count="22" type="stmt"/>
        <line num="47" count="22" type="stmt"/>
        <line num="48" count="15" type="stmt"/>
        <line num="49" count="15" type="stmt"/>
        <line num="52" count="4" type="stmt"/>
        <line num="60" count="9" type="stmt"/>
        <line num="61" count="1" type="cond" truecount="1" falsecount="0"/>
        <line num="62" count="1" type="stmt"/>
        <line num="63" count="1" type="stmt"/>
        <line num="64" count="1" type="stmt"/>
        <line num="65" count="1" type="stmt"/>
        <line num="66" count="1" type="stmt"/>
        <line num="67" count="1" type="stmt"/>
        <line num="68" count="1" type="stmt"/>
        <line num="77" count="9" type="stmt"/>
        <line num="78" count="7" type="cond" truecount="1" falsecount="0"/>
        <line num="79" count="1" type="stmt"/>
        <line num="81" count="7" type="stmt"/>
        <line num="82" count="7" type="stmt"/>
        <line num="92" count="9" type="stmt"/>
        <line num="94" count="31" type="cond" truecount="5" falsecount="0"/>
        <line num="98" count="31" type="cond" truecount="2" falsecount="0"/>
        <line num="99" count="31" type="stmt"/>
        <line num="100" count="31" type="stmt"/>
        <line num="103" count="31" type="cond" truecount="3" falsecount="0"/>
        <line num="104" count="6" type="stmt"/>
        <line num="112" count="9" type="stmt"/>
        <line num="113" count="7" type="cond" truecount="2" falsecount="0"/>
        <line num="114" count="3" type="stmt"/>
        <line num="115" count="3" type="stmt"/>
        <line num="116" count="3" type="stmt"/>
        <line num="118" count="4" type="stmt"/>
        <line num="128" count="9" type="stmt"/>
        <line num="129" count="4" type="stmt"/>
        <line num="130" count="4" type="cond" truecount="1" falsecount="0"/>
        <line num="131" count="4" type="stmt"/>
        <line num="140" count="9" type="stmt"/>
        <line num="141" count="1" type="cond" truecount="1" falsecount="0"/>
        <line num="142" count="1" type="stmt"/>
        <line num="145" count="1" type="stmt"/>
        <line num="146" count="1" type="cond" truecount="1" falsecount="0"/>
        <line num="148" count="1" type="stmt"/>
        <line num="153" count="1" type="stmt"/>
        <line num="156" count="1" type="stmt"/>
        <line num="157" count="1" type="stmt"/>
        <line num="159" count="9" type="stmt"/>
      </file>
      <file name="SessionModels.ts" path="C:\Users\Theo Siemens-Rhodes\Documents\CPEN321\CPEN321-TuneMatch\backend\src\models\SessionModels.ts">
        <metrics statements="6" coveredstatements="6" conditionals="2" coveredconditionals="2" methods="2" coveredmethods="2"/>
        <line num="2" count="9" type="stmt"/>
        <line num="6" count="9" type="stmt"/>
        <line num="8" count="98" type="stmt"/>
        <line num="9" count="98" type="stmt"/>
        <line num="11" count="98" type="cond" truecount="2" falsecount="0"/>
        <line num="13" count="9" type="stmt"/>
      </file>
      <file name="UserModels.ts" path="C:\Users\Theo Siemens-Rhodes\Documents\CPEN321\CPEN321-TuneMatch\backend\src\models\UserModels.ts">
        <metrics statements="23" coveredstatements="23" conditionals="15" coveredconditionals="15" methods="9" coveredmethods="9"/>
        <line num="1" count="9" type="stmt"/>
        <line num="2" count="9" type="stmt"/>
        <line num="12" count="9" type="stmt"/>
        <line num="16" count="259" type="cond" truecount="2" falsecount="0"/>
        <line num="17" count="68" type="cond" truecount="2" falsecount="0"/>
        <line num="22" count="9" type="stmt"/>
        <line num="26" count="240" type="cond" truecount="1" falsecount="0"/>
        <line num="27" count="240" type="stmt"/>
        <line num="30" count="332" type="cond" truecount="1" falsecount="0"/>
        <line num="34" count="9" type="stmt"/>
        <line num="35" count="332" type="cond" truecount="3" falsecount="0"/>
        <line num="36" count="235" type="cond" truecount="2" falsecount="0"/>
        <line num="38" count="97" type="stmt"/>
        <line num="41" count="9" type="stmt"/>
        <line num="43" count="220" type="stmt"/>
        <line num="44" count="220" type="stmt"/>
        <line num="46" count="220" type="cond" truecount="2" falsecount="0"/>
        <line num="48" count="9" type="stmt"/>
        <line num="50" count="9" type="stmt"/>
        <line num="52" count="78" type="stmt"/>
        <line num="53" count="78" type="stmt"/>
        <line num="55" count="78" type="cond" truecount="2" falsecount="0"/>
        <line num="57" count="9" type="stmt"/>
      </file>
      <file name="WebsocketModels.ts" path="C:\Users\Theo Siemens-Rhodes\Documents\CPEN321\CPEN321-TuneMatch\backend\src\models\WebsocketModels.ts">
        <metrics statements="6" coveredstatements="6" conditionals="0" coveredconditionals="0" methods="2" coveredmethods="2"/>
        <line num="4" count="9" type="stmt"/>
        <line num="6" count="396" type="stmt"/>
        <line num="7" count="396" type="stmt"/>
        <line num="8" count="396" type="stmt"/>
        <line num="9" count="396" type="stmt"/>
        <line num="11" count="9" type="stmt"/>
      </file>
    </package>
    <package name="src.routes">
      <metrics statements="11" coveredstatements="6" conditionals="11" coveredconditionals="0" methods="2" coveredmethods="0"/>
      <file name="ReportRoutes.ts" path="C:\Users\Theo Siemens-Rhodes\Documents\CPEN321\CPEN321-TuneMatch\backend\src\routes\ReportRoutes.ts">
        <metrics statements="3" coveredstatements="3" conditionals="0" coveredconditionals="0" methods="0" coveredmethods="0"/>
        <line num="1" count="9" type="stmt"/>
        <line num="2" count="9" type="stmt"/>
        <line num="4" count="9" type="stmt"/>
      </file>
      <file name="UserRoutes.ts" path="C:\Users\Theo Siemens-Rhodes\Documents\CPEN321\CPEN321-TuneMatch\backend\src\routes\UserRoutes.ts">
        <metrics statements="8" coveredstatements="3" conditionals="11" coveredconditionals="0" methods="2" coveredmethods="0"/>
        <line num="1" count="9" type="stmt"/>
        <line num="2" count="9" type="stmt"/>
        <line num="4" count="9" type="stmt"/>
        <line num="79" count="0" type="stmt"/>
        <line num="86" count="0" type="cond" truecount="0" falsecount="1"/>
        <line num="89" count="0" type="cond" truecount="0" falsecount="6"/>
        <line num="93" count="0" type="stmt"/>
        <line num="97" count="0" type="stmt"/>
      </file>
    </package>
    <package name="src.services">
      <metrics statements="293" coveredstatements="217" conditionals="104" coveredconditionals="56" methods="93" coveredmethods="70"/>
      <file name="ReportService.ts" path="C:\Users\Theo Siemens-Rhodes\Documents\CPEN321\CPEN321-TuneMatch\backend\src\services\ReportService.ts">
        <metrics statements="10" coveredstatements="7" conditionals="5" coveredconditionals="0" methods="4" coveredmethods="1"/>
        <line num="2" count="9" type="stmt"/>
        <line num="4" count="9" type="stmt"/>
        <line num="5" count="9" type="stmt"/>
        <line num="8" count="9" type="stmt"/>
        <line num="13" count="0" type="cond" truecount="0" falsecount="2"/>
        <line num="25" count="9" type="stmt"/>
        <line num="26" count="0" type="cond" truecount="0" falsecount="2"/>
        <line num="38" count="9" type="stmt"/>
        <line num="39" count="0" type="cond" truecount="0" falsecount="1"/>
        <line num="44" count="9" type="stmt"/>
      </file>
      <file name="SessionService.ts" path="C:\Users\Theo Siemens-Rhodes\Documents\CPEN321\CPEN321-TuneMatch\backend\src\services\SessionService.ts">
        <metrics statements="96" coveredstatements="96" conditionals="28" coveredconditionals="26" methods="26" coveredmethods="26"/>
        <line num="1" count="9" type="stmt"/>
        <line num="2" count="9" type="stmt"/>
        <line num="3" count="9" type="stmt"/>
        <line num="5" count="9" type="stmt"/>
        <line num="6" count="9" type="stmt"/>
        <line num="8" count="9" type="stmt"/>
        <line num="9" count="13" type="stmt"/>
        <line num="10" count="13" type="stmt"/>
        <line num="13" count="9" type="stmt"/>
        <line num="17" count="68" type="cond" truecount="1" falsecount="0"/>
        <line num="18" count="12" type="stmt"/>
        <line num="23" count="12" type="cond" truecount="3" falsecount="0"/>
        <line num="25" count="1" type="stmt"/>
        <line num="31" count="78" type="stmt"/>
        <line num="34" count="67" type="cond" truecount="1" falsecount="0"/>
        <line num="35" count="11" type="stmt"/>
        <line num="36" count="11" type="cond" truecount="1" falsecount="0"/>
        <line num="37" count="1" type="stmt"/>
        <line num="40" count="10" type="stmt"/>
        <line num="43" count="10" type="cond" truecount="1" falsecount="0"/>
        <line num="44" count="1" type="stmt"/>
        <line num="46" count="9" type="stmt"/>
        <line num="53" count="28" type="cond" truecount="3" falsecount="0"/>
        <line num="57" count="28" type="stmt"/>
        <line num="64" count="37" type="stmt"/>
        <line num="65" count="74" type="stmt"/>
        <line num="66" count="37" type="stmt"/>
        <line num="68" count="37" type="stmt"/>
        <line num="69" count="37" type="stmt"/>
        <line num="70" count="37" type="stmt"/>
        <line num="75" count="37" type="stmt"/>
        <line num="80" count="37" type="stmt"/>
        <line num="84" count="9" type="stmt"/>
        <line num="86" count="106" type="cond" truecount="3" falsecount="0"/>
        <line num="91" count="106" type="cond" truecount="1" falsecount="0"/>
        <line num="92" count="70" type="stmt"/>
        <line num="96" count="36" type="stmt"/>
        <line num="97" count="53" type="cond" truecount="1" falsecount="0"/>
        <line num="98" count="38" type="stmt"/>
        <line num="102" count="34" type="stmt"/>
        <line num="109" count="36" type="stmt"/>
        <line num="110" count="55" type="cond" truecount="1" falsecount="0"/>
        <line num="112" count="34" type="stmt"/>
        <line num="113" count="17" type="stmt"/>
        <line num="115" count="17" type="stmt"/>
        <line num="116" count="17" type="stmt"/>
        <line num="117" count="17" type="stmt"/>
        <line num="124" count="9" type="stmt"/>
        <line num="125" count="51" type="cond" truecount="1" falsecount="0"/>
        <line num="126" count="51" type="cond" truecount="1" falsecount="0"/>
        <line num="127" count="1" type="stmt"/>
        <line num="129" count="50" type="stmt"/>
        <line num="133" count="9" type="stmt"/>
        <line num="134" count="104" type="cond" truecount="1" falsecount="0"/>
        <line num="140" count="104" type="stmt"/>
        <line num="141" count="104" type="stmt"/>
        <line num="143" count="104" type="stmt"/>
        <line num="144" count="132" type="stmt"/>
        <line num="145" count="28" type="stmt"/>
        <line num="146" count="208" type="stmt"/>
        <line num="150" count="9" type="stmt"/>
        <line num="154" count="7" type="stmt"/>
        <line num="155" count="14" type="stmt"/>
        <line num="156" count="7" type="stmt"/>
        <line num="157" count="24" type="stmt"/>
        <line num="163" count="9" type="stmt"/>
        <line num="171" count="27" type="stmt"/>
        <line num="172" count="54" type="stmt"/>
        <line num="173" count="27" type="stmt"/>
        <line num="178" count="9" type="stmt"/>
        <line num="179" count="7" type="stmt"/>
        <line num="180" count="14" type="stmt"/>
        <line num="181" count="7" type="stmt"/>
        <line num="186" count="9" type="stmt"/>
        <line num="187" count="4" type="stmt"/>
        <line num="188" count="8" type="stmt"/>
        <line num="189" count="4" type="stmt"/>
        <line num="194" count="9" type="stmt"/>
        <line num="195" count="1" type="stmt"/>
        <line num="196" count="2" type="stmt"/>
        <line num="197" count="1" type="stmt"/>
        <line num="202" count="9" type="stmt"/>
        <line num="203" count="1" type="stmt"/>
        <line num="204" count="2" type="stmt"/>
        <line num="205" count="1" type="stmt"/>
        <line num="210" count="9" type="stmt"/>
        <line num="211" count="1" type="stmt"/>
        <line num="212" count="2" type="stmt"/>
        <line num="213" count="1" type="stmt"/>
        <line num="218" count="9" type="stmt"/>
        <line num="219" count="61" type="stmt"/>
        <line num="220" count="61" type="cond" truecount="1" falsecount="0"/>
        <line num="221" count="61" type="stmt"/>
        <line num="222" count="61" type="stmt"/>
        <line num="226" count="67" type="stmt"/>
        <line num="231" count="9" type="stmt"/>
      </file>
      <file name="UserMatchingService.ts" path="C:\Users\Theo Siemens-Rhodes\Documents\CPEN321\CPEN321-TuneMatch\backend\src\services\UserMatchingService.ts">
        <metrics statements="81" coveredstatements="16" conditionals="33" coveredconditionals="0" methods="20" coveredmethods="3"/>
        <line num="2" count="9" type="stmt"/>
        <line num="4" count="9" type="stmt"/>
        <line num="5" count="9" type="stmt"/>
        <line num="6" count="9" type="stmt"/>
        <line num="9" count="9" type="stmt"/>
        <line num="10" count="0" type="cond" truecount="0" falsecount="1"/>
        <line num="12" count="0" type="stmt"/>
        <line num="14" count="0" type="cond" truecount="0" falsecount="1"/>
        <line num="15" count="0" type="stmt"/>
        <line num="16" count="0" type="stmt"/>
        <line num="18" count="0" type="stmt"/>
        <line num="19" count="0" type="stmt"/>
        <line num="28" count="0" type="stmt"/>
        <line num="31" count="0" type="cond" truecount="0" falsecount="1"/>
        <line num="35" count="9" type="stmt"/>
        <line num="38" count="0" type="cond" truecount="0" falsecount="1"/>
        <line num="55" count="0" type="stmt"/>
        <line num="58" count="0" type="cond" truecount="0" falsecount="2"/>
        <line num="61" count="0" type="stmt"/>
        <line num="64" count="0" type="stmt"/>
        <line num="68" count="9" type="stmt"/>
        <line num="71" count="9" type="stmt"/>
        <line num="75" count="9" type="stmt"/>
        <line num="76" count="9" type="stmt"/>
        <line num="78" count="909" type="stmt"/>
        <line num="79" count="909" type="stmt"/>
        <line num="84" count="9" type="stmt"/>
        <line num="85" count="0" type="stmt"/>
        <line num="87" count="0" type="stmt"/>
        <line num="88" count="0" type="stmt"/>
        <line num="89" count="0" type="stmt"/>
        <line num="92" count="0" type="stmt"/>
        <line num="93" count="0" type="stmt"/>
        <line num="96" count="0" type="stmt"/>
        <line num="97" count="0" type="cond" truecount="0" falsecount="1"/>
        <line num="98" count="0" type="stmt"/>
        <line num="102" count="0" type="stmt"/>
        <line num="105" count="0" type="stmt"/>
        <line num="112" count="0" type="stmt"/>
        <line num="116" count="9" type="stmt"/>
        <line num="117" count="0" type="cond" truecount="0" falsecount="2"/>
        <line num="118" count="0" type="stmt"/>
        <line num="120" count="0" type="cond" truecount="0" falsecount="4"/>
        <line num="121" count="0" type="stmt"/>
        <line num="122" count="0" type="stmt"/>
        <line num="124" count="0" type="stmt"/>
        <line num="126" count="0" type="cond" truecount="0" falsecount="1"/>
        <line num="127" count="0" type="stmt"/>
        <line num="130" count="0" type="cond" truecount="0" falsecount="1"/>
        <line num="131" count="0" type="stmt"/>
        <line num="132" count="0" type="cond" truecount="0" falsecount="1"/>
        <line num="134" count="0" type="stmt"/>
        <line num="136" count="0" type="cond" truecount="0" falsecount="3"/>
        <line num="140" count="0" type="stmt"/>
        <line num="146" count="0" type="cond" truecount="0" falsecount="1"/>
        <line num="147" count="0" type="stmt"/>
        <line num="151" count="0" type="stmt"/>
        <line num="153" count="0" type="stmt"/>
        <line num="155" count="0" type="cond" truecount="0" falsecount="1"/>
        <line num="157" count="0" type="stmt"/>
        <line num="159" count="0" type="stmt"/>
        <line num="161" count="0" type="cond" truecount="0" falsecount="4"/>
        <line num="162" count="0" type="stmt"/>
        <line num="167" count="0" type="stmt"/>
        <line num="169" count="0" type="stmt"/>
        <line num="171" count="0" type="cond" truecount="0" falsecount="1"/>
        <line num="172" count="0" type="stmt"/>
        <line num="178" count="0" type="stmt"/>
        <line num="182" count="9" type="stmt"/>
        <line num="184" count="0" type="cond" truecount="0" falsecount="1"/>
        <line num="186" count="0" type="stmt"/>
        <line num="188" count="0" type="cond" truecount="0" falsecount="4"/>
        <line num="189" count="0" type="cond" truecount="0" falsecount="1"/>
        <line num="190" count="0" type="stmt"/>
        <line num="194" count="0" type="stmt"/>
        <line num="197" count="0" type="cond" truecount="0" falsecount="1"/>
        <line num="199" count="0" type="stmt"/>
        <line num="202" count="0" type="stmt"/>
        <line num="204" count="0" type="stmt"/>
        <line num="206" count="0" type="stmt"/>
        <line num="208" count="9" type="stmt"/>
      </file>
      <file name="UserService.ts" path="C:\Users\Theo Siemens-Rhodes\Documents\CPEN321\CPEN321-TuneMatch\backend\src\services\UserService.ts">
        <metrics statements="73" coveredstatements="65" conditionals="28" coveredconditionals="20" methods="31" coveredmethods="28"/>
        <line num="1" count="9" type="stmt"/>
        <line num="2" count="9" type="stmt"/>
        <line num="3" count="9" type="stmt"/>
        <line num="5" count="9" type="stmt"/>
        <line num="6" count="9" type="stmt"/>
        <line num="7" count="9" type="stmt"/>
        <line num="10" count="9" type="stmt"/>
        <line num="11" count="227" type="cond" truecount="1" falsecount="0"/>
        <line num="19" count="227" type="stmt"/>
        <line num="20" count="63" type="stmt"/>
        <line num="25" count="9" type="stmt"/>
        <line num="28" count="83" type="cond" truecount="1" falsecount="0"/>
        <line num="35" count="83" type="stmt"/>
        <line num="36" count="83" type="stmt"/>
        <line num="38" count="83" type="stmt"/>
        <line num="40" count="25" type="stmt"/>
        <line num="42" count="83" type="stmt"/>
        <line num="44" count="23" type="stmt"/>
        <line num="47" count="83" type="stmt"/>
        <line num="51" count="9" type="stmt"/>
        <line num="53" count="30" type="stmt"/>
        <line num="62" count="30" type="stmt"/>
        <line num="64" count="0" type="stmt"/>
        <line num="69" count="9" type="stmt"/>
        <line num="71" count="4" type="stmt"/>
        <line num="77" count="4" type="stmt"/>
        <line num="83" count="2" type="stmt"/>
        <line num="85" count="0" type="stmt"/>
        <line num="89" count="9" type="stmt"/>
        <line num="90" count="144" type="cond" truecount="1" falsecount="0"/>
        <line num="91" count="144" type="stmt"/>
        <line num="92" count="33" type="stmt"/>
        <line num="95" count="144" type="stmt"/>
        <line num="96" count="288" type="stmt"/>
        <line num="100" count="9" type="stmt"/>
        <line num="106" count="29" type="stmt"/>
        <line num="114" count="29" type="stmt"/>
        <line num="115" count="26" type="stmt"/>
        <line num="116" count="26" type="stmt"/>
        <line num="118" count="3" type="stmt"/>
        <line num="123" count="9" type="stmt"/>
        <line num="129" count="445" type="stmt"/>
        <line num="137" count="445" type="stmt"/>
        <line num="138" count="445" type="stmt"/>
        <line num="139" count="445" type="stmt"/>
        <line num="141" count="0" type="stmt"/>
        <line num="146" count="9" type="stmt"/>
        <line num="147" count="112" type="cond" truecount="2" falsecount="0"/>
        <line num="153" count="9" type="stmt"/>
        <line num="154" count="144" type="cond" truecount="2" falsecount="0"/>
        <line num="163" count="9" type="stmt"/>
        <line num="164" count="0" type="cond" truecount="0" falsecount="2"/>
        <line num="165" count="0" type="stmt"/>
        <line num="170" count="0" type="stmt"/>
        <line num="176" count="9" type="stmt"/>
        <line num="177" count="0" type="cond" truecount="0" falsecount="2"/>
        <line num="183" count="9" type="stmt"/>
        <line num="188" count="0" type="cond" truecount="0" falsecount="2"/>
        <line num="198" count="9" type="stmt"/>
        <line num="203" count="144" type="stmt"/>
        <line num="206" count="146" type="cond" truecount="8" falsecount="0"/>
        <line num="207" count="141" type="cond" truecount="2" falsecount="0"/>
        <line num="209" count="144" type="cond" truecount="1" falsecount="0"/>
        <line num="210" count="69" type="cond" truecount="2" falsecount="0"/>
        <line num="214" count="144" type="stmt"/>
        <line num="217" count="288" type="stmt"/>
        <line num="218" count="144" type="stmt"/>
        <line num="219" count="144" type="stmt"/>
        <line num="220" count="144" type="stmt"/>
        <line num="221" count="144" type="stmt"/>
        <line num="222" count="144" type="stmt"/>
        <line num="230" count="144" type="stmt"/>
        <line num="232" count="9" type="stmt"/>
      </file>
      <file name="WebsocketService.ts" path="C:\Users\Theo Siemens-Rhodes\Documents\CPEN321\CPEN321-TuneMatch\backend\src\services\WebsocketService.ts">
        <metrics statements="33" coveredstatements="33" conditionals="10" coveredconditionals="10" methods="12" coveredmethods="12"/>
        <line num="1" count="9" type="stmt"/>
        <line num="3" count="9" type="stmt"/>
        <line num="4" count="9" type="stmt"/>
        <line num="7" count="9" type="stmt"/>
        <line num="8" count="9" type="stmt"/>
        <line num="9" count="9" type="stmt"/>
        <line num="12" count="9" type="stmt"/>
        <line num="13" count="148" type="cond" truecount="1" falsecount="0"/>
        <line num="14" count="74" type="cond" truecount="1" falsecount="0"/>
        <line num="15" count="74" type="cond" truecount="1" falsecount="0"/>
        <line num="16" count="1" type="stmt"/>
        <line num="17" count="1" type="stmt"/>
        <line num="19" count="73" type="stmt"/>
        <line num="20" count="73" type="stmt"/>
        <line num="25" count="9" type="stmt"/>
        <line num="26" count="126" type="cond" truecount="1" falsecount="0"/>
        <line num="27" count="63" type="stmt"/>
        <line num="28" count="63" type="stmt"/>
        <line num="29" count="63" type="stmt"/>
        <line num="34" count="9" type="stmt"/>
        <line num="35" count="7" type="cond" truecount="2" falsecount="0"/>
        <line num="36" count="7" type="stmt"/>
        <line num="37" count="7" type="stmt"/>
        <line num="42" count="9" type="stmt"/>
        <line num="43" count="66" type="cond" truecount="2" falsecount="0"/>
        <line num="44" count="66" type="stmt"/>
        <line num="45" count="66" type="stmt"/>
        <line num="50" count="9" type="stmt"/>
        <line num="51" count="496" type="cond" truecount="1" falsecount="0"/>
        <line num="52" count="248" type="stmt"/>
        <line num="53" count="61" type="stmt"/>
        <line num="54" count="61" type="cond" truecount="1" falsecount="0"/>
        <line num="58" count="9" type="stmt"/>
      </file>
    </package>
    <package name="test.websocket">
      <metrics statements="4" coveredstatements="4" conditionals="0" coveredconditionals="0" methods="0" coveredmethods="0"/>
      <file name="songModels.ts" path="C:\Users\Theo Siemens-Rhodes\Documents\CPEN321\CPEN321-TuneMatch\backend\test\websocket\songModels.ts">
        <metrics statements="4" coveredstatements="4" conditionals="0" coveredconditionals="0" methods="0" coveredmethods="0"/>
        <line num="1" count="2" type="stmt"/>
        <line num="5" count="2" type="stmt"/>
        <line num="11" count="2" type="stmt"/>
        <line num="15" count="2" type="stmt"/>
      </file>
    </package>
  </project>
</coverage>
