{"C:\\Users\\Theo Siemens-Rhodes\\Documents\\CPEN321\\CPEN321-TuneMatch\\backend\\src\\config.ts": {"path":"C:\\Users\\Theo Siemens-Rhodes\\Documents\\CPEN321\\CPEN321-TuneMatch\\backend\\src\\config.ts","statementMap":{"0":{"start":{"line":1,"column":0},"end":{"line":1,"column":27}},"1":{"start":{"line":3,"column":13},"end":{"line":3,"column":45}},"2":{"start":{"line":4,"column":13},"end":{"line":4,"column":60}}},"fnMap":{},"branchMap":{"0":{"loc":{"start":{"line":3,"column":20},"end":{"line":3,"column":44}},"type":"binary-expr","locations":[{"start":{"line":3,"column":20},"end":{"line":3,"column":36}},{"start":{"line":3,"column":40},"end":{"line":3,"column":44}}]},"1":{"loc":{"start":{"line":4,"column":27},"end":{"line":4,"column":59}},"type":"binary-expr","locations":[{"start":{"line":4,"column":27},"end":{"line":4,"column":50}},{"start":{"line":4,"column":54},"end":{"line":4,"column":59}}]}},"s":{"0":9,"1":9,"2":9},"f":{},"b":{"0":[9,9],"1":[9,0]}}
,"C:\\Users\\Theo Siemens-Rhodes\\Documents\\CPEN321\\CPEN321-TuneMatch\\backend\\src\\index.ts": {"path":"C:\\Users\\Theo Siemens-Rhodes\\Documents\\CPEN321\\CPEN321-TuneMatch\\backend\\src\\index.ts","statementMap":{"0":{"start":{"line":1,"column":0},"end":{"line":1,"column":31}},"1":{"start":{"line":3,"column":0},"end":{"line":3,"column":67}},"2":{"start":{"line":4,"column":0},"end":{"line":4,"column":58}},"3":{"start":{"line":5,"column":0},"end":{"line":5,"column":55}},"4":{"start":{"line":6,"column":0},"end":{"line":6,"column":40}},"5":{"start":{"line":7,"column":0},"end":{"line":7,"column":37}},"6":{"start":{"line":8,"column":0},"end":{"line":8,"column":53}},"7":{"start":{"line":9,"column":0},"end":{"line":9,"column":53}},"8":{"start":{"line":10,"column":0},"end":{"line":10,"column":29}},"9":{"start":{"line":11,"column":0},"end":{"line":11,"column":28}},"10":{"start":{"line":12,"column":0},"end":{"line":12,"column":37}},"11":{"start":{"line":13,"column":0},"end":{"line":13,"column":45}},"12":{"start":{"line":14,"column":0},"end":{"line":14,"column":30}},"13":{"start":{"line":15,"column":0},"end":{"line":15,"column":38}},"14":{"start":{"line":17,"column":13},"end":{"line":17,"column":29}},"15":{"start":{"line":21,"column":0},"end":{"line":25,"column":4}},"16":{"start":{"line":23,"column":4},"end":{"line":23,"column":43}},"17":{"start":{"line":26,"column":0},"end":{"line":26,"column":24}},"18":{"start":{"line":27,"column":0},"end":{"line":27,"column":48}},"19":{"start":{"line":28,"column":0},"end":{"line":28,"column":25}},"20":{"start":{"line":32,"column":0},"end":{"line":55,"column":3}},"21":{"start":{"line":33,"column":3},"end":{"line":54,"column":4}},"22":{"start":{"line":36,"column":54},"end":{"line":53,"column":null}},"23":{"start":{"line":37,"column":12},"end":{"line":37,"column":43}},"24":{"start":{"line":38,"column":6},"end":{"line":41,"column":null}},"25":{"start":{"line":40,"column":8},"end":{"line":40,"column":64}},"26":{"start":{"line":44,"column":23},"end":{"line":48,"column":null}},"27":{"start":{"line":44,"column":14},"end":{"line":48,"column":null}},"28":{"start":{"line":49,"column":8},"end":{"line":49,"column":25}},"29":{"start":{"line":51,"column":8},"end":{"line":51,"column":18}},"30":{"start":{"line":57,"column":0},"end":{"line":57,"column":21}},"31":{"start":{"line":60,"column":13},"end":{"line":60,"column":45}},"32":{"start":{"line":61,"column":12},"end":{"line":61,"column":68}},"33":{"start":{"line":64,"column":0},"end":{"line":64,"column":39}},"34":{"start":{"line":68,"column":0},"end":{"line":82,"column":3}},"35":{"start":{"line":77,"column":2},"end":{"line":81,"column":null}},"36":{"start":{"line":78,"column":4},"end":{"line":80,"column":7}},"37":{"start":{"line":79,"column":6},"end":{"line":79,"column":64}}},"fnMap":{"0":{"name":"(anonymous_20)","decl":{"start":{"line":22,"column":8},"end":{"line":22,"column":null}},"loc":{"start":{"line":22,"column":8},"end":{"line":24,"column":3}}},"1":{"name":"(anonymous_21)","decl":{"start":{"line":32,"column":15},"end":{"line":32,"column":16}},"loc":{"start":{"line":32,"column":21},"end":{"line":55,"column":1}}},"2":{"name":"(anonymous_22)","decl":{"start":{"line":36,"column":4},"end":{"line":36,"column":11}},"loc":{"start":{"line":36,"column":54},"end":{"line":53,"column":null}}},"3":{"name":"(anonymous_23)","decl":{"start":{"line":36,"column":54},"end":{"line":36,"column":null}},"loc":{"start":{"line":36,"column":54},"end":{"line":53,"column":null}}},"4":{"name":"(anonymous_25)","decl":{"start":{"line":76,"column":8},"end":{"line":76,"column":null}},"loc":{"start":{"line":76,"column":8},"end":{"line":82,"column":1}}},"5":{"name":"(anonymous_26)","decl":{"start":{"line":78,"column":24},"end":{"line":78,"column":null}},"loc":{"start":{"line":78,"column":24},"end":{"line":80,"column":5}}}},"branchMap":{"0":{"loc":{"start":{"line":38,"column":6},"end":{"line":41,"column":null}},"type":"if","locations":[{"start":{"line":38,"column":6},"end":{"line":41,"column":null}}]},"1":{"loc":{"start":{"line":77,"column":2},"end":{"line":81,"column":null}},"type":"if","locations":[{"start":{"line":77,"column":2},"end":{"line":81,"column":null}}]}},"s":{"0":9,"1":9,"2":9,"3":9,"4":9,"5":9,"6":9,"7":9,"8":9,"9":9,"10":9,"11":9,"12":9,"13":9,"14":9,"15":9,"16":0,"17":9,"18":9,"19":9,"20":9,"21":99,"22":0,"23":0,"24":0,"25":0,"26":0,"27":0,"28":0,"29":0,"30":9,"31":9,"32":9,"33":9,"34":9,"35":9,"36":0,"37":0},"f":{"0":0,"1":99,"2":0,"3":0,"4":9,"5":0},"b":{"0":[0],"1":[0]}}
,"C:\\Users\\Theo Siemens-Rhodes\\Documents\\CPEN321\\CPEN321-TuneMatch\\backend\\src\\logger.ts": {"path":"C:\\Users\\Theo Siemens-Rhodes\\Documents\\CPEN321\\CPEN321-TuneMatch\\backend\\src\\logger.ts","statementMap":{"0":{"start":{"line":1,"column":0},"end":{"line":1,"column":39}},"1":{"start":{"line":3,"column":15},"end":{"line":13,"column":null}},"2":{"start":{"line":4,"column":23},"end":{"line":4,"column":47}},"3":{"start":{"line":5,"column":4},"end":{"line":5,"column":71}},"4":{"start":{"line":5,"column":32},"end":{"line":5,"column":71}},"5":{"start":{"line":7,"column":23},"end":{"line":7,"column":47}},"6":{"start":{"line":8,"column":4},"end":{"line":8,"column":72}},"7":{"start":{"line":8,"column":31},"end":{"line":8,"column":72}},"8":{"start":{"line":10,"column":23},"end":{"line":10,"column":47}},"9":{"start":{"line":11,"column":4},"end":{"line":11,"column":73}},"10":{"start":{"line":11,"column":32},"end":{"line":11,"column":73}},"11":{"start":{"line":15,"column":0},"end":{"line":15,"column":22}}},"fnMap":{"0":{"name":"(anonymous_2)","decl":{"start":{"line":4,"column":7},"end":{"line":4,"column":8}},"loc":{"start":{"line":4,"column":21},"end":{"line":6,"column":3}}},"1":{"name":"(anonymous_3)","decl":{"start":{"line":7,"column":7},"end":{"line":7,"column":8}},"loc":{"start":{"line":7,"column":21},"end":{"line":9,"column":3}}},"2":{"name":"(anonymous_4)","decl":{"start":{"line":10,"column":7},"end":{"line":10,"column":8}},"loc":{"start":{"line":10,"column":21},"end":{"line":12,"column":3}}}},"branchMap":{"0":{"loc":{"start":{"line":5,"column":4},"end":{"line":5,"column":71}},"type":"if","locations":[{"start":{"line":5,"column":4},"end":{"line":5,"column":71}}]},"1":{"loc":{"start":{"line":8,"column":4},"end":{"line":8,"column":72}},"type":"if","locations":[{"start":{"line":8,"column":4},"end":{"line":8,"column":72}}]},"2":{"loc":{"start":{"line":11,"column":4},"end":{"line":11,"column":73}},"type":"if","locations":[{"start":{"line":11,"column":4},"end":{"line":11,"column":73}}]}},"s":{"0":9,"1":9,"2":404,"3":202,"4":0,"5":0,"6":0,"7":0,"8":0,"9":0,"10":0,"11":9},"f":{"0":202,"1":0,"2":0},"b":{"0":[0],"1":[0],"2":[0]}}
,"C:\\Users\\Theo Siemens-Rhodes\\Documents\\CPEN321\\CPEN321-TuneMatch\\backend\\src\\routes.ts": {"path":"C:\\Users\\Theo Siemens-Rhodes\\Documents\\CPEN321\\CPEN321-TuneMatch\\backend\\src\\routes.ts","statementMap":{"0":{"start":{"line":1,"column":0},"end":{"line":1,"column":52}},"1":{"start":{"line":2,"column":0},"end":{"line":2,"column":48}},"2":{"start":{"line":4,"column":13},"end":{"line":4,"column":55}}},"fnMap":{},"branchMap":{},"s":{"0":9,"1":9,"2":9},"f":{},"b":{}}
,"C:\\Users\\Theo Siemens-Rhodes\\Documents\\CPEN321\\CPEN321-TuneMatch\\backend\\src\\services.ts": {"path":"C:\\Users\\Theo Siemens-Rhodes\\Documents\\CPEN321\\CPEN321-TuneMatch\\backend\\src\\services.ts","statementMap":{"0":{"start":{"line":1,"column":0},"end":{"line":1,"column":46}},"1":{"start":{"line":2,"column":0},"end":{"line":2,"column":56}},"2":{"start":{"line":3,"column":0},"end":{"line":3,"column":58}},"3":{"start":{"line":4,"column":0},"end":{"line":4,"column":68}},"4":{"start":{"line":5,"column":0},"end":{"line":5,"column":52}},"5":{"start":{"line":6,"column":0},"end":{"line":6,"column":62}},"6":{"start":{"line":9,"column":13},"end":{"line":9,"column":43}},"7":{"start":{"line":10,"column":13},"end":{"line":10,"column":52}},"8":{"start":{"line":11,"column":13},"end":{"line":11,"column":45}},"9":{"start":{"line":12,"column":13},"end":{"line":12,"column":51}},"10":{"start":{"line":13,"column":13},"end":{"line":13,"column":49}},"11":{"start":{"line":14,"column":13},"end":{"line":14,"column":61}}},"fnMap":{},"branchMap":{},"s":{"0":9,"1":9,"2":9,"3":9,"4":9,"5":9,"6":9,"7":9,"8":9,"9":9,"10":9,"11":9},"f":{},"b":{}}
,"C:\\Users\\Theo Siemens-Rhodes\\Documents\\CPEN321\\CPEN321-TuneMatch\\backend\\src\\controller\\ReportController.ts": {"path":"C:\\Users\\Theo Siemens-Rhodes\\Documents\\CPEN321\\CPEN321-TuneMatch\\backend\\src\\controller\\ReportController.ts","statementMap":{"0":{"start":{"line":1,"column":0},"end":{"line":1,"column":46}},"1":{"start":{"line":4,"column":0},"end":{"line":4,"column":13}},"2":{"start":{"line":6,"column":8},"end":{"line":14,"column":null}},"3":{"start":{"line":7,"column":10},"end":{"line":7,"column":50}},"4":{"start":{"line":8,"column":19},"end":{"line":12,"column":null}},"5":{"start":{"line":8,"column":10},"end":{"line":12,"column":null}},"6":{"start":{"line":13,"column":4},"end":{"line":13,"column":21}},"7":{"start":{"line":17,"column":8},"end":{"line":21,"column":null}},"8":{"start":{"line":18,"column":10},"end":{"line":18,"column":33}},"9":{"start":{"line":19,"column":20},"end":{"line":19,"column":null}},"10":{"start":{"line":19,"column":10},"end":{"line":19,"column":null}},"11":{"start":{"line":20,"column":4},"end":{"line":20,"column":22}},"12":{"start":{"line":24,"column":8},"end":{"line":27,"column":null}},"13":{"start":{"line":25,"column":19},"end":{"line":25,"column":null}},"14":{"start":{"line":25,"column":10},"end":{"line":25,"column":null}},"15":{"start":{"line":26,"column":4},"end":{"line":26,"column":69}},"16":{"start":{"line":28,"column":0},"end":{"line":28,"column":null}},"17":{"start":{"line":4,"column":13},"end":{"line":4,"column":29}}},"fnMap":{"0":{"name":"(anonymous_13)","decl":{"start":{"line":4,"column":0},"end":{"line":4,"column":13}},"loc":{"start":{"line":4,"column":0},"end":{"line":28,"column":null}}},"1":{"name":"(anonymous_15)","decl":{"start":{"line":6,"column":2},"end":{"line":6,"column":8}},"loc":{"start":{"line":6,"column":70},"end":{"line":14,"column":null}}},"2":{"name":"(anonymous_18)","decl":{"start":{"line":17,"column":2},"end":{"line":17,"column":8}},"loc":{"start":{"line":17,"column":67},"end":{"line":21,"column":null}}},"3":{"name":"(anonymous_21)","decl":{"start":{"line":24,"column":2},"end":{"line":24,"column":8}},"loc":{"start":{"line":24,"column":63},"end":{"line":27,"column":null}}}},"branchMap":{"0":{"loc":{"start":{"line":25,"column":19},"end":{"line":25,"column":null}},"type":"switch","locations":[{"start":{"line":25,"column":19},"end":{"line":25,"column":null}}]}},"s":{"0":9,"1":9,"2":9,"3":0,"4":0,"5":0,"6":0,"7":9,"8":0,"9":0,"10":0,"11":0,"12":9,"13":0,"14":0,"15":0,"16":9,"17":9},"f":{"0":9,"1":0,"2":0,"3":0},"b":{"0":[0]}}
,"C:\\Users\\Theo Siemens-Rhodes\\Documents\\CPEN321\\CPEN321-TuneMatch\\backend\\src\\controller\\RequestController.ts": {"path":"C:\\Users\\Theo Siemens-Rhodes\\Documents\\CPEN321\\CPEN321-TuneMatch\\backend\\src\\controller\\RequestController.ts","statementMap":{"0":{"start":{"line":1,"column":0},"end":{"line":1,"column":null}},"1":{"start":{"line":9,"column":0},"end":{"line":9,"column":59}},"2":{"start":{"line":12,"column":0},"end":{"line":12,"column":13}},"3":{"start":{"line":15,"column":8},"end":{"line":34,"column":null}},"4":{"start":{"line":20,"column":10},"end":{"line":20,"column":38}},"5":{"start":{"line":21,"column":8},"end":{"line":21,"column":9}},"6":{"start":{"line":22,"column":6},"end":{"line":26,"column":8}},"7":{"start":{"line":29,"column":8},"end":{"line":29,"column":47}},"8":{"start":{"line":31,"column":8},"end":{"line":31,"column":75}},"9":{"start":{"line":38,"column":8},"end":{"line":53,"column":null}},"10":{"start":{"line":43,"column":21},"end":{"line":43,"column":null}},"11":{"start":{"line":43,"column":10},"end":{"line":43,"column":null}},"12":{"start":{"line":45,"column":4},"end":{"line":45,"column":null}},"13":{"start":{"line":46,"column":6},"end":{"line":46,"column":null}},"14":{"start":{"line":47,"column":12},"end":{"line":47,"column":28}},"15":{"start":{"line":47,"column":28},"end":{"line":47,"column":null}},"16":{"start":{"line":48,"column":22},"end":{"line":48,"column":null}},"17":{"start":{"line":48,"column":10},"end":{"line":48,"column":null}},"18":{"start":{"line":49,"column":21},"end":{"line":49,"column":null}},"19":{"start":{"line":45,"column":4},"end":{"line":52,"column":6}},"20":{"start":{"line":56,"column":8},"end":{"line":100,"column":null}},"21":{"start":{"line":57,"column":22},"end":{"line":57,"column":null}},"22":{"start":{"line":57,"column":10},"end":{"line":57,"column":null}},"23":{"start":{"line":58,"column":4},"end":{"line":60,"column":null}},"24":{"start":{"line":59,"column":6},"end":{"line":59,"column":54}},"25":{"start":{"line":62,"column":17},"end":{"line":62,"column":null}},"26":{"start":{"line":62,"column":10},"end":{"line":62,"column":null}},"27":{"start":{"line":63,"column":28},"end":{"line":63,"column":null}},"28":{"start":{"line":63,"column":10},"end":{"line":63,"column":null}},"29":{"start":{"line":65,"column":8},"end":{"line":65,"column":23}},"30":{"start":{"line":67,"column":6},"end":{"line":67,"column":null}},"31":{"start":{"line":68,"column":8},"end":{"line":68,"column":null}},"32":{"start":{"line":69,"column":14},"end":{"line":69,"column":null}},"33":{"start":{"line":70,"column":12},"end":{"line":70,"column":null}},"34":{"start":{"line":71,"column":12},"end":{"line":76,"column":null}},"35":{"start":{"line":71,"column":49},"end":{"line":76,"column":14}},"36":{"start":{"line":72,"column":14},"end":{"line":75,"column":16}},"37":{"start":{"line":67,"column":6},"end":{"line":79,"column":8}},"38":{"start":{"line":82,"column":7},"end":{"line":82,"column":55}},"39":{"start":{"line":82,"column":6},"end":{"line":82,"column":7}},"40":{"start":{"line":83,"column":15},"end":{"line":83,"column":null}},"41":{"start":{"line":86,"column":6},"end":{"line":86,"column":null}},"42":{"start":{"line":87,"column":8},"end":{"line":87,"column":null}},"43":{"start":{"line":88,"column":14},"end":{"line":88,"column":null}},"44":{"start":{"line":89,"column":12},"end":{"line":89,"column":null}},"45":{"start":{"line":90,"column":12},"end":{"line":95,"column":null}},"46":{"start":{"line":90,"column":54},"end":{"line":95,"column":14}},"47":{"start":{"line":91,"column":14},"end":{"line":94,"column":16}},"48":{"start":{"line":86,"column":6},"end":{"line":98,"column":8}},"49":{"start":{"line":103,"column":8},"end":{"line":119,"column":null}},"50":{"start":{"line":104,"column":22},"end":{"line":104,"column":null}},"51":{"start":{"line":104,"column":10},"end":{"line":104,"column":null}},"52":{"start":{"line":105,"column":4},"end":{"line":107,"column":null}},"53":{"start":{"line":106,"column":6},"end":{"line":106,"column":57}},"54":{"start":{"line":109,"column":17},"end":{"line":109,"column":null}},"55":{"start":{"line":109,"column":10},"end":{"line":109,"column":null}},"56":{"start":{"line":110,"column":28},"end":{"line":110,"column":null}},"57":{"start":{"line":110,"column":10},"end":{"line":110,"column":null}},"58":{"start":{"line":112,"column":8},"end":{"line":112,"column":23}},"59":{"start":{"line":113,"column":6},"end":{"line":113,"column":null}},"60":{"start":{"line":114,"column":8},"end":{"line":114,"column":null}},"61":{"start":{"line":115,"column":14},"end":{"line":115,"column":30}},"62":{"start":{"line":115,"column":30},"end":{"line":115,"column":40}},"63":{"start":{"line":115,"column":40},"end":{"line":115,"column":66}},"64":{"start":{"line":113,"column":6},"end":{"line":117,"column":8}},"65":{"start":{"line":120,"column":0},"end":{"line":120,"column":null}},"66":{"start":{"line":12,"column":13},"end":{"line":12,"column":30}}},"fnMap":{"0":{"name":"(anonymous_13)","decl":{"start":{"line":12,"column":0},"end":{"line":12,"column":13}},"loc":{"start":{"line":12,"column":0},"end":{"line":120,"column":null}}},"1":{"name":"(anonymous_15)","decl":{"start":{"line":15,"column":2},"end":{"line":15,"column":8}},"loc":{"start":{"line":18,"column":25},"end":{"line":34,"column":null}}},"2":{"name":"(anonymous_18)","decl":{"start":{"line":38,"column":2},"end":{"line":38,"column":8}},"loc":{"start":{"line":41,"column":25},"end":{"line":53,"column":null}}},"3":{"name":"(anonymous_21)","decl":{"start":{"line":56,"column":2},"end":{"line":56,"column":8}},"loc":{"start":{"line":56,"column":74},"end":{"line":100,"column":null}}},"4":{"name":"(anonymous_24)","decl":{"start":{"line":71,"column":38},"end":{"line":71,"column":45}},"loc":{"start":{"line":71,"column":49},"end":{"line":76,"column":14}}},"5":{"name":"(anonymous_25)","decl":{"start":{"line":71,"column":49},"end":{"line":71,"column":null}},"loc":{"start":{"line":71,"column":49},"end":{"line":76,"column":14}}},"6":{"name":"(anonymous_27)","decl":{"start":{"line":83,"column":8},"end":{"line":83,"column":9}},"loc":{"start":{"line":83,"column":10},"end":{"line":83,"column":16}}},"7":{"name":"(anonymous_28)","decl":{"start":{"line":90,"column":43},"end":{"line":90,"column":50}},"loc":{"start":{"line":90,"column":54},"end":{"line":95,"column":14}}},"8":{"name":"(anonymous_29)","decl":{"start":{"line":90,"column":54},"end":{"line":90,"column":null}},"loc":{"start":{"line":90,"column":54},"end":{"line":95,"column":14}}},"9":{"name":"(anonymous_31)","decl":{"start":{"line":103,"column":2},"end":{"line":103,"column":8}},"loc":{"start":{"line":103,"column":77},"end":{"line":119,"column":null}}}},"branchMap":{"0":{"loc":{"start":{"line":21,"column":8},"end":{"line":21,"column":9}},"type":"if","locations":[{"start":{"line":21,"column":8},"end":{"line":21,"column":9}}]},"1":{"loc":{"start":{"line":43,"column":21},"end":{"line":43,"column":null}},"type":"switch","locations":[{"start":{"line":43,"column":21},"end":{"line":43,"column":null}}]},"2":{"loc":{"start":{"line":57,"column":22},"end":{"line":57,"column":null}},"type":"switch","locations":[{"start":{"line":57,"column":22},"end":{"line":57,"column":null}},{"start":{"line":82,"column":7},"end":{"line":82,"column":55}}]},"3":{"loc":{"start":{"line":58,"column":4},"end":{"line":60,"column":null}},"type":"if","locations":[{"start":{"line":58,"column":4},"end":{"line":60,"column":null}}]},"4":{"loc":{"start":{"line":65,"column":8},"end":{"line":65,"column":23}},"type":"if","locations":[{"start":{"line":65,"column":8},"end":{"line":65,"column":23}}]},"5":{"loc":{"start":{"line":82,"column":6},"end":{"line":82,"column":7}},"type":"if","locations":[{"start":{"line":82,"column":6},"end":{"line":82,"column":7}}]},"6":{"loc":{"start":{"line":104,"column":22},"end":{"line":104,"column":null}},"type":"switch","locations":[{"start":{"line":104,"column":22},"end":{"line":104,"column":null}}]},"7":{"loc":{"start":{"line":105,"column":4},"end":{"line":107,"column":null}},"type":"if","locations":[{"start":{"line":105,"column":4},"end":{"line":107,"column":null}}]},"8":{"loc":{"start":{"line":112,"column":8},"end":{"line":112,"column":23}},"type":"if","locations":[{"start":{"line":112,"column":8},"end":{"line":112,"column":23}}]}},"s":{"0":9,"1":9,"2":9,"3":9,"4":7,"5":14,"6":0,"7":14,"8":2,"9":9,"10":0,"11":0,"12":0,"13":0,"14":0,"15":0,"16":0,"17":0,"18":0,"19":0,"20":9,"21":4,"22":4,"23":4,"24":1,"25":3,"26":3,"27":3,"28":3,"29":4,"30":2,"31":2,"32":2,"33":2,"34":2,"35":2,"36":2,"37":2,"38":3,"39":4,"40":2,"41":2,"42":2,"43":2,"44":2,"45":2,"46":2,"47":2,"48":2,"49":9,"50":3,"51":3,"52":3,"53":1,"54":2,"55":2,"56":2,"57":2,"58":4,"59":0,"60":0,"61":0,"62":0,"63":0,"64":0,"65":9,"66":9},"f":{"0":16,"1":7,"2":0,"3":4,"4":2,"5":2,"6":2,"7":2,"8":2,"9":3},"b":{"0":[7],"1":[0],"2":[4,3],"3":[1],"4":[1],"5":[1],"6":[3],"7":[1],"8":[2]}}
,"C:\\Users\\Theo Siemens-Rhodes\\Documents\\CPEN321\\CPEN321-TuneMatch\\backend\\src\\controller\\SessionController.ts": {"path":"C:\\Users\\Theo Siemens-Rhodes\\Documents\\CPEN321\\CPEN321-TuneMatch\\backend\\src\\controller\\SessionController.ts","statementMap":{"0":{"start":{"line":1,"column":0},"end":{"line":1,"column":55}},"1":{"start":{"line":2,"column":0},"end":{"line":2,"column":null}},"2":{"start":{"line":6,"column":0},"end":{"line":6,"column":60}},"3":{"start":{"line":9,"column":0},"end":{"line":9,"column":13}},"4":{"start":{"line":12,"column":8},"end":{"line":31,"column":null}},"5":{"start":{"line":17,"column":10},"end":{"line":17,"column":38}},"6":{"start":{"line":18,"column":8},"end":{"line":18,"column":9}},"7":{"start":{"line":19,"column":6},"end":{"line":23,"column":8}},"8":{"start":{"line":26,"column":8},"end":{"line":26,"column":47}},"9":{"start":{"line":28,"column":8},"end":{"line":28,"column":74}},"10":{"start":{"line":35,"column":8},"end":{"line":42,"column":null}},"11":{"start":{"line":36,"column":20},"end":{"line":36,"column":null}},"12":{"start":{"line":36,"column":10},"end":{"line":36,"column":null}},"13":{"start":{"line":37,"column":4},"end":{"line":41,"column":6}},"14":{"start":{"line":45,"column":8},"end":{"line":57,"column":null}},"15":{"start":{"line":50,"column":20},"end":{"line":50,"column":null}},"16":{"start":{"line":50,"column":10},"end":{"line":50,"column":null}},"17":{"start":{"line":51,"column":4},"end":{"line":51,"column":64}},"18":{"start":{"line":52,"column":4},"end":{"line":56,"column":6}},"19":{"start":{"line":60,"column":8},"end":{"line":80,"column":null}},"20":{"start":{"line":65,"column":10},"end":{"line":65,"column":54}},"21":{"start":{"line":66,"column":20},"end":{"line":66,"column":null}},"22":{"start":{"line":66,"column":10},"end":{"line":66,"column":null}},"23":{"start":{"line":67,"column":4},"end":{"line":74,"column":6}},"24":{"start":{"line":75,"column":4},"end":{"line":79,"column":6}},"25":{"start":{"line":83,"column":8},"end":{"line":95,"column":null}},"26":{"start":{"line":88,"column":20},"end":{"line":88,"column":null}},"27":{"start":{"line":88,"column":10},"end":{"line":88,"column":null}},"28":{"start":{"line":89,"column":4},"end":{"line":89,"column":47}},"29":{"start":{"line":90,"column":4},"end":{"line":94,"column":6}},"30":{"start":{"line":98,"column":8},"end":{"line":115,"column":null}},"31":{"start":{"line":103,"column":20},"end":{"line":103,"column":null}},"32":{"start":{"line":103,"column":10},"end":{"line":103,"column":null}},"33":{"start":{"line":104,"column":10},"end":{"line":104,"column":37}},"34":{"start":{"line":105,"column":4},"end":{"line":109,"column":6}},"35":{"start":{"line":110,"column":4},"end":{"line":114,"column":6}},"36":{"start":{"line":118,"column":8},"end":{"line":130,"column":null}},"37":{"start":{"line":123,"column":20},"end":{"line":123,"column":null}},"38":{"start":{"line":123,"column":10},"end":{"line":123,"column":null}},"39":{"start":{"line":124,"column":4},"end":{"line":124,"column":48}},"40":{"start":{"line":125,"column":4},"end":{"line":129,"column":6}},"41":{"start":{"line":133,"column":8},"end":{"line":145,"column":null}},"42":{"start":{"line":138,"column":20},"end":{"line":138,"column":null}},"43":{"start":{"line":138,"column":10},"end":{"line":138,"column":null}},"44":{"start":{"line":139,"column":4},"end":{"line":139,"column":47}},"45":{"start":{"line":140,"column":4},"end":{"line":144,"column":6}},"46":{"start":{"line":148,"column":8},"end":{"line":161,"column":null}},"47":{"start":{"line":153,"column":20},"end":{"line":153,"column":null}},"48":{"start":{"line":153,"column":10},"end":{"line":153,"column":null}},"49":{"start":{"line":154,"column":12},"end":{"line":154,"column":29}},"50":{"start":{"line":155,"column":4},"end":{"line":155,"column":61}},"51":{"start":{"line":156,"column":4},"end":{"line":160,"column":6}},"52":{"start":{"line":164,"column":8},"end":{"line":180,"column":null}},"53":{"start":{"line":165,"column":20},"end":{"line":168,"column":null}},"54":{"start":{"line":165,"column":10},"end":{"line":168,"column":null}},"55":{"start":{"line":169,"column":18},"end":{"line":169,"column":null}},"56":{"start":{"line":169,"column":10},"end":{"line":169,"column":null}},"57":{"start":{"line":170,"column":4},"end":{"line":170,"column":null}},"58":{"start":{"line":171,"column":6},"end":{"line":171,"column":null}},"59":{"start":{"line":172,"column":12},"end":{"line":172,"column":27}},"60":{"start":{"line":172,"column":27},"end":{"line":172,"column":null}},"61":{"start":{"line":173,"column":19},"end":{"line":175,"column":null}},"62":{"start":{"line":174,"column":42},"end":{"line":174,"column":65}},"63":{"start":{"line":170,"column":4},"end":{"line":179,"column":6}},"64":{"start":{"line":183,"column":8},"end":{"line":189,"column":null}},"65":{"start":{"line":184,"column":4},"end":{"line":184,"column":53}},"66":{"start":{"line":185,"column":17},"end":{"line":185,"column":null}},"67":{"start":{"line":185,"column":10},"end":{"line":185,"column":null}},"68":{"start":{"line":186,"column":4},"end":{"line":186,"column":null}},"69":{"start":{"line":187,"column":6},"end":{"line":187,"column":21}},"70":{"start":{"line":187,"column":25},"end":{"line":187,"column":40}},"71":{"start":{"line":187,"column":40},"end":{"line":187,"column":49}},"72":{"start":{"line":187,"column":49},"end":{"line":187,"column":75}},"73":{"start":{"line":186,"column":4},"end":{"line":188,"column":6}},"74":{"start":{"line":190,"column":0},"end":{"line":190,"column":null}},"75":{"start":{"line":9,"column":13},"end":{"line":9,"column":30}}},"fnMap":{"0":{"name":"(anonymous_15)","decl":{"start":{"line":9,"column":0},"end":{"line":9,"column":13}},"loc":{"start":{"line":9,"column":0},"end":{"line":190,"column":null}}},"1":{"name":"(anonymous_17)","decl":{"start":{"line":12,"column":2},"end":{"line":12,"column":8}},"loc":{"start":{"line":15,"column":25},"end":{"line":31,"column":null}}},"2":{"name":"(anonymous_20)","decl":{"start":{"line":35,"column":2},"end":{"line":35,"column":8}},"loc":{"start":{"line":35,"column":77},"end":{"line":42,"column":null}}},"3":{"name":"(anonymous_23)","decl":{"start":{"line":45,"column":2},"end":{"line":45,"column":8}},"loc":{"start":{"line":48,"column":25},"end":{"line":57,"column":null}}},"4":{"name":"(anonymous_26)","decl":{"start":{"line":60,"column":2},"end":{"line":60,"column":8}},"loc":{"start":{"line":63,"column":25},"end":{"line":80,"column":null}}},"5":{"name":"(anonymous_29)","decl":{"start":{"line":83,"column":2},"end":{"line":83,"column":8}},"loc":{"start":{"line":86,"column":25},"end":{"line":95,"column":null}}},"6":{"name":"(anonymous_32)","decl":{"start":{"line":98,"column":2},"end":{"line":98,"column":8}},"loc":{"start":{"line":101,"column":25},"end":{"line":115,"column":null}}},"7":{"name":"(anonymous_35)","decl":{"start":{"line":118,"column":2},"end":{"line":118,"column":8}},"loc":{"start":{"line":121,"column":25},"end":{"line":130,"column":null}}},"8":{"name":"(anonymous_38)","decl":{"start":{"line":133,"column":2},"end":{"line":133,"column":8}},"loc":{"start":{"line":136,"column":25},"end":{"line":145,"column":null}}},"9":{"name":"(anonymous_41)","decl":{"start":{"line":148,"column":2},"end":{"line":148,"column":8}},"loc":{"start":{"line":151,"column":25},"end":{"line":161,"column":null}}},"10":{"name":"(anonymous_44)","decl":{"start":{"line":164,"column":2},"end":{"line":164,"column":8}},"loc":{"start":{"line":164,"column":74},"end":{"line":180,"column":null}}},"11":{"name":"(anonymous_47)","decl":{"start":{"line":174,"column":35},"end":{"line":174,"column":36}},"loc":{"start":{"line":174,"column":37},"end":{"line":174,"column":43}}},"12":{"name":"(anonymous_48)","decl":{"start":{"line":183,"column":2},"end":{"line":183,"column":8}},"loc":{"start":{"line":183,"column":75},"end":{"line":189,"column":null}}}},"branchMap":{"0":{"loc":{"start":{"line":18,"column":8},"end":{"line":18,"column":9}},"type":"if","locations":[{"start":{"line":18,"column":8},"end":{"line":18,"column":9}}]},"1":{"loc":{"start":{"line":36,"column":20},"end":{"line":36,"column":null}},"type":"switch","locations":[{"start":{"line":36,"column":20},"end":{"line":36,"column":null}}]},"2":{"loc":{"start":{"line":50,"column":20},"end":{"line":50,"column":null}},"type":"switch","locations":[{"start":{"line":50,"column":20},"end":{"line":50,"column":null}}]},"3":{"loc":{"start":{"line":88,"column":20},"end":{"line":88,"column":null}},"type":"switch","locations":[{"start":{"line":88,"column":20},"end":{"line":88,"column":null}}]},"4":{"loc":{"start":{"line":103,"column":20},"end":{"line":103,"column":null}},"type":"switch","locations":[{"start":{"line":103,"column":20},"end":{"line":103,"column":null}}]},"5":{"loc":{"start":{"line":123,"column":20},"end":{"line":123,"column":null}},"type":"switch","locations":[{"start":{"line":123,"column":20},"end":{"line":123,"column":null}}]},"6":{"loc":{"start":{"line":138,"column":20},"end":{"line":138,"column":null}},"type":"switch","locations":[{"start":{"line":138,"column":20},"end":{"line":138,"column":null}}]},"7":{"loc":{"start":{"line":153,"column":20},"end":{"line":153,"column":null}},"type":"switch","locations":[{"start":{"line":153,"column":20},"end":{"line":153,"column":null}}]},"8":{"loc":{"start":{"line":165,"column":20},"end":{"line":168,"column":null}},"type":"switch","locations":[{"start":{"line":165,"column":20},"end":{"line":168,"column":null}}]},"9":{"loc":{"start":{"line":167,"column":6},"end":{"line":167,"column":40}},"type":"binary-expr","locations":[{"start":{"line":167,"column":6},"end":{"line":167,"column":27}},{"start":{"line":167,"column":31},"end":{"line":167,"column":40}}]},"10":{"loc":{"start":{"line":167,"column":6},"end":{"line":167,"column":27}},"type":"cond-expr","locations":[{"start":{"line":167,"column":19},"end":{"line":167,"column":21}},{"start":{"line":167,"column":19},"end":{"line":167,"column":27}}]},"11":{"loc":{"start":{"line":167,"column":6},"end":{"line":167,"column":21}},"type":"binary-expr","locations":[{"start":{"line":167,"column":6},"end":{"line":167,"column":21}},{"start":{"line":167,"column":19},"end":{"line":167,"column":21}}]},"12":{"loc":{"start":{"line":167,"column":6},"end":{"line":167,"column":19}},"type":"cond-expr","locations":[{"start":{"line":167,"column":13},"end":{"line":167,"column":15}},{"start":{"line":167,"column":6},"end":{"line":167,"column":19}}]},"13":{"loc":{"start":{"line":167,"column":6},"end":{"line":167,"column":15}},"type":"binary-expr","locations":[{"start":{"line":167,"column":6},"end":{"line":167,"column":15}},{"start":{"line":167,"column":6},"end":{"line":167,"column":15}}]},"14":{"loc":{"start":{"line":184,"column":4},"end":{"line":184,"column":53}},"type":"switch","locations":[{"start":{"line":184,"column":4},"end":{"line":184,"column":53}}]}},"s":{"0":9,"1":9,"2":9,"3":9,"4":9,"5":95,"6":189,"7":1,"8":188,"9":3,"10":9,"11":3,"12":3,"13":4,"14":9,"15":7,"16":7,"17":14,"18":14,"19":9,"20":27,"21":27,"22":27,"23":54,"24":54,"25":9,"26":7,"27":7,"28":14,"29":14,"30":9,"31":4,"32":4,"33":4,"34":8,"35":8,"36":9,"37":1,"38":1,"39":2,"40":2,"41":9,"42":1,"43":1,"44":2,"45":2,"46":9,"47":1,"48":1,"49":1,"50":2,"51":2,"52":9,"53":39,"54":39,"55":37,"56":37,"57":37,"58":37,"59":37,"60":37,"61":37,"62":47,"63":37,"64":9,"65":8,"66":4,"67":4,"68":4,"69":4,"70":4,"71":4,"72":4,"73":4,"74":9,"75":9},"f":{"0":104,"1":95,"2":3,"3":7,"4":27,"5":7,"6":4,"7":1,"8":1,"9":1,"10":39,"11":47,"12":4},"b":{"0":[94],"1":[3],"2":[7],"3":[7],"4":[4],"5":[1],"6":[1],"7":[1],"8":[39],"9":[39,27],"10":[27,12],"11":[39,39],"12":[0,39],"13":[39,39],"14":[4]}}
,"C:\\Users\\Theo Siemens-Rhodes\\Documents\\CPEN321\\CPEN321-TuneMatch\\backend\\src\\controller\\UserController.ts": {"path":"C:\\Users\\Theo Siemens-Rhodes\\Documents\\CPEN321\\CPEN321-TuneMatch\\backend\\src\\controller\\UserController.ts","statementMap":{"0":{"start":{"line":1,"column":0},"end":{"line":1,"column":null}},"1":{"start":{"line":7,"column":0},"end":{"line":7,"column":65}},"2":{"start":{"line":11,"column":0},"end":{"line":11,"column":13}},"3":{"start":{"line":14,"column":8},"end":{"line":34,"column":null}},"4":{"start":{"line":16,"column":10},"end":{"line":18,"column":30}},"5":{"start":{"line":19,"column":17},"end":{"line":19,"column":null}},"6":{"start":{"line":19,"column":10},"end":{"line":19,"column":null}},"7":{"start":{"line":20,"column":4},"end":{"line":22,"column":null}},"8":{"start":{"line":21,"column":6},"end":{"line":21,"column":60}},"9":{"start":{"line":23,"column":4},"end":{"line":23,"column":null}},"10":{"start":{"line":24,"column":6},"end":{"line":32,"column":null}},"11":{"start":{"line":24,"column":43},"end":{"line":32,"column":8}},"12":{"start":{"line":25,"column":8},"end":{"line":31,"column":15}},"13":{"start":{"line":23,"column":4},"end":{"line":33,"column":6}},"14":{"start":{"line":37,"column":8},"end":{"line":44,"column":null}},"15":{"start":{"line":38,"column":20},"end":{"line":38,"column":null}},"16":{"start":{"line":38,"column":10},"end":{"line":38,"column":null}},"17":{"start":{"line":39,"column":4},"end":{"line":39,"column":null}},"18":{"start":{"line":40,"column":6},"end":{"line":42,"column":null}},"19":{"start":{"line":40,"column":47},"end":{"line":42,"column":8}},"20":{"start":{"line":41,"column":8},"end":{"line":41,"column":37}},"21":{"start":{"line":39,"column":4},"end":{"line":43,"column":6}},"22":{"start":{"line":47,"column":8},"end":{"line":63,"column":null}},"23":{"start":{"line":48,"column":22},"end":{"line":50,"column":null}},"24":{"start":{"line":48,"column":10},"end":{"line":50,"column":null}},"25":{"start":{"line":51,"column":4},"end":{"line":53,"column":null}},"26":{"start":{"line":52,"column":6},"end":{"line":52,"column":60}},"27":{"start":{"line":54,"column":18},"end":{"line":57,"column":null}},"28":{"start":{"line":54,"column":10},"end":{"line":57,"column":null}},"29":{"start":{"line":58,"column":4},"end":{"line":58,"column":null}},"30":{"start":{"line":59,"column":6},"end":{"line":61,"column":null}},"31":{"start":{"line":59,"column":37},"end":{"line":61,"column":8}},"32":{"start":{"line":60,"column":8},"end":{"line":60,"column":32}},"33":{"start":{"line":58,"column":4},"end":{"line":62,"column":6}},"34":{"start":{"line":66,"column":8},"end":{"line":77,"column":null}},"35":{"start":{"line":67,"column":17},"end":{"line":67,"column":null}},"36":{"start":{"line":67,"column":10},"end":{"line":67,"column":null}},"37":{"start":{"line":68,"column":4},"end":{"line":68,"column":46}},"38":{"start":{"line":69,"column":4},"end":{"line":69,"column":13}},"39":{"start":{"line":69,"column":13},"end":{"line":75,"column":null}},"40":{"start":{"line":69,"column":50},"end":{"line":75,"column":8}},"41":{"start":{"line":70,"column":6},"end":{"line":74,"column":null}},"42":{"start":{"line":69,"column":4},"end":{"line":76,"column":6}},"43":{"start":{"line":80,"column":8},"end":{"line":90,"column":null}},"44":{"start":{"line":81,"column":17},"end":{"line":84,"column":null}},"45":{"start":{"line":81,"column":10},"end":{"line":84,"column":null}},"46":{"start":{"line":85,"column":4},"end":{"line":85,"column":null}},"47":{"start":{"line":86,"column":6},"end":{"line":88,"column":null}},"48":{"start":{"line":86,"column":43},"end":{"line":88,"column":8}},"49":{"start":{"line":87,"column":8},"end":{"line":87,"column":33}},"50":{"start":{"line":85,"column":4},"end":{"line":89,"column":6}},"51":{"start":{"line":93,"column":8},"end":{"line":96,"column":null}},"52":{"start":{"line":94,"column":4},"end":{"line":94,"column":68}},"53":{"start":{"line":95,"column":4},"end":{"line":95,"column":null}},"54":{"start":{"line":99,"column":8},"end":{"line":115,"column":null}},"55":{"start":{"line":100,"column":18},"end":{"line":104,"column":null}},"56":{"start":{"line":100,"column":10},"end":{"line":104,"column":null}},"57":{"start":{"line":105,"column":4},"end":{"line":105,"column":null}},"58":{"start":{"line":106,"column":6},"end":{"line":113,"column":null}},"59":{"start":{"line":106,"column":45},"end":{"line":113,"column":8}},"60":{"start":{"line":108,"column":17},"end":{"line":111,"column":null}},"61":{"start":{"line":107,"column":8},"end":{"line":112,"column":null}},"62":{"start":{"line":105,"column":4},"end":{"line":114,"column":6}},"63":{"start":{"line":119,"column":8},"end":{"line":138,"column":null}},"64":{"start":{"line":124,"column":10},"end":{"line":124,"column":38}},"65":{"start":{"line":125,"column":8},"end":{"line":125,"column":9}},"66":{"start":{"line":126,"column":6},"end":{"line":130,"column":8}},"67":{"start":{"line":133,"column":8},"end":{"line":133,"column":47}},"68":{"start":{"line":135,"column":8},"end":{"line":135,"column":74}},"69":{"start":{"line":142,"column":8},"end":{"line":158,"column":null}},"70":{"start":{"line":143,"column":20},"end":{"line":143,"column":null}},"71":{"start":{"line":143,"column":10},"end":{"line":143,"column":null}},"72":{"start":{"line":145,"column":4},"end":{"line":145,"column":null}},"73":{"start":{"line":146,"column":6},"end":{"line":146,"column":null}},"74":{"start":{"line":147,"column":12},"end":{"line":147,"column":null}},"75":{"start":{"line":148,"column":10},"end":{"line":148,"column":null}},"76":{"start":{"line":149,"column":10},"end":{"line":154,"column":null}},"77":{"start":{"line":149,"column":51},"end":{"line":154,"column":12}},"78":{"start":{"line":150,"column":12},"end":{"line":153,"column":14}},"79":{"start":{"line":145,"column":4},"end":{"line":157,"column":6}},"80":{"start":{"line":161,"column":8},"end":{"line":167,"column":null}},"81":{"start":{"line":162,"column":17},"end":{"line":166,"column":null}},"82":{"start":{"line":162,"column":10},"end":{"line":166,"column":null}},"83":{"start":{"line":168,"column":0},"end":{"line":168,"column":null}},"84":{"start":{"line":11,"column":13},"end":{"line":11,"column":27}}},"fnMap":{"0":{"name":"(anonymous_13)","decl":{"start":{"line":11,"column":0},"end":{"line":11,"column":13}},"loc":{"start":{"line":11,"column":0},"end":{"line":168,"column":null}}},"1":{"name":"(anonymous_15)","decl":{"start":{"line":14,"column":2},"end":{"line":14,"column":8}},"loc":{"start":{"line":14,"column":63},"end":{"line":34,"column":null}}},"2":{"name":"(anonymous_18)","decl":{"start":{"line":24,"column":32},"end":{"line":24,"column":39}},"loc":{"start":{"line":24,"column":43},"end":{"line":32,"column":8}}},"3":{"name":"(anonymous_19)","decl":{"start":{"line":24,"column":43},"end":{"line":24,"column":null}},"loc":{"start":{"line":24,"column":43},"end":{"line":32,"column":8}}},"4":{"name":"(anonymous_21)","decl":{"start":{"line":37,"column":2},"end":{"line":37,"column":8}},"loc":{"start":{"line":37,"column":66},"end":{"line":44,"column":null}}},"5":{"name":"(anonymous_24)","decl":{"start":{"line":40,"column":36},"end":{"line":40,"column":43}},"loc":{"start":{"line":40,"column":47},"end":{"line":42,"column":8}}},"6":{"name":"(anonymous_25)","decl":{"start":{"line":40,"column":47},"end":{"line":40,"column":null}},"loc":{"start":{"line":40,"column":47},"end":{"line":42,"column":8}}},"7":{"name":"(anonymous_27)","decl":{"start":{"line":47,"column":2},"end":{"line":47,"column":8}},"loc":{"start":{"line":47,"column":64},"end":{"line":63,"column":null}}},"8":{"name":"(anonymous_30)","decl":{"start":{"line":59,"column":37},"end":{"line":59,"column":null}},"loc":{"start":{"line":59,"column":37},"end":{"line":61,"column":8}}},"9":{"name":"(anonymous_33)","decl":{"start":{"line":66,"column":2},"end":{"line":66,"column":8}},"loc":{"start":{"line":66,"column":66},"end":{"line":77,"column":null}}},"10":{"name":"(anonymous_36)","decl":{"start":{"line":69,"column":39},"end":{"line":69,"column":46}},"loc":{"start":{"line":69,"column":50},"end":{"line":75,"column":8}}},"11":{"name":"(anonymous_37)","decl":{"start":{"line":69,"column":50},"end":{"line":69,"column":null}},"loc":{"start":{"line":69,"column":50},"end":{"line":75,"column":8}}},"12":{"name":"(anonymous_39)","decl":{"start":{"line":80,"column":2},"end":{"line":80,"column":8}},"loc":{"start":{"line":80,"column":66},"end":{"line":90,"column":null}}},"13":{"name":"(anonymous_42)","decl":{"start":{"line":86,"column":32},"end":{"line":86,"column":39}},"loc":{"start":{"line":86,"column":43},"end":{"line":88,"column":8}}},"14":{"name":"(anonymous_43)","decl":{"start":{"line":86,"column":43},"end":{"line":86,"column":null}},"loc":{"start":{"line":86,"column":43},"end":{"line":88,"column":8}}},"15":{"name":"(anonymous_45)","decl":{"start":{"line":93,"column":2},"end":{"line":93,"column":8}},"loc":{"start":{"line":93,"column":66},"end":{"line":96,"column":null}}},"16":{"name":"(anonymous_48)","decl":{"start":{"line":99,"column":2},"end":{"line":99,"column":8}},"loc":{"start":{"line":99,"column":67},"end":{"line":115,"column":null}}},"17":{"name":"(anonymous_51)","decl":{"start":{"line":106,"column":34},"end":{"line":106,"column":41}},"loc":{"start":{"line":106,"column":45},"end":{"line":113,"column":8}}},"18":{"name":"(anonymous_52)","decl":{"start":{"line":106,"column":45},"end":{"line":106,"column":null}},"loc":{"start":{"line":106,"column":45},"end":{"line":113,"column":8}}},"19":{"name":"(anonymous_54)","decl":{"start":{"line":119,"column":2},"end":{"line":119,"column":8}},"loc":{"start":{"line":122,"column":25},"end":{"line":138,"column":null}}},"20":{"name":"(anonymous_57)","decl":{"start":{"line":142,"column":2},"end":{"line":142,"column":8}},"loc":{"start":{"line":142,"column":77},"end":{"line":158,"column":null}}},"21":{"name":"(anonymous_60)","decl":{"start":{"line":149,"column":40},"end":{"line":149,"column":47}},"loc":{"start":{"line":149,"column":51},"end":{"line":154,"column":12}}},"22":{"name":"(anonymous_61)","decl":{"start":{"line":149,"column":51},"end":{"line":149,"column":null}},"loc":{"start":{"line":149,"column":51},"end":{"line":154,"column":12}}},"23":{"name":"(anonymous_63)","decl":{"start":{"line":161,"column":2},"end":{"line":161,"column":8}},"loc":{"start":{"line":161,"column":76},"end":{"line":167,"column":null}}}},"branchMap":{"0":{"loc":{"start":{"line":16,"column":19},"end":{"line":18,"column":29}},"type":"cond-expr","locations":[{"start":{"line":17,"column":8},"end":{"line":17,"column":50}},{"start":{"line":18,"column":8},"end":{"line":18,"column":29}}]},"1":{"loc":{"start":{"line":20,"column":4},"end":{"line":22,"column":null}},"type":"if","locations":[{"start":{"line":20,"column":4},"end":{"line":22,"column":null}}]},"2":{"loc":{"start":{"line":25,"column":15},"end":{"line":31,"column":14}},"type":"cond-expr","locations":[{"start":{"line":26,"column":12},"end":{"line":30,"column":null}},{"start":{"line":31,"column":12},"end":{"line":31,"column":14}}]},"3":{"loc":{"start":{"line":38,"column":20},"end":{"line":38,"column":null}},"type":"switch","locations":[{"start":{"line":38,"column":20},"end":{"line":38,"column":null}}]},"4":{"loc":{"start":{"line":48,"column":22},"end":{"line":50,"column":null}},"type":"switch","locations":[{"start":{"line":48,"column":22},"end":{"line":50,"column":null}}]},"5":{"loc":{"start":{"line":51,"column":4},"end":{"line":53,"column":null}},"type":"if","locations":[{"start":{"line":51,"column":4},"end":{"line":53,"column":null}}]},"6":{"loc":{"start":{"line":67,"column":17},"end":{"line":67,"column":null}},"type":"switch","locations":[{"start":{"line":67,"column":17},"end":{"line":67,"column":null}}]},"7":{"loc":{"start":{"line":81,"column":17},"end":{"line":84,"column":null}},"type":"switch","locations":[{"start":{"line":81,"column":17},"end":{"line":84,"column":null}}]},"8":{"loc":{"start":{"line":94,"column":4},"end":{"line":94,"column":68}},"type":"switch","locations":[{"start":{"line":94,"column":4},"end":{"line":94,"column":68}}]},"9":{"loc":{"start":{"line":100,"column":18},"end":{"line":104,"column":null}},"type":"switch","locations":[{"start":{"line":100,"column":18},"end":{"line":104,"column":null}}]},"10":{"loc":{"start":{"line":107,"column":8},"end":{"line":112,"column":null}},"type":"switch","locations":[{"start":{"line":107,"column":8},"end":{"line":112,"column":null}}]},"11":{"loc":{"start":{"line":125,"column":8},"end":{"line":125,"column":9}},"type":"if","locations":[{"start":{"line":125,"column":8},"end":{"line":125,"column":9}}]},"12":{"loc":{"start":{"line":143,"column":20},"end":{"line":143,"column":null}},"type":"switch","locations":[{"start":{"line":143,"column":20},"end":{"line":143,"column":null}}]},"13":{"loc":{"start":{"line":162,"column":17},"end":{"line":166,"column":null}},"type":"switch","locations":[{"start":{"line":162,"column":17},"end":{"line":166,"column":null}}]},"14":{"loc":{"start":{"line":164,"column":6},"end":{"line":164,"column":25}},"type":"cond-expr","locations":[{"start":{"line":164,"column":19},"end":{"line":164,"column":21}},{"start":{"line":164,"column":19},"end":{"line":164,"column":25}}]},"15":{"loc":{"start":{"line":164,"column":6},"end":{"line":164,"column":21}},"type":"binary-expr","locations":[{"start":{"line":164,"column":6},"end":{"line":164,"column":21}},{"start":{"line":164,"column":19},"end":{"line":164,"column":21}}]},"16":{"loc":{"start":{"line":164,"column":6},"end":{"line":164,"column":19}},"type":"cond-expr","locations":[{"start":{"line":164,"column":13},"end":{"line":164,"column":15}},{"start":{"line":164,"column":6},"end":{"line":164,"column":19}}]},"17":{"loc":{"start":{"line":164,"column":6},"end":{"line":164,"column":15}},"type":"binary-expr","locations":[{"start":{"line":164,"column":6},"end":{"line":164,"column":15}},{"start":{"line":164,"column":6},"end":{"line":164,"column":15}}]},"18":{"loc":{"start":{"line":165,"column":6},"end":{"line":165,"column":27}},"type":"cond-expr","locations":[{"start":{"line":165,"column":19},"end":{"line":165,"column":21}},{"start":{"line":165,"column":19},"end":{"line":165,"column":27}}]},"19":{"loc":{"start":{"line":165,"column":6},"end":{"line":165,"column":21}},"type":"binary-expr","locations":[{"start":{"line":165,"column":6},"end":{"line":165,"column":21}},{"start":{"line":165,"column":19},"end":{"line":165,"column":21}}]},"20":{"loc":{"start":{"line":165,"column":6},"end":{"line":165,"column":19}},"type":"cond-expr","locations":[{"start":{"line":165,"column":13},"end":{"line":165,"column":15}},{"start":{"line":165,"column":6},"end":{"line":165,"column":19}}]},"21":{"loc":{"start":{"line":165,"column":6},"end":{"line":165,"column":15}},"type":"binary-expr","locations":[{"start":{"line":165,"column":6},"end":{"line":165,"column":15}},{"start":{"line":165,"column":6},"end":{"line":165,"column":15}}]}},"s":{"0":9,"1":9,"2":9,"3":9,"4":0,"5":0,"6":0,"7":0,"8":0,"9":0,"10":0,"11":0,"12":0,"13":0,"14":9,"15":0,"16":0,"17":0,"18":0,"19":0,"20":0,"21":0,"22":9,"23":0,"24":0,"25":0,"26":0,"27":0,"28":0,"29":0,"30":0,"31":0,"32":0,"33":0,"34":9,"35":0,"36":0,"37":0,"38":0,"39":0,"40":0,"41":0,"42":0,"43":9,"44":0,"45":0,"46":0,"47":0,"48":0,"49":0,"50":0,"51":9,"52":0,"53":0,"54":9,"55":0,"56":0,"57":0,"58":0,"59":0,"60":0,"61":0,"62":0,"63":9,"64":4,"65":8,"66":0,"67":8,"68":0,"69":9,"70":0,"71":0,"72":0,"73":0,"74":0,"75":0,"76":0,"77":0,"78":0,"79":0,"80":9,"81":4,"82":4,"83":9,"84":9},"f":{"0":13,"1":0,"2":0,"3":0,"4":0,"5":0,"6":0,"7":0,"8":0,"9":0,"10":0,"11":0,"12":0,"13":0,"14":0,"15":0,"16":0,"17":0,"18":0,"19":4,"20":0,"21":0,"22":0,"23":4},"b":{"0":[0,0],"1":[0],"2":[0,0],"3":[0],"4":[0],"5":[0],"6":[0],"7":[0],"8":[0],"9":[0],"10":[0],"11":[4],"12":[0],"13":[4],"14":[0,4],"15":[4,4],"16":[0,4],"17":[4,4],"18":[0,4],"19":[4,4],"20":[0,4],"21":[4,4]}}
,"C:\\Users\\Theo Siemens-Rhodes\\Documents\\CPEN321\\CPEN321-TuneMatch\\backend\\src\\controller\\WebsocketController.ts": {"path":"C:\\Users\\Theo Siemens-Rhodes\\Documents\\CPEN321\\CPEN321-TuneMatch\\backend\\src\\controller\\WebsocketController.ts","statementMap":{"0":{"start":{"line":1,"column":0},"end":{"line":1,"column":66}},"1":{"start":{"line":2,"column":0},"end":{"line":2,"column":66}},"2":{"start":{"line":3,"column":0},"end":{"line":3,"column":60}},"3":{"start":{"line":4,"column":0},"end":{"line":4,"column":null}},"4":{"start":{"line":10,"column":0},"end":{"line":10,"column":33}},"5":{"start":{"line":11,"column":0},"end":{"line":11,"column":null}},"6":{"start":{"line":22,"column":2},"end":{"line":25,"column":null}},"7":{"start":{"line":23,"column":4},"end":{"line":23,"column":53}},"8":{"start":{"line":24,"column":4},"end":{"line":24,"column":11}},"9":{"start":{"line":27,"column":15},"end":{"line":32,"column":null}},"10":{"start":{"line":27,"column":8},"end":{"line":32,"column":null}},"11":{"start":{"line":33,"column":2},"end":{"line":36,"column":null}},"12":{"start":{"line":34,"column":4},"end":{"line":34,"column":72}},"13":{"start":{"line":35,"column":4},"end":{"line":35,"column":11}},"14":{"start":{"line":37,"column":2},"end":{"line":37,"column":53}},"15":{"start":{"line":40,"column":18},"end":{"line":40,"column":null}},"16":{"start":{"line":40,"column":8},"end":{"line":40,"column":null}},"17":{"start":{"line":41,"column":2},"end":{"line":41,"column":null}},"18":{"start":{"line":42,"column":4},"end":{"line":42,"column":null}},"19":{"start":{"line":43,"column":10},"end":{"line":43,"column":null}},"20":{"start":{"line":44,"column":8},"end":{"line":44,"column":null}},"21":{"start":{"line":45,"column":8},"end":{"line":50,"column":null}},"22":{"start":{"line":45,"column":49},"end":{"line":50,"column":10}},"23":{"start":{"line":46,"column":10},"end":{"line":49,"column":12}},"24":{"start":{"line":41,"column":2},"end":{"line":53,"column":4}},"25":{"start":{"line":54,"column":19},"end":{"line":54,"column":null}},"26":{"start":{"line":54,"column":8},"end":{"line":54,"column":null}},"27":{"start":{"line":55,"column":2},"end":{"line":55,"column":null}},"28":{"start":{"line":56,"column":4},"end":{"line":56,"column":null}},"29":{"start":{"line":57,"column":10},"end":{"line":57,"column":26}},"30":{"start":{"line":57,"column":26},"end":{"line":57,"column":null}},"31":{"start":{"line":58,"column":20},"end":{"line":58,"column":null}},"32":{"start":{"line":58,"column":8},"end":{"line":58,"column":null}},"33":{"start":{"line":59,"column":19},"end":{"line":59,"column":null}},"34":{"start":{"line":55,"column":2},"end":{"line":62,"column":4}},"35":{"start":{"line":64,"column":2},"end":{"line":64,"column":16}},"36":{"start":{"line":66,"column":2},"end":{"line":66,"column":17}},"37":{"start":{"line":72,"column":24},"end":{"line":72,"column":null}},"38":{"start":{"line":72,"column":8},"end":{"line":72,"column":null}},"39":{"start":{"line":74,"column":2},"end":{"line":74,"column":29}},"40":{"start":{"line":76,"column":2},"end":{"line":79,"column":5}},"41":{"start":{"line":76,"column":16},"end":{"line":79,"column":4}},"42":{"start":{"line":78,"column":4},"end":{"line":78,"column":45}},"43":{"start":{"line":78,"column":27},"end":{"line":78,"column":38}},"44":{"start":{"line":82,"column":2},"end":{"line":109,"column":5}},"45":{"start":{"line":83,"column":4},"end":{"line":108,"column":null}},"46":{"start":{"line":84,"column":18},"end":{"line":84,"column":45}},"47":{"start":{"line":85,"column":6},"end":{"line":103,"column":null}},"48":{"start":{"line":86,"column":8},"end":{"line":86,"column":78}},"49":{"start":{"line":88,"column":8},"end":{"line":102,"column":null}},"50":{"start":{"line":90,"column":12},"end":{"line":90,"column":74}},"51":{"start":{"line":91,"column":12},"end":{"line":91,"column":18}},"52":{"start":{"line":93,"column":12},"end":{"line":93,"column":71}},"53":{"start":{"line":94,"column":12},"end":{"line":94,"column":18}},"54":{"start":{"line":96,"column":12},"end":{"line":96,"column":74}},"55":{"start":{"line":97,"column":12},"end":{"line":97,"column":18}},"56":{"start":{"line":99,"column":12},"end":{"line":101,"column":14}},"57":{"start":{"line":105,"column":6},"end":{"line":107,"column":8}},"58":{"start":{"line":112,"column":2},"end":{"line":124,"column":5}},"59":{"start":{"line":113,"column":4},"end":{"line":113,"column":54}},"60":{"start":{"line":114,"column":19},"end":{"line":114,"column":null}},"61":{"start":{"line":114,"column":10},"end":{"line":114,"column":null}},"62":{"start":{"line":116,"column":10},"end":{"line":116,"column":16}},"63":{"start":{"line":117,"column":8},"end":{"line":117,"column":50}},"64":{"start":{"line":118,"column":8},"end":{"line":118,"column":63}},"65":{"start":{"line":121,"column":8},"end":{"line":121,"column":14}},"66":{"start":{"line":122,"column":6},"end":{"line":122,"column":55}},"67":{"start":{"line":70,"column":0},"end":{"line":70,"column":22}}},"fnMap":{"0":{"name":"authenticateSocket","decl":{"start":{"line":21,"column":15},"end":{"line":21,"column":33}},"loc":{"start":{"line":21,"column":45},"end":{"line":67,"column":null}}},"1":{"name":"(anonymous_17)","decl":{"start":{"line":45,"column":38},"end":{"line":45,"column":45}},"loc":{"start":{"line":45,"column":49},"end":{"line":50,"column":10}}},"2":{"name":"(anonymous_18)","decl":{"start":{"line":45,"column":49},"end":{"line":45,"column":null}},"loc":{"start":{"line":45,"column":49},"end":{"line":50,"column":10}}},"3":{"name":"handleConnection","decl":{"start":{"line":70,"column":22},"end":{"line":70,"column":38}},"loc":{"start":{"line":70,"column":66},"end":{"line":125,"column":null}}},"4":{"name":"(anonymous_23)","decl":{"start":{"line":76,"column":16},"end":{"line":76,"column":null}},"loc":{"start":{"line":76,"column":16},"end":{"line":79,"column":4}}},"5":{"name":"(anonymous_26)","decl":{"start":{"line":78,"column":21},"end":{"line":78,"column":27}},"loc":{"start":{"line":78,"column":21},"end":{"line":78,"column":29}}},"6":{"name":"message","decl":{"start":{"line":82,"column":28},"end":{"line":82,"column":35}},"loc":{"start":{"line":82,"column":40},"end":{"line":109,"column":3}}},"7":{"name":"close","decl":{"start":{"line":112,"column":32},"end":{"line":112,"column":37}},"loc":{"start":{"line":112,"column":50},"end":{"line":124,"column":4}}}},"branchMap":{"0":{"loc":{"start":{"line":22,"column":2},"end":{"line":25,"column":null}},"type":"if","locations":[{"start":{"line":22,"column":2},"end":{"line":25,"column":null}}]},"1":{"loc":{"start":{"line":33,"column":2},"end":{"line":36,"column":null}},"type":"if","locations":[{"start":{"line":33,"column":2},"end":{"line":36,"column":null}}]},"2":{"loc":{"start":{"line":72,"column":24},"end":{"line":72,"column":null}},"type":"switch","locations":[{"start":{"line":72,"column":24},"end":{"line":72,"column":null}}]},"3":{"loc":{"start":{"line":85,"column":6},"end":{"line":103,"column":null}},"type":"if","locations":[{"start":{"line":85,"column":6},"end":{"line":103,"column":null}},{"start":{"line":87,"column":13},"end":{"line":103,"column":null}}]},"4":{"loc":{"start":{"line":88,"column":8},"end":{"line":102,"column":null}},"type":"switch","locations":[{"start":{"line":89,"column":10},"end":{"line":91,"column":18}},{"start":{"line":92,"column":10},"end":{"line":94,"column":18}},{"start":{"line":95,"column":10},"end":{"line":97,"column":18}},{"start":{"line":98,"column":10},"end":{"line":101,"column":14}}]},"5":{"loc":{"start":{"line":116,"column":10},"end":{"line":116,"column":16}},"type":"if","locations":[{"start":{"line":116,"column":10},"end":{"line":116,"column":16}}]},"6":{"loc":{"start":{"line":121,"column":8},"end":{"line":121,"column":14}},"type":"if","locations":[{"start":{"line":121,"column":8},"end":{"line":121,"column":14}}]}},"s":{"0":9,"1":9,"2":9,"3":9,"4":9,"5":9,"6":76,"7":1,"8":1,"9":75,"10":75,"11":75,"12":1,"13":1,"14":148,"15":74,"16":74,"17":74,"18":74,"19":74,"20":74,"21":74,"22":18,"23":18,"24":74,"25":74,"26":74,"27":74,"28":74,"29":74,"30":74,"31":74,"32":74,"33":74,"34":74,"35":74,"36":74,"37":76,"38":76,"39":76,"40":76,"41":75,"42":150,"43":19,"44":76,"45":109,"46":109,"47":108,"48":1,"49":107,"50":95,"51":95,"52":4,"53":4,"54":7,"55":7,"56":1,"57":1,"58":76,"59":66,"60":66,"61":66,"62":69,"63":126,"64":126,"65":69,"66":126,"67":9},"f":{"0":76,"1":18,"2":18,"3":76,"4":150,"5":19,"6":109,"7":66},"b":{"0":[1],"1":[1],"2":[76],"3":[1,107],"4":[95,4,7,1],"5":[3],"6":[3]}}
,"C:\\Users\\Theo Siemens-Rhodes\\Documents\\CPEN321\\CPEN321-TuneMatch\\backend\\src\\middleware\\CurrentUser.ts": {"path":"C:\\Users\\Theo Siemens-Rhodes\\Documents\\CPEN321\\CPEN321-TuneMatch\\backend\\src\\middleware\\CurrentUser.ts","statementMap":{"0":{"start":{"line":2,"column":0},"end":{"line":2,"column":41}},"1":{"start":{"line":11,"column":8},"end":{"line":11,"column":64}},"2":{"start":{"line":12,"column":21},"end":{"line":14,"column":null}},"3":{"start":{"line":12,"column":8},"end":{"line":14,"column":null}},"4":{"start":{"line":15,"column":2},"end":{"line":18,"column":null}},"5":{"start":{"line":16,"column":4},"end":{"line":16,"column":74}},"6":{"start":{"line":17,"column":4},"end":{"line":17,"column":11}},"7":{"start":{"line":19,"column":2},"end":{"line":22,"column":null}},"8":{"start":{"line":20,"column":4},"end":{"line":20,"column":69}},"9":{"start":{"line":21,"column":4},"end":{"line":21,"column":11}},"10":{"start":{"line":23,"column":2},"end":{"line":26,"column":null}},"11":{"start":{"line":24,"column":4},"end":{"line":24,"column":51}},"12":{"start":{"line":25,"column":4},"end":{"line":25,"column":55}},"13":{"start":{"line":27,"column":2},"end":{"line":27,"column":9}},"14":{"start":{"line":6,"column":0},"end":{"line":6,"column":22}}},"fnMap":{"0":{"name":"findCurrentUser","decl":{"start":{"line":6,"column":22},"end":{"line":6,"column":37}},"loc":{"start":{"line":9,"column":20},"end":{"line":28,"column":null}}}},"branchMap":{"0":{"loc":{"start":{"line":11,"column":25},"end":{"line":11,"column":63}},"type":"binary-expr","locations":[{"start":{"line":11,"column":25},"end":{"line":11,"column":57}},{"start":{"line":11,"column":61},"end":{"line":11,"column":63}}]},"1":{"loc":{"start":{"line":15,"column":2},"end":{"line":18,"column":null}},"type":"if","locations":[{"start":{"line":15,"column":2},"end":{"line":18,"column":null}}]},"2":{"loc":{"start":{"line":15,"column":6},"end":{"line":15,"column":28}},"type":"binary-expr","locations":[{"start":{"line":15,"column":6},"end":{"line":15,"column":11}},{"start":{"line":15,"column":15},"end":{"line":15,"column":28}}]},"3":{"loc":{"start":{"line":19,"column":2},"end":{"line":22,"column":null}},"type":"if","locations":[{"start":{"line":19,"column":2},"end":{"line":22,"column":null}}]},"4":{"loc":{"start":{"line":19,"column":6},"end":{"line":19,"column":28}},"type":"binary-expr","locations":[{"start":{"line":19,"column":6},"end":{"line":19,"column":10}},{"start":{"line":19,"column":14},"end":{"line":19,"column":28}}]},"5":{"loc":{"start":{"line":23,"column":2},"end":{"line":26,"column":null}},"type":"if","locations":[{"start":{"line":23,"column":2},"end":{"line":26,"column":null}}]}},"s":{"0":9,"1":0,"2":0,"3":0,"4":0,"5":0,"6":0,"7":0,"8":0,"9":0,"10":0,"11":0,"12":0,"13":0,"14":9},"f":{"0":0},"b":{"0":[0,0],"1":[0],"2":[0,0],"3":[0],"4":[0,0],"5":[0]}}
,"C:\\Users\\Theo Siemens-Rhodes\\Documents\\CPEN321\\CPEN321-TuneMatch\\backend\\src\\middleware\\ErrorHandler.ts": {"path":"C:\\Users\\Theo Siemens-Rhodes\\Documents\\CPEN321\\CPEN321-TuneMatch\\backend\\src\\middleware\\ErrorHandler.ts","statementMap":{"0":{"start":{"line":10,"column":2},"end":{"line":10,"column":65}},"1":{"start":{"line":4,"column":0},"end":{"line":4,"column":16}}},"fnMap":{"0":{"name":"handleError","decl":{"start":{"line":4,"column":16},"end":{"line":4,"column":27}},"loc":{"start":{"line":8,"column":20},"end":{"line":11,"column":1}}}},"branchMap":{"0":{"loc":{"start":{"line":10,"column":13},"end":{"line":10,"column":34}},"type":"binary-expr","locations":[{"start":{"line":10,"column":13},"end":{"line":10,"column":27}},{"start":{"line":10,"column":31},"end":{"line":10,"column":34}}]}},"s":{"0":0,"1":9},"f":{"0":0},"b":{"0":[0,0]}}
,"C:\\Users\\Theo Siemens-Rhodes\\Documents\\CPEN321\\CPEN321-TuneMatch\\backend\\src\\models\\Queue.ts": {"path":"C:\\Users\\Theo Siemens-Rhodes\\Documents\\CPEN321\\CPEN321-TuneMatch\\backend\\src\\models\\Queue.ts","statementMap":{"0":{"start":{"line":1,"column":0},"end":{"line":1,"column":13}},"1":{"start":{"line":11,"column":4},"end":{"line":11,"column":19}},"2":{"start":{"line":12,"column":4},"end":{"line":12,"column":33}},"3":{"start":{"line":13,"column":4},"end":{"line":13,"column":29}},"4":{"start":{"line":14,"column":4},"end":{"line":14,"column":28}},"5":{"start":{"line":15,"column":4},"end":{"line":15,"column":23}},"6":{"start":{"line":16,"column":4},"end":{"line":16,"column":25}},"7":{"start":{"line":18,"column":0},"end":{"line":18,"column":null}},"8":{"start":{"line":1,"column":13},"end":{"line":1,"column":17}},"9":{"start":{"line":20,"column":0},"end":{"line":20,"column":13}},"10":{"start":{"line":26,"column":4},"end":{"line":26,"column":25}},"11":{"start":{"line":27,"column":4},"end":{"line":27,"column":20}},"12":{"start":{"line":28,"column":4},"end":{"line":28,"column":25}},"13":{"start":{"line":35,"column":2},"end":{"line":40,"column":null}},"14":{"start":{"line":36,"column":4},"end":{"line":39,"column":null}},"15":{"start":{"line":37,"column":6},"end":{"line":37,"column":26}},"16":{"start":{"line":38,"column":6},"end":{"line":38,"column":26}},"17":{"start":{"line":43,"column":10},"end":{"line":54,"column":null}},"18":{"start":{"line":43,"column":2},"end":{"line":43,"column":10}},"19":{"start":{"line":43,"column":19},"end":{"line":43,"column":null}},"20":{"start":{"line":44,"column":4},"end":{"line":53,"column":null}},"21":{"start":{"line":45,"column":21},"end":{"line":45,"column":34}},"22":{"start":{"line":46,"column":6},"end":{"line":46,"column":38}},"23":{"start":{"line":47,"column":6},"end":{"line":50,"column":55}},"24":{"start":{"line":48,"column":8},"end":{"line":48,"column":27}},"25":{"start":{"line":49,"column":8},"end":{"line":49,"column":24}},"26":{"start":{"line":52,"column":6},"end":{"line":52,"column":27}},"27":{"start":{"line":60,"column":2},"end":{"line":70,"column":null}},"28":{"start":{"line":61,"column":4},"end":{"line":69,"column":null}},"29":{"start":{"line":62,"column":6},"end":{"line":62,"column":27}},"30":{"start":{"line":63,"column":6},"end":{"line":63,"column":34}},"31":{"start":{"line":64,"column":31},"end":{"line":64,"column":44}},"32":{"start":{"line":65,"column":24},"end":{"line":65,"column":85}},"33":{"start":{"line":66,"column":6},"end":{"line":66,"column":43}},"34":{"start":{"line":67,"column":6},"end":{"line":67,"column":69}},"35":{"start":{"line":68,"column":6},"end":{"line":68,"column":42}},"36":{"start":{"line":77,"column":2},"end":{"line":83,"column":null}},"37":{"start":{"line":78,"column":4},"end":{"line":80,"column":null}},"38":{"start":{"line":79,"column":6},"end":{"line":79,"column":34}},"39":{"start":{"line":81,"column":4},"end":{"line":81,"column":23}},"40":{"start":{"line":82,"column":4},"end":{"line":82,"column":25}},"41":{"start":{"line":92,"column":2},"end":{"line":106,"column":null}},"42":{"start":{"line":94,"column":6},"end":{"line":96,"column":41}},"43":{"start":{"line":98,"column":18},"end":{"line":98,"column":57}},"44":{"start":{"line":99,"column":4},"end":{"line":99,"column":37}},"45":{"start":{"line":100,"column":4},"end":{"line":100,"column":30}},"46":{"start":{"line":103,"column":4},"end":{"line":105,"column":null}},"47":{"start":{"line":104,"column":6},"end":{"line":104,"column":19}},"48":{"start":{"line":112,"column":2},"end":{"line":120,"column":null}},"49":{"start":{"line":113,"column":4},"end":{"line":119,"column":null}},"50":{"start":{"line":114,"column":6},"end":{"line":114,"column":34}},"51":{"start":{"line":115,"column":6},"end":{"line":115,"column":25}},"52":{"start":{"line":116,"column":6},"end":{"line":116,"column":22}},"53":{"start":{"line":118,"column":6},"end":{"line":118,"column":25}},"54":{"start":{"line":128,"column":2},"end":{"line":133,"column":null}},"55":{"start":{"line":129,"column":17},"end":{"line":129,"column":50}},"56":{"start":{"line":130,"column":4},"end":{"line":132,"column":null}},"57":{"start":{"line":131,"column":6},"end":{"line":131,"column":34}},"58":{"start":{"line":140,"column":2},"end":{"line":158,"column":null}},"59":{"start":{"line":141,"column":4},"end":{"line":143,"column":null}},"60":{"start":{"line":142,"column":6},"end":{"line":142,"column":34}},"61":{"start":{"line":145,"column":17},"end":{"line":145,"column":30}},"62":{"start":{"line":146,"column":4},"end":{"line":154,"column":null}},"63":{"start":{"line":148,"column":6},"end":{"line":152,"column":8}},"64":{"start":{"line":153,"column":6},"end":{"line":153,"column":45}},"65":{"start":{"line":156,"column":4},"end":{"line":156,"column":24}},"66":{"start":{"line":157,"column":4},"end":{"line":157,"column":24}},"67":{"start":{"line":159,"column":0},"end":{"line":159,"column":null}},"68":{"start":{"line":20,"column":13},"end":{"line":20,"column":18}}},"fnMap":{"0":{"name":"(anonymous_2)","decl":{"start":{"line":1,"column":0},"end":{"line":1,"column":13}},"loc":{"start":{"line":1,"column":0},"end":{"line":18,"column":null}}},"1":{"name":"Song","decl":{"start":{"line":10,"column":2},"end":{"line":10,"column":14}},"loc":{"start":{"line":10,"column":76},"end":{"line":17,"column":3}}},"2":{"name":"(anonymous_4)","decl":{"start":{"line":20,"column":0},"end":{"line":20,"column":13}},"loc":{"start":{"line":20,"column":0},"end":{"line":159,"column":null}}},"3":{"name":"Queue","decl":{"start":{"line":25,"column":2},"end":{"line":25,"column":null}},"loc":{"start":{"line":25,"column":2},"end":{"line":29,"column":3}}},"4":{"name":"(anonymous_6)","decl":{"start":{"line":35,"column":2},"end":{"line":35,"column":7}},"loc":{"start":{"line":35,"column":2},"end":{"line":40,"column":3}}},"5":{"name":"(anonymous_7)","decl":{"start":{"line":43,"column":2},"end":{"line":43,"column":10}},"loc":{"start":{"line":43,"column":44},"end":{"line":54,"column":3}}},"6":{"name":"(anonymous_8)","decl":{"start":{"line":47,"column":33},"end":{"line":47,"column":null}},"loc":{"start":{"line":47,"column":33},"end":{"line":50,"column":7}}},"7":{"name":"(anonymous_9)","decl":{"start":{"line":60,"column":2},"end":{"line":60,"column":6}},"loc":{"start":{"line":60,"column":2},"end":{"line":70,"column":3}}},"8":{"name":"(anonymous_10)","decl":{"start":{"line":77,"column":2},"end":{"line":77,"column":9}},"loc":{"start":{"line":77,"column":23},"end":{"line":83,"column":3}}},"9":{"name":"(anonymous_11)","decl":{"start":{"line":92,"column":2},"end":{"line":92,"column":10}},"loc":{"start":{"line":92,"column":37},"end":{"line":106,"column":3}}},"10":{"name":"(anonymous_12)","decl":{"start":{"line":112,"column":2},"end":{"line":112,"column":6}},"loc":{"start":{"line":112,"column":2},"end":{"line":120,"column":3}}},"11":{"name":"(anonymous_13)","decl":{"start":{"line":128,"column":2},"end":{"line":128,"column":6}},"loc":{"start":{"line":128,"column":39},"end":{"line":133,"column":3}}},"12":{"name":"(anonymous_14)","decl":{"start":{"line":140,"column":2},"end":{"line":140,"column":6}},"loc":{"start":{"line":140,"column":27},"end":{"line":158,"column":3}}}},"branchMap":{"0":{"loc":{"start":{"line":36,"column":4},"end":{"line":39,"column":null}},"type":"if","locations":[{"start":{"line":36,"column":4},"end":{"line":39,"column":null}}]},"1":{"loc":{"start":{"line":36,"column":8},"end":{"line":36,"column":48}},"type":"binary-expr","locations":[{"start":{"line":36,"column":8},"end":{"line":36,"column":31}},{"start":{"line":36,"column":35},"end":{"line":36,"column":48}}]},"2":{"loc":{"start":{"line":43,"column":19},"end":{"line":43,"column":null}},"type":"if","locations":[{"start":{"line":43,"column":19},"end":{"line":43,"column":null}}]},"3":{"loc":{"start":{"line":44,"column":4},"end":{"line":53,"column":null}},"type":"if","locations":[{"start":{"line":44,"column":4},"end":{"line":53,"column":null}},{"start":{"line":51,"column":11},"end":{"line":53,"column":null}}]},"4":{"loc":{"start":{"line":50,"column":9},"end":{"line":50,"column":53}},"type":"cond-expr","locations":[{"start":{"line":50,"column":20},"end":{"line":50,"column":33}},{"start":{"line":50,"column":36},"end":{"line":50,"column":53}}]},"5":{"loc":{"start":{"line":61,"column":4},"end":{"line":69,"column":null}},"type":"if","locations":[{"start":{"line":61,"column":4},"end":{"line":69,"column":null}}]},"6":{"loc":{"start":{"line":78,"column":4},"end":{"line":80,"column":null}},"type":"if","locations":[{"start":{"line":78,"column":4},"end":{"line":80,"column":null}}]},"7":{"loc":{"start":{"line":94,"column":6},"end":{"line":96,"column":41}},"type":"cond-expr","locations":[{"start":{"line":95,"column":8},"end":{"line":95,"column":16}},{"start":{"line":96,"column":11},"end":{"line":96,"column":40}}]},"8":{"loc":{"start":{"line":94,"column":7},"end":{"line":94,"column":60}},"type":"binary-expr","locations":[{"start":{"line":94,"column":7},"end":{"line":94,"column":26}},{"start":{"line":94,"column":30},"end":{"line":94,"column":44}},{"start":{"line":94,"column":48},"end":{"line":94,"column":60}}]},"9":{"loc":{"start":{"line":96,"column":11},"end":{"line":96,"column":40}},"type":"cond-expr","locations":[{"start":{"line":96,"column":23},"end":{"line":96,"column":32}},{"start":{"line":96,"column":35},"end":{"line":96,"column":40}}]},"10":{"loc":{"start":{"line":98,"column":36},"end":{"line":98,"column":56}},"type":"cond-expr","locations":[{"start":{"line":98,"column":51},"end":{"line":98,"column":52}},{"start":{"line":98,"column":55},"end":{"line":98,"column":56}}]},"11":{"loc":{"start":{"line":103,"column":4},"end":{"line":105,"column":null}},"type":"if","locations":[{"start":{"line":103,"column":4},"end":{"line":105,"column":null}}]},"12":{"loc":{"start":{"line":103,"column":8},"end":{"line":103,"column":48}},"type":"binary-expr","locations":[{"start":{"line":103,"column":8},"end":{"line":103,"column":21}},{"start":{"line":103,"column":25},"end":{"line":103,"column":48}}]},"13":{"loc":{"start":{"line":113,"column":4},"end":{"line":119,"column":null}},"type":"if","locations":[{"start":{"line":113,"column":4},"end":{"line":119,"column":null}},{"start":{"line":117,"column":11},"end":{"line":119,"column":null}}]},"14":{"loc":{"start":{"line":130,"column":4},"end":{"line":132,"column":null}},"type":"if","locations":[{"start":{"line":130,"column":4},"end":{"line":132,"column":null}}]},"15":{"loc":{"start":{"line":141,"column":4},"end":{"line":143,"column":null}},"type":"if","locations":[{"start":{"line":141,"column":4},"end":{"line":143,"column":null}}]},"16":{"loc":{"start":{"line":146,"column":4},"end":{"line":154,"column":null}},"type":"if","locations":[{"start":{"line":146,"column":4},"end":{"line":154,"column":null}}]}},"s":{"0":9,"1":51,"2":51,"3":51,"4":51,"5":51,"6":51,"7":9,"8":9,"9":9,"10":28,"11":28,"12":28,"13":9,"14":7,"15":7,"16":7,"17":9,"18":26,"19":44,"20":26,"21":22,"22":22,"23":22,"24":15,"25":15,"26":4,"27":9,"28":1,"29":1,"30":1,"31":1,"32":1,"33":1,"34":1,"35":1,"36":9,"37":7,"38":1,"39":7,"40":7,"41":9,"42":31,"43":31,"44":31,"45":31,"46":31,"47":6,"48":9,"49":7,"50":3,"51":3,"52":3,"53":4,"54":9,"55":4,"56":4,"57":4,"58":9,"59":1,"60":1,"61":1,"62":1,"63":1,"64":1,"65":1,"66":1,"67":9,"68":9},"f":{"0":9,"1":51,"2":9,"3":28,"4":7,"5":26,"6":15,"7":1,"8":7,"9":31,"10":7,"11":4,"12":1},"b":{"0":[7],"1":[7,7],"2":[18],"3":[22,4],"4":[8,14],"5":[1],"6":[1],"7":[24,7],"8":[31,8,8],"9":[0,7],"10":[18,13],"11":[6],"12":[31,13],"13":[3,4],"14":[4],"15":[1],"16":[1]}}
,"C:\\Users\\Theo Siemens-Rhodes\\Documents\\CPEN321\\CPEN321-TuneMatch\\backend\\src\\models\\SessionModels.ts": {"path":"C:\\Users\\Theo Siemens-Rhodes\\Documents\\CPEN321\\CPEN321-TuneMatch\\backend\\src\\models\\SessionModels.ts","statementMap":{"0":{"start":{"line":2,"column":0},"end":{"line":2,"column":56}},"1":{"start":{"line":6,"column":0},"end":{"line":6,"column":null}},"2":{"start":{"line":6,"column":36},"end":{"line":6,"column":49}},"3":{"start":{"line":11,"column":4},"end":{"line":11,"column":null}},"4":{"start":{"line":8,"column":11},"end":{"line":8,"column":25}},"5":{"start":{"line":9,"column":11},"end":{"line":9,"column":21}},"6":{"start":{"line":13,"column":0},"end":{"line":13,"column":null}},"7":{"start":{"line":6,"column":13},"end":{"line":6,"column":27}}},"fnMap":{"0":{"name":"(anonymous_6)","decl":{"start":{"line":6,"column":0},"end":{"line":6,"column":13}},"loc":{"start":{"line":6,"column":0},"end":{"line":13,"column":null}}},"1":{"name":"SessionMessage","decl":{"start":{"line":7,"column":2},"end":{"line":7,"column":null}},"loc":{"start":{"line":9,"column":21},"end":{"line":12,"column":3}}}},"branchMap":{"0":{"loc":{"start":{"line":11,"column":4},"end":{"line":11,"column":null}},"type":"binary-expr","locations":[{"start":{"line":11,"column":4},"end":{"line":11,"column":34}},{"start":{"line":11,"column":34},"end":{"line":11,"column":null}}]}},"s":{"0":9,"1":9,"2":9,"3":98,"4":98,"5":98,"6":9,"7":9},"f":{"0":9,"1":98},"b":{"0":[98,98]}}
,"C:\\Users\\Theo Siemens-Rhodes\\Documents\\CPEN321\\CPEN321-TuneMatch\\backend\\src\\models\\UserModels.ts": {"path":"C:\\Users\\Theo Siemens-Rhodes\\Documents\\CPEN321\\CPEN321-TuneMatch\\backend\\src\\models\\UserModels.ts","statementMap":{"0":{"start":{"line":1,"column":0},"end":{"line":1,"column":56}},"1":{"start":{"line":2,"column":0},"end":{"line":2,"column":46}},"2":{"start":{"line":16,"column":9},"end":{"line":18,"column":4}},"3":{"start":{"line":17,"column":25},"end":{"line":17,"column":64}},"4":{"start":{"line":17,"column":30},"end":{"line":17,"column":64}},"5":{"start":{"line":16,"column":2},"end":{"line":18,"column":4}},"6":{"start":{"line":12,"column":0},"end":{"line":12,"column":22}},"7":{"start":{"line":27,"column":4},"end":{"line":29,"column":null}},"8":{"start":{"line":30,"column":8},"end":{"line":30,"column":14}},"9":{"start":{"line":30,"column":17},"end":{"line":30,"column":38}},"10":{"start":{"line":30,"column":38},"end":{"line":30,"column":41}},"11":{"start":{"line":26,"column":2},"end":{"line":30,"column":null}},"12":{"start":{"line":22,"column":0},"end":{"line":22,"column":22}},"13":{"start":{"line":35,"column":2},"end":{"line":37,"column":null}},"14":{"start":{"line":36,"column":4},"end":{"line":36,"column":50}},"15":{"start":{"line":38,"column":2},"end":{"line":38,"column":15}},"16":{"start":{"line":34,"column":0},"end":{"line":34,"column":16}},"17":{"start":{"line":41,"column":0},"end":{"line":41,"column":null}},"18":{"start":{"line":41,"column":36},"end":{"line":41,"column":49}},"19":{"start":{"line":46,"column":4},"end":{"line":46,"column":null}},"20":{"start":{"line":43,"column":11},"end":{"line":43,"column":25}},"21":{"start":{"line":44,"column":11},"end":{"line":44,"column":21}},"22":{"start":{"line":48,"column":0},"end":{"line":48,"column":null}},"23":{"start":{"line":41,"column":13},"end":{"line":41,"column":27}},"24":{"start":{"line":50,"column":0},"end":{"line":50,"column":null}},"25":{"start":{"line":50,"column":37},"end":{"line":50,"column":50}},"26":{"start":{"line":55,"column":4},"end":{"line":55,"column":null}},"27":{"start":{"line":52,"column":11},"end":{"line":52,"column":25}},"28":{"start":{"line":53,"column":11},"end":{"line":53,"column":21}},"29":{"start":{"line":57,"column":0},"end":{"line":57,"column":null}},"30":{"start":{"line":50,"column":13},"end":{"line":50,"column":28}}},"fnMap":{"0":{"name":"transformUsers","decl":{"start":{"line":12,"column":22},"end":{"line":12,"column":36}},"loc":{"start":{"line":14,"column":36},"end":{"line":19,"column":null}}},"1":{"name":"(anonymous_24)","decl":{"start":{"line":17,"column":14},"end":{"line":17,"column":21}},"loc":{"start":{"line":17,"column":25},"end":{"line":17,"column":64}}},"2":{"name":"(anonymous_25)","decl":{"start":{"line":17,"column":25},"end":{"line":17,"column":30}},"loc":{"start":{"line":17,"column":25},"end":{"line":17,"column":64}}},"3":{"name":"transformUser","decl":{"start":{"line":22,"column":22},"end":{"line":22,"column":35}},"loc":{"start":{"line":24,"column":36},"end":{"line":32,"column":null}}},"4":{"name":"transformObject","decl":{"start":{"line":34,"column":16},"end":{"line":34,"column":31}},"loc":{"start":{"line":34,"column":42},"end":{"line":39,"column":1}}},"5":{"name":"(anonymous_31)","decl":{"start":{"line":41,"column":0},"end":{"line":41,"column":13}},"loc":{"start":{"line":41,"column":0},"end":{"line":48,"column":null}}},"6":{"name":"FriendsMessage","decl":{"start":{"line":42,"column":2},"end":{"line":42,"column":null}},"loc":{"start":{"line":44,"column":21},"end":{"line":47,"column":3}}},"7":{"name":"(anonymous_33)","decl":{"start":{"line":50,"column":0},"end":{"line":50,"column":13}},"loc":{"start":{"line":50,"column":0},"end":{"line":57,"column":null}}},"8":{"name":"RequestsMessage","decl":{"start":{"line":51,"column":2},"end":{"line":51,"column":null}},"loc":{"start":{"line":53,"column":21},"end":{"line":56,"column":3}}}},"branchMap":{"0":{"loc":{"start":{"line":16,"column":9},"end":{"line":18,"column":4}},"type":"switch","locations":[{"start":{"line":16,"column":9},"end":{"line":18,"column":4}},{"start":{"line":16,"column":2},"end":{"line":18,"column":4}}]},"1":{"loc":{"start":{"line":17,"column":30},"end":{"line":17,"column":64}},"type":"switch","locations":[{"start":{"line":17,"column":30},"end":{"line":17,"column":64}},{"start":{"line":17,"column":30},"end":{"line":17,"column":64}}]},"2":{"loc":{"start":{"line":26,"column":2},"end":{"line":30,"column":null}},"type":"switch","locations":[{"start":{"line":26,"column":2},"end":{"line":30,"column":null}}]},"3":{"loc":{"start":{"line":30,"column":8},"end":{"line":30,"column":14}},"type":"if","locations":[{"start":{"line":30,"column":8},"end":{"line":30,"column":14}}]},"4":{"loc":{"start":{"line":35,"column":2},"end":{"line":37,"column":null}},"type":"if","locations":[{"start":{"line":35,"column":2},"end":{"line":37,"column":null}}]},"5":{"loc":{"start":{"line":35,"column":6},"end":{"line":35,"column":36}},"type":"binary-expr","locations":[{"start":{"line":35,"column":6},"end":{"line":35,"column":11}},{"start":{"line":35,"column":15},"end":{"line":35,"column":36}}]},"6":{"loc":{"start":{"line":36,"column":11},"end":{"line":36,"column":49}},"type":"cond-expr","locations":[{"start":{"line":36,"column":37},"end":{"line":36,"column":41}},{"start":{"line":36,"column":44},"end":{"line":36,"column":49}}]},"7":{"loc":{"start":{"line":46,"column":4},"end":{"line":46,"column":null}},"type":"binary-expr","locations":[{"start":{"line":46,"column":4},"end":{"line":46,"column":34}},{"start":{"line":46,"column":34},"end":{"line":46,"column":null}}]},"8":{"loc":{"start":{"line":55,"column":4},"end":{"line":55,"column":null}},"type":"binary-expr","locations":[{"start":{"line":55,"column":4},"end":{"line":55,"column":35}},{"start":{"line":55,"column":35},"end":{"line":55,"column":null}}]}},"s":{"0":9,"1":9,"2":259,"3":68,"4":68,"5":259,"6":9,"7":240,"8":314,"9":332,"10":74,"11":240,"12":9,"13":332,"14":235,"15":97,"16":9,"17":9,"18":9,"19":220,"20":220,"21":220,"22":9,"23":9,"24":9,"25":9,"26":78,"27":78,"28":78,"29":9,"30":9},"f":{"0":259,"1":34,"2":102,"3":240,"4":332,"5":9,"6":220,"7":9,"8":78},"b":{"0":[259,259],"1":[34,34],"2":[240],"3":[74],"4":[235],"5":[332,235],"6":[162,73],"7":[220,220],"8":[78,78]}}
[...]
80,"column":null}},"76":{"start":{"line":177,"column":11},"end":{"line":179,"column":7}},"77":{"start":{"line":177,"column":4},"end":{"line":179,"column":7}},"78":{"start":{"line":183,"column":8},"end":{"line":195,"column":null}},"79":{"start":{"line":188,"column":11},"end":{"line":194,"column":7}},"80":{"start":{"line":188,"column":4},"end":{"line":194,"column":7}},"81":{"start":{"line":198,"column":8},"end":{"line":231,"column":null}},"82":{"start":{"line":203,"column":8},"end":{"line":203,"column":29}},"83":{"start":{"line":206,"column":9},"end":{"line":206,"column":33}},"84":{"start":{"line":206,"column":9},"end":{"line":206,"column":15}},"85":{"start":{"line":206,"column":35},"end":{"line":206,"column":66}},"86":{"start":{"line":206,"column":33},"end":{"line":206,"column":110}},"87":{"start":{"line":206,"column":4},"end":{"line":208,"column":null}},"88":{"start":{"line":207,"column":8},"end":{"line":207,"column":80}},"89":{"start":{"line":209,"column":4},"end":{"line":211,"column":null}},"90":{"start":{"line":210,"column":6},"end":{"line":210,"column":72}},"91":{"start":{"line":214,"column":17},"end":{"line":214,"column":null}},"92":{"start":{"line":214,"column":10},"end":{"line":214,"column":null}},"93":{"start":{"line":217,"column":10},"end":{"line":217,"column":null}},"94":{"start":{"line":218,"column":6},"end":{"line":218,"column":null}},"95":{"start":{"line":219,"column":10},"end":{"line":219,"column":null}},"96":{"start":{"line":220,"column":8},"end":{"line":220,"column":null}},"97":{"start":{"line":221,"column":8},"end":{"line":226,"column":null}},"98":{"start":{"line":221,"column":45},"end":{"line":226,"column":10}},"99":{"start":{"line":222,"column":10},"end":{"line":225,"column":12}},"100":{"start":{"line":217,"column":4},"end":{"line":228,"column":6}},"101":{"start":{"line":230,"column":4},"end":{"line":230,"column":16}},"102":{"start":{"line":232,"column":0},"end":{"line":232,"column":null}},"103":{"start":{"line":5,"column":13},"end":{"line":5,"column":24}}},"fnMap":{"0":{"name":"(anonymous_15)","decl":{"start":{"line":5,"column":0},"end":{"line":5,"column":13}},"loc":{"start":{"line":5,"column":0},"end":{"line":232,"column":null}}},"1":{"name":"(anonymous_17)","decl":{"start":{"line":10,"column":2},"end":{"line":10,"column":8}},"loc":{"start":{"line":10,"column":37},"end":{"line":22,"column":null}}},"2":{"name":"(anonymous_20)","decl":{"start":{"line":19,"column":30},"end":{"line":19,"column":31}},"loc":{"start":{"line":19,"column":31},"end":{"line":19,"column":36}}},"3":{"name":"(anonymous_21)","decl":{"start":{"line":19,"column":56},"end":{"line":19,"column":57}},"loc":{"start":{"line":19,"column":66},"end":{"line":20,"column":10}}},"4":{"name":"(anonymous_22)","decl":{"start":{"line":20,"column":26},"end":{"line":20,"column":27}},"loc":{"start":{"line":20,"column":27},"end":{"line":20,"column":32}}},"5":{"name":"(anonymous_23)","decl":{"start":{"line":20,"column":49},"end":{"line":20,"column":50}},"loc":{"start":{"line":20,"column":60},"end":{"line":20,"column":75}}},"6":{"name":"(anonymous_24)","decl":{"start":{"line":25,"column":2},"end":{"line":25,"column":8}},"loc":{"start":{"line":26,"column":18},"end":{"line":48,"column":null}}},"7":{"name":"(anonymous_27)","decl":{"start":{"line":35,"column":46},"end":{"line":35,"column":47}},"loc":{"start":{"line":35,"column":47},"end":{"line":35,"column":52}}},"8":{"name":"(anonymous_28)","decl":{"start":{"line":36,"column":44},"end":{"line":36,"column":45}},"loc":{"start":{"line":36,"column":45},"end":{"line":36,"column":50}}},"9":{"name":"(anonymous_29)","decl":{"start":{"line":39,"column":6},"end":{"line":39,"column":7}},"loc":{"start":{"line":39,"column":17},"end":{"line":40,"column":9}}},"10":{"name":"(anonymous_30)","decl":{"start":{"line":40,"column":27},"end":{"line":40,"column":28}},"loc":{"start":{"line":40,"column":37},"end":{"line":40,"column":51}}},"11":{"name":"(anonymous_31)","decl":{"start":{"line":43,"column":6},"end":{"line":43,"column":7}},"loc":{"start":{"line":43,"column":16},"end":{"line":44,"column":9}}},"12":{"name":"(anonymous_32)","decl":{"start":{"line":44,"column":28},"end":{"line":44,"column":29}},"loc":{"start":{"line":44,"column":39},"end":{"line":44,"column":54}}},"13":{"name":"(anonymous_33)","decl":{"start":{"line":51,"column":2},"end":{"line":51,"column":8}},"loc":{"start":{"line":51,"column":53},"end":{"line":66,"column":null}}},"14":{"name":"(anonymous_36)","decl":{"start":{"line":69,"column":2},"end":{"line":69,"column":8}},"loc":{"start":{"line":69,"column":52},"end":{"line":87,"column":null}}},"15":{"name":"(anonymous_39)","decl":{"start":{"line":89,"column":2},"end":{"line":89,"column":8}},"loc":{"start":{"line":89,"column":66},"end":{"line":97,"column":null}}},"16":{"name":"(anonymous_42)","decl":{"start":{"line":92,"column":6},"end":{"line":92,"column":7}},"loc":{"start":{"line":92,"column":11},"end":{"line":92,"column":20}}},"17":{"name":"(anonymous_43)","decl":{"start":{"line":100,"column":2},"end":{"line":100,"column":8}},"loc":{"start":{"line":101,"column":22},"end":{"line":120,"column":null}}},"18":{"name":"(anonymous_46)","decl":{"start":{"line":114,"column":25},"end":{"line":114,"column":26}},"loc":{"start":{"line":114,"column":26},"end":{"line":114,"column":31}}},"19":{"name":"(anonymous_47)","decl":{"start":{"line":115,"column":26},"end":{"line":115,"column":27}},"loc":{"start":{"line":115,"column":27},"end":{"line":115,"column":32}}},"20":{"name":"(anonymous_48)","decl":{"start":{"line":123,"column":2},"end":{"line":123,"column":8}},"loc":{"start":{"line":124,"column":14},"end":{"line":143,"column":null}}},"21":{"name":"(anonymous_51)","decl":{"start":{"line":137,"column":25},"end":{"line":137,"column":26}},"loc":{"start":{"line":137,"column":26},"end":{"line":137,"column":31}}},"22":{"name":"(anonymous_52)","decl":{"start":{"line":138,"column":26},"end":{"line":138,"column":27}},"loc":{"start":{"line":138,"column":27},"end":{"line":138,"column":32}}},"23":{"name":"(anonymous_53)","decl":{"start":{"line":146,"column":2},"end":{"line":146,"column":8}},"loc":{"start":{"line":146,"column":35},"end":{"line":150,"column":null}}},"24":{"name":"(anonymous_56)","decl":{"start":{"line":153,"column":2},"end":{"line":153,"column":8}},"loc":{"start":{"line":153,"column":51},"end":{"line":160,"column":null}}},"25":{"name":"(anonymous_59)","decl":{"start":{"line":163,"column":2},"end":{"line":163,"column":8}},"loc":{"start":{"line":163,"column":33},"end":{"line":173,"column":null}}},"26":{"name":"(anonymous_62)","decl":{"start":{"line":176,"column":2},"end":{"line":176,"column":8}},"loc":{"start":{"line":176,"column":37},"end":{"line":180,"column":null}}},"27":{"name":"(anonymous_65)","decl":{"start":{"line":183,"column":2},"end":{"line":183,"column":8}},"loc":{"start":{"line":186,"column":16},"end":{"line":195,"column":null}}},"28":{"name":"(anonymous_68)","decl":{"start":{"line":198,"column":2},"end":{"line":198,"column":8}},"loc":{"start":{"line":201,"column":49},"end":{"line":231,"column":null}}},"29":{"name":"(anonymous_71)","decl":{"start":{"line":221,"column":34},"end":{"line":221,"column":41}},"loc":{"start":{"line":221,"column":45},"end":{"line":226,"column":10}}},"30":{"name":"(anonymous_72)","decl":{"start":{"line":221,"column":45},"end":{"line":221,"column":null}},"loc":{"start":{"line":221,"column":45},"end":{"line":226,"column":10}}}},"branchMap":{"0":{"loc":{"start":{"line":11,"column":17},"end":{"line":17,"column":null}},"type":"switch","locations":[{"start":{"line":11,"column":17},"end":{"line":17,"column":null}}]},"1":{"loc":{"start":{"line":28,"column":17},"end":{"line":34,"column":null}},"type":"switch","locations":[{"start":{"line":28,"column":17},"end":{"line":34,"column":null}}]},"2":{"loc":{"start":{"line":90,"column":17},"end":{"line":90,"column":null}},"type":"switch","locations":[{"start":{"line":90,"column":17},"end":{"line":90,"column":null}}]},"3":{"loc":{"start":{"line":147,"column":11},"end":{"line":149,"column":7}},"type":"switch","locations":[{"start":{"line":147,"column":11},"end":{"line":149,"column":7}},{"start":{"line":147,"column":4},"end":{"line":149,"column":7}}]},"4":{"loc":{"start":{"line":154,"column":11},"end":{"line":159,"column":7}},"type":"switch","locations":[{"start":{"line":154,"column":11},"end":{"line":159,"column":7}},{"start":{"line":154,"column":4},"end":{"line":159,"column":7}}]},"5":{"loc":{"start":{"line":164,"column":8},"end":{"line":164,"column":50}},"type":"switch","locations":[{"start":{"line":164,"column":8},"end":{"line":164,"column":50}}]},"6":{"loc":{"start":{"line":164,"column":4},"end":{"line":169,"column":null}},"type":"if","locations":[{"start":{"line":164,"column":4},"end":{"line":169,"column":null}}]},"7":{"loc":{"start":{"line":177,"column":11},"end":{"line":179,"column":7}},"type":"switch","locations":[{"start":{"line":177,"column":11},"end":{"line":179,"column":7}},{"start":{"line":177,"column":4},"end":{"line":179,"column":7}}]},"8":{"loc":{"start":{"line":188,"column":11},"end":{"line":194,"column":7}},"type":"switch","locations":[{"start":{"line":188,"column":11},"end":{"line":194,"column":7}},{"start":{"line":188,"column":4},"end":{"line":194,"column":7}}]},"9":{"loc":{"start":{"line":193,"column":12},"end":{"line":193,"column":21}},"type":"binary-expr","locations":[{"start":{"line":193,"column":12},"end":{"line":193,"column":15}},{"start":{"line":193,"column":19},"end":{"line":193,"column":21}}]},"10":{"loc":{"start":{"line":206,"column":9},"end":{"line":206,"column":15}},"type":"if","locations":[{"start":{"line":206,"column":9},"end":{"line":206,"column":15}}]},"11":{"loc":{"start":{"line":206,"column":33},"end":{"line":206,"column":95}},"type":"cond-expr","locations":[{"start":{"line":206,"column":89},"end":{"line":206,"column":91}},{"start":{"line":206,"column":89},"end":{"line":206,"column":95}}]},"12":{"loc":{"start":{"line":206,"column":33},"end":{"line":206,"column":91}},"type":"binary-expr","locations":[{"start":{"line":206,"column":33},"end":{"line":206,"column":91}},{"start":{"line":206,"column":89},"end":{"line":206,"column":91}}]},"13":{"loc":{"start":{"line":206,"column":4},"end":{"line":208,"column":null}},"type":"if","locations":[{"start":{"line":206,"column":4},"end":{"line":208,"column":null}}]},"14":{"loc":{"start":{"line":206,"column":8},"end":{"line":206,"column":129}},"type":"binary-expr","locations":[{"start":{"line":206,"column":8},"end":{"line":206,"column":9}},{"start":{"line":206,"column":114},"end":{"line":206,"column":129}}]},"15":{"loc":{"start":{"line":207,"column":39},"end":{"line":207,"column":79}},"type":"cond-expr","locations":[{"start":{"line":207,"column":57},"end":{"line":207,"column":70}},{"start":{"line":207,"column":73},"end":{"line":207,"column":79}}]},"16":{"loc":{"start":{"line":209,"column":4},"end":{"line":211,"column":null}},"type":"if","locations":[{"start":{"line":209,"column":4},"end":{"line":211,"column":null}}]},"17":{"loc":{"start":{"line":210,"column":35},"end":{"line":210,"column":71}},"type":"cond-expr","locations":[{"start":{"line":210,"column":51},"end":{"line":210,"column":64}},{"start":{"line":210,"column":67},"end":{"line":210,"column":71}}]}},"s":{"0":9,"1":9,"2":9,"3":9,"4":9,"5":9,"6":9,"7":227,"8":227,"9":227,"10":63,"11":63,"12":59,"13":59,"14":9,"15":83,"16":83,"17":83,"18":25,"19":83,"20":23,"21":83,"22":25,"23":19,"24":83,"25":23,"26":19,"27":83,"28":9,"29":30,"30":30,"31":30,"32":0,"33":9,"34":4,"35":4,"36":2,"37":0,"38":9,"39":144,"40":144,"41":144,"42":144,"43":33,"44":144,"45":288,"46":9,"47":29,"48":29,"49":29,"50":3,"51":26,"52":4,"53":26,"54":3,"55":9,"56":445,"57":445,"58":445,"59":77,"60":445,"61":77,"62":445,"63":0,"64":9,"65":112,"66":112,"67":9,"68":144,"69":144,"70":9,"71":0,"72":0,"73":0,"74":0,"75":9,"76":0,"77":0,"78":9,"79":0,"80":0,"81":9,"82":144,"83":144,"84":146,"85":142,"86":142,"87":144,"88":141,"89":144,"90":69,"91":144,"92":144,"93":144,"94":144,"95":144,"96":144,"97":144,"98":144,"99":144,"100":288,"101":144,"102":9,"103":9},"f":{"0":18,"1":227,"2":63,"3":63,"4":59,"5":59,"6":83,"7":25,"8":23,"9":25,"10":19,"11":23,"12":19,"13":30,"14":2,"15":144,"16":33,"17":29,"18":3,"19":4,"20":445,"21":77,"22":77,"23":112,"24":144,"25":0,"26":0,"27":0,"28":144,"29":144,"30":144},"b":{"0":[227],"1":[83],"2":[144],"3":[112,112],"4":[144,144],"5":[0],"6":[0],"7":[0,0],"8":[0,0],"9":[0,0],"10":[2],"11":[64,78],"12":[142,78],"13":[141],"14":[144,38],"15":[99,42],"16":[69],"17":[63,6]}}
,"C:\\Users\\Theo Siemens-Rhodes\\Documents\\CPEN321\\CPEN321-TuneMatch\\backend\\src\\services\\WebsocketService.ts": {"path":"C:\\Users\\Theo Siemens-Rhodes\\Documents\\CPEN321\\CPEN321-TuneMatch\\backend\\src\\services\\WebsocketService.ts","statementMap":{"0":{"start":{"line":1,"column":0},"end":{"line":1,"column":37}},"1":{"start":{"line":3,"column":0},"end":{"line":3,"column":33}},"2":{"start":{"line":4,"column":0},"end":{"line":4,"column":36}},"3":{"start":{"line":7,"column":0},"end":{"line":7,"column":13}},"4":{"start":{"line":8,"column":2},"end":{"line":8,"column":54}},"5":{"start":{"line":9,"column":10},"end":{"line":9,"column":47}},"6":{"start":{"line":12,"column":8},"end":{"line":22,"column":null}},"7":{"start":{"line":13,"column":4},"end":{"line":21,"column":7}},"8":{"start":{"line":13,"column":44},"end":{"line":21,"column":6}},"9":{"start":{"line":14,"column":27},"end":{"line":14,"column":69}},"10":{"start":{"line":14,"column":12},"end":{"line":14,"column":null}},"11":{"start":{"line":15,"column":6},"end":{"line":18,"column":null}},"12":{"start":{"line":16,"column":8},"end":{"line":16,"column":72}},"13":{"start":{"line":17,"column":8},"end":{"line":17,"column":15}},"14":{"start":{"line":19,"column":6},"end":{"line":19,"column":43}},"15":{"start":{"line":20,"column":6},"end":{"line":20,"column":56}},"16":{"start":{"line":25,"column":8},"end":{"line":31,"column":null}},"17":{"start":{"line":26,"column":4},"end":{"line":30,"column":7}},"18":{"start":{"line":27,"column":17},"end":{"line":27,"column":54}},"19":{"start":{"line":28,"column":6},"end":{"line":28,"column":45}},"20":{"start":{"line":29,"column":6},"end":{"line":29,"column":55}},"21":{"start":{"line":34,"column":8},"end":{"line":39,"column":null}},"22":{"start":{"line":35,"column":11},"end":{"line":38,"column":7}},"23":{"start":{"line":36,"column":21},"end":{"line":36,"column":56}},"24":{"start":{"line":37,"column":6},"end":{"line":37,"column":20}},"25":{"start":{"line":35,"column":4},"end":{"line":38,"column":7}},"26":{"start":{"line":42,"column":8},"end":{"line":47,"column":null}},"27":{"start":{"line":43,"column":11},"end":{"line":46,"column":7}},"28":{"start":{"line":44,"column":17},"end":{"line":44,"column":54}},"29":{"start":{"line":45,"column":6},"end":{"line":45,"column":16}},"30":{"start":{"line":43,"column":4},"end":{"line":46,"column":7}},"31":{"start":{"line":50,"column":8},"end":{"line":57,"column":null}},"32":{"start":{"line":51,"column":4},"end":{"line":56,"column":7}},"33":{"start":{"line":52,"column":6},"end":{"line":55,"column":9}},"34":{"start":{"line":53,"column":23},"end":{"line":53,"column":54}},"35":{"start":{"line":54,"column":8},"end":{"line":54,"column":57}},"36":{"start":{"line":54,"column":20},"end":{"line":54,"column":57}},"37":{"start":{"line":58,"column":0},"end":{"line":58,"column":null}},"38":{"start":{"line":7,"column":13},"end":{"line":7,"column":29}}},"fnMap":{"0":{"name":"(anonymous_14)","decl":{"start":{"line":7,"column":0},"end":{"line":7,"column":13}},"loc":{"start":{"line":7,"column":0},"end":{"line":58,"column":null}}},"1":{"name":"(anonymous_16)","decl":{"start":{"line":12,"column":2},"end":{"line":12,"column":8}},"loc":{"start":{"line":12,"column":55},"end":{"line":22,"column":null}}},"2":{"name":"(anonymous_19)","decl":{"start":{"line":13,"column":44},"end":{"line":13,"column":null}},"loc":{"start":{"line":13,"column":44},"end":{"line":21,"column":6}}},"3":{"name":"(anonymous_22)","decl":{"start":{"line":25,"column":2},"end":{"line":25,"column":8}},"loc":{"start":{"line":25,"column":50},"end":{"line":31,"column":null}}},"4":{"name":"(anonymous_25)","decl":{"start":{"line":26,"column":44},"end":{"line":26,"column":null}},"loc":{"start":{"line":26,"column":44},"end":{"line":30,"column":5}}},"5":{"name":"(anonymous_26)","decl":{"start":{"line":34,"column":2},"end":{"line":34,"column":8}},"loc":{"start":{"line":34,"column":35},"end":{"line":39,"column":null}}},"6":{"name":"(anonymous_29)","decl":{"start":{"line":35,"column":51},"end":{"line":35,"column":null}},"loc":{"start":{"line":35,"column":51},"end":{"line":38,"column":5}}},"7":{"name":"(anonymous_30)","decl":{"start":{"line":42,"column":2},"end":{"line":42,"column":8}},"loc":{"start":{"line":42,"column":42},"end":{"line":47,"column":null}}},"8":{"name":"(anonymous_33)","decl":{"start":{"line":43,"column":51},"end":{"line":43,"column":null}},"loc":{"start":{"line":43,"column":51},"end":{"line":46,"column":5}}},"9":{"name":"(anonymous_34)","decl":{"start":{"line":50,"column":2},"end":{"line":50,"column":8}},"loc":{"start":{"line":50,"column":59},"end":{"line":57,"column":null}}},"10":{"name":"(anonymous_37)","decl":{"start":{"line":51,"column":44},"end":{"line":51,"column":null}},"loc":{"start":{"line":51,"column":44},"end":{"line":56,"column":5}}},"11":{"name":"(anonymous_38)","decl":{"start":{"line":52,"column":22},"end":{"line":52,"column":23}},"loc":{"start":{"line":52,"column":25},"end":{"line":55,"column":7}}}},"branchMap":{"0":{"loc":{"start":{"line":13,"column":4},"end":{"line":21,"column":7}},"type":"switch","locations":[{"start":{"line":13,"column":4},"end":{"line":21,"column":7}}]},"1":{"loc":{"start":{"line":14,"column":27},"end":{"line":14,"column":69}},"type":"switch","locations":[{"start":{"line":14,"column":27},"end":{"line":14,"column":69}}]},"2":{"loc":{"start":{"line":15,"column":6},"end":{"line":18,"column":null}},"type":"if","locations":[{"start":{"line":15,"column":6},"end":{"line":18,"column":null}}]},"3":{"loc":{"start":{"line":26,"column":4},"end":{"line":30,"column":7}},"type":"switch","locations":[{"start":{"line":26,"column":4},"end":{"line":30,"column":7}}]},"4":{"loc":{"start":{"line":35,"column":11},"end":{"line":38,"column":7}},"type":"switch","locations":[{"start":{"line":35,"column":11},"end":{"line":38,"column":7}},{"start":{"line":35,"column":4},"end":{"line":38,"column":7}}]},"5":{"loc":{"start":{"line":43,"column":11},"end":{"line":46,"column":7}},"type":"switch","locations":[{"start":{"line":43,"column":11},"end":{"line":46,"column":7}},{"start":{"line":43,"column":4},"end":{"line":46,"column":7}}]},"6":{"loc":{"start":{"line":51,"column":4},"end":{"line":56,"column":7}},"type":"switch","locations":[{"start":{"line":51,"column":4},"end":{"line":56,"column":7}}]},"7":{"loc":{"start":{"line":54,"column":8},"end":{"line":54,"column":57}},"type":"if","locations":[{"start":{"line":54,"column":8},"end":{"line":54,"column":57}}]}},"s":{"0":9,"1":9,"2":9,"3":9,"4":9,"5":9,"6":9,"7":148,"8":74,"9":74,"10":74,"11":74,"12":1,"13":1,"14":73,"15":73,"16":9,"17":126,"18":63,"19":63,"20":63,"21":9,"22":7,"23":7,"24":7,"25":7,"26":9,"27":66,"28":66,"29":66,"30":66,"31":9,"32":496,"33":248,"34":61,"35":61,"36":40,"37":9,"38":9},"f":{"0":18,"1":74,"2":148,"3":63,"4":63,"5":7,"6":7,"7":66,"8":66,"9":248,"10":248,"11":61},"b":{"0":[74],"1":[74],"2":[1],"3":[63],"4":[7,7],"5":[66,66],"6":[248],"7":[40]}}
,"C:\\Users\\Theo Siemens-Rhodes\\Documents\\CPEN321\\CPEN321-TuneMatch\\backend\\test\\websocket\\songModels.ts": {"path":"C:\\Users\\Theo Siemens-Rhodes\\Documents\\CPEN321\\CPEN321-TuneMatch\\backend\\test\\websocket\\songModels.ts","statementMap":{"0":{"start":{"line":1,"column":13},"end":{"line":4,"column":null}},"1":{"start":{"line":5,"column":13},"end":{"line":9,"column":null}},"2":{"start":{"line":11,"column":13},"end":{"line":14,"column":null}},"3":{"start":{"line":15,"column":13},"end":{"line":19,"column":null}}},"fnMap":{},"branchMap":{},"s":{"0":2,"1":2,"2":2,"3":2},"f":{},"b":{}}
}
