{"C:\\Users\\Theo Siemens-Rhodes\\Documents\\CPEN321\\CPEN321-TuneMatch\\backend\\src\\config.ts": {"path":"C:\\Users\\Theo Siemens-Rhodes\\Documents\\CPEN321\\CPEN321-TuneMatch\\backend\\src\\config.ts","statementMap":{"0":{"start":{"line":1,"column":0},"end":{"line":1,"column":27}},"1":{"start":{"line":3,"column":13},"end":{"line":3,"column":45}},"2":{"start":{"line":4,"column":13},"end":{"line":4,"column":51}},"3":{"start":{"line":5,"column":13},"end":{"line":5,"column":68}}},"fnMap":{},"branchMap":{"0":{"loc":{"start":{"line":3,"column":20},"end":{"line":3,"column":44}},"type":"binary-expr","locations":[{"start":{"line":3,"column":20},"end":{"line":3,"column":36}},{"start":{"line":3,"column":40},"end":{"line":3,"column":44}}]},"1":{"loc":{"start":{"line":4,"column":23},"end":{"line":4,"column":50}},"type":"binary-expr","locations":[{"start":{"line":4,"column":23},"end":{"line":4,"column":42}},{"start":{"line":4,"column":46},"end":{"line":4,"column":50}}]},"2":{"loc":{"start":{"line":5,"column":27},"end":{"line":5,"column":67}},"type":"binary-expr","locations":[{"start":{"line":5,"column":27},"end":{"line":5,"column":50}},{"start":{"line":5,"column":54},"end":{"line":5,"column":67}}]}},"s":{"0":1,"1":1,"2":1,"3":1},"f":{},"b":{"0":[1,1],"1":[1,0],"2":[1,0]}}
,"C:\\Users\\Theo Siemens-Rhodes\\Documents\\CPEN321\\CPEN321-TuneMatch\\backend\\src\\index.ts": {"path":"C:\\Users\\Theo Siemens-Rhodes\\Documents\\CPEN321\\CPEN321-TuneMatch\\backend\\src\\index.ts","statementMap":{"0":{"start":{"line":1,"column":0},"end":{"line":1,"column":31}},"1":{"start":{"line":3,"column":0},"end":{"line":3,"column":67}},"2":{"start":{"line":4,"column":0},"end":{"line":4,"column":58}},"3":{"start":{"line":5,"column":0},"end":{"line":5,"column":55}},"4":{"start":{"line":6,"column":0},"end":{"line":6,"column":40}},"5":{"start":{"line":7,"column":0},"end":{"line":7,"column":37}},"6":{"start":{"line":8,"column":0},"end":{"line":8,"column":53}},"7":{"start":{"line":9,"column":0},"end":{"line":9,"column":53}},"8":{"start":{"line":10,"column":0},"end":{"line":10,"column":29}},"9":{"start":{"line":11,"column":0},"end":{"line":11,"column":28}},"10":{"start":{"line":12,"column":0},"end":{"line":12,"column":37}},"11":{"start":{"line":13,"column":0},"end":{"line":13,"column":45}},"12":{"start":{"line":14,"column":0},"end":{"line":14,"column":30}},"13":{"start":{"line":15,"column":0},"end":{"line":15,"column":38}},"14":{"start":{"line":17,"column":13},"end":{"line":17,"column":29}},"15":{"start":{"line":21,"column":0},"end":{"line":25,"column":4}},"16":{"start":{"line":23,"column":4},"end":{"line":23,"column":43}},"17":{"start":{"line":26,"column":0},"end":{"line":26,"column":24}},"18":{"start":{"line":27,"column":0},"end":{"line":27,"column":48}},"19":{"start":{"line":28,"column":0},"end":{"line":28,"column":25}},"20":{"start":{"line":32,"column":0},"end":{"line":55,"column":3}},"21":{"start":{"line":33,"column":3},"end":{"line":54,"column":4}},"22":{"start":{"line":36,"column":54},"end":{"line":53,"column":null}},"23":{"start":{"line":37,"column":12},"end":{"line":37,"column":43}},"24":{"start":{"line":38,"column":6},"end":{"line":41,"column":null}},"25":{"start":{"line":40,"column":8},"end":{"line":40,"column":64}},"26":{"start":{"line":44,"column":23},"end":{"line":48,"column":null}},"27":{"start":{"line":44,"column":14},"end":{"line":48,"column":null}},"28":{"start":{"line":49,"column":8},"end":{"line":49,"column":25}},"29":{"start":{"line":51,"column":8},"end":{"line":51,"column":18}},"30":{"start":{"line":57,"column":0},"end":{"line":57,"column":21}},"31":{"start":{"line":60,"column":13},"end":{"line":60,"column":45}},"32":{"start":{"line":61,"column":12},"end":{"line":61,"column":68}},"33":{"start":{"line":64,"column":0},"end":{"line":64,"column":39}},"34":{"start":{"line":68,"column":0},"end":{"line":82,"column":3}},"35":{"start":{"line":77,"column":2},"end":{"line":81,"column":null}},"36":{"start":{"line":78,"column":4},"end":{"line":80,"column":7}},"37":{"start":{"line":79,"column":6},"end":{"line":79,"column":65}}},"fnMap":{"0":{"name":"(anonymous_20)","decl":{"start":{"line":22,"column":8},"end":{"line":22,"column":null}},"loc":{"start":{"line":22,"column":8},"end":{"line":24,"column":3}}},"1":{"name":"(anonymous_21)","decl":{"start":{"line":32,"column":15},"end":{"line":32,"column":16}},"loc":{"start":{"line":32,"column":21},"end":{"line":55,"column":1}}},"2":{"name":"(anonymous_22)","decl":{"start":{"line":36,"column":4},"end":{"line":36,"column":11}},"loc":{"start":{"line":36,"column":54},"end":{"line":53,"column":null}}},"3":{"name":"(anonymous_23)","decl":{"start":{"line":36,"column":54},"end":{"line":36,"column":null}},"loc":{"start":{"line":36,"column":54},"end":{"line":53,"column":null}}},"4":{"name":"(anonymous_25)","decl":{"start":{"line":76,"column":8},"end":{"line":76,"column":null}},"loc":{"start":{"line":76,"column":8},"end":{"line":82,"column":1}}},"5":{"name":"(anonymous_26)","decl":{"start":{"line":78,"column":24},"end":{"line":78,"column":null}},"loc":{"start":{"line":78,"column":24},"end":{"line":80,"column":5}}}},"branchMap":{"0":{"loc":{"start":{"line":38,"column":6},"end":{"line":41,"column":null}},"type":"if","locations":[{"start":{"line":38,"column":6},"end":{"line":41,"column":null}}]},"1":{"loc":{"start":{"line":77,"column":2},"end":{"line":81,"column":null}},"type":"if","locations":[{"start":{"line":77,"column":2},"end":{"line":81,"column":null}}]}},"s":{"0":1,"1":1,"2":1,"3":1,"4":1,"5":1,"6":1,"7":1,"8":1,"9":1,"10":1,"11":1,"12":1,"13":1,"14":1,"15":1,"16":1,"17":1,"18":1,"19":1,"20":1,"21":11,"22":1,"23":1,"24":1,"25":0,"26":1,"27":1,"28":0,"29":1,"30":1,"31":1,"32":1,"33":1,"34":1,"35":1,"36":0,"37":0},"f":{"0":1,"1":11,"2":1,"3":1,"4":1,"5":0},"b":{"0":[0],"1":[0]}}
,"C:\\Users\\Theo Siemens-Rhodes\\Documents\\CPEN321\\CPEN321-TuneMatch\\backend\\src\\logger.ts": {"path":"C:\\Users\\Theo Siemens-Rhodes\\Documents\\CPEN321\\CPEN321-TuneMatch\\backend\\src\\logger.ts","statementMap":{"0":{"start":{"line":1,"column":0},"end":{"line":1,"column":30}},"1":{"start":{"line":3,"column":15},"end":{"line":7,"column":2}},"2":{"start":{"line":9,"column":0},"end":{"line":9,"column":22}}},"fnMap":{},"branchMap":{"0":{"loc":{"start":{"line":4,"column":9},"end":{"line":4,"column":47}},"type":"cond-expr","locations":[{"start":{"line":4,"column":31},"end":{"line":4,"column":38}},{"start":{"line":4,"column":41},"end":{"line":4,"column":47}}]}},"s":{"0":1,"1":1,"2":1},"f":{},"b":{"0":[1,0]}}
,"C:\\Users\\Theo Siemens-Rhodes\\Documents\\CPEN321\\CPEN321-TuneMatch\\backend\\src\\routes.ts": {"path":"C:\\Users\\Theo Siemens-Rhodes\\Documents\\CPEN321\\CPEN321-TuneMatch\\backend\\src\\routes.ts","statementMap":{"0":{"start":{"line":1,"column":0},"end":{"line":1,"column":52}},"1":{"start":{"line":2,"column":0},"end":{"line":2,"column":48}},"2":{"start":{"line":4,"column":13},"end":{"line":4,"column":55}}},"fnMap":{},"branchMap":{},"s":{"0":1,"1":1,"2":1},"f":{},"b":{}}
,"C:\\Users\\Theo Siemens-Rhodes\\Documents\\CPEN321\\CPEN321-TuneMatch\\backend\\src\\services.ts": {"path":"C:\\Users\\Theo Siemens-Rhodes\\Documents\\CPEN321\\CPEN321-TuneMatch\\backend\\src\\services.ts","statementMap":{"0":{"start":{"line":1,"column":0},"end":{"line":1,"column":46}},"1":{"start":{"line":2,"column":0},"end":{"line":2,"column":56}},"2":{"start":{"line":3,"column":0},"end":{"line":3,"column":58}},"3":{"start":{"line":4,"column":0},"end":{"line":4,"column":68}},"4":{"start":{"line":5,"column":0},"end":{"line":5,"column":52}},"5":{"start":{"line":6,"column":0},"end":{"line":6,"column":62}},"6":{"start":{"line":9,"column":13},"end":{"line":9,"column":43}},"7":{"start":{"line":10,"column":13},"end":{"line":10,"column":52}},"8":{"start":{"line":11,"column":13},"end":{"line":11,"column":45}},"9":{"start":{"line":12,"column":13},"end":{"line":12,"column":51}},"10":{"start":{"line":13,"column":13},"end":{"line":13,"column":49}},"11":{"start":{"line":14,"column":13},"end":{"line":14,"column":61}}},"fnMap":{},"branchMap":{},"s":{"0":1,"1":1,"2":1,"3":1,"4":1,"5":1,"6":1,"7":1,"8":1,"9":1,"10":1,"11":1},"f":{},"b":{}}
,"C:\\Users\\Theo Siemens-Rhodes\\Documents\\CPEN321\\CPEN321-TuneMatch\\backend\\src\\controller\\ReportController.ts": {"path":"C:\\Users\\Theo Siemens-Rhodes\\Documents\\CPEN321\\CPEN321-TuneMatch\\backend\\src\\controller\\ReportController.ts","statementMap":{"0":{"start":{"line":1,"column":0},"end":{"line":1,"column":46}},"1":{"start":{"line":4,"column":0},"end":{"line":4,"column":13}},"2":{"start":{"line":6,"column":8},"end":{"line":14,"column":null}},"3":{"start":{"line":7,"column":10},"end":{"line":7,"column":50}},"4":{"start":{"line":8,"column":19},"end":{"line":12,"column":null}},"5":{"start":{"line":8,"column":10},"end":{"line":12,"column":null}},"6":{"start":{"line":13,"column":4},"end":{"line":13,"column":21}},"7":{"start":{"line":17,"column":8},"end":{"line":21,"column":null}},"8":{"start":{"line":18,"column":10},"end":{"line":18,"column":33}},"9":{"start":{"line":19,"column":20},"end":{"line":19,"column":null}},"10":{"start":{"line":19,"column":10},"end":{"line":19,"column":null}},"11":{"start":{"line":20,"column":4},"end":{"line":20,"column":22}},"12":{"start":{"line":24,"column":8},"end":{"line":27,"column":null}},"13":{"start":{"line":25,"column":19},"end":{"line":25,"column":null}},"14":{"start":{"line":25,"column":10},"end":{"line":25,"column":null}},"15":{"start":{"line":26,"column":4},"end":{"line":26,"column":69}},"16":{"start":{"line":28,"column":0},"end":{"line":28,"column":null}},"17":{"start":{"line":4,"column":13},"end":{"line":4,"column":29}}},"fnMap":{"0":{"name":"(anonymous_13)","decl":{"start":{"line":4,"column":0},"end":{"line":4,"column":13}},"loc":{"start":{"line":4,"column":0},"end":{"line":28,"column":null}}},"1":{"name":"(anonymous_15)","decl":{"start":{"line":6,"column":2},"end":{"line":6,"column":8}},"loc":{"start":{"line":6,"column":70},"end":{"line":14,"column":null}}},"2":{"name":"(anonymous_18)","decl":{"start":{"line":17,"column":2},"end":{"line":17,"column":8}},"loc":{"start":{"line":17,"column":67},"end":{"line":21,"column":null}}},"3":{"name":"(anonymous_21)","decl":{"start":{"line":24,"column":2},"end":{"line":24,"column":8}},"loc":{"start":{"line":24,"column":63},"end":{"line":27,"column":null}}}},"branchMap":{"0":{"loc":{"start":{"line":25,"column":19},"end":{"line":25,"column":null}},"type":"switch","locations":[{"start":{"line":25,"column":19},"end":{"line":25,"column":null}}]}},"s":{"0":1,"1":1,"2":1,"3":0,"4":0,"5":0,"6":0,"7":1,"8":0,"9":0,"10":0,"11":0,"12":1,"13":0,"14":0,"15":0,"16":1,"17":1},"f":{"0":1,"1":0,"2":0,"3":0},"b":{"0":[0]}}
,"C:\\Users\\Theo Siemens-Rhodes\\Documents\\CPEN321\\CPEN321-TuneMatch\\backend\\src\\controller\\RequestController.ts": {"path":"C:\\Users\\Theo Siemens-Rhodes\\Documents\\CPEN321\\CPEN321-TuneMatch\\backend\\src\\controller\\RequestController.ts","statementMap":{"0":{"start":{"line":1,"column":0},"end":{"line":1,"column":null}},"1":{"start":{"line":8,"column":0},"end":{"line":8,"column":59}},"2":{"start":{"line":11,"column":0},"end":{"line":11,"column":13}},"3":{"start":{"line":14,"column":8},"end":{"line":33,"column":null}},"4":{"start":{"line":19,"column":10},"end":{"line":19,"column":38}},"5":{"start":{"line":20,"column":8},"end":{"line":20,"column":9}},"6":{"start":{"line":21,"column":6},"end":{"line":25,"column":8}},"7":{"start":{"line":28,"column":8},"end":{"line":28,"column":47}},"8":{"start":{"line":30,"column":8},"end":{"line":30,"column":75}},"9":{"start":{"line":37,"column":8},"end":{"line":52,"column":null}},"10":{"start":{"line":42,"column":21},"end":{"line":42,"column":null}},"11":{"start":{"line":42,"column":10},"end":{"line":42,"column":null}},"12":{"start":{"line":44,"column":4},"end":{"line":44,"column":null}},"13":{"start":{"line":45,"column":6},"end":{"line":45,"column":null}},"14":{"start":{"line":46,"column":12},"end":{"line":46,"column":28}},"15":{"start":{"line":46,"column":28},"end":{"line":46,"column":null}},"16":{"start":{"line":47,"column":22},"end":{"line":47,"column":null}},"17":{"start":{"line":47,"column":10},"end":{"line":47,"column":null}},"18":{"start":{"line":48,"column":21},"end":{"line":48,"column":null}},"19":{"start":{"line":44,"column":4},"end":{"line":51,"column":6}},"20":{"start":{"line":55,"column":8},"end":{"line":99,"column":null}},"21":{"start":{"line":56,"column":22},"end":{"line":56,"column":null}},"22":{"start":{"line":56,"column":10},"end":{"line":56,"column":null}},"23":{"start":{"line":57,"column":4},"end":{"line":59,"column":null}},"24":{"start":{"line":58,"column":6},"end":{"line":58,"column":54}},"25":{"start":{"line":61,"column":17},"end":{"line":61,"column":null}},"26":{"start":{"line":61,"column":10},"end":{"line":61,"column":null}},"27":{"start":{"line":62,"column":28},"end":{"line":62,"column":null}},"28":{"start":{"line":62,"column":10},"end":{"line":62,"column":null}},"29":{"start":{"line":64,"column":8},"end":{"line":64,"column":23}},"30":{"start":{"line":66,"column":6},"end":{"line":66,"column":null}},"31":{"start":{"line":67,"column":8},"end":{"line":67,"column":null}},"32":{"start":{"line":68,"column":14},"end":{"line":68,"column":null}},"33":{"start":{"line":69,"column":12},"end":{"line":69,"column":null}},"34":{"start":{"line":70,"column":12},"end":{"line":75,"column":null}},"35":{"start":{"line":70,"column":49},"end":{"line":75,"column":14}},"36":{"start":{"line":71,"column":14},"end":{"line":74,"column":16}},"37":{"start":{"line":66,"column":6},"end":{"line":78,"column":8}},"38":{"start":{"line":81,"column":7},"end":{"line":81,"column":55}},"39":{"start":{"line":81,"column":6},"end":{"line":81,"column":7}},"40":{"start":{"line":82,"column":15},"end":{"line":82,"column":null}},"41":{"start":{"line":85,"column":6},"end":{"line":85,"column":null}},"42":{"start":{"line":86,"column":8},"end":{"line":86,"column":null}},"43":{"start":{"line":87,"column":14},"end":{"line":87,"column":null}},"44":{"start":{"line":88,"column":12},"end":{"line":88,"column":null}},"45":{"start":{"line":89,"column":12},"end":{"line":94,"column":null}},"46":{"start":{"line":89,"column":54},"end":{"line":94,"column":14}},"47":{"start":{"line":90,"column":14},"end":{"line":93,"column":16}},"48":{"start":{"line":85,"column":6},"end":{"line":97,"column":8}},"49":{"start":{"line":102,"column":8},"end":{"line":118,"column":null}},"50":{"start":{"line":103,"column":22},"end":{"line":103,"column":null}},"51":{"start":{"line":103,"column":10},"end":{"line":103,"column":null}},"52":{"start":{"line":104,"column":4},"end":{"line":106,"column":null}},"53":{"start":{"line":105,"column":6},"end":{"line":105,"column":57}},"54":{"start":{"line":108,"column":17},"end":{"line":108,"column":null}},"55":{"start":{"line":108,"column":10},"end":{"line":108,"column":null}},"56":{"start":{"line":109,"column":28},"end":{"line":109,"column":null}},"57":{"start":{"line":109,"column":10},"end":{"line":109,"column":null}},"58":{"start":{"line":111,"column":8},"end":{"line":111,"column":23}},"59":{"start":{"line":112,"column":6},"end":{"line":112,"column":null}},"60":{"start":{"line":113,"column":8},"end":{"line":113,"column":null}},"61":{"start":{"line":114,"column":14},"end":{"line":114,"column":30}},"62":{"start":{"line":114,"column":30},"end":{"line":114,"column":40}},"63":{"start":{"line":114,"column":40},"end":{"line":114,"column":66}},"64":{"start":{"line":112,"column":6},"end":{"line":116,"column":8}},"65":{"start":{"line":119,"column":0},"end":{"line":119,"column":null}},"66":{"start":{"line":11,"column":13},"end":{"line":11,"column":30}}},"fnMap":{"0":{"name":"(anonymous_13)","decl":{"start":{"line":11,"column":0},"end":{"line":11,"column":13}},"loc":{"start":{"line":11,"column":0},"end":{"line":119,"column":null}}},"1":{"name":"(anonymous_15)","decl":{"start":{"line":14,"column":2},"end":{"line":14,"column":8}},"loc":{"start":{"line":17,"column":25},"end":{"line":33,"column":null}}},"2":{"name":"(anonymous_18)","decl":{"start":{"line":37,"column":2},"end":{"line":37,"column":8}},"loc":{"start":{"line":40,"column":25},"end":{"line":52,"column":null}}},"3":{"name":"(anonymous_21)","decl":{"start":{"line":55,"column":2},"end":{"line":55,"column":8}},"loc":{"start":{"line":55,"column":74},"end":{"line":99,"column":null}}},"4":{"name":"(anonymous_24)","decl":{"start":{"line":70,"column":38},"end":{"line":70,"column":45}},"loc":{"start":{"line":70,"column":49},"end":{"line":75,"column":14}}},"5":{"name":"(anonymous_25)","decl":{"start":{"line":70,"column":49},"end":{"line":70,"column":null}},"loc":{"start":{"line":70,"column":49},"end":{"line":75,"column":14}}},"6":{"name":"(anonymous_27)","decl":{"start":{"line":82,"column":8},"end":{"line":82,"column":9}},"loc":{"start":{"line":82,"column":10},"end":{"line":82,"column":16}}},"7":{"name":"(anonymous_28)","decl":{"start":{"line":89,"column":43},"end":{"line":89,"column":50}},"loc":{"start":{"line":89,"column":54},"end":{"line":94,"column":14}}},"8":{"name":"(anonymous_29)","decl":{"start":{"line":89,"column":54},"end":{"line":89,"column":null}},"loc":{"start":{"line":89,"column":54},"end":{"line":94,"column":14}}},"9":{"name":"(anonymous_31)","decl":{"start":{"line":102,"column":2},"end":{"line":102,"column":8}},"loc":{"start":{"line":102,"column":77},"end":{"line":118,"column":null}}}},"branchMap":{"0":{"loc":{"start":{"line":20,"column":8},"end":{"line":20,"column":9}},"type":"if","locations":[{"start":{"line":20,"column":8},"end":{"line":20,"column":9}}]},"1":{"loc":{"start":{"line":42,"column":21},"end":{"line":42,"column":null}},"type":"switch","locations":[{"start":{"line":42,"column":21},"end":{"line":42,"column":null}}]},"2":{"loc":{"start":{"line":56,"column":22},"end":{"line":56,"column":null}},"type":"switch","locations":[{"start":{"line":56,"column":22},"end":{"line":56,"column":null}},{"start":{"line":81,"column":7},"end":{"line":81,"column":55}}]},"3":{"loc":{"start":{"line":57,"column":4},"end":{"line":59,"column":null}},"type":"if","locations":[{"start":{"line":57,"column":4},"end":{"line":59,"column":null}}]},"4":{"loc":{"start":{"line":64,"column":8},"end":{"line":64,"column":23}},"type":"if","locations":[{"start":{"line":64,"column":8},"end":{"line":64,"column":23}}]},"5":{"loc":{"start":{"line":81,"column":6},"end":{"line":81,"column":7}},"type":"if","locations":[{"start":{"line":81,"column":6},"end":{"line":81,"column":7}}]},"6":{"loc":{"start":{"line":103,"column":22},"end":{"line":103,"column":null}},"type":"switch","locations":[{"start":{"line":103,"column":22},"end":{"line":103,"column":null}}]},"7":{"loc":{"start":{"line":104,"column":4},"end":{"line":106,"column":null}},"type":"if","locations":[{"start":{"line":104,"column":4},"end":{"line":106,"column":null}}]},"8":{"loc":{"start":{"line":111,"column":8},"end":{"line":111,"column":23}},"type":"if","locations":[{"start":{"line":111,"column":8},"end":{"line":111,"column":23}}]}},"s":{"0":1,"1":1,"2":1,"3":1,"4":0,"5":0,"6":0,"7":0,"8":0,"9":1,"10":0,"11":0,"12":0,"13":0,"14":0,"15":0,"16":0,"17":0,"18":0,"19":0,"20":1,"21":0,"22":0,"23":0,"24":0,"25":0,"26":0,"27":0,"28":0,"29":0,"30":0,"31":0,"32":0,"33":0,"34":0,"35":0,"36":0,"37":0,"38":0,"39":0,"40":0,"41":0,"42":0,"43":0,"44":0,"45":0,"46":0,"47":0,"48":0,"49":1,"50":0,"51":0,"52":0,"53":0,"54":0,"55":0,"56":0,"57":0,"58":0,"59":0,"60":0,"61":0,"62":0,"63":0,"64":0,"65":1,"66":1},"f":{"0":1,"1":0,"2":0,"3":0,"4":0,"5":0,"6":0,"7":0,"8":0,"9":0},"b":{"0":[0],"1":[0],"2":[0,0],"3":[0],"4":[0],"5":[0],"6":[0],"7":[0],"8":[0]}}
,"C:\\Users\\Theo Siemens-Rhodes\\Documents\\CPEN321\\CPEN321-TuneMatch\\backend\\src\\controller\\SessionController.ts": {"path":"C:\\Users\\Theo Siemens-Rhodes\\Documents\\CPEN321\\CPEN321-TuneMatch\\backend\\src\\controller\\SessionController.ts","statementMap":{"0":{"start":{"line":1,"column":0},"end":{"line":1,"column":55}},"1":{"start":{"line":2,"column":0},"end":{"line":2,"column":null}},"2":{"start":{"line":6,"column":0},"end":{"line":6,"column":60}},"3":{"start":{"line":9,"column":0},"end":{"line":9,"column":13}},"4":{"start":{"line":12,"column":8},"end":{"line":31,"column":null}},"5":{"start":{"line":17,"column":10},"end":{"line":17,"column":38}},"6":{"start":{"line":18,"column":8},"end":{"line":18,"column":9}},"7":{"start":{"line":19,"column":6},"end":{"line":23,"column":8}},"8":{"start":{"line":26,"column":8},"end":{"line":26,"column":47}},"9":{"start":{"line":28,"column":8},"end":{"line":28,"column":74}},"10":{"start":{"line":35,"column":8},"end":{"line":42,"column":null}},"11":{"start":{"line":36,"column":20},"end":{"line":36,"column":null}},"12":{"start":{"line":36,"column":10},"end":{"line":36,"column":null}},"13":{"start":{"line":37,"column":4},"end":{"line":41,"column":6}},"14":{"start":{"line":45,"column":8},"end":{"line":57,"column":null}},"15":{"start":{"line":50,"column":20},"end":{"line":50,"column":null}},"16":{"start":{"line":50,"column":10},"end":{"line":50,"column":null}},"17":{"start":{"line":51,"column":4},"end":{"line":51,"column":64}},"18":{"start":{"line":52,"column":4},"end":{"line":56,"column":6}},"19":{"start":{"line":60,"column":8},"end":{"line":80,"column":null}},"20":{"start":{"line":65,"column":10},"end":{"line":65,"column":54}},"21":{"start":{"line":66,"column":20},"end":{"line":66,"column":null}},"22":{"start":{"line":66,"column":10},"end":{"line":66,"column":null}},"23":{"start":{"line":67,"column":4},"end":{"line":74,"column":6}},"24":{"start":{"line":75,"column":4},"end":{"line":79,"column":6}},"25":{"start":{"line":83,"column":8},"end":{"line":95,"column":null}},"26":{"start":{"line":88,"column":20},"end":{"line":88,"column":null}},"27":{"start":{"line":88,"column":10},"end":{"line":88,"column":null}},"28":{"start":{"line":89,"column":4},"end":{"line":89,"column":47}},"29":{"start":{"line":90,"column":4},"end":{"line":94,"column":6}},"30":{"start":{"line":98,"column":8},"end":{"line":115,"column":null}},"31":{"start":{"line":103,"column":20},"end":{"line":103,"column":null}},"32":{"start":{"line":103,"column":10},"end":{"line":103,"column":null}},"33":{"start":{"line":104,"column":10},"end":{"line":104,"column":37}},"34":{"start":{"line":105,"column":4},"end":{"line":109,"column":6}},"35":{"start":{"line":110,"column":4},"end":{"line":114,"column":6}},"36":{"start":{"line":118,"column":8},"end":{"line":130,"column":null}},"37":{"start":{"line":123,"column":20},"end":{"line":123,"column":null}},"38":{"start":{"line":123,"column":10},"end":{"line":123,"column":null}},"39":{"start":{"line":124,"column":4},"end":{"line":124,"column":48}},"40":{"start":{"line":125,"column":4},"end":{"line":129,"column":6}},"41":{"start":{"line":133,"column":8},"end":{"line":145,"column":null}},"42":{"start":{"line":138,"column":20},"end":{"line":138,"column":null}},"43":{"start":{"line":138,"column":10},"end":{"line":138,"column":null}},"44":{"start":{"line":139,"column":4},"end":{"line":139,"column":47}},"45":{"start":{"line":140,"column":4},"end":{"line":144,"column":6}},"46":{"start":{"line":148,"column":8},"end":{"line":161,"column":null}},"47":{"start":{"line":153,"column":20},"end":{"line":153,"column":null}},"48":{"start":{"line":153,"column":10},"end":{"line":153,"column":null}},"49":{"start":{"line":154,"column":12},"end":{"line":154,"column":29}},"50":{"start":{"line":155,"column":4},"end":{"line":155,"column":61}},"51":{"start":{"line":156,"column":4},"end":{"line":160,"column":6}},"52":{"start":{"line":164,"column":8},"end":{"line":181,"column":null}},"53":{"start":{"line":165,"column":20},"end":{"line":168,"column":null}},"54":{"start":{"line":165,"column":10},"end":{"line":168,"column":null}},"55":{"start":{"line":169,"column":18},"end":{"line":169,"column":null}},"56":{"start":{"line":169,"column":10},"end":{"line":169,"column":null}},"57":{"start":{"line":170,"column":4},"end":{"line":170,"column":null}},"58":{"start":{"line":171,"column":6},"end":{"line":171,"column":null}},"59":{"start":{"line":172,"column":12},"end":{"line":172,"column":27}},"60":{"start":{"line":172,"column":27},"end":{"line":172,"column":null}},"61":{"start":{"line":173,"column":19},"end":{"line":175,"column":null}},"62":{"start":{"line":174,"column":42},"end":{"line":174,"column":65}},"63":{"start":{"line":170,"column":4},"end":{"line":180,"column":6}},"64":{"start":{"line":184,"column":8},"end":{"line":190,"column":null}},"65":{"start":{"line":185,"column":4},"end":{"line":185,"column":53}},"66":{"start":{"line":186,"column":17},"end":{"line":186,"column":null}},"67":{"start":{"line":186,"column":10},"end":{"line":186,"column":null}},"68":{"start":{"line":187,"column":4},"end":{"line":187,"column":null}},"69":{"start":{"line":188,"column":6},"end":{"line":188,"column":21}},"70":{"start":{"line":188,"column":25},"end":{"line":188,"column":40}},"71":{"start":{"line":188,"column":40},"end":{"line":188,"column":49}},"72":{"start":{"line":188,"column":49},"end":{"line":188,"column":75}},"73":{"start":{"line":187,"column":4},"end":{"line":189,"column":6}},"74":{"start":{"line":191,"column":0},"end":{"line":191,"column":null}},"75":{"start":{"line":9,"column":13},"end":{"line":9,"column":30}}},"fnMap":{"0":{"name":"(anonymous_13)","decl":{"start":{"line":9,"column":0},"end":{"line":9,"column":13}},"loc":{"start":{"line":9,"column":0},"end":{"line":191,"column":null}}},"1":{"name":"(anonymous_15)","decl":{"start":{"line":12,"column":2},"end":{"line":12,"column":8}},"loc":{"start":{"line":15,"column":25},"end":{"line":31,"column":null}}},"2":{"name":"(anonymous_18)","decl":{"start":{"line":35,"column":2},"end":{"line":35,"column":8}},"loc":{"start":{"line":35,"column":77},"end":{"line":42,"column":null}}},"3":{"name":"(anonymous_21)","decl":{"start":{"line":45,"column":2},"end":{"line":45,"column":8}},"loc":{"start":{"line":48,"column":25},"end":{"line":57,"column":null}}},"4":{"name":"(anonymous_24)","decl":{"start":{"line":60,"column":2},"end":{"line":60,"column":8}},"loc":{"start":{"line":63,"column":25},"end":{"line":80,"column":null}}},"5":{"name":"(anonymous_27)","decl":{"start":{"line":83,"column":2},"end":{"line":83,"column":8}},"loc":{"start":{"line":86,"column":25},"end":{"line":95,"column":null}}},"6":{"name":"(anonymous_30)","decl":{"start":{"line":98,"column":2},"end":{"line":98,"column":8}},"loc":{"start":{"line":101,"column":25},"end":{"line":115,"column":null}}},"7":{"name":"(anonymous_33)","decl":{"start":{"line":118,"column":2},"end":{"line":118,"column":8}},"loc":{"start":{"line":121,"column":25},"end":{"line":130,"column":null}}},"8":{"name":"(anonymous_36)","decl":{"start":{"line":133,"column":2},"end":{"line":133,"column":8}},"loc":{"start":{"line":136,"column":25},"end":{"line":145,"column":null}}},"9":{"name":"(anonymous_39)","decl":{"start":{"line":148,"column":2},"end":{"line":148,"column":8}},"loc":{"start":{"line":151,"column":25},"end":{"line":161,"column":null}}},"10":{"name":"(anonymous_42)","decl":{"start":{"line":164,"column":2},"end":{"line":164,"column":8}},"loc":{"start":{"line":164,"column":74},"end":{"line":181,"column":null}}},"11":{"name":"(anonymous_45)","decl":{"start":{"line":174,"column":35},"end":{"line":174,"column":36}},"loc":{"start":{"line":174,"column":37},"end":{"line":174,"column":43}}},"12":{"name":"(anonymous_46)","decl":{"start":{"line":184,"column":2},"end":{"line":184,"column":8}},"loc":{"start":{"line":184,"column":75},"end":{"line":190,"column":null}}}},"branchMap":{"0":{"loc":{"start":{"line":18,"column":8},"end":{"line":18,"column":9}},"type":"if","locations":[{"start":{"line":18,"column":8},"end":{"line":18,"column":9}}]},"1":{"loc":{"start":{"line":36,"column":20},"end":{"line":36,"column":null}},"type":"switch","locations":[{"start":{"line":36,"column":20},"end":{"line":36,"column":null}}]},"2":{"loc":{"start":{"line":50,"column":20},"end":{"line":50,"column":null}},"type":"switch","locations":[{"start":{"line":50,"column":20},"end":{"line":50,"column":null}}]},"3":{"loc":{"start":{"line":88,"column":20},"end":{"line":88,"column":null}},"type":"switch","locations":[{"start":{"line":88,"column":20},"end":{"line":88,"column":null}}]},"4":{"loc":{"start":{"line":103,"column":20},"end":{"line":103,"column":null}},"type":"switch","locations":[{"start":{"line":103,"column":20},"end":{"line":103,"column":null}}]},"5":{"loc":{"start":{"line":123,"column":20},"end":{"line":123,"column":null}},"type":"switch","locations":[{"start":{"line":123,"column":20},"end":{"line":123,"column":null}}]},"6":{"loc":{"start":{"line":138,"column":20},"end":{"line":138,"column":null}},"type":"switch","locations":[{"start":{"line":138,"column":20},"end":{"line":138,"column":null}}]},"7":{"loc":{"start":{"line":153,"column":20},"end":{"line":153,"column":null}},"type":"switch","locations":[{"start":{"line":153,"column":20},"end":{"line":153,"column":null}}]},"8":{"loc":{"start":{"line":165,"column":20},"end":{"line":168,"column":null}},"type":"switch","locations":[{"start":{"line":165,"column":20},"end":{"line":168,"column":null}}]},"9":{"loc":{"start":{"line":167,"column":6},"end":{"line":167,"column":40}},"type":"binary-expr","locations":[{"start":{"line":167,"column":6},"end":{"line":167,"column":27}},{"start":{"line":167,"column":31},"end":{"line":167,"column":40}}]},"10":{"loc":{"start":{"line":167,"column":6},"end":{"line":167,"column":27}},"type":"cond-expr","locations":[{"start":{"line":167,"column":19},"end":{"line":167,"column":21}},{"start":{"line":167,"column":19},"end":{"line":167,"column":27}}]},"11":{"loc":{"start":{"line":167,"column":6},"end":{"line":167,"column":21}},"type":"binary-expr","locations":[{"start":{"line":167,"column":6},"end":{"line":167,"column":21}},{"start":{"line":167,"column":19},"end":{"line":167,"column":21}}]},"12":{"loc":{"start":{"line":167,"column":6},"end":{"line":167,"column":19}},"type":"cond-expr","locations":[{"start":{"line":167,"column":13},"end":{"line":167,"column":15}},{"start":{"line":167,"column":6},"end":{"line":167,"column":19}}]},"13":{"loc":{"start":{"line":167,"column":6},"end":{"line":167,"column":15}},"type":"binary-expr","locations":[{"start":{"line":167,"column":6},"end":{"line":167,"column":15}},{"start":{"line":167,"column":6},"end":{"line":167,"column":15}}]},"14":{"loc":{"start":{"line":185,"column":4},"end":{"line":185,"column":53}},"type":"switch","locations":[{"start":{"line":185,"column":4},"end":{"line":185,"column":53}}]}},"s":{"0":1,"1":1,"2":1,"3":1,"4":1,"5":0,"6":0,"7":0,"8":0,"9":0,"10":1,"11":0,"12":0,"13":0,"14":1,"15":0,"16":0,"17":0,"18":0,"19":1,"20":0,"21":0,"22":0,"23":0,"24":0,"25":1,"26":0,"27":0,"28":0,"29":0,"30":1,"31":0,"32":0,"33":0,"34":0,"35":0,"36":1,"37":0,"38":0,"39":0,"40":0,"41":1,"42":0,"43":0,"44":0,"45":0,"46":1,"47":0,"48":0,"49":0,"50":0,"51":0,"52":1,"53":0,"54":0,"55":0,"56":0,"57":0,"58":0,"59":0,"60":0,"61":0,"62":0,"63":0,"64":1,"65":0,"66":0,"67":0,"68":0,"69":0,"70":0,"71":0,"72":0,"73":0,"74":1,"75":1},"f":{"0":1,"1":0,"2":0,"3":0,"4":0,"5":0,"6":0,"7":0,"8":0,"9":0,"10":0,"11":0,"12":0},"b":{"0":[0],"1":[0],"2":[0],"3":[0],"4":[0],"5":[0],"6":[0],"7":[0],"8":[0],"9":[0,0],"10":[0,0],"11":[0,0],"12":[0,0],"13":[0,0],"14":[0]}}
,"C:\\Users\\Theo Siemens-Rhodes\\Documents\\CPEN321\\CPEN321-TuneMatch\\backend\\src\\controller\\UserController.ts": {"path":"C:\\Users\\Theo Siemens-Rhodes\\Documents\\CPEN321\\CPEN321-TuneMatch\\backend\\src\\controller\\UserController.ts","statementMap":{"0":{"start":{"line":1,"column":0},"end":{"line":1,"column":null}},"1":{"start":{"line":6,"column":0},"end":{"line":6,"column":65}},"2":{"start":{"line":10,"column":0},"end":{"line":10,"column":13}},"3":{"start":{"line":13,"column":8},"end":{"line":33,"column":null}},"4":{"start":{"line":15,"column":10},"end":{"line":17,"column":30}},"5":{"start":{"line":18,"column":17},"end":{"line":18,"column":null}},"6":{"start":{"line":18,"column":10},"end":{"line":18,"column":null}},"7":{"start":{"line":19,"column":4},"end":{"line":21,"column":null}},"8":{"start":{"line":20,"column":6},"end":{"line":20,"column":60}},"9":{"start":{"line":22,"column":4},"end":{"line":22,"column":null}},"10":{"start":{"line":23,"column":6},"end":{"line":31,"column":null}},"11":{"start":{"line":23,"column":43},"end":{"line":31,"column":8}},"12":{"start":{"line":24,"column":8},"end":{"line":30,"column":15}},"13":{"start":{"line":22,"column":4},"end":{"line":32,"column":6}},"14":{"start":{"line":36,"column":8},"end":{"line":43,"column":null}},"15":{"start":{"line":37,"column":20},"end":{"line":37,"column":null}},"16":{"start":{"line":37,"column":10},"end":{"line":37,"column":null}},"17":{"start":{"line":38,"column":4},"end":{"line":38,"column":null}},"18":{"start":{"line":39,"column":6},"end":{"line":41,"column":null}},"19":{"start":{"line":39,"column":47},"end":{"line":41,"column":8}},"20":{"start":{"line":40,"column":8},"end":{"line":40,"column":37}},"21":{"start":{"line":38,"column":4},"end":{"line":42,"column":6}},"22":{"start":{"line":46,"column":8},"end":{"line":62,"column":null}},"23":{"start":{"line":47,"column":22},"end":{"line":49,"column":null}},"24":{"start":{"line":47,"column":10},"end":{"line":49,"column":null}},"25":{"start":{"line":50,"column":4},"end":{"line":52,"column":null}},"26":{"start":{"line":51,"column":6},"end":{"line":51,"column":60}},"27":{"start":{"line":53,"column":18},"end":{"line":56,"column":null}},"28":{"start":{"line":53,"column":10},"end":{"line":56,"column":null}},"29":{"start":{"line":57,"column":4},"end":{"line":57,"column":null}},"30":{"start":{"line":58,"column":6},"end":{"line":60,"column":null}},"31":{"start":{"line":58,"column":37},"end":{"line":60,"column":8}},"32":{"start":{"line":59,"column":8},"end":{"line":59,"column":32}},"33":{"start":{"line":57,"column":4},"end":{"line":61,"column":6}},"34":{"start":{"line":65,"column":8},"end":{"line":76,"column":null}},"35":{"start":{"line":66,"column":17},"end":{"line":66,"column":null}},"36":{"start":{"line":66,"column":10},"end":{"line":66,"column":null}},"37":{"start":{"line":67,"column":4},"end":{"line":67,"column":46}},"38":{"start":{"line":68,"column":4},"end":{"line":68,"column":13}},"39":{"start":{"line":68,"column":13},"end":{"line":74,"column":null}},"40":{"start":{"line":68,"column":50},"end":{"line":74,"column":8}},"41":{"start":{"line":69,"column":6},"end":{"line":73,"column":null}},"42":{"start":{"line":68,"column":4},"end":{"line":75,"column":6}},"43":{"start":{"line":79,"column":8},"end":{"line":89,"column":null}},"44":{"start":{"line":80,"column":17},"end":{"line":83,"column":null}},"45":{"start":{"line":80,"column":10},"end":{"line":83,"column":null}},"46":{"start":{"line":84,"column":4},"end":{"line":84,"column":null}},"47":{"start":{"line":85,"column":6},"end":{"line":87,"column":null}},"48":{"start":{"line":85,"column":43},"end":{"line":87,"column":8}},"49":{"start":{"line":86,"column":8},"end":{"line":86,"column":33}},"50":{"start":{"line":84,"column":4},"end":{"line":88,"column":6}},"51":{"start":{"line":92,"column":8},"end":{"line":94,"column":null}},"52":{"start":{"line":93,"column":4},"end":{"line":93,"column":68}},"53":{"start":{"line":97,"column":8},"end":{"line":113,"column":null}},"54":{"start":{"line":98,"column":18},"end":{"line":102,"column":null}},"55":{"start":{"line":98,"column":10},"end":{"line":102,"column":null}},"56":{"start":{"line":103,"column":4},"end":{"line":103,"column":null}},"57":{"start":{"line":104,"column":6},"end":{"line":111,"column":null}},"58":{"start":{"line":104,"column":45},"end":{"line":111,"column":8}},"59":{"start":{"line":106,"column":17},"end":{"line":109,"column":null}},"60":{"start":{"line":105,"column":8},"end":{"line":110,"column":null}},"61":{"start":{"line":103,"column":4},"end":{"line":112,"column":6}},"62":{"start":{"line":117,"column":8},"end":{"line":136,"column":null}},"63":{"start":{"line":122,"column":10},"end":{"line":122,"column":38}},"64":{"start":{"line":123,"column":8},"end":{"line":123,"column":9}},"65":{"start":{"line":124,"column":6},"end":{"line":128,"column":8}},"66":{"start":{"line":131,"column":8},"end":{"line":131,"column":47}},"67":{"start":{"line":133,"column":8},"end":{"line":133,"column":74}},"68":{"start":{"line":140,"column":8},"end":{"line":156,"column":null}},"69":{"start":{"line":141,"column":20},"end":{"line":141,"column":null}},"70":{"start":{"line":141,"column":10},"end":{"line":141,"column":null}},"71":{"start":{"line":143,"column":4},"end":{"line":143,"column":null}},"72":{"start":{"line":144,"column":6},"end":{"line":144,"column":null}},"73":{"start":{"line":145,"column":12},"end":{"line":145,"column":null}},"74":{"start":{"line":146,"column":10},"end":{"line":146,"column":null}},"75":{"start":{"line":147,"column":10},"end":{"line":152,"column":null}},"76":{"start":{"line":147,"column":51},"end":{"line":152,"column":12}},"77":{"start":{"line":148,"column":12},"end":{"line":151,"column":14}},"78":{"start":{"line":143,"column":4},"end":{"line":155,"column":6}},"79":{"start":{"line":159,"column":8},"end":{"line":165,"column":null}},"80":{"start":{"line":160,"column":17},"end":{"line":164,"column":null}},"81":{"start":{"line":160,"column":10},"end":{"line":164,"column":null}},"82":{"start":{"line":166,"column":0},"end":{"line":166,"column":null}},"83":{"start":{"line":10,"column":13},"end":{"line":10,"column":27}}},"fnMap":{"0":{"name":"(anonymous_13)","decl":{"start":{"line":10,"column":0},"end":{"line":10,"column":13}},"loc":{"start":{"line":10,"column":0},"end":{"line":166,"column":null}}},"1":{"name":"(anonymous_15)","decl":{"start":{"line":13,"column":2},"end":{"line":13,"column":8}},"loc":{"start":{"line":13,"column":63},"end":{"line":33,"column":null}}},"2":{"name":"(anonymous_18)","decl":{"start":{"line":23,"column":32},"end":{"line":23,"column":39}},"loc":{"start":{"line":23,"column":43},"end":{"line":31,"column":8}}},"3":{"name":"(anonymous_19)","decl":{"start":{"line":23,"column":43},"end":{"line":23,"column":null}},"loc":{"start":{"line":23,"column":43},"end":{"line":31,"column":8}}},"4":{"name":"(anonymous_21)","decl":{"start":{"line":36,"column":2},"end":{"line":36,"column":8}},"loc":{"start":{"line":36,"column":66},"end":{"line":43,"column":null}}},"5":{"name":"(anonymous_24)","decl":{"start":{"line":39,"column":36},"end":{"line":39,"column":43}},"loc":{"start":{"line":39,"column":47},"end":{"line":41,"column":8}}},"6":{"name":"(anonymous_25)","decl":{"start":{"line":39,"column":47},"end":{"line":39,"column":null}},"loc":{"start":{"line":39,"column":47},"end":{"line":41,"column":8}}},"7":{"name":"(anonymous_27)","decl":{"start":{"line":46,"column":2},"end":{"line":46,"column":8}},"loc":{"start":{"line":46,"column":64},"end":{"line":62,"column":null}}},"8":{"name":"(anonymous_30)","decl":{"start":{"line":58,"column":37},"end":{"line":58,"column":null}},"loc":{"start":{"line":58,"column":37},"end":{"line":60,"column":8}}},"9":{"name":"(anonymous_33)","decl":{"start":{"line":65,"column":2},"end":{"line":65,"column":8}},"loc":{"start":{"line":65,"column":66},"end":{"line":76,"column":null}}},"10":{"name":"(anonymous_36)","decl":{"start":{"line":68,"column":39},"end":{"line":68,"column":46}},"loc":{"start":{"line":68,"column":50},"end":{"line":74,"column":8}}},"11":{"name":"(anonymous_37)","decl":{"start":{"line":68,"column":50},"end":{"line":68,"column":null}},"loc":{"start":{"line":68,"column":50},"end":{"line":74,"column":8}}},"12":{"name":"(anonymous_39)","decl":{"start":{"line":79,"column":2},"end":{"line":79,"column":8}},"loc":{"start":{"line":79,"column":66},"end":{"line":89,"column":null}}},"13":{"name":"(anonymous_42)","decl":{"start":{"line":85,"column":32},"end":{"line":85,"column":39}},"loc":{"start":{"line":85,"column":43},"end":{"line":87,"column":8}}},"14":{"name":"(anonymous_43)","decl":{"start":{"line":85,"column":43},"end":{"line":85,"column":null}},"loc":{"start":{"line":85,"column":43},"end":{"line":87,"column":8}}},"15":{"name":"(anonymous_45)","decl":{"start":{"line":92,"column":2},"end":{"line":92,"column":8}},"loc":{"start":{"line":92,"column":66},"end":{"line":94,"column":null}}},"16":{"name":"(anonymous_48)","decl":{"start":{"line":97,"column":2},"end":{"line":97,"column":8}},"loc":{"start":{"line":97,"column":67},"end":{"line":113,"column":null}}},"17":{"name":"(anonymous_51)","decl":{"start":{"line":104,"column":34},"end":{"line":104,"column":41}},"loc":{"start":{"line":104,"column":45},"end":{"line":111,"column":8}}},"18":{"name":"(anonymous_52)","decl":{"start":{"line":104,"column":45},"end":{"line":104,"column":null}},"loc":{"start":{"line":104,"column":45},"end":{"line":111,"column":8}}},"19":{"name":"(anonymous_54)","decl":{"start":{"line":117,"column":2},"end":{"line":117,"column":8}},"loc":{"start":{"line":120,"column":25},"end":{"line":136,"column":null}}},"20":{"name":"(anonymous_57)","decl":{"start":{"line":140,"column":2},"end":{"line":140,"column":8}},"loc":{"start":{"line":140,"column":77},"end":{"line":156,"column":null}}},"21":{"name":"(anonymous_60)","decl":{"start":{"line":147,"column":40},"end":{"line":147,"column":47}},"loc":{"start":{"line":147,"column":51},"end":{"line":152,"column":12}}},"22":{"name":"(anonymous_61)","decl":{"start":{"line":147,"column":51},"end":{"line":147,"column":null}},"loc":{"start":{"line":147,"column":51},"end":{"line":152,"column":12}}},"23":{"name":"(anonymous_63)","decl":{"start":{"line":159,"column":2},"end":{"line":159,"column":8}},"loc":{"start":{"line":159,"column":76},"end":{"line":165,"column":null}}}},"branchMap":{"0":{"loc":{"start":{"line":15,"column":19},"end":{"line":17,"column":29}},"type":"cond-expr","locations":[{"start":{"line":16,"column":8},"end":{"line":16,"column":50}},{"start":{"line":17,"column":8},"end":{"line":17,"column":29}}]},"1":{"loc":{"start":{"line":19,"column":4},"end":{"line":21,"column":null}},"type":"if","locations":[{"start":{"line":19,"column":4},"end":{"line":21,"column":null}}]},"2":{"loc":{"start":{"line":24,"column":15},"end":{"line":30,"column":14}},"type":"cond-expr","locations":[{"start":{"line":25,"column":12},"end":{"line":29,"column":null}},{"start":{"line":30,"column":12},"end":{"line":30,"column":14}}]},"3":{"loc":{"start":{"line":37,"column":20},"end":{"line":37,"column":null}},"type":"switch","locations":[{"start":{"line":37,"column":20},"end":{"line":37,"column":null}}]},"4":{"loc":{"start":{"line":47,"column":22},"end":{"line":49,"column":null}},"type":"switch","locations":[{"start":{"line":47,"column":22},"end":{"line":49,"column":null}}]},"5":{"loc":{"start":{"line":50,"column":4},"end":{"line":52,"column":null}},"type":"if","locations":[{"start":{"line":50,"column":4},"end":{"line":52,"column":null}}]},"6":{"loc":{"start":{"line":66,"column":17},"end":{"line":66,"column":null}},"type":"switch","locations":[{"start":{"line":66,"column":17},"end":{"line":66,"column":null}}]},"7":{"loc":{"start":{"line":80,"column":17},"end":{"line":83,"column":null}},"type":"switch","locations":[{"start":{"line":80,"column":17},"end":{"line":83,"column":null}}]},"8":{"loc":{"start":{"line":93,"column":4},"end":{"line":93,"column":68}},"type":"switch","locations":[{"start":{"line":93,"column":4},"end":{"line":93,"column":68}}]},"9":{"loc":{"start":{"line":98,"column":18},"end":{"line":102,"column":null}},"type":"switch","locations":[{"start":{"line":98,"column":18},"end":{"line":102,"column":null}}]},"10":{"loc":{"start":{"line":105,"column":8},"end":{"line":110,"column":null}},"type":"switch","locations":[{"start":{"line":105,"column":8},"end":{"line":110,"column":null}}]},"11":{"loc":{"start":{"line":123,"column":8},"end":{"line":123,"column":9}},"type":"if","locations":[{"start":{"line":123,"column":8},"end":{"line":123,"column":9}}]},"12":{"loc":{"start":{"line":141,"column":20},"end":{"line":141,"column":null}},"type":"switch","locations":[{"start":{"line":141,"column":20},"end":{"line":141,"column":null}}]},"13":{"loc":{"start":{"line":160,"column":17},"end":{"line":164,"column":null}},"type":"switch","locations":[{"start":{"line":160,"column":17},"end":{"line":164,"column":null}}]},"14":{"loc":{"start":{"line":162,"column":6},"end":{"line":162,"column":25}},"type":"cond-expr","locations":[{"start":{"line":162,"column":19},"end":{"line":162,"column":21}},{"start":{"line":162,"column":19},"end":{"line":162,"column":25}}]},"15":{"loc":{"start":{"line":162,"column":6},"end":{"line":162,"column":21}},"type":"binary-expr","locations":[{"start":{"line":162,"column":6},"end":{"line":162,"column":21}},{"start":{"line":162,"column":19},"end":{"line":162,"column":21}}]},"16":{"loc":{"start":{"line":162,"column":6},"end":{"line":162,"column":19}},"type":"cond-expr","locations":[{"start":{"line":162,"column":13},"end":{"line":162,"column":15}},{"start":{"line":162,"column":6},"end":{"line":162,"column":19}}]},"17":{"loc":{"start":{"line":162,"column":6},"end":{"line":162,"column":15}},"type":"binary-expr","locations":[{"start":{"line":162,"column":6},"end":{"line":162,"column":15}},{"start":{"line":162,"column":6},"end":{"line":162,"column":15}}]}},"s":{"0":1,"1":1,"2":1,"3":1,"4":1,"5":1,"6":1,"7":1,"8":1,"9":0,"10":0,"11":0,"12":0,"13":0,"14":1,"15":0,"16":0,"17":0,"18":0,"19":0,"20":0,"21":0,"22":1,"23":0,"24":0,"25":0,"26":0,"27":0,"28":0,"29":0,"30":0,"31":0,"32":0,"33":0,"34":1,"35":0,"36":0,"37":0,"38":0,"39":0,"40":0,"41":0,"42":0,"43":1,"44":0,"45":0,"46":0,"47":0,"48":0,"49":0,"50":0,"51":1,"52":0,"53":1,"54":0,"55":0,"56":0,"57":0,"58":0,"59":0,"60":0,"61":0,"62":1,"63":0,"64":0,"65":0,"66":0,"67":0,"68":1,"69":0,"70":0,"71":0,"72":0,"73":0,"74":0,"75":0,"76":0,"77":0,"78":0,"79":1,"80":0,"81":0,"82":1,"83":1},"f":{"0":2,"1":1,"2":0,"3":0,"4":0,"5":0,"6":0,"7":0,"8":0,"9":0,"10":0,"11":0,"12":0,"13":0,"14":0,"15":0,"16":0,"17":0,"18":0,"19":0,"20":0,"21":0,"22":0,"23":0},"b":{"0":[0,1],"1":[1],"2":[0,0],"3":[0],"4":[0],"5":[0],"6":[0],"7":[0],"8":[0],"9":[0],"10":[0],"11":[0],"12":[0],"13":[0],"14":[0,0],"15":[0,0],"16":[0,0],"17":[0,0]}}
,"C:\\Users\\Theo Siemens-Rhodes\\Documents\\CPEN321\\CPEN321-TuneMatch\\backend\\src\\controller\\WebsocketController.ts": {"path":"C:\\Users\\Theo Siemens-Rhodes\\Documents\\CPEN321\\CPEN321-TuneMatch\\backend\\src\\controller\\WebsocketController.ts","statementMap":{"0":{"start":{"line":1,"column":0},"end":{"line":1,"column":66}},"1":{"start":{"line":2,"column":0},"end":{"line":2,"column":66}},"2":{"start":{"line":3,"column":0},"end":{"line":3,"column":60}},"3":{"start":{"line":4,"column":0},"end":{"line":4,"column":null}},"4":{"start":{"line":10,"column":0},"end":{"line":10,"column":null}},"5":{"start":{"line":21,"column":2},"end":{"line":24,"column":null}},"6":{"start":{"line":22,"column":4},"end":{"line":22,"column":53}},"7":{"start":{"line":23,"column":4},"end":{"line":23,"column":11}},"8":{"start":{"line":26,"column":15},"end":{"line":31,"column":null}},"9":{"start":{"line":26,"column":8},"end":{"line":31,"column":null}},"10":{"start":{"line":32,"column":2},"end":{"line":35,"column":null}},"11":{"start":{"line":33,"column":4},"end":{"line":33,"column":72}},"12":{"start":{"line":34,"column":4},"end":{"line":34,"column":11}},"13":{"start":{"line":36,"column":2},"end":{"line":36,"column":53}},"14":{"start":{"line":39,"column":18},"end":{"line":39,"column":null}},"15":{"start":{"line":39,"column":8},"end":{"line":39,"column":null}},"16":{"start":{"line":40,"column":2},"end":{"line":40,"column":null}},"17":{"start":{"line":41,"column":4},"end":{"line":41,"column":null}},"18":{"start":{"line":42,"column":10},"end":{"line":42,"column":null}},"19":{"start":{"line":43,"column":8},"end":{"line":43,"column":null}},"20":{"start":{"line":44,"column":8},"end":{"line":49,"column":null}},"21":{"start":{"line":44,"column":49},"end":{"line":49,"column":10}},"22":{"start":{"line":45,"column":10},"end":{"line":48,"column":12}},"23":{"start":{"line":40,"column":2},"end":{"line":52,"column":4}},"24":{"start":{"line":53,"column":19},"end":{"line":53,"column":null}},"25":{"start":{"line":53,"column":8},"end":{"line":53,"column":null}},"26":{"start":{"line":54,"column":2},"end":{"line":54,"column":null}},"27":{"start":{"line":55,"column":4},"end":{"line":55,"column":null}},"28":{"start":{"line":56,"column":10},"end":{"line":56,"column":26}},"29":{"start":{"line":56,"column":26},"end":{"line":56,"column":null}},"30":{"start":{"line":57,"column":20},"end":{"line":57,"column":null}},"31":{"start":{"line":57,"column":8},"end":{"line":57,"column":null}},"32":{"start":{"line":58,"column":19},"end":{"line":58,"column":null}},"33":{"start":{"line":54,"column":2},"end":{"line":61,"column":4}},"34":{"start":{"line":63,"column":2},"end":{"line":63,"column":17}},"35":{"start":{"line":69,"column":24},"end":{"line":69,"column":null}},"36":{"start":{"line":69,"column":8},"end":{"line":69,"column":null}},"37":{"start":{"line":71,"column":2},"end":{"line":71,"column":32}},"38":{"start":{"line":74,"column":2},"end":{"line":105,"column":5}},"39":{"start":{"line":75,"column":4},"end":{"line":78,"column":null}},"40":{"start":{"line":76,"column":6},"end":{"line":76,"column":22}},"41":{"start":{"line":77,"column":6},"end":{"line":77,"column":13}},"42":{"start":{"line":79,"column":4},"end":{"line":104,"column":null}},"43":{"start":{"line":80,"column":33},"end":{"line":80,"column":60}},"44":{"start":{"line":81,"column":6},"end":{"line":99,"column":null}},"45":{"start":{"line":82,"column":8},"end":{"line":82,"column":78}},"46":{"start":{"line":84,"column":8},"end":{"line":98,"column":null}},"47":{"start":{"line":86,"column":12},"end":{"line":86,"column":74}},"48":{"start":{"line":87,"column":12},"end":{"line":87,"column":18}},"49":{"start":{"line":89,"column":12},"end":{"line":89,"column":71}},"50":{"start":{"line":90,"column":12},"end":{"line":90,"column":18}},"51":{"start":{"line":92,"column":12},"end":{"line":92,"column":74}},"52":{"start":{"line":93,"column":12},"end":{"line":93,"column":18}},"53":{"start":{"line":95,"column":12},"end":{"line":97,"column":14}},"54":{"start":{"line":101,"column":6},"end":{"line":103,"column":8}},"55":{"start":{"line":108,"column":2},"end":{"line":120,"column":5}},"56":{"start":{"line":109,"column":4},"end":{"line":109,"column":57}},"57":{"start":{"line":110,"column":19},"end":{"line":110,"column":null}},"58":{"start":{"line":110,"column":10},"end":{"line":110,"column":null}},"59":{"start":{"line":112,"column":10},"end":{"line":112,"column":16}},"60":{"start":{"line":113,"column":8},"end":{"line":113,"column":50}},"61":{"start":{"line":114,"column":8},"end":{"line":114,"column":63}},"62":{"start":{"line":117,"column":8},"end":{"line":117,"column":14}},"63":{"start":{"line":118,"column":6},"end":{"line":118,"column":55}},"64":{"start":{"line":67,"column":0},"end":{"line":67,"column":22}}},"fnMap":{"0":{"name":"authenticateSocket","decl":{"start":{"line":20,"column":15},"end":{"line":20,"column":33}},"loc":{"start":{"line":20,"column":45},"end":{"line":64,"column":null}}},"1":{"name":"(anonymous_16)","decl":{"start":{"line":44,"column":38},"end":{"line":44,"column":45}},"loc":{"start":{"line":44,"column":49},"end":{"line":49,"column":10}}},"2":{"name":"(anonymous_17)","decl":{"start":{"line":44,"column":49},"end":{"line":44,"column":null}},"loc":{"start":{"line":44,"column":49},"end":{"line":49,"column":10}}},"3":{"name":"handleConnection","decl":{"start":{"line":67,"column":22},"end":{"line":67,"column":38}},"loc":{"start":{"line":67,"column":66},"end":{"line":121,"column":null}}},"4":{"name":"message","decl":{"start":{"line":74,"column":28},"end":{"line":74,"column":35}},"loc":{"start":{"line":74,"column":40},"end":{"line":105,"column":3}}},"5":{"name":"close","decl":{"start":{"line":108,"column":32},"end":{"line":108,"column":37}},"loc":{"start":{"line":108,"column":50},"end":{"line":120,"column":4}}}},"branchMap":{"0":{"loc":{"start":{"line":21,"column":2},"end":{"line":24,"column":null}},"type":"if","locations":[{"start":{"line":21,"column":2},"end":{"line":24,"column":null}}]},"1":{"loc":{"start":{"line":32,"column":2},"end":{"line":35,"column":null}},"type":"if","locations":[{"start":{"line":32,"column":2},"end":{"line":35,"column":null}}]},"2":{"loc":{"start":{"line":69,"column":24},"end":{"line":69,"column":null}},"type":"switch","locations":[{"start":{"line":69,"column":24},"end":{"line":69,"column":null}}]},"3":{"loc":{"start":{"line":75,"column":4},"end":{"line":78,"column":null}},"type":"if","locations":[{"start":{"line":75,"column":4},"end":{"line":78,"column":null}}]},"4":{"loc":{"start":{"line":81,"column":6},"end":{"line":99,"column":null}},"type":"if","locations":[{"start":{"line":81,"column":6},"end":{"line":99,"column":null}},{"start":{"line":83,"column":13},"end":{"line":99,"column":null}}]},"5":{"loc":{"start":{"line":84,"column":8},"end":{"line":98,"column":null}},"type":"switch","locations":[{"start":{"line":85,"column":10},"end":{"line":87,"column":18}},{"start":{"line":88,"column":10},"end":{"line":90,"column":18}},{"start":{"line":91,"column":10},"end":{"line":93,"column":18}},{"start":{"line":94,"column":10},"end":{"line":97,"column":14}}]},"6":{"loc":{"start":{"line":112,"column":10},"end":{"line":112,"column":16}},"type":"if","locations":[{"start":{"line":112,"column":10},"end":{"line":112,"column":16}}]},"7":{"loc":{"start":{"line":117,"column":8},"end":{"line":117,"column":14}},"type":"if","locations":[{"start":{"line":117,"column":8},"end":{"line":117,"column":14}}]}},"s":{"0":1,"1":1,"2":1,"3":1,"4":1,"5":0,"6":0,"7":0,"8":0,"9":0,"10":0,"11":0,"12":0,"13":0,"14":0,"15":0,"16":0,"17":0,"18":0,"19":0,"20":0,"21":0,"22":0,"23":0,"24":0,"25":0,"26":0,"27":0,"28":0,"29":0,"30":0,"31":0,"32":0,"33":0,"34":0,"35":0,"36":0,"37":0,"38":0,"39":0,"40":0,"41":0,"42":0,"43":0,"44":0,"45":0,"46":0,"47":0,"48":0,"49":0,"50":0,"51":0,"52":0,"53":0,"54":0,"55":0,"56":0,"57":0,"58":0,"59":0,"60":0,"61":0,"62":0,"63":0,"64":1},"f":{"0":0,"1":0,"2":0,"3":0,"4":0,"5":0},"b":{"0":[0],"1":[0],"2":[0],"3":[0],"4":[0,0],"5":[0,0,0,0],"6":[0],"7":[0]}}
,"C:\\Users\\Theo Siemens-Rhodes\\Documents\\CPEN321\\CPEN321-TuneMatch\\backend\\src\\middleware\\CurrentUser.ts": {"path":"C:\\Users\\Theo Siemens-Rhodes\\Documents\\CPEN321\\CPEN321-TuneMatch\\backend\\src\\middleware\\CurrentUser.ts","statementMap":{"0":{"start":{"line":2,"column":0},"end":{"line":2,"column":41}},"1":{"start":{"line":11,"column":8},"end":{"line":11,"column":64}},"2":{"start":{"line":12,"column":21},"end":{"line":14,"column":null}},"3":{"start":{"line":12,"column":8},"end":{"line":14,"column":null}},"4":{"start":{"line":15,"column":2},"end":{"line":18,"column":null}},"5":{"start":{"line":16,"column":4},"end":{"line":16,"column":74}},"6":{"start":{"line":17,"column":4},"end":{"line":17,"column":11}},"7":{"start":{"line":19,"column":2},"end":{"line":22,"column":null}},"8":{"start":{"line":20,"column":4},"end":{"line":20,"column":69}},"9":{"start":{"line":21,"column":4},"end":{"line":21,"column":11}},"10":{"start":{"line":23,"column":2},"end":{"line":26,"column":null}},"11":{"start":{"line":24,"column":4},"end":{"line":24,"column":51}},"12":{"start":{"line":25,"column":4},"end":{"line":25,"column":55}},"13":{"start":{"line":27,"column":2},"end":{"line":27,"column":9}},"14":{"start":{"line":6,"column":0},"end":{"line":6,"column":22}}},"fnMap":{"0":{"name":"findCurrentUser","decl":{"start":{"line":6,"column":22},"end":{"line":6,"column":37}},"loc":{"start":{"line":9,"column":20},"end":{"line":28,"column":null}}}},"branchMap":{"0":{"loc":{"start":{"line":11,"column":25},"end":{"line":11,"column":63}},"type":"binary-expr","locations":[{"start":{"line":11,"column":25},"end":{"line":11,"column":57}},{"start":{"line":11,"column":61},"end":{"line":11,"column":63}}]},"1":{"loc":{"start":{"line":15,"column":2},"end":{"line":18,"column":null}},"type":"if","locations":[{"start":{"line":15,"column":2},"end":{"line":18,"column":null}}]},"2":{"loc":{"start":{"line":15,"column":6},"end":{"line":15,"column":28}},"type":"binary-expr","locations":[{"start":{"line":15,"column":6},"end":{"line":15,"column":11}},{"start":{"line":15,"column":15},"end":{"line":15,"column":28}}]},"3":{"loc":{"start":{"line":19,"column":2},"end":{"line":22,"column":null}},"type":"if","locations":[{"start":{"line":19,"column":2},"end":{"line":22,"column":null}}]},"4":{"loc":{"start":{"line":19,"column":6},"end":{"line":19,"column":28}},"type":"binary-expr","locations":[{"start":{"line":19,"column":6},"end":{"line":19,"column":10}},{"start":{"line":19,"column":14},"end":{"line":19,"column":28}}]},"5":{"loc":{"start":{"line":23,"column":2},"end":{"line":26,"column":null}},"type":"if","locations":[{"start":{"line":23,"column":2},"end":{"line":26,"column":null}}]}},"s":{"0":1,"1":1,"2":1,"3":1,"4":1,"5":0,"6":0,"7":1,"8":0,"9":0,"10":1,"11":0,"12":0,"13":1,"14":1},"f":{"0":1},"b":{"0":[1,1],"1":[0],"2":[1,1],"3":[0],"4":[1,0],"5":[0]}}
,"C:\\Users\\Theo Siemens-Rhodes\\Documents\\CPEN321\\CPEN321-TuneMatch\\backend\\src\\middleware\\ErrorHandler.ts": {"path":"C:\\Users\\Theo Siemens-Rhodes\\Documents\\CPEN321\\CPEN321-TuneMatch\\backend\\src\\middleware\\ErrorHandler.ts","statementMap":{"0":{"start":{"line":10,"column":2},"end":{"line":10,"column":65}},"1":{"start":{"line":4,"column":0},"end":{"line":4,"column":16}}},"fnMap":{"0":{"name":"handleError","decl":{"start":{"line":4,"column":16},"end":{"line":4,"column":27}},"loc":{"start":{"line":8,"column":20},"end":{"line":11,"column":1}}}},"branchMap":{"0":{"loc":{"start":{"line":10,"column":13},"end":{"line":10,"column":34}},"type":"binary-expr","locations":[{"start":{"line":10,"column":13},"end":{"line":10,"column":27}},{"start":{"line":10,"column":31},"end":{"line":10,"column":34}}]}},"s":{"0":1,"1":1},"f":{"0":1},"b":{"0":[1,0]}}
,"C:\\Users\\Theo Siemens-Rhodes\\Documents\\CPEN321\\CPEN321-TuneMatch\\backend\\src\\models\\Queue.ts": {"path":"C:\\Users\\Theo Siemens-Rhodes\\Documents\\CPEN321\\CPEN321-TuneMatch\\backend\\src\\models\\Queue.ts","statementMap":{"0":{"start":{"line":1,"column":0},"end":{"line":1,"column":13}},"1":{"start":{"line":11,"column":4},"end":{"line":11,"column":19}},"2":{"start":{"line":12,"column":4},"end":{"line":12,"column":33}},"3":{"start":{"line":13,"column":4},"end":{"line":13,"column":29}},"4":{"start":{"line":14,"column":4},"end":{"line":14,"column":28}},"5":{"start":{"line":15,"column":4},"end":{"line":15,"column":23}},"6":{"start":{"line":16,"column":4},"end":{"line":16,"column":25}},"7":{"start":{"line":18,"column":0},"end":{"line":18,"column":null}},"8":{"start":{"line":1,"column":13},"end":{"line":1,"column":17}},"9":{"start":{"line":20,"column":0},"end":{"line":20,"column":13}},"10":{"start":{"line":27,"column":4},"end":{"line":27,"column":25}},"11":{"start":{"line":28,"column":4},"end":{"line":28,"column":20}},"12":{"start":{"line":29,"column":4},"end":{"line":29,"column":33}},"13":{"start":{"line":30,"column":4},"end":{"line":30,"column":25}},"14":{"start":{"line":37,"column":2},"end":{"line":42,"column":null}},"15":{"start":{"line":38,"column":4},"end":{"line":41,"column":null}},"16":{"start":{"line":39,"column":6},"end":{"line":39,"column":26}},"17":{"start":{"line":40,"column":6},"end":{"line":40,"column":22}},"18":{"start":{"line":45,"column":10},"end":{"line":56,"column":null}},"19":{"start":{"line":45,"column":2},"end":{"line":45,"column":10}},"20":{"start":{"line":46,"column":4},"end":{"line":55,"column":null}},"21":{"start":{"line":47,"column":6},"end":{"line":47,"column":49}},"22":{"start":{"line":48,"column":6},"end":{"line":48,"column":53}},"23":{"start":{"line":49,"column":6},"end":{"line":51,"column":39}},"24":{"start":{"line":50,"column":8},"end":{"line":50,"column":24}},"25":{"start":{"line":53,"column":6},"end":{"line":53,"column":27}},"26":{"start":{"line":54,"column":6},"end":{"line":54,"column":35}},"27":{"start":{"line":62,"column":2},"end":{"line":76,"column":null}},"28":{"start":{"line":63,"column":4},"end":{"line":75,"column":null}},"29":{"start":{"line":64,"column":6},"end":{"line":64,"column":27}},"30":{"start":{"line":65,"column":6},"end":{"line":65,"column":34}},"31":{"start":{"line":67,"column":8},"end":{"line":67,"column":74}},"32":{"start":{"line":68,"column":6},"end":{"line":68,"column":48}},"33":{"start":{"line":69,"column":6},"end":{"line":69,"column":47}},"34":{"start":{"line":71,"column":6},"end":{"line":73,"column":null}},"35":{"start":{"line":72,"column":8},"end":{"line":72,"column":50}},"36":{"start":{"line":74,"column":6},"end":{"line":74,"column":35}},"37":{"start":{"line":83,"column":2},"end":{"line":90,"column":null}},"38":{"start":{"line":84,"column":4},"end":{"line":86,"column":null}},"39":{"start":{"line":85,"column":6},"end":{"line":85,"column":34}},"40":{"start":{"line":87,"column":4},"end":{"line":87,"column":23}},"41":{"start":{"line":88,"column":4},"end":{"line":88,"column":25}},"42":{"start":{"line":89,"column":4},"end":{"line":89,"column":33}},"43":{"start":{"line":99,"column":2},"end":{"line":107,"column":null}},"44":{"start":{"line":100,"column":22},"end":{"line":100,"column":46}},"45":{"start":{"line":101,"column":4},"end":{"line":101,"column":34}},"46":{"start":{"line":102,"column":4},"end":{"line":102,"column":42}},"47":{"start":{"line":104,"column":4},"end":{"line":106,"column":null}},"48":{"start":{"line":105,"column":6},"end":{"line":105,"column":19}},"49":{"start":{"line":113,"column":2},"end":{"line":119,"column":null}},"50":{"start":{"line":114,"column":4},"end":{"line":118,"column":null}},"51":{"start":{"line":115,"column":6},"end":{"line":115,"column":34}},"52":{"start":{"line":116,"column":6},"end":{"line":116,"column":25}},"53":{"start":{"line":117,"column":6},"end":{"line":117,"column":22}},"54":{"start":{"line":127,"column":2},"end":{"line":132,"column":null}},"55":{"start":{"line":128,"column":17},"end":{"line":128,"column":50}},"56":{"start":{"line":129,"column":4},"end":{"line":131,"column":null}},"57":{"start":{"line":130,"column":6},"end":{"line":130,"column":34}},"58":{"start":{"line":139,"column":2},"end":{"line":161,"column":null}},"59":{"start":{"line":140,"column":4},"end":{"line":144,"column":null}},"60":{"start":{"line":141,"column":6},"end":{"line":141,"column":34}},"61":{"start":{"line":142,"column":6},"end":{"line":142,"column":48}},"62":{"start":{"line":143,"column":6},"end":{"line":143,"column":35}},"63":{"start":{"line":146,"column":17},"end":{"line":146,"column":30}},"64":{"start":{"line":147,"column":4},"end":{"line":157,"column":null}},"65":{"start":{"line":149,"column":6},"end":{"line":153,"column":8}},"66":{"start":{"line":154,"column":6},"end":{"line":156,"column":null}},"67":{"start":{"line":155,"column":8},"end":{"line":155,"column":27}},"68":{"start":{"line":159,"column":4},"end":{"line":159,"column":24}},"69":{"start":{"line":160,"column":4},"end":{"line":160,"column":20}},"70":{"start":{"line":162,"column":0},"end":{"line":162,"column":null}},"71":{"start":{"line":20,"column":13},"end":{"line":20,"column":18}}},"fnMap":{"0":{"name":"(anonymous_0)","decl":{"start":{"line":1,"column":0},"end":{"line":1,"column":13}},"loc":{"start":{"line":1,"column":0},"end":{"line":18,"column":null}}},"1":{"name":"Song","decl":{"start":{"line":10,"column":2},"end":{"line":10,"column":14}},"loc":{"start":{"line":10,"column":76},"end":{"line":17,"column":3}}},"2":{"name":"(anonymous_2)","decl":{"start":{"line":20,"column":0},"end":{"line":20,"column":13}},"loc":{"start":{"line":20,"column":0},"end":{"line":162,"column":null}}},"3":{"name":"Queue","decl":{"start":{"line":26,"column":2},"end":{"line":26,"column":null}},"loc":{"start":{"line":26,"column":2},"end":{"line":31,"column":3}}},"4":{"name":"(anonymous_4)","decl":{"start":{"line":37,"column":2},"end":{"line":37,"column":7}},"loc":{"start":{"line":37,"column":2},"end":{"line":42,"column":3}}},"5":{"name":"(anonymous_5)","decl":{"start":{"line":45,"column":2},"end":{"line":45,"column":10}},"loc":{"start":{"line":45,"column":2},"end":{"line":56,"column":3}}},"6":{"name":"(anonymous_6)","decl":{"start":{"line":49,"column":33},"end":{"line":49,"column":null}},"loc":{"start":{"line":49,"column":33},"end":{"line":51,"column":7}}},"7":{"name":"(anonymous_7)","decl":{"start":{"line":62,"column":2},"end":{"line":62,"column":6}},"loc":{"start":{"line":62,"column":2},"end":{"line":76,"column":3}}},"8":{"name":"(anonymous_8)","decl":{"start":{"line":83,"column":2},"end":{"line":83,"column":9}},"loc":{"start":{"line":83,"column":23},"end":{"line":90,"column":3}}},"9":{"name":"(anonymous_9)","decl":{"start":{"line":99,"column":2},"end":{"line":99,"column":10}},"loc":{"start":{"line":99,"column":37},"end":{"line":107,"column":3}}},"10":{"name":"(anonymous_10)","decl":{"start":{"line":113,"column":2},"end":{"line":113,"column":6}},"loc":{"start":{"line":113,"column":2},"end":{"line":119,"column":3}}},"11":{"name":"(anonymous_11)","decl":{"start":{"line":127,"column":2},"end":{"line":127,"column":6}},"loc":{"start":{"line":127,"column":39},"end":{"line":132,"column":3}}},"12":{"name":"(anonymous_12)","decl":{"start":{"line":139,"column":2},"end":{"line":139,"column":6}},"loc":{"start":{"line":139,"column":27},"end":{"line":161,"column":3}}}},"branchMap":{"0":{"loc":{"start":{"line":38,"column":4},"end":{"line":41,"column":null}},"type":"if","locations":[{"start":{"line":38,"column":4},"end":{"line":41,"column":null}}]},"1":{"loc":{"start":{"line":38,"column":8},"end":{"line":38,"column":48}},"type":"binary-expr","locations":[{"start":{"line":38,"column":8},"end":{"line":38,"column":31}},{"start":{"line":38,"column":35},"end":{"line":38,"column":48}}]},"2":{"loc":{"start":{"line":46,"column":4},"end":{"line":55,"column":null}},"type":"if","locations":[{"start":{"line":46,"column":4},"end":{"line":55,"column":null}},{"start":{"line":52,"column":11},"end":{"line":55,"column":null}}]},"3":{"loc":{"start":{"line":63,"column":4},"end":{"line":75,"column":null}},"type":"if","locations":[{"start":{"line":63,"column":4},"end":{"line":75,"column":null}}]},"4":{"loc":{"start":{"line":71,"column":6},"end":{"line":73,"column":null}},"type":"if","locations":[{"start":{"line":71,"column":6},"end":{"line":73,"column":null}}]},"5":{"loc":{"start":{"line":84,"column":4},"end":{"line":86,"column":null}},"type":"if","locations":[{"start":{"line":84,"column":4},"end":{"line":86,"column":null}}]},"6":{"loc":{"start":{"line":100,"column":22},"end":{"line":100,"column":46}},"type":"cond-expr","locations":[{"start":{"line":100,"column":30},"end":{"line":100,"column":35}},{"start":{"line":100,"column":38},"end":{"line":100,"column":46}}]},"7":{"loc":{"start":{"line":104,"column":4},"end":{"line":106,"column":null}},"type":"if","locations":[{"start":{"line":104,"column":4},"end":{"line":106,"column":null}}]},"8":{"loc":{"start":{"line":104,"column":8},"end":{"line":104,"column":57}},"type":"binary-expr","locations":[{"start":{"line":104,"column":8},"end":{"line":104,"column":30}},{"start":{"line":104,"column":34},"end":{"line":104,"column":57}}]},"9":{"loc":{"start":{"line":114,"column":4},"end":{"line":118,"column":null}},"type":"if","locations":[{"start":{"line":114,"column":4},"end":{"line":118,"column":null}}]},"10":{"loc":{"start":{"line":129,"column":4},"end":{"line":131,"column":null}},"type":"if","locations":[{"start":{"line":129,"column":4},"end":{"line":131,"column":null}}]},"11":{"loc":{"start":{"line":140,"column":4},"end":{"line":144,"column":null}},"type":"if","locations":[{"start":{"line":140,"column":4},"end":{"line":144,"column":null}}]},"12":{"loc":{"start":{"line":147,"column":4},"end":{"line":157,"column":null}},"type":"if","locations":[{"start":{"line":147,"column":4},"end":{"line":157,"column":null}}]},"13":{"loc":{"start":{"line":154,"column":6},"end":{"line":156,"column":null}},"type":"if","locations":[{"start":{"line":154,"column":6},"end":{"line":156,"column":null}}]}},"s":{"0":1,"1":0,"2":0,"3":0,"4":0,"5":0,"6":0,"7":1,"8":1,"9":1,"10":0,"11":0,"12":0,"13":0,"14":1,"15":0,"16":0,"17":0,"18":1,"19":0,"20":0,"21":0,"22":0,"23":0,"24":0,"25":0,"26":0,"27":1,"28":0,"29":0,"30":0,"31":0,"32":0,"33":0,"34":0,"35":0,"36":0,"37":1,"38":0,"39":0,"40":0,"41":0,"42":0,"43":1,"44":0,"45":0,"46":0,"47":0,"48":0,"49":1,"50":0,"51":0,"52":0,"53":0,"54":1,"55":0,"56":0,"57":0,"58":1,"59":0,"60":0,"61":0,"62":0,"63":0,"64":0,"65":0,"66":0,"67":0,"68":0,"69":0,"70":1,"71":1},"f":{"0":1,"1":0,"2":1,"3":0,"4":0,"5":0,"6":0,"7":0,"8":0,"9":0,"10":0,"11":0,"12":0},"b":{"0":[0],"1":[0,0],"2":[0,0],"3":[0],"4":[0],"5":[0],"6":[0,0],"7":[0],"8":[0,0],"9":[0],"10":[0],"11":[0],"12":[0],"13":[0]}}
,"C:\\Users\\Theo Siemens-Rhodes\\Documents\\CPEN321\\CPEN321-TuneMatch\\backend\\src\\models\\SessionModels.ts": {"path":"C:\\Users\\Theo Siemens-Rhodes\\Documents\\CPEN321\\CPEN321-TuneMatch\\backend\\src\\models\\SessionModels.ts","statementMap":{"0":{"start":{"line":2,"column":0},"end":{"line":2,"column":56}},"1":{"start":{"line":6,"column":0},"end":{"line":6,"column":null}},"2":{"start":{"line":6,"column":36},"end":{"line":6,"column":49}},"3":{"start":{"line":11,"column":4},"end":{"line":11,"column":null}},"4":{"start":{"line":8,"column":11},"end":{"line":8,"column":25}},"5":{"start":{"line":9,"column":11},"end":{"line":9,"column":21}},"6":{"start":{"line":13,"column":0},"end":{"line":13,"column":null}},"7":{"start":{"line":6,"column":13},"end":{"line":6,"column":27}}},"fnMap":{"0":{"name":"(anonymous_6)","decl":{"start":{"line":6,"column":0},"end":{"line":6,"column":13}},"loc":{"start":{"line":6,"column":0},"end":{"line":13,"column":null}}},"1":{"name":"SessionMessage","decl":{"start":{"line":7,"column":2},"end":{"line":7,"column":null}},"loc":{"start":{"line":9,"column":21},"end":{"line":12,"column":3}}}},"branchMap":{"0":{"loc":{"start":{"line":11,"column":4},"end":{"line":11,"column":null}},"type":"binary-expr","locations":[{"start":{"line":11,"column":4},"end":{"line":11,"column":34}},{"start":{"line":11,"column":34},"end":{"line":11,"column":null}}]}},"s":{"0":1,"1":1,"2":1,"3":0,"4":0,"5":0,"6":1,"7":1},"f":{"0":1,"1":0},"b":{"0":[0,0]}}
,"C:\\Users\\Theo Siemens-Rhodes\\Documents\\CPEN321\\CPEN321-TuneMatch\\backend\\src\\models\\UserModels.ts": {"path":"C:\\Users\\Theo Siemens-Rhodes\\Documents\\CPEN321\\CPEN321-TuneMatch\\backend\\src\\models\\UserModels.ts","statementMap":{"0":{"start":{"line":1,"column":0},"end":{"line":1,"column":56}},"1":{"start":{"line":16,"column":9},"end":{"line":18,"column":4}},"2":{"start":{"line":17,"column":25},"end":{"line":17,"column":64}},"3":{"start":{"line":17,"column":30},"end":{"line":17,"column":64}},"4":{"start":{"line":16,"column":2},"end":{"line":18,"column":4}},"5":{"start":{"line":12,"column":0},"end":{"line":12,"column":22}},"6":{"start":{"line":27,"column":4},"end":{"line":29,"column":null}},"7":{"start":{"line":30,"column":8},"end":{"line":30,"column":14}},"8":{"start":{"line":30,"column":17},"end":{"line":30,"column":38}},"9":{"start":{"line":30,"column":38},"end":{"line":30,"column":41}},"10":{"start":{"line":26,"column":2},"end":{"line":30,"column":null}},"11":{"start":{"line":22,"column":0},"end":{"line":22,"column":22}},"12":{"start":{"line":34,"column":0},"end":{"line":34,"column":null}},"13":{"start":{"line":34,"column":36},"end":{"line":34,"column":49}},"14":{"start":{"line":39,"column":4},"end":{"line":39,"column":null}},"15":{"start":{"line":36,"column":11},"end":{"line":36,"column":25}},"16":{"start":{"line":37,"column":11},"end":{"line":37,"column":21}},"17":{"start":{"line":41,"column":0},"end":{"line":41,"column":null}},"18":{"start":{"line":34,"column":13},"end":{"line":34,"column":27}},"19":{"start":{"line":43,"column":0},"end":{"line":43,"column":null}},"20":{"start":{"line":43,"column":37},"end":{"line":43,"column":50}},"21":{"start":{"line":48,"column":4},"end":{"line":48,"column":null}},"22":{"start":{"line":45,"column":11},"end":{"line":45,"column":25}},"23":{"start":{"line":46,"column":11},"end":{"line":46,"column":21}},"24":{"start":{"line":50,"column":0},"end":{"line":50,"column":null}},"25":{"start":{"line":43,"column":13},"end":{"line":43,"column":28}}},"fnMap":{"0":{"name":"transformUsers","decl":{"start":{"line":12,"column":22},"end":{"line":12,"column":36}},"loc":{"start":{"line":14,"column":36},"end":{"line":19,"column":null}}},"1":{"name":"(anonymous_24)","decl":{"start":{"line":17,"column":14},"end":{"line":17,"column":21}},"loc":{"start":{"line":17,"column":25},"end":{"line":17,"column":64}}},"2":{"name":"(anonymous_25)","decl":{"start":{"line":17,"column":25},"end":{"line":17,"column":30}},"loc":{"start":{"line":17,"column":25},"end":{"line":17,"column":64}}},"3":{"name":"transformUser","decl":{"start":{"line":22,"column":22},"end":{"line":22,"column":35}},"loc":{"start":{"line":24,"column":36},"end":{"line":32,"column":null}}},"4":{"name":"(anonymous_30)","decl":{"start":{"line":34,"column":0},"end":{"line":34,"column":13}},"loc":{"start":{"line":34,"column":0},"end":{"line":41,"column":null}}},"5":{"name":"FriendsMessage","decl":{"start":{"line":35,"column":2},"end":{"line":35,"column":null}},"loc":{"start":{"line":37,"column":21},"end":{"line":40,"column":3}}},"6":{"name":"(anonymous_32)","decl":{"start":{"line":43,"column":0},"end":{"line":43,"column":13}},"loc":{"start":{"line":43,"column":0},"end":{"line":50,"column":null}}},"7":{"name":"RequestsMessage","decl":{"start":{"line":44,"column":2},"end":{"line":44,"column":null}},"loc":{"start":{"line":46,"column":21},"end":{"line":49,"column":3}}}},"branchMap":{"0":{"loc":{"start":{"line":16,"column":9},"end":{"line":18,"column":4}},"type":"switch","locations":[{"start":{"line":16,"column":9},"end":{"line":18,"column":4}},{"start":{"line":16,"column":2},"end":{"line":18,"column":4}}]},"1":{"loc":{"start":{"line":17,"column":30},"end":{"line":17,"column":64}},"type":"switch","locations":[{"start":{"line":17,"column":30},"end":{"line":17,"column":64}},{"start":{"line":17,"column":30},"end":{"line":17,"column":64}}]},"2":{"loc":{"start":{"line":26,"column":2},"end":{"line":30,"column":null}},"type":"switch","locations":[{"start":{"line":26,"column":2},"end":{"line":30,"column":null}}]},"3":{"loc":{"start":{"line":30,"column":8},"end":{"line":30,"column":14}},"type":"if","locations":[{"start":{"line":30,"column":8},"end":{"line":30,"column":14}}]},"4":{"loc":{"start":{"line":39,"column":4},"end":{"line":39,"column":null}},"type":"binary-expr","locations":[{"start":{"line":39,"column":4},"end":{"line":39,"column":34}},{"start":{"line":39,"column":34},"end":{"line":39,"column":null}}]},"5":{"loc":{"start":{"line":48,"column":4},"end":{"line":48,"column":null}},"type":"binary-expr","locations":[{"start":{"line":48,"column":4},"end":{"line":48,"column":35}},{"start":{"line":48,"column":35},"end":{"line":48,"column":null}}]}},"s":{"0":1,"1":0,"2":0,"3":0,"4":0,"5":1,"6":0,"7":0,"8":0,"9":0,"10":0,"11":1,"12":1,"13":1,"14":0,"15":0,"16":0,"17":1,"18":1,"19":1,"20":1,"21":0,"22":0,"23":0,"24":1,"25":1},"f":{"0":0,"1":0,"2":0,"3":0,"4":1,"5":0,"6":1,"7":0},"b":{"0":[0,0],"1":[0,0],"2":[0],"3":[0],"4":[0,0],"5":[0,0]}}
,"C:\\Users\\Theo Siemens-Rhodes\\Documents\\CPEN321\\CPEN321-TuneMatch\\backend\\src\\models\\WebsocketModels.ts": {"path":"C:\\Users\\Theo Siemens-Rhodes\\Documents\\CPEN321\\CPEN321-TuneMatch\\backend\\src\\models\\WebsocketModels.ts","statementMap":{"0":{"start":{"line":4,"column":0},"end":{"line":4,"column":13}},"1":{"start":{"line":6,"column":11},"end":{"line":6,"column":31}},"2":{"start":{"line":7,"column":11},"end":{"line":7,"column":25}},"3":{"start":{"line":8,"column":11},"end":{"line":8,"column":21}},"4":{"start":{"line":9,"column":11},"end":{"line":9,"column":24}},"5":{"start":{"line":11,"column":0},"end":{"line":11,"column":null}},"6":{"start":{"line":4,"column":13},"end":{"line":4,"column":26}}},"fnMap":{"0":{"name":"(anonymous_0)","decl":{"start":{"line":4,"column":0},"end":{"line":4,"column":13}},"loc":{"start":{"line":4,"column":0},"end":{"line":11,"column":null}}},"1":{"name":"SocketMessage","decl":{"start":{"line":5,"column":2},"end":{"line":5,"column":null}},"loc":{"start":{"line":9,"column":24},"end":{"line":10,"column":6}}}},"branchMap":{},"s":{"0":1,"1":0,"2":0,"3":0,"4":0,"5":1,"6":1},"f":{"0":1,"1":0},"b":{}}
,"C:\\Users\\Theo Siemens-Rhodes\\Documents\\CPEN321\\CPEN321-TuneMatch\\backend\\src\\routes\\ReportRoutes.ts": {"path":"C:\\Users\\Theo Siemens-Rhodes\\Documents\\CPEN321\\CPEN321-TuneMatch\\backend\\src\\routes\\ReportRoutes.ts","statementMap":{"0":{"start":{"line":1,"column":0},"end":{"line":1,"column":64}},"1":{"start":{"line":2,"column":0},"end":{"line":2,"column":63}},"2":{"start":{"line":4,"column":13},"end":{"line":35,"column":2}}},"fnMap":{},"branchMap":{},"s":{"0":1,"1":1,"2":1},"f":{},"b":{}}
,"C:\\Users\\Theo Siemens-Rhodes\\Documents\\CPEN321\\CPEN321-TuneMatch\\backend\\src\\routes\\UserRoutes.ts": {"path":"C:\\Users\\Theo Siemens-Rhodes\\Documents\\CPEN321\\CPEN321-TuneMatch\\backend\\src\\routes\\UserRoutes.ts","statementMap":{"0":{"start":{"line":1,"column":0},"end":{"line":1,"column":60}},"1":{"start":{"line":2,"column":0},"end":{"line":2,"column":63}},"2":{"start":{"line":4,"column":13},"end":{"line":108,"column":2}},"3":{"start":{"line":79,"column":23},"end":{"line":85,"column":10}},"4":{"start":{"line":86,"column":8},"end":{"line":96,"column":null}},"5":{"start":{"line":89,"column":14},"end":{"line":90,"column":null}},"6":{"start":{"line":93,"column":10},"end":{"line":95,"column":12}},"7":{"start":{"line":97,"column":8},"end":{"line":97,"column":20}}},"fnMap":{"0":{"name":"(anonymous_0)","decl":{"start":{"line":78,"column":20},"end":{"line":78,"column":21}},"loc":{"start":{"line":78,"column":24},"end":{"line":98,"column":7}}},"1":{"name":"(anonymous_1)","decl":{"start":{"line":88,"column":12},"end":{"line":88,"column":13}},"loc":{"start":{"line":88,"column":18},"end":{"line":89,"column":17}}}},"branchMap":{"0":{"loc":{"start":{"line":86,"column":8},"end":{"line":96,"column":null}},"type":"if","locations":[{"start":{"line":86,"column":8},"end":{"line":96,"column":null}}]},"1":{"loc":{"start":{"line":89,"column":14},"end":{"line":90,"column":43}},"type":"binary-expr","locations":[{"start":{"line":89,"column":14},"end":{"line":89,"column":48}},{"start":{"line":90,"column":14},"end":{"line":90,"column":43}}]},"2":{"loc":{"start":{"line":89,"column":14},"end":{"line":89,"column":34}},"type":"cond-expr","locations":[{"start":{"line":89,"column":17},"end":{"line":89,"column":19}},{"start":{"line":89,"column":14},"end":{"line":89,"column":34}}]},"3":{"loc":{"start":{"line":89,"column":14},"end":{"line":89,"column":19}},"type":"binary-expr","locations":[{"start":{"line":89,"column":14},"end":{"line":89,"column":19}},{"start":{"line":89,"column":14},"end":{"line":89,"column":19}}]},"4":{"loc":{"start":{"line":90,"column":14},"end":{"line":90,"column":34}},"type":"cond-expr","locations":[{"start":{"line":90,"column":17},"end":{"line":90,"column":19}},{"start":{"line":90,"column":14},"end":{"line":90,"column":34}}]},"5":{"loc":{"start":{"line":90,"column":14},"end":{"line":90,"column":19}},"type":"binary-expr","locations":[{"start":{"line":90,"column":14},"end":{"line":90,"column":19}},{"start":{"line":90,"column":14},"end":{"line":90,"column":19}}]}},"s":{"0":1,"1":1,"2":1,"3":0,"4":0,"5":0,"6":0,"7":0},"f":{"0":0,"1":0},"b":{"0":[0],"1":[0,0],"2":[0,0],"3":[0,0],"4":[0,0],"5":[0,0]}}
[...]
0,"column":13},"end":{"line":53,"column":9}},"23":{"start":{"line":50,"column":6},"end":{"line":53,"column":9}},"24":{"start":{"line":55,"column":6},"end":{"line":55,"column":64}},"25":{"start":{"line":60,"column":8},"end":{"line":72,"column":null}},"26":{"start":{"line":62,"column":13},"end":{"line":68,"column":9}},"27":{"start":{"line":62,"column":6},"end":{"line":68,"column":9}},"28":{"start":{"line":70,"column":6},"end":{"line":70,"column":64}},"29":{"start":{"line":74,"column":8},"end":{"line":82,"column":null}},"30":{"start":{"line":75,"column":17},"end":{"line":75,"column":null}},"31":{"start":{"line":75,"column":10},"end":{"line":75,"column":null}},"32":{"start":{"line":76,"column":24},"end":{"line":76,"column":59}},"33":{"start":{"line":76,"column":10},"end":{"line":78,"column":null}},"34":{"start":{"line":77,"column":16},"end":{"line":77,"column":null}},"35":{"start":{"line":80,"column":4},"end":{"line":80,"column":52}},"36":{"start":{"line":81,"column":4},"end":{"line":81,"column":55}},"37":{"start":{"line":85,"column":8},"end":{"line":98,"column":null}},"38":{"start":{"line":90,"column":11},"end":{"line":97,"column":7}},"39":{"start":{"line":90,"column":4},"end":{"line":97,"column":7}},"40":{"start":{"line":101,"column":8},"end":{"line":114,"column":null}},"41":{"start":{"line":106,"column":11},"end":{"line":113,"column":7}},"42":{"start":{"line":106,"column":4},"end":{"line":113,"column":7}},"43":{"start":{"line":117,"column":8},"end":{"line":121,"column":null}},"44":{"start":{"line":118,"column":11},"end":{"line":120,"column":7}},"45":{"start":{"line":118,"column":4},"end":{"line":120,"column":7}},"46":{"start":{"line":124,"column":8},"end":{"line":131,"column":null}},"47":{"start":{"line":125,"column":11},"end":{"line":130,"column":7}},"48":{"start":{"line":125,"column":4},"end":{"line":130,"column":7}},"49":{"start":{"line":134,"column":8},"end":{"line":144,"column":null}},"50":{"start":{"line":135,"column":8},"end":{"line":135,"column":50}},"51":{"start":{"line":135,"column":4},"end":{"line":140,"column":null}},"52":{"start":{"line":136,"column":6},"end":{"line":139,"column":8}},"53":{"start":{"line":141,"column":4},"end":{"line":143,"column":7}},"54":{"start":{"line":147,"column":8},"end":{"line":151,"column":null}},"55":{"start":{"line":148,"column":11},"end":{"line":150,"column":7}},"56":{"start":{"line":148,"column":4},"end":{"line":150,"column":7}},"57":{"start":{"line":154,"column":8},"end":{"line":166,"column":null}},"58":{"start":{"line":159,"column":11},"end":{"line":165,"column":7}},"59":{"start":{"line":159,"column":4},"end":{"line":165,"column":7}},"60":{"start":{"line":169,"column":8},"end":{"line":201,"column":null}},"61":{"start":{"line":174,"column":8},"end":{"line":174,"column":29}},"62":{"start":{"line":176,"column":4},"end":{"line":178,"column":null}},"63":{"start":{"line":177,"column":8},"end":{"line":177,"column":80}},"64":{"start":{"line":179,"column":4},"end":{"line":181,"column":null}},"65":{"start":{"line":180,"column":6},"end":{"line":180,"column":40}},"66":{"start":{"line":184,"column":17},"end":{"line":184,"column":null}},"67":{"start":{"line":184,"column":10},"end":{"line":184,"column":null}},"68":{"start":{"line":187,"column":10},"end":{"line":187,"column":null}},"69":{"start":{"line":188,"column":6},"end":{"line":188,"column":null}},"70":{"start":{"line":189,"column":10},"end":{"line":189,"column":null}},"71":{"start":{"line":190,"column":8},"end":{"line":190,"column":null}},"72":{"start":{"line":191,"column":8},"end":{"line":196,"column":null}},"73":{"start":{"line":191,"column":45},"end":{"line":196,"column":10}},"74":{"start":{"line":192,"column":10},"end":{"line":195,"column":12}},"75":{"start":{"line":187,"column":4},"end":{"line":198,"column":6}},"76":{"start":{"line":200,"column":4},"end":{"line":200,"column":16}},"77":{"start":{"line":202,"column":0},"end":{"line":202,"column":null}},"78":{"start":{"line":5,"column":13},"end":{"line":5,"column":24}}},"fnMap":{"0":{"name":"(anonymous_15)","decl":{"start":{"line":5,"column":0},"end":{"line":5,"column":13}},"loc":{"start":{"line":5,"column":0},"end":{"line":202,"column":null}}},"1":{"name":"(anonymous_17)","decl":{"start":{"line":9,"column":2},"end":{"line":9,"column":8}},"loc":{"start":{"line":9,"column":37},"end":{"line":21,"column":null}}},"2":{"name":"(anonymous_20)","decl":{"start":{"line":18,"column":33},"end":{"line":18,"column":34}},"loc":{"start":{"line":18,"column":43},"end":{"line":19,"column":10}}},"3":{"name":"(anonymous_21)","decl":{"start":{"line":19,"column":27},"end":{"line":19,"column":28}},"loc":{"start":{"line":19,"column":38},"end":{"line":19,"column":53}}},"4":{"name":"(anonymous_22)","decl":{"start":{"line":24,"column":2},"end":{"line":24,"column":8}},"loc":{"start":{"line":25,"column":18},"end":{"line":45,"column":null}}},"5":{"name":"(anonymous_25)","decl":{"start":{"line":36,"column":6},"end":{"line":36,"column":7}},"loc":{"start":{"line":36,"column":17},"end":{"line":37,"column":9}}},"6":{"name":"(anonymous_26)","decl":{"start":{"line":37,"column":29},"end":{"line":37,"column":30}},"loc":{"start":{"line":37,"column":39},"end":{"line":37,"column":53}}},"7":{"name":"(anonymous_27)","decl":{"start":{"line":40,"column":6},"end":{"line":40,"column":7}},"loc":{"start":{"line":40,"column":16},"end":{"line":41,"column":9}}},"8":{"name":"(anonymous_28)","decl":{"start":{"line":41,"column":30},"end":{"line":41,"column":31}},"loc":{"start":{"line":41,"column":41},"end":{"line":41,"column":56}}},"9":{"name":"(anonymous_29)","decl":{"start":{"line":48,"column":2},"end":{"line":48,"column":8}},"loc":{"start":{"line":48,"column":53},"end":{"line":57,"column":null}}},"10":{"name":"(anonymous_32)","decl":{"start":{"line":60,"column":2},"end":{"line":60,"column":8}},"loc":{"start":{"line":60,"column":56},"end":{"line":72,"column":null}}},"11":{"name":"(anonymous_35)","decl":{"start":{"line":74,"column":2},"end":{"line":74,"column":8}},"loc":{"start":{"line":74,"column":66},"end":{"line":82,"column":null}}},"12":{"name":"(anonymous_38)","decl":{"start":{"line":77,"column":6},"end":{"line":77,"column":7}},"loc":{"start":{"line":77,"column":11},"end":{"line":77,"column":20}}},"13":{"name":"(anonymous_39)","decl":{"start":{"line":85,"column":2},"end":{"line":85,"column":8}},"loc":{"start":{"line":86,"column":22},"end":{"line":98,"column":null}}},"14":{"name":"(anonymous_42)","decl":{"start":{"line":101,"column":2},"end":{"line":101,"column":8}},"loc":{"start":{"line":102,"column":14},"end":{"line":114,"column":null}}},"15":{"name":"(anonymous_45)","decl":{"start":{"line":117,"column":2},"end":{"line":117,"column":8}},"loc":{"start":{"line":117,"column":35},"end":{"line":121,"column":null}}},"16":{"name":"(anonymous_48)","decl":{"start":{"line":124,"column":2},"end":{"line":124,"column":8}},"loc":{"start":{"line":124,"column":51},"end":{"line":131,"column":null}}},"17":{"name":"(anonymous_51)","decl":{"start":{"line":134,"column":2},"end":{"line":134,"column":8}},"loc":{"start":{"line":134,"column":33},"end":{"line":144,"column":null}}},"18":{"name":"(anonymous_54)","decl":{"start":{"line":147,"column":2},"end":{"line":147,"column":8}},"loc":{"start":{"line":147,"column":37},"end":{"line":151,"column":null}}},"19":{"name":"(anonymous_57)","decl":{"start":{"line":154,"column":2},"end":{"line":154,"column":8}},"loc":{"start":{"line":157,"column":16},"end":{"line":166,"column":null}}},"20":{"name":"(anonymous_60)","decl":{"start":{"line":169,"column":2},"end":{"line":169,"column":8}},"loc":{"start":{"line":172,"column":43},"end":{"line":201,"column":null}}},"21":{"name":"(anonymous_63)","decl":{"start":{"line":191,"column":34},"end":{"line":191,"column":41}},"loc":{"start":{"line":191,"column":45},"end":{"line":196,"column":10}}},"22":{"name":"(anonymous_64)","decl":{"start":{"line":191,"column":45},"end":{"line":191,"column":null}},"loc":{"start":{"line":191,"column":45},"end":{"line":196,"column":10}}}},"branchMap":{"0":{"loc":{"start":{"line":10,"column":17},"end":{"line":16,"column":null}},"type":"switch","locations":[{"start":{"line":10,"column":17},"end":{"line":16,"column":null}}]},"1":{"loc":{"start":{"line":27,"column":17},"end":{"line":33,"column":null}},"type":"switch","locations":[{"start":{"line":27,"column":17},"end":{"line":33,"column":null}}]},"2":{"loc":{"start":{"line":50,"column":6},"end":{"line":53,"column":9}},"type":"switch","locations":[{"start":{"line":50,"column":6},"end":{"line":53,"column":9}}]},"3":{"loc":{"start":{"line":62,"column":6},"end":{"line":68,"column":9}},"type":"switch","locations":[{"start":{"line":62,"column":6},"end":{"line":68,"column":9}}]},"4":{"loc":{"start":{"line":75,"column":17},"end":{"line":75,"column":null}},"type":"switch","locations":[{"start":{"line":75,"column":17},"end":{"line":75,"column":null}}]},"5":{"loc":{"start":{"line":90,"column":11},"end":{"line":97,"column":7}},"type":"switch","locations":[{"start":{"line":90,"column":11},"end":{"line":97,"column":7}},{"start":{"line":90,"column":4},"end":{"line":97,"column":7}}]},"6":{"loc":{"start":{"line":106,"column":11},"end":{"line":113,"column":7}},"type":"switch","locations":[{"start":{"line":106,"column":11},"end":{"line":113,"column":7}},{"start":{"line":106,"column":4},"end":{"line":113,"column":7}}]},"7":{"loc":{"start":{"line":118,"column":11},"end":{"line":120,"column":7}},"type":"switch","locations":[{"start":{"line":118,"column":11},"end":{"line":120,"column":7}},{"start":{"line":118,"column":4},"end":{"line":120,"column":7}}]},"8":{"loc":{"start":{"line":125,"column":11},"end":{"line":130,"column":7}},"type":"switch","locations":[{"start":{"line":125,"column":11},"end":{"line":130,"column":7}},{"start":{"line":125,"column":4},"end":{"line":130,"column":7}}]},"9":{"loc":{"start":{"line":135,"column":8},"end":{"line":135,"column":50}},"type":"switch","locations":[{"start":{"line":135,"column":8},"end":{"line":135,"column":50}}]},"10":{"loc":{"start":{"line":135,"column":4},"end":{"line":140,"column":null}},"type":"if","locations":[{"start":{"line":135,"column":4},"end":{"line":140,"column":null}}]},"11":{"loc":{"start":{"line":148,"column":11},"end":{"line":150,"column":7}},"type":"switch","locations":[{"start":{"line":148,"column":11},"end":{"line":150,"column":7}},{"start":{"line":148,"column":4},"end":{"line":150,"column":7}}]},"12":{"loc":{"start":{"line":159,"column":11},"end":{"line":165,"column":7}},"type":"switch","locations":[{"start":{"line":159,"column":11},"end":{"line":165,"column":7}},{"start":{"line":159,"column":4},"end":{"line":165,"column":7}}]},"13":{"loc":{"start":{"line":164,"column":12},"end":{"line":164,"column":21}},"type":"binary-expr","locations":[{"start":{"line":164,"column":12},"end":{"line":164,"column":15}},{"start":{"line":164,"column":19},"end":{"line":164,"column":21}}]},"14":{"loc":{"start":{"line":176,"column":4},"end":{"line":178,"column":null}},"type":"if","locations":[{"start":{"line":176,"column":4},"end":{"line":178,"column":null}}]},"15":{"loc":{"start":{"line":177,"column":39},"end":{"line":177,"column":79}},"type":"cond-expr","locations":[{"start":{"line":177,"column":57},"end":{"line":177,"column":70}},{"start":{"line":177,"column":73},"end":{"line":177,"column":79}}]},"16":{"loc":{"start":{"line":179,"column":4},"end":{"line":181,"column":null}},"type":"if","locations":[{"start":{"line":179,"column":4},"end":{"line":181,"column":null}}]}},"s":{"0":1,"1":1,"2":1,"3":1,"4":1,"5":1,"6":0,"7":0,"8":0,"9":0,"10":0,"11":1,"12":0,"13":0,"14":0,"15":0,"16":0,"17":0,"18":0,"19":0,"20":0,"21":1,"22":0,"23":0,"24":0,"25":1,"26":0,"27":0,"28":0,"29":1,"30":0,"31":0,"32":0,"33":0,"34":0,"35":0,"36":0,"37":1,"38":1,"39":1,"40":1,"41":0,"42":0,"43":1,"44":0,"45":0,"46":1,"47":0,"48":0,"49":1,"50":0,"51":0,"52":0,"53":0,"54":1,"55":0,"56":0,"57":1,"58":0,"59":0,"60":1,"61":0,"62":0,"63":0,"64":0,"65":0,"66":0,"67":0,"68":0,"69":0,"70":0,"71":0,"72":0,"73":0,"74":0,"75":0,"76":0,"77":1,"78":1},"f":{"0":2,"1":0,"2":0,"3":0,"4":0,"5":0,"6":0,"7":0,"8":0,"9":0,"10":0,"11":0,"12":0,"13":1,"14":0,"15":0,"16":0,"17":0,"18":0,"19":0,"20":0,"21":0,"22":0},"b":{"0":[0],"1":[0],"2":[0],"3":[0],"4":[0],"5":[1,1],"6":[0,0],"7":[0,0],"8":[0,0],"9":[0],"10":[0],"11":[0,0],"12":[0,0],"13":[0,0],"14":[0],"15":[0,0],"16":[0]}}
,"C:\\Users\\Theo Siemens-Rhodes\\Documents\\CPEN321\\CPEN321-TuneMatch\\backend\\src\\services\\WebsocketService.ts": {"path":"C:\\Users\\Theo Siemens-Rhodes\\Documents\\CPEN321\\CPEN321-TuneMatch\\backend\\src\\services\\WebsocketService.ts","statementMap":{"0":{"start":{"line":1,"column":0},"end":{"line":1,"column":37}},"1":{"start":{"line":3,"column":0},"end":{"line":3,"column":33}},"2":{"start":{"line":4,"column":0},"end":{"line":4,"column":36}},"3":{"start":{"line":7,"column":0},"end":{"line":7,"column":13}},"4":{"start":{"line":8,"column":2},"end":{"line":8,"column":54}},"5":{"start":{"line":9,"column":10},"end":{"line":9,"column":47}},"6":{"start":{"line":12,"column":8},"end":{"line":22,"column":null}},"7":{"start":{"line":13,"column":4},"end":{"line":21,"column":7}},"8":{"start":{"line":13,"column":44},"end":{"line":21,"column":6}},"9":{"start":{"line":14,"column":27},"end":{"line":14,"column":69}},"10":{"start":{"line":14,"column":12},"end":{"line":14,"column":null}},"11":{"start":{"line":15,"column":6},"end":{"line":18,"column":null}},"12":{"start":{"line":16,"column":8},"end":{"line":16,"column":72}},"13":{"start":{"line":17,"column":8},"end":{"line":17,"column":15}},"14":{"start":{"line":19,"column":6},"end":{"line":19,"column":43}},"15":{"start":{"line":20,"column":6},"end":{"line":20,"column":57}},"16":{"start":{"line":25,"column":8},"end":{"line":30,"column":null}},"17":{"start":{"line":26,"column":4},"end":{"line":29,"column":7}},"18":{"start":{"line":27,"column":6},"end":{"line":27,"column":43}},"19":{"start":{"line":28,"column":6},"end":{"line":28,"column":60}},"20":{"start":{"line":33,"column":8},"end":{"line":39,"column":null}},"21":{"start":{"line":34,"column":4},"end":{"line":38,"column":7}},"22":{"start":{"line":35,"column":17},"end":{"line":35,"column":54}},"23":{"start":{"line":36,"column":6},"end":{"line":36,"column":45}},"24":{"start":{"line":37,"column":6},"end":{"line":37,"column":56}},"25":{"start":{"line":42,"column":8},"end":{"line":47,"column":null}},"26":{"start":{"line":43,"column":11},"end":{"line":46,"column":7}},"27":{"start":{"line":44,"column":21},"end":{"line":44,"column":56}},"28":{"start":{"line":45,"column":6},"end":{"line":45,"column":20}},"29":{"start":{"line":43,"column":4},"end":{"line":46,"column":7}},"30":{"start":{"line":50,"column":8},"end":{"line":55,"column":null}},"31":{"start":{"line":51,"column":11},"end":{"line":54,"column":7}},"32":{"start":{"line":52,"column":17},"end":{"line":52,"column":54}},"33":{"start":{"line":53,"column":6},"end":{"line":53,"column":16}},"34":{"start":{"line":51,"column":4},"end":{"line":54,"column":7}},"35":{"start":{"line":58,"column":8},"end":{"line":65,"column":null}},"36":{"start":{"line":59,"column":4},"end":{"line":64,"column":7}},"37":{"start":{"line":60,"column":6},"end":{"line":63,"column":9}},"38":{"start":{"line":61,"column":23},"end":{"line":61,"column":54}},"39":{"start":{"line":62,"column":8},"end":{"line":62,"column":57}},"40":{"start":{"line":62,"column":20},"end":{"line":62,"column":57}},"41":{"start":{"line":66,"column":0},"end":{"line":66,"column":null}},"42":{"start":{"line":7,"column":13},"end":{"line":7,"column":29}}},"fnMap":{"0":{"name":"(anonymous_14)","decl":{"start":{"line":7,"column":0},"end":{"line":7,"column":13}},"loc":{"start":{"line":7,"column":0},"end":{"line":66,"column":null}}},"1":{"name":"(anonymous_16)","decl":{"start":{"line":12,"column":2},"end":{"line":12,"column":8}},"loc":{"start":{"line":12,"column":55},"end":{"line":22,"column":null}}},"2":{"name":"(anonymous_19)","decl":{"start":{"line":13,"column":44},"end":{"line":13,"column":null}},"loc":{"start":{"line":13,"column":44},"end":{"line":21,"column":6}}},"3":{"name":"(anonymous_22)","decl":{"start":{"line":25,"column":2},"end":{"line":25,"column":8}},"loc":{"start":{"line":25,"column":43},"end":{"line":30,"column":null}}},"4":{"name":"(anonymous_25)","decl":{"start":{"line":26,"column":44},"end":{"line":26,"column":null}},"loc":{"start":{"line":26,"column":44},"end":{"line":29,"column":5}}},"5":{"name":"(anonymous_26)","decl":{"start":{"line":33,"column":2},"end":{"line":33,"column":8}},"loc":{"start":{"line":33,"column":50},"end":{"line":39,"column":null}}},"6":{"name":"(anonymous_29)","decl":{"start":{"line":34,"column":44},"end":{"line":34,"column":null}},"loc":{"start":{"line":34,"column":44},"end":{"line":38,"column":5}}},"7":{"name":"(anonymous_30)","decl":{"start":{"line":42,"column":2},"end":{"line":42,"column":8}},"loc":{"start":{"line":42,"column":35},"end":{"line":47,"column":null}}},"8":{"name":"(anonymous_33)","decl":{"start":{"line":43,"column":51},"end":{"line":43,"column":null}},"loc":{"start":{"line":43,"column":51},"end":{"line":46,"column":5}}},"9":{"name":"(anonymous_34)","decl":{"start":{"line":50,"column":2},"end":{"line":50,"column":8}},"loc":{"start":{"line":50,"column":42},"end":{"line":55,"column":null}}},"10":{"name":"(anonymous_37)","decl":{"start":{"line":51,"column":51},"end":{"line":51,"column":null}},"loc":{"start":{"line":51,"column":51},"end":{"line":54,"column":5}}},"11":{"name":"(anonymous_38)","decl":{"start":{"line":58,"column":2},"end":{"line":58,"column":8}},"loc":{"start":{"line":58,"column":59},"end":{"line":65,"column":null}}},"12":{"name":"(anonymous_41)","decl":{"start":{"line":59,"column":44},"end":{"line":59,"column":null}},"loc":{"start":{"line":59,"column":44},"end":{"line":64,"column":5}}},"13":{"name":"(anonymous_42)","decl":{"start":{"line":60,"column":22},"end":{"line":60,"column":23}},"loc":{"start":{"line":60,"column":25},"end":{"line":63,"column":7}}}},"branchMap":{"0":{"loc":{"start":{"line":13,"column":4},"end":{"line":21,"column":7}},"type":"switch","locations":[{"start":{"line":13,"column":4},"end":{"line":21,"column":7}}]},"1":{"loc":{"start":{"line":14,"column":27},"end":{"line":14,"column":69}},"type":"switch","locations":[{"start":{"line":14,"column":27},"end":{"line":14,"column":69}}]},"2":{"loc":{"start":{"line":15,"column":6},"end":{"line":18,"column":null}},"type":"if","locations":[{"start":{"line":15,"column":6},"end":{"line":18,"column":null}}]},"3":{"loc":{"start":{"line":26,"column":4},"end":{"line":29,"column":7}},"type":"switch","locations":[{"start":{"line":26,"column":4},"end":{"line":29,"column":7}}]},"4":{"loc":{"start":{"line":34,"column":4},"end":{"line":38,"column":7}},"type":"switch","locations":[{"start":{"line":34,"column":4},"end":{"line":38,"column":7}}]},"5":{"loc":{"start":{"line":43,"column":11},"end":{"line":46,"column":7}},"type":"switch","locations":[{"start":{"line":43,"column":11},"end":{"line":46,"column":7}},{"start":{"line":43,"column":4},"end":{"line":46,"column":7}}]},"6":{"loc":{"start":{"line":51,"column":11},"end":{"line":54,"column":7}},"type":"switch","locations":[{"start":{"line":51,"column":11},"end":{"line":54,"column":7}},{"start":{"line":51,"column":4},"end":{"line":54,"column":7}}]},"7":{"loc":{"start":{"line":59,"column":4},"end":{"line":64,"column":7}},"type":"switch","locations":[{"start":{"line":59,"column":4},"end":{"line":64,"column":7}}]},"8":{"loc":{"start":{"line":62,"column":8},"end":{"line":62,"column":57}},"type":"if","locations":[{"start":{"line":62,"column":8},"end":{"line":62,"column":57}}]}},"s":{"0":1,"1":1,"2":1,"3":1,"4":1,"5":1,"6":1,"7":0,"8":0,"9":0,"10":0,"11":0,"12":0,"13":0,"14":0,"15":0,"16":1,"17":0,"18":0,"19":0,"20":1,"21":0,"22":0,"23":0,"24":0,"25":1,"26":0,"27":0,"28":0,"29":0,"30":1,"31":0,"32":0,"33":0,"34":0,"35":1,"36":0,"37":0,"38":0,"39":0,"40":0,"41":1,"42":1},"f":{"0":2,"1":0,"2":0,"3":0,"4":0,"5":0,"6":0,"7":0,"8":0,"9":0,"10":0,"11":0,"12":0,"13":0},"b":{"0":[0],"1":[0],"2":[0],"3":[0],"4":[0],"5":[0,0],"6":[0,0],"7":[0],"8":[0]}}
}
