TN:
SF:src\config.ts
FNF:0
FNH:0
DA:1,2
DA:3,2
DA:4,2
DA:5,2
LF:4
LH:4
BRDA:3,0,0,2
BRDA:3,0,1,2
BRDA:4,1,0,2
BRDA:4,1,1,0
BRDA:5,2,0,2
BRDA:5,2,1,0
BRF:6
BRH:4
end_of_record
TN:
SF:src\index.ts
FN:22,(anonymous_20)
FN:32,(anonymous_21)
FN:36,(anonymous_22)
FN:36,(anonymous_23)
FN:76,(anonymous_25)
FN:78,(anonymous_26)
FNF:6
FNH:5
FNDA:2,(anonymous_20)
FNDA:22,(anonymous_21)
FNDA:2,(anonymous_22)
FNDA:2,(anonymous_23)
FNDA:2,(anonymous_25)
FNDA:0,(anonymous_26)
DA:1,2
DA:3,2
DA:4,2
DA:5,2
DA:6,2
DA:7,2
DA:8,2
DA:9,2
DA:10,2
DA:11,2
DA:12,2
DA:13,2
DA:14,2
DA:15,2
DA:17,2
DA:21,2
DA:23,2
DA:26,2
DA:27,2
DA:28,2
DA:32,2
DA:33,22
DA:36,2
DA:37,2
DA:38,2
DA:40,0
DA:44,2
DA:49,0
DA:51,2
DA:57,2
DA:60,2
DA:61,2
DA:64,2
DA:68,2
DA:77,2
DA:78,0
DA:79,0
LF:37
LH:33
BRDA:38,0,0,0
BRDA:77,1,0,0
BRF:2
BRH:0
end_of_record
TN:
SF:src\logger.ts
FNF:0
FNH:0
DA:1,2
DA:3,2
DA:9,2
LF:3
LH:3
BRDA:4,0,0,2
BRDA:4,0,1,0
BRF:2
BRH:1
end_of_record
TN:
SF:src\routes.ts
FNF:0
FNH:0
DA:1,2
DA:2,2
DA:4,2
LF:3
LH:3
BRF:0
BRH:0
end_of_record
TN:
SF:src\services.ts
FNF:0
FNH:0
DA:1,2
DA:2,2
DA:3,2
DA:4,2
DA:5,2
DA:6,2
DA:9,2
DA:10,2
DA:11,2
DA:12,2
DA:13,2
DA:14,2
LF:12
LH:12
BRF:0
BRH:0
end_of_record
TN:
SF:src\controller\ReportController.ts
FN:4,(anonymous_13)
FN:6,(anonymous_15)
FN:17,(anonymous_18)
FN:24,(anonymous_21)
FNF:4
FNH:1
FNDA:2,(anonymous_13)
FNDA:0,(anonymous_15)
FNDA:0,(anonymous_18)
FNDA:0,(anonymous_21)
DA:1,2
DA:4,2
DA:6,2
DA:7,0
DA:8,0
DA:13,0
DA:17,2
DA:18,0
DA:19,0
DA:20,0
DA:24,2
DA:25,0
DA:26,0
DA:28,2
LF:14
LH:6
BRDA:25,0,0,0
BRF:1
BRH:0
end_of_record
TN:
SF:src\controller\RequestController.ts
FN:11,(anonymous_13)
FN:14,(anonymous_15)
FN:37,(anonymous_18)
FN:55,(anonymous_21)
FN:70,(anonymous_24)
FN:70,(anonymous_25)
FN:82,(anonymous_27)
FN:89,(anonymous_28)
FN:89,(anonymous_29)
FN:102,(anonymous_31)
FNF:10
FNH:1
FNDA:2,(anonymous_13)
FNDA:0,(anonymous_15)
FNDA:0,(anonymous_18)
FNDA:0,(anonymous_21)
FNDA:0,(anonymous_24)
FNDA:0,(anonymous_25)
FNDA:0,(anonymous_27)
FNDA:0,(anonymous_28)
FNDA:0,(anonymous_29)
FNDA:0,(anonymous_31)
DA:1,2
DA:8,2
DA:11,2
DA:14,2
DA:19,0
DA:20,0
DA:21,0
DA:28,0
DA:30,0
DA:37,2
DA:42,0
DA:44,0
DA:45,0
DA:46,0
DA:47,0
DA:48,0
DA:55,2
DA:56,0
DA:57,0
DA:58,0
DA:61,0
DA:62,0
DA:64,0
DA:66,0
DA:67,0
DA:68,0
DA:69,0
DA:70,0
DA:71,0
DA:81,0
DA:82,0
DA:85,0
DA:86,0
DA:87,0
DA:88,0
DA:89,0
DA:90,0
DA:102,2
DA:103,0
DA:104,0
DA:105,0
DA:108,0
DA:109,0
DA:111,0
DA:112,0
DA:113,0
DA:114,0
DA:119,2
LF:48
LH:8
BRDA:20,0,0,0
BRDA:42,1,0,0
BRDA:56,2,0,0
BRDA:56,2,1,0
BRDA:57,3,0,0
BRDA:64,4,0,0
BRDA:81,5,0,0
BRDA:103,6,0,0
BRDA:104,7,0,0
BRDA:111,8,0,0
BRF:10
BRH:0
end_of_record
TN:
SF:src\controller\SessionController.ts
FN:9,(anonymous_13)
FN:12,(anonymous_15)
FN:35,(anonymous_18)
FN:45,(anonymous_21)
FN:60,(anonymous_24)
FN:83,(anonymous_27)
FN:98,(anonymous_30)
FN:118,(anonymous_33)
FN:133,(anonymous_36)
FN:148,(anonymous_39)
FN:164,(anonymous_42)
FN:174,(anonymous_45)
FN:184,(anonymous_46)
FNF:13
FNH:1
FNDA:2,(anonymous_13)
FNDA:0,(anonymous_15)
FNDA:0,(anonymous_18)
FNDA:0,(anonymous_21)
FNDA:0,(anonymous_24)
FNDA:0,(anonymous_27)
FNDA:0,(anonymous_30)
FNDA:0,(anonymous_33)
FNDA:0,(anonymous_36)
FNDA:0,(anonymous_39)
FNDA:0,(anonymous_42)
FNDA:0,(anonymous_45)
FNDA:0,(anonymous_46)
DA:1,2
DA:2,2
DA:6,2
DA:9,2
DA:12,2
DA:17,0
DA:18,0
DA:19,0
DA:26,0
DA:28,0
DA:35,2
DA:36,0
DA:37,0
DA:45,2
DA:50,0
DA:51,0
DA:52,0
DA:60,2
DA:65,0
DA:66,0
DA:67,0
DA:75,0
DA:83,2
DA:88,0
DA:89,0
DA:90,0
DA:98,2
DA:103,0
DA:104,0
DA:105,0
DA:110,0
DA:118,2
DA:123,0
DA:124,0
DA:125,0
DA:133,2
DA:138,0
DA:139,0
DA:140,0
DA:148,2
DA:153,0
DA:154,0
DA:155,0
DA:156,0
DA:164,2
DA:165,0
DA:169,0
DA:170,0
DA:171,0
DA:172,0
DA:173,0
DA:174,0
DA:184,2
DA:185,0
DA:186,0
DA:187,0
DA:188,0
DA:191,2
LF:58
LH:16
BRDA:18,0,0,0
BRDA:36,1,0,0
BRDA:50,2,0,0
BRDA:88,3,0,0
BRDA:103,4,0,0
BRDA:123,5,0,0
BRDA:138,6,0,0
BRDA:153,7,0,0
BRDA:165,8,0,0
BRDA:167,9,0,0
BRDA:167,9,1,0
BRDA:167,10,0,0
BRDA:167,10,1,0
BRDA:167,11,0,0
BRDA:167,11,1,0
BRDA:167,12,0,0
BRDA:167,12,1,0
BRDA:167,13,0,0
BRDA:167,13,1,0
BRDA:185,14,0,0
BRF:20
BRH:0
end_of_record
TN:
SF:src\controller\UserController.ts
FN:10,(anonymous_13)
FN:13,(anonymous_15)
FN:23,(anonymous_18)
FN:23,(anonymous_19)
FN:36,(anonymous_21)
FN:39,(anonymous_24)
FN:39,(anonymous_25)
FN:46,(anonymous_27)
FN:58,(anonymous_30)
FN:65,(anonymous_33)
FN:68,(anonymous_36)
FN:68,(anonymous_37)
FN:79,(anonymous_39)
FN:85,(anonymous_42)
FN:85,(anonymous_43)
FN:92,(anonymous_45)
FN:97,(anonymous_48)
FN:104,(anonymous_51)
FN:104,(anonymous_52)
FN:117,(anonymous_54)
FN:140,(anonymous_57)
FN:147,(anonymous_60)
FN:147,(anonymous_61)
FN:159,(anonymous_63)
FNF:24
FNH:2
FNDA:4,(anonymous_13)
FNDA:2,(anonymous_15)
FNDA:0,(anonymous_18)
FNDA:0,(anonymous_19)
FNDA:0,(anonymous_21)
FNDA:0,(anonymous_24)
FNDA:0,(anonymous_25)
FNDA:0,(anonymous_27)
FNDA:0,(anonymous_30)
FNDA:0,(anonymous_33)
FNDA:0,(anonymous_36)
FNDA:0,(anonymous_37)
FNDA:0,(anonymous_39)
FNDA:0,(anonymous_42)
FNDA:0,(anonymous_43)
FNDA:0,(anonymous_45)
FNDA:0,(anonymous_48)
FNDA:0,(anonymous_51)
FNDA:0,(anonymous_52)
FNDA:0,(anonymous_54)
FNDA:0,(anonymous_57)
FNDA:0,(anonymous_60)
FNDA:0,(anonymous_61)
FNDA:0,(anonymous_63)
DA:1,2
DA:6,2
DA:10,2
DA:13,2
DA:15,2
DA:18,2
DA:19,2
DA:20,2
DA:22,0
DA:23,0
DA:24,0
DA:36,2
DA:37,0
DA:38,0
DA:39,0
DA:40,0
DA:46,2
DA:47,0
DA:50,0
DA:51,0
DA:53,0
DA:57,0
DA:58,0
DA:59,0
DA:65,2
DA:66,0
DA:67,0
DA:68,0
DA:69,0
DA:79,2
DA:80,0
DA:84,0
DA:85,0
DA:86,0
DA:92,2
DA:93,0
DA:97,2
DA:98,0
DA:103,0
DA:104,0
DA:105,0
DA:106,0
DA:117,2
DA:122,0
DA:123,0
DA:124,0
DA:131,0
DA:133,0
DA:140,2
DA:141,0
DA:143,0
DA:144,0
DA:145,0
DA:146,0
DA:147,0
DA:148,0
DA:159,2
DA:160,0
DA:166,2
LF:59
LH:18
BRDA:15,0,0,0
BRDA:15,0,1,2
BRDA:19,1,0,2
BRDA:24,2,0,0
BRDA:24,2,1,0
BRDA:37,3,0,0
BRDA:47,4,0,0
BRDA:50,5,0,0
BRDA:66,6,0,0
BRDA:80,7,0,0
BRDA:93,8,0,0
BRDA:98,9,0,0
BRDA:105,10,0,0
BRDA:123,11,0,0
BRDA:141,12,0,0
BRDA:160,13,0,0
BRDA:162,14,0,0
BRDA:162,14,1,0
BRDA:162,15,0,0
BRDA:162,15,1,0
BRDA:162,16,0,0
BRDA:162,16,1,0
BRDA:162,17,0,0
BRDA:162,17,1,0
BRF:24
BRH:2
end_of_record
TN:
SF:src\controller\WebsocketController.ts
FN:20,authenticateSocket
FN:44,(anonymous_16)
FN:44,(anonymous_17)
FN:67,handleConnection
FN:74,message
FN:108,close
FNF:6
FNH:0
FNDA:0,authenticateSocket
FNDA:0,(anonymous_16)
FNDA:0,(anonymous_17)
FNDA:0,handleConnection
FNDA:0,message
FNDA:0,close
DA:1,2
DA:2,2
DA:3,2
DA:4,2
DA:10,2
DA:21,0
DA:22,0
DA:23,0
DA:26,0
DA:32,0
DA:33,0
DA:34,0
DA:36,0
DA:39,0
DA:40,0
DA:41,0
DA:42,0
DA:43,0
DA:44,0
DA:45,0
DA:53,0
DA:54,0
DA:55,0
DA:56,0
DA:57,0
DA:58,0
DA:63,0
DA:67,2
DA:69,0
DA:71,0
DA:74,0
DA:75,0
DA:76,0
DA:77,0
DA:79,0
DA:80,0
DA:81,0
DA:82,0
DA:84,0
DA:86,0
DA:87,0
DA:89,0
DA:90,0
DA:92,0
DA:93,0
DA:95,0
DA:101,0
DA:108,0
DA:109,0
DA:110,0
DA:112,0
DA:113,0
DA:114,0
DA:117,0
DA:118,0
LF:55
LH:6
BRDA:21,0,0,0
BRDA:32,1,0,0
BRDA:69,2,0,0
BRDA:75,3,0,0
BRDA:81,4,0,0
BRDA:81,4,1,0
BRDA:84,5,0,0
BRDA:84,5,1,0
BRDA:84,5,2,0
BRDA:84,5,3,0
BRDA:112,6,0,0
BRDA:117,7,0,0
BRF:12
BRH:0
end_of_record
TN:
SF:src\middleware\CurrentUser.ts
FN:6,findCurrentUser
FNF:1
FNH:1
FNDA:2,findCurrentUser
DA:2,2
DA:6,2
DA:11,2
DA:12,2
DA:15,2
DA:16,0
DA:17,0
DA:19,2
DA:20,0
DA:21,0
DA:23,2
DA:24,0
DA:25,0
DA:27,2
LF:14
LH:8
BRDA:11,0,0,2
BRDA:11,0,1,2
BRDA:15,1,0,0
BRDA:15,2,0,2
BRDA:15,2,1,2
BRDA:19,3,0,0
BRDA:19,4,0,2
BRDA:19,4,1,0
BRDA:23,5,0,0
BRF:9
BRH:5
end_of_record
TN:
SF:src\middleware\ErrorHandler.ts
FN:4,handleError
FNF:1
FNH:1
FNDA:2,handleError
DA:4,2
DA:10,2
LF:2
LH:2
BRDA:10,0,0,2
BRDA:10,0,1,0
BRF:2
BRH:1
end_of_record
TN:
SF:src\models\Queue.ts
FN:1,(anonymous_0)
FN:10,Song
FN:20,(anonymous_2)
FN:26,Queue
FN:37,(anonymous_4)
FN:45,(anonymous_5)
FN:49,(anonymous_6)
FN:62,(anonymous_7)
FN:83,(anonymous_8)
FN:99,(anonymous_9)
FN:113,(anonymous_10)
FN:127,(anonymous_11)
FN:139,(anonymous_12)
FNF:13
FNH:2
FNDA:2,(anonymous_0)
FNDA:0,Song
FNDA:2,(anonymous_2)
FNDA:0,Queue
FNDA:0,(anonymous_4)
FNDA:0,(anonymous_5)
FNDA:0,(anonymous_6)
FNDA:0,(anonymous_7)
FNDA:0,(anonymous_8)
FNDA:0,(anonymous_9)
FNDA:0,(anonymous_10)
FNDA:0,(anonymous_11)
FNDA:0,(anonymous_12)
DA:1,2
DA:11,0
DA:12,0
DA:13,0
DA:14,0
DA:15,0
DA:16,0
DA:18,2
DA:20,2
DA:27,0
DA:28,0
DA:29,0
DA:30,0
DA:37,2
DA:38,0
DA:39,0
DA:40,0
DA:45,2
DA:46,0
DA:47,0
DA:48,0
DA:49,0
DA:50,0
DA:53,0
DA:54,0
DA:62,2
DA:63,0
DA:64,0
DA:65,0
DA:67,0
DA:68,0
DA:69,0
DA:71,0
DA:72,0
DA:74,0
DA:83,2
DA:84,0
DA:85,0
DA:87,0
DA:88,0
DA:89,0
DA:99,2
DA:100,0
DA:101,0
DA:102,0
DA:104,0
DA:105,0
DA:113,2
DA:114,0
DA:115,0
DA:116,0
DA:117,0
DA:127,2
DA:128,0
DA:129,0
DA:130,0
DA:139,2
DA:140,0
DA:141,0
DA:142,0
DA:143,0
DA:146,0
DA:147,0
DA:149,0
DA:154,0
DA:155,0
DA:159,0
DA:160,0
DA:162,2
LF:69
LH:12
BRDA:38,0,0,0
BRDA:38,1,0,0
BRDA:38,1,1,0
BRDA:46,2,0,0
BRDA:46,2,1,0
BRDA:63,3,0,0
BRDA:71,4,0,0
BRDA:84,5,0,0
BRDA:100,6,0,0
BRDA:100,6,1,0
BRDA:104,7,0,0
BRDA:104,8,0,0
BRDA:104,8,1,0
BRDA:114,9,0,0
BRDA:129,10,0,0
BRDA:140,11,0,0
BRDA:147,12,0,0
BRDA:154,13,0,0
BRF:18
BRH:0
end_of_record
TN:
SF:src\models\SessionModels.ts
FN:6,(anonymous_6)
FN:7,SessionMessage
FNF:2
FNH:1
FNDA:2,(anonymous_6)
FNDA:0,SessionMessage
DA:2,2
DA:6,2
DA:8,0
DA:9,0
DA:11,0
DA:13,2
LF:6
LH:3
BRDA:11,0,0,0
BRDA:11,0,1,0
BRF:2
BRH:0
end_of_record
TN:
SF:src\models\UserModels.ts
FN:12,transformUsers
FN:17,(anonymous_24)
FN:17,(anonymous_25)
FN:22,transformUser
FN:34,(anonymous_30)
FN:35,FriendsMessage
FN:43,(anonymous_32)
FN:44,RequestsMessage
FNF:8
FNH:2
FNDA:0,transformUsers
FNDA:0,(anonymous_24)
FNDA:0,(anonymous_25)
FNDA:0,transformUser
FNDA:2,(anonymous_30)
FNDA:0,FriendsMessage
FNDA:2,(anonymous_32)
FNDA:0,RequestsMessage
DA:1,2
DA:12,2
DA:16,0
DA:17,0
DA:22,2
DA:26,0
DA:27,0
DA:30,0
DA:34,2
DA:36,0
DA:37,0
DA:39,0
DA:41,2
DA:43,2
DA:45,0
DA:46,0
DA:48,0
DA:50,2
LF:18
LH:7
BRDA:16,0,0,0
BRDA:16,0,1,0
BRDA:17,1,0,0
BRDA:17,1,1,0
BRDA:26,2,0,0
BRDA:30,3,0,0
BRDA:39,4,0,0
BRDA:39,4,1,0
BRDA:48,5,0,0
BRDA:48,5,1,0
BRF:10
BRH:0
end_of_record
TN:
SF:src\models\WebsocketModels.ts
FN:4,(anonymous_0)
FN:5,SocketMessage
FNF:2
FNH:1
FNDA:2,(anonymous_0)
FNDA:0,SocketMessage
DA:4,2
DA:6,0
DA:7,0
DA:8,0
DA:9,0
DA:11,2
LF:6
LH:2
BRF:0
BRH:0
end_of_record
TN:
SF:src\routes\ReportRoutes.ts
FNF:0
FNH:0
DA:1,2
DA:2,2
DA:4,2
LF:3
LH:3
BRF:0
BRH:0
end_of_record
TN:
SF:src\routes\UserRoutes.ts
FN:78,(anonymous_0)
FN:88,(anonymous_1)
FNF:2
FNH:0
FNDA:0,(anonymous_0)
FNDA:0,(anonymous_1)
DA:1,2
DA:2,2
DA:4,2
DA:79,0
DA:86,0
DA:89,0
DA:93,0
DA:97,0
LF:8
LH:3
BRDA:86,0,0,0
BRDA:89,1,0,0
BRDA:89,1,1,0
BRDA:89,2,0,0
BRDA:89,2,1,0
BRDA:89,3,0,0
BRDA:89,3,1,0
BRDA:90,4,0,0
BRDA:90,4,1,0
BRDA:90,5,0,0
BRDA:90,5,1,0
BRF:11
BRH:0
end_of_record
TN:
SF:src\services\ReportService.ts
FN:4,(anonymous_13)
FN:8,(anonymous_15)
FN:25,(anonymous_18)
FN:38,(anonymous_21)
FNF:4
FNH:1
FNDA:4,(anonymous_13)
FNDA:0,(anonymous_15)
FNDA:0,(anonymous_18)
FNDA:0,(anonymous_21)
DA:2,2
DA:4,2
DA:5,2
DA:8,2
DA:13,0
DA:25,2
DA:26,0
DA:38,2
DA:39,0
DA:44,2
LF:10
LH:7
BRDA:13,0,0,0
BRDA:13,0,1,0
BRDA:26,1,0,0
BRDA:26,1,1,0
BRDA:39,2,0,0
BRF:5
BRH:0
end_of_record
TN:
SF:src\services\SessionService.ts
FN:8,(anonymous_17)
FN:13,(anonymous_19)
FN:71,(anonymous_22)
FN:112,(anonymous_25)
FN:121,(anonymous_28)
FN:132,(anonymous_31)
FN:133,(anonymous_32)
FN:138,(anonymous_33)
FN:143,(anonymous_36)
FN:145,(anonymous_37)
FN:151,(anonymous_38)
FN:160,(anonymous_41)
FN:166,(anonymous_42)
FN:168,(anonymous_45)
FN:174,(anonymous_46)
FN:176,(anonymous_49)
FN:182,(anonymous_50)
FN:184,(anonymous_53)
FN:190,(anonymous_54)
FN:192,(anonymous_57)
FN:198,(anonymous_58)
FN:200,(anonymous_61)
FN:206,(anonymous_62)
FN:208,(anonymous_65)
FN:220,(anonymous_66)
FNF:25
FNH:1
FNDA:4,(anonymous_17)
FNDA:0,(anonymous_19)
FNDA:0,(anonymous_22)
FNDA:0,(anonymous_25)
FNDA:0,(anonymous_28)
FNDA:0,(anonymous_31)
FNDA:0,(anonymous_32)
FNDA:0,(anonymous_33)
FNDA:0,(anonymous_36)
FNDA:0,(anonymous_37)
FNDA:0,(anonymous_38)
FNDA:0,(anonymous_41)
FNDA:0,(anonymous_42)
FNDA:0,(anonymous_45)
FNDA:0,(anonymous_46)
FNDA:0,(anonymous_49)
FNDA:0,(anonymous_50)
FNDA:0,(anonymous_53)
FNDA:0,(anonymous_54)
FNDA:0,(anonymous_57)
FNDA:0,(anonymous_58)
FNDA:0,(anonymous_61)
FNDA:0,(anonymous_62)
FNDA:0,(anonymous_65)
FNDA:0,(anonymous_66)
DA:1,2
DA:2,2
DA:3,2
DA:5,2
DA:6,2
DA:8,2
DA:9,2
DA:10,2
DA:13,2
DA:18,0
DA:21,0
DA:22,0
DA:23,0
DA:24,0
DA:27,0
DA:30,0
DA:31,0
DA:33,0
DA:40,0
DA:44,0
DA:51,0
DA:52,0
DA:53,0
DA:55,0
DA:56,0
DA:57,0
DA:62,0
DA:67,0
DA:71,2
DA:73,0
DA:78,0
DA:79,0
DA:83,0
DA:84,0
DA:85,0
DA:89,0
DA:97,0
DA:98,0
DA:100,0
DA:101,0
DA:103,0
DA:104,0
DA:105,0
DA:112,2
DA:113,0
DA:114,0
DA:115,0
DA:117,0
DA:121,2
DA:122,0
DA:128,0
DA:129,0
DA:131,0
DA:132,0
DA:133,0
DA:134,0
DA:138,2
DA:142,0
DA:143,0
DA:144,0
DA:145,0
DA:151,2
DA:159,0
DA:160,0
DA:161,0
DA:166,2
DA:167,0
DA:168,0
DA:169,0
DA:174,2
DA:175,0
DA:176,0
DA:177,0
DA:182,2
DA:183,0
DA:184,0
DA:185,0
DA:190,2
DA:191,0
DA:192,0
DA:193,0
DA:198,2
DA:199,0
DA:200,0
DA:201,0
DA:206,2
DA:207,0
DA:208,0
DA:209,0
DA:210,0
DA:221,0
DA:226,2
LF:92
LH:21
BRDA:40,0,0,0
BRDA:40,0,1,0
BRDA:40,0,2,0
BRDA:21,1,0,0
BRDA:23,2,0,0
BRDA:30,3,0,0
BRDA:73,4,0,0
BRDA:73,4,1,0
BRDA:73,4,2,0
BRDA:78,5,0,0
BRDA:84,6,0,0
BRDA:98,7,0,0
BRDA:113,8,0,0
BRDA:114,9,0,0
BRDA:122,10,0,0
BRDA:208,11,0,0
BRDA:211,12,0,0
BRDA:211,12,1,0
BRF:18
BRH:0
end_of_record
TN:
SF:src\services\UserMatchingService.ts
FN:4,(anonymous_19)
FN:70,UserMatchingService
FN:9,(anonymous_21)
FN:14,(anonymous_24)
FN:28,(anonymous_25)
FN:35,(anonymous_26)
FN:56,(anonymous_29)
FN:63,(anonymous_30)
FN:75,(anonymous_31)
FN:84,(anonymous_32)
FN:86,(anonymous_33)
FN:90,(anonymous_34)
FN:93,(anonymous_35)
FN:101,(anonymous_36)
FN:122,(anonymous_37)
FN:124,(anonymous_40)
FN:168,(anonymous_43)
FN:188,(anonymous_44)
FN:200,(anonymous_47)
FN:205,(anonymous_48)
FN:210,(anonymous_49)
FNF:21
FNH:3
FNDA:2,(anonymous_19)
FNDA:2,UserMatchingService
FNDA:0,(anonymous_21)
FNDA:0,(anonymous_24)
FNDA:0,(anonymous_25)
FNDA:0,(anonymous_26)
FNDA:0,(anonymous_29)
FNDA:0,(anonymous_30)
FNDA:2,(anonymous_31)
FNDA:0,(anonymous_32)
FNDA:0,(anonymous_33)
FNDA:0,(anonymous_34)
FNDA:0,(anonymous_35)
FNDA:0,(anonymous_36)
FNDA:0,(anonymous_37)
FNDA:0,(anonymous_40)
FNDA:0,(anonymous_43)
FNDA:0,(anonymous_44)
FNDA:0,(anonymous_47)
FNDA:0,(anonymous_48)
FNDA:0,(anonymous_49)
DA:2,2
DA:4,2
DA:5,2
DA:6,2
DA:9,2
DA:10,0
DA:12,0
DA:14,0
DA:15,0
DA:16,0
DA:18,0
DA:19,0
DA:28,0
DA:31,0
DA:35,2
DA:38,0
DA:55,0
DA:58,0
DA:61,0
DA:64,0
DA:68,2
DA:71,2
DA:75,2
DA:76,2
DA:78,202
DA:79,202
DA:84,2
DA:86,0
DA:87,0
DA:90,0
DA:92,0
DA:93,0
DA:94,0
DA:97,0
DA:98,0
DA:101,0
DA:102,0
DA:103,0
DA:107,0
DA:108,0
DA:111,0
DA:118,0
DA:122,2
DA:123,0
DA:124,0
DA:126,0
DA:127,0
DA:128,0
DA:130,0
DA:132,0
DA:133,0
DA:136,0
DA:137,0
DA:138,0
DA:140,0
DA:142,0
DA:146,0
DA:152,0
DA:153,0
DA:157,0
DA:159,0
DA:161,0
DA:163,0
DA:165,0
DA:167,0
DA:168,0
DA:173,0
DA:175,0
DA:177,0
DA:178,0
DA:184,0
DA:188,2
DA:190,0
DA:192,0
DA:194,0
DA:195,0
DA:196,0
DA:200,0
DA:203,0
DA:205,0
DA:208,0
DA:210,0
DA:212,0
DA:214,2
LF:84
LH:16
BRDA:31,0,0,0
BRDA:10,1,0,0
BRDA:14,2,0,0
BRDA:38,3,0,0
BRDA:58,4,0,0
BRDA:58,4,1,0
BRDA:102,5,0,0
BRDA:123,6,0,0
BRDA:123,6,1,0
BRDA:126,7,0,0
BRDA:126,7,1,0
BRDA:126,8,0,0
BRDA:126,8,1,0
BRDA:132,9,0,0
BRDA:136,10,0,0
BRDA:138,11,0,0
BRDA:142,12,0,0
BRDA:142,13,0,0
BRDA:142,13,1,0
BRDA:152,14,0,0
BRDA:161,15,0,0
BRDA:167,16,0,0
BRDA:167,17,0,0
BRDA:167,17,1,0
BRDA:167,17,2,0
BRDA:177,18,0,0
BRDA:190,19,0,0
BRDA:194,20,0,0
BRDA:194,20,1,0
BRDA:194,20,2,0
BRDA:194,21,0,0
BRDA:195,22,0,0
BRDA:203,23,0,0
BRF:33
BRH:0
end_of_record
TN:
SF:src\services\UserService.ts
FN:5,(anonymous_15)
FN:9,(anonymous_17)
FN:18,(anonymous_20)
FN:19,(anonymous_21)
FN:24,(anonymous_22)
FN:36,(anonymous_25)
FN:37,(anonymous_26)
FN:40,(anonymous_27)
FN:41,(anonymous_28)
FN:48,(anonymous_29)
FN:60,(anonymous_32)
FN:74,(anonymous_35)
FN:77,(anonymous_38)
FN:85,(anonymous_39)
FN:101,(anonymous_42)
FN:117,(anonymous_45)
FN:124,(anonymous_48)
FN:134,(anonymous_51)
FN:147,(anonymous_54)
FN:154,(anonymous_57)
FN:169,(anonymous_60)
FN:191,(anonymous_63)
FN:191,(anonymous_64)
FNF:23
FNH:2
FNDA:4,(anonymous_15)
FNDA:0,(anonymous_17)
FNDA:0,(anonymous_20)
FNDA:0,(anonymous_21)
FNDA:0,(anonymous_22)
FNDA:0,(anonymous_25)
FNDA:0,(anonymous_26)
FNDA:0,(anonymous_27)
FNDA:0,(anonymous_28)
FNDA:0,(anonymous_29)
FNDA:0,(anonymous_32)
FNDA:0,(anonymous_35)
FNDA:0,(anonymous_38)
FNDA:2,(anonymous_39)
FNDA:0,(anonymous_42)
FNDA:0,(anonymous_45)
FNDA:0,(anonymous_48)
FNDA:0,(anonymous_51)
FNDA:0,(anonymous_54)
FNDA:0,(anonymous_57)
FNDA:0,(anonymous_60)
FNDA:0,(anonymous_63)
FNDA:0,(anonymous_64)
DA:1,2
DA:2,2
DA:3,2
DA:5,2
DA:6,2
DA:9,2
DA:10,0
DA:18,0
DA:19,0
DA:24,2
DA:27,0
DA:35,0
DA:37,0
DA:39,0
DA:41,0
DA:44,0
DA:48,2
DA:50,0
DA:55,0
DA:60,2
DA:62,0
DA:70,0
DA:74,2
DA:75,0
DA:76,0
DA:77,0
DA:80,0
DA:81,0
DA:85,2
DA:90,2
DA:101,2
DA:106,0
DA:117,2
DA:118,0
DA:124,2
DA:125,0
DA:134,2
DA:135,0
DA:136,0
DA:141,0
DA:147,2
DA:148,0
DA:154,2
DA:159,0
DA:169,2
DA:174,0
DA:176,0
DA:177,0
DA:179,0
DA:180,0
DA:184,0
DA:187,0
DA:188,0
DA:189,0
DA:190,0
DA:191,0
DA:192,0
DA:200,0
DA:202,2
LF:59
LH:20
BRDA:10,0,0,0
BRDA:27,1,0,0
BRDA:50,2,0,0
BRDA:62,3,0,0
BRDA:75,4,0,0
BRDA:90,5,0,2
BRDA:90,5,1,2
BRDA:106,6,0,0
BRDA:106,6,1,0
BRDA:118,7,0,0
BRDA:118,7,1,0
BRDA:125,8,0,0
BRDA:125,8,1,0
BRDA:135,9,0,0
BRDA:135,10,0,0
BRDA:148,11,0,0
BRDA:148,11,1,0
BRDA:159,12,0,0
BRDA:159,12,1,0
BRDA:164,13,0,0
BRDA:164,13,1,0
BRDA:176,14,0,0
BRDA:177,15,0,0
BRDA:177,15,1,0
BRDA:179,16,0,0
BRF:25
BRH:2
end_of_record
TN:
SF:src\services\WebsocketService.ts
FN:7,(anonymous_14)
FN:12,(anonymous_16)
FN:13,(anonymous_19)
FN:25,(anonymous_22)
FN:26,(anonymous_25)
FN:33,(anonymous_26)
FN:34,(anonymous_29)
FN:42,(anonymous_30)
FN:43,(anonymous_33)
FN:50,(anonymous_34)
FN:51,(anonymous_37)
FN:58,(anonymous_38)
FN:59,(anonymous_41)
FN:60,(anonymous_42)
FNF:14
FNH:1
FNDA:4,(anonymous_14)
FNDA:0,(anonymous_16)
FNDA:0,(anonymous_19)
FNDA:0,(anonymous_22)
FNDA:0,(anonymous_25)
FNDA:0,(anonymous_26)
FNDA:0,(anonymous_29)
FNDA:0,(anonymous_30)
FNDA:0,(anonymous_33)
FNDA:0,(anonymous_34)
FNDA:0,(anonymous_37)
FNDA:0,(anonymous_38)
FNDA:0,(anonymous_41)
FNDA:0,(anonymous_42)
DA:1,2
DA:3,2
DA:4,2
DA:7,2
DA:8,2
DA:9,2
DA:12,2
DA:13,0
DA:14,0
DA:15,0
DA:16,0
DA:17,0
DA:19,0
DA:20,0
DA:25,2
DA:26,0
DA:27,0
DA:28,0
DA:33,2
DA:34,0
DA:35,0
DA:36,0
DA:37,0
DA:42,2
DA:43,0
DA:44,0
DA:45,0
DA:50,2
DA:51,0
DA:52,0
DA:53,0
DA:58,2
DA:59,0
DA:60,0
DA:61,0
DA:62,0
DA:66,2
LF:37
LH:13
BRDA:13,0,0,0
BRDA:14,1,0,0
BRDA:15,2,0,0
BRDA:26,3,0,0
BRDA:34,4,0,0
BRDA:43,5,0,0
BRDA:43,5,1,0
BRDA:51,6,0,0
BRDA:51,6,1,0
BRDA:59,7,0,0
BRDA:62,8,0,0
BRF:11
BRH:0
end_of_record
