TN:
SF:src\config.ts
FNF:0
FNH:0
DA:1,9
DA:3,9
DA:4,9
LF:3
LH:3
BRDA:3,0,0,9
BRDA:3,0,1,9
BRDA:4,1,0,9
BRDA:4,1,1,0
BRF:4
BRH:3
end_of_record
TN:
SF:src\index.ts
FN:22,(anonymous_20)
FN:32,(anonymous_21)
FN:36,(anonymous_22)
FN:36,(anonymous_23)
FN:76,(anonymous_25)
FN:78,(anonymous_26)
FNF:6
FNH:2
FNDA:0,(anonymous_20)
FNDA:99,(anonymous_21)
FNDA:0,(anonymous_22)
FNDA:0,(anonymous_23)
FNDA:9,(anonymous_25)
FNDA:0,(anonymous_26)
DA:1,9
DA:3,9
DA:4,9
DA:5,9
DA:6,9
DA:7,9
DA:8,9
DA:9,9
DA:10,9
DA:11,9
DA:12,9
DA:13,9
DA:14,9
DA:15,9
DA:17,9
DA:21,9
DA:23,0
DA:26,9
DA:27,9
DA:28,9
DA:32,9
DA:33,99
DA:36,0
DA:37,0
DA:38,0
DA:40,0
DA:44,0
DA:49,0
DA:51,0
DA:57,9
DA:60,9
DA:61,9
DA:64,9
DA:68,9
DA:77,9
DA:78,0
DA:79,0
LF:37
LH:27
BRDA:38,0,0,0
BRDA:77,1,0,0
BRF:2
BRH:0
end_of_record
TN:
SF:src\logger.ts
FN:4,(anonymous_2)
FN:7,(anonymous_3)
FN:10,(anonymous_4)
FNF:3
FNH:1
FNDA:202,(anonymous_2)
FNDA:0,(anonymous_3)
FNDA:0,(anonymous_4)
DA:1,9
DA:3,9
DA:4,404
DA:5,202
DA:7,0
DA:8,0
DA:10,0
DA:11,0
DA:15,9
LF:9
LH:5
BRDA:5,0,0,0
BRDA:8,1,0,0
BRDA:11,2,0,0
BRF:3
BRH:0
end_of_record
TN:
SF:src\routes.ts
FNF:0
FNH:0
DA:1,9
DA:2,9
DA:4,9
LF:3
LH:3
BRF:0
BRH:0
end_of_record
TN:
SF:src\services.ts
FNF:0
FNH:0
DA:1,9
DA:2,9
DA:3,9
DA:4,9
DA:5,9
DA:6,9
DA:9,9
DA:10,9
DA:11,9
DA:12,9
DA:13,9
DA:14,9
LF:12
LH:12
BRF:0
BRH:0
end_of_record
TN:
SF:src\controller\ReportController.ts
FN:4,(anonymous_13)
FN:6,(anonymous_15)
FN:17,(anonymous_18)
FN:24,(anonymous_21)
FNF:4
FNH:1
FNDA:9,(anonymous_13)
FNDA:0,(anonymous_15)
FNDA:0,(anonymous_18)
FNDA:0,(anonymous_21)
DA:1,9
DA:4,9
DA:6,9
DA:7,0
DA:8,0
DA:13,0
DA:17,9
DA:18,0
DA:19,0
DA:20,0
DA:24,9
DA:25,0
DA:26,0
DA:28,9
LF:14
LH:6
BRDA:25,0,0,0
BRF:1
BRH:0
end_of_record
TN:
SF:src\controller\RequestController.ts
FN:12,(anonymous_13)
FN:15,(anonymous_15)
FN:38,(anonymous_18)
FN:56,(anonymous_21)
FN:71,(anonymous_24)
FN:71,(anonymous_25)
FN:83,(anonymous_27)
FN:90,(anonymous_28)
FN:90,(anonymous_29)
FN:103,(anonymous_31)
FNF:10
FNH:9
FNDA:16,(anonymous_13)
FNDA:7,(anonymous_15)
FNDA:0,(anonymous_18)
FNDA:4,(anonymous_21)
FNDA:2,(anonymous_24)
FNDA:2,(anonymous_25)
FNDA:2,(anonymous_27)
FNDA:2,(anonymous_28)
FNDA:2,(anonymous_29)
FNDA:3,(anonymous_31)
DA:1,9
DA:9,9
DA:12,9
DA:15,9
DA:20,7
DA:21,14
DA:22,0
DA:29,14
DA:31,2
DA:38,9
DA:43,0
DA:45,0
DA:46,0
DA:47,0
DA:48,0
DA:49,0
DA:56,9
DA:57,4
DA:58,4
DA:59,1
DA:62,3
DA:63,3
DA:65,4
DA:67,2
DA:68,2
DA:69,2
DA:70,2
DA:71,2
DA:72,2
DA:82,4
DA:83,2
DA:86,2
DA:87,2
DA:88,2
DA:89,2
DA:90,2
DA:91,2
DA:103,9
DA:104,3
DA:105,3
DA:106,1
DA:109,2
DA:110,2
DA:112,4
DA:113,0
DA:114,0
DA:115,0
DA:120,9
LF:48
LH:38
BRDA:21,0,0,7
BRDA:43,1,0,0
BRDA:57,2,0,4
BRDA:57,2,1,3
BRDA:58,3,0,1
BRDA:65,4,0,1
BRDA:82,5,0,1
BRDA:104,6,0,3
BRDA:105,7,0,1
BRDA:112,8,0,2
BRF:10
BRH:9
end_of_record
TN:
SF:src\controller\SessionController.ts
FN:9,(anonymous_15)
FN:12,(anonymous_17)
FN:35,(anonymous_20)
FN:45,(anonymous_23)
FN:60,(anonymous_26)
FN:83,(anonymous_29)
FN:98,(anonymous_32)
FN:118,(anonymous_35)
FN:133,(anonymous_38)
FN:148,(anonymous_41)
FN:164,(anonymous_44)
FN:174,(anonymous_47)
FN:183,(anonymous_48)
FNF:13
FNH:13
FNDA:104,(anonymous_15)
FNDA:95,(anonymous_17)
FNDA:3,(anonymous_20)
FNDA:7,(anonymous_23)
FNDA:27,(anonymous_26)
FNDA:7,(anonymous_29)
FNDA:4,(anonymous_32)
FNDA:1,(anonymous_35)
FNDA:1,(anonymous_38)
FNDA:1,(anonymous_41)
FNDA:39,(anonymous_44)
FNDA:47,(anonymous_47)
FNDA:4,(anonymous_48)
DA:1,9
DA:2,9
DA:6,9
DA:9,9
DA:12,9
DA:17,95
DA:18,189
DA:19,1
DA:26,188
DA:28,3
DA:35,9
DA:36,3
DA:37,4
DA:45,9
DA:50,7
DA:51,14
DA:52,14
DA:60,9
DA:65,27
DA:66,27
DA:67,54
DA:75,54
DA:83,9
DA:88,7
DA:89,14
DA:90,14
DA:98,9
DA:103,4
DA:104,4
DA:105,8
DA:110,8
DA:118,9
DA:123,1
DA:124,2
DA:125,2
DA:133,9
DA:138,1
DA:139,2
DA:140,2
DA:148,9
DA:153,1
DA:154,1
DA:155,2
DA:156,2
DA:164,9
DA:165,39
DA:169,37
DA:170,37
DA:171,37
DA:172,37
DA:173,37
DA:174,47
DA:183,9
DA:184,8
DA:185,4
DA:186,4
DA:187,4
DA:190,9
LF:58
LH:58
BRDA:18,0,0,94
BRDA:36,1,0,3
BRDA:50,2,0,7
BRDA:88,3,0,7
BRDA:103,4,0,4
BRDA:123,5,0,1
BRDA:138,6,0,1
BRDA:153,7,0,1
BRDA:165,8,0,39
BRDA:167,9,0,39
BRDA:167,9,1,27
BRDA:167,10,0,27
BRDA:167,10,1,12
BRDA:167,11,0,39
BRDA:167,11,1,39
BRDA:167,12,0,0
BRDA:167,12,1,39
BRDA:167,13,0,39
BRDA:167,13,1,39
BRDA:184,14,0,4
BRF:20
BRH:19
end_of_record
TN:
SF:src\controller\UserController.ts
FN:11,(anonymous_13)
FN:14,(anonymous_15)
FN:24,(anonymous_18)
FN:24,(anonymous_19)
FN:37,(anonymous_21)
FN:40,(anonymous_24)
FN:40,(anonymous_25)
FN:47,(anonymous_27)
FN:59,(anonymous_30)
FN:66,(anonymous_33)
FN:69,(anonymous_36)
FN:69,(anonymous_37)
FN:80,(anonymous_39)
FN:86,(anonymous_42)
FN:86,(anonymous_43)
FN:93,(anonymous_45)
FN:99,(anonymous_48)
FN:106,(anonymous_51)
FN:106,(anonymous_52)
FN:119,(anonymous_54)
FN:142,(anonymous_57)
FN:149,(anonymous_60)
FN:149,(anonymous_61)
FN:161,(anonymous_63)
FNF:24
FNH:3
FNDA:13,(anonymous_13)
FNDA:0,(anonymous_15)
FNDA:0,(anonymous_18)
FNDA:0,(anonymous_19)
FNDA:0,(anonymous_21)
FNDA:0,(anonymous_24)
FNDA:0,(anonymous_25)
FNDA:0,(anonymous_27)
FNDA:0,(anonymous_30)
FNDA:0,(anonymous_33)
FNDA:0,(anonymous_36)
FNDA:0,(anonymous_37)
FNDA:0,(anonymous_39)
FNDA:0,(anonymous_42)
FNDA:0,(anonymous_43)
FNDA:0,(anonymous_45)
FNDA:0,(anonymous_48)
FNDA:0,(anonymous_51)
FNDA:0,(anonymous_52)
FNDA:4,(anonymous_54)
FNDA:0,(anonymous_57)
FNDA:0,(anonymous_60)
FNDA:0,(anonymous_61)
FNDA:4,(anonymous_63)
DA:1,9
DA:7,9
DA:11,9
DA:14,9
DA:16,0
DA:19,0
DA:20,0
DA:21,0
DA:23,0
DA:24,0
DA:25,0
DA:37,9
DA:38,0
DA:39,0
DA:40,0
DA:41,0
DA:47,9
DA:48,0
DA:51,0
DA:52,0
DA:54,0
DA:58,0
DA:59,0
DA:60,0
DA:66,9
DA:67,0
DA:68,0
DA:69,0
DA:70,0
DA:80,9
DA:81,0
DA:85,0
DA:86,0
DA:87,0
DA:93,9
DA:94,0
DA:95,0
DA:99,9
DA:100,0
DA:105,0
DA:106,0
DA:107,0
DA:108,0
DA:119,9
DA:124,4
DA:125,8
DA:126,0
DA:133,8
DA:135,0
DA:142,9
DA:143,0
DA:145,0
DA:146,0
DA:147,0
DA:148,0
DA:149,0
DA:150,0
DA:161,9
DA:162,4
DA:168,9
LF:60
LH:18
BRDA:16,0,0,0
BRDA:16,0,1,0
BRDA:20,1,0,0
BRDA:25,2,0,0
BRDA:25,2,1,0
BRDA:38,3,0,0
BRDA:48,4,0,0
BRDA:51,5,0,0
BRDA:67,6,0,0
BRDA:81,7,0,0
BRDA:94,8,0,0
BRDA:100,9,0,0
BRDA:107,10,0,0
BRDA:125,11,0,4
BRDA:143,12,0,0
BRDA:162,13,0,4
BRDA:164,14,0,0
BRDA:164,14,1,4
BRDA:164,15,0,4
BRDA:164,15,1,4
BRDA:164,16,0,0
BRDA:164,16,1,4
BRDA:164,17,0,4
BRDA:164,17,1,4
BRDA:165,18,0,0
BRDA:165,18,1,4
BRDA:165,19,0,4
BRDA:165,19,1,4
BRDA:165,20,0,0
BRDA:165,20,1,4
BRDA:165,21,0,4
BRDA:165,21,1,4
BRF:32
BRH:14
end_of_record
TN:
SF:src\controller\WebsocketController.ts
FN:21,authenticateSocket
FN:45,(anonymous_17)
FN:45,(anonymous_18)
FN:70,handleConnection
FN:76,(anonymous_23)
FN:78,(anonymous_26)
FN:82,message
FN:112,close
FNF:8
FNH:8
FNDA:76,authenticateSocket
FNDA:18,(anonymous_17)
FNDA:18,(anonymous_18)
FNDA:76,handleConnection
FNDA:150,(anonymous_23)
FNDA:19,(anonymous_26)
FNDA:109,message
FNDA:66,close
DA:1,9
DA:2,9
DA:3,9
DA:4,9
DA:10,9
DA:11,9
DA:22,76
DA:23,1
DA:24,1
DA:27,75
DA:33,75
DA:34,1
DA:35,1
DA:37,148
DA:40,74
DA:41,74
DA:42,74
DA:43,74
DA:44,74
DA:45,74
DA:46,18
DA:54,74
DA:55,74
DA:56,74
DA:57,74
DA:58,74
DA:59,74
DA:64,74
DA:66,74
DA:70,9
DA:72,76
DA:74,76
DA:76,76
DA:78,150
DA:82,76
DA:83,109
DA:84,109
DA:85,108
DA:86,1
DA:88,107
DA:90,95
DA:91,95
DA:93,4
DA:94,4
DA:96,7
DA:97,7
DA:99,1
DA:105,1
DA:112,76
DA:113,66
DA:114,66
DA:116,69
DA:117,126
DA:118,126
DA:121,69
DA:122,126
LF:56
LH:56
BRDA:22,0,0,1
BRDA:33,1,0,1
BRDA:72,2,0,76
BRDA:85,3,0,1
BRDA:85,3,1,107
BRDA:88,4,0,95
BRDA:88,4,1,4
BRDA:88,4,2,7
BRDA:88,4,3,1
BRDA:116,5,0,3
BRDA:121,6,0,3
BRF:11
BRH:11
end_of_record
TN:
SF:src\middleware\CurrentUser.ts
FN:6,findCurrentUser
FNF:1
FNH:0
FNDA:0,findCurrentUser
DA:2,9
DA:6,9
DA:11,0
DA:12,0
DA:15,0
DA:16,0
DA:17,0
DA:19,0
DA:20,0
DA:21,0
DA:23,0
DA:24,0
DA:25,0
DA:27,0
LF:14
LH:2
BRDA:11,0,0,0
BRDA:11,0,1,0
BRDA:15,1,0,0
BRDA:15,2,0,0
BRDA:15,2,1,0
BRDA:19,3,0,0
BRDA:19,4,0,0
BRDA:19,4,1,0
BRDA:23,5,0,0
BRF:9
BRH:0
end_of_record
TN:
SF:src\middleware\ErrorHandler.ts
FN:4,handleError
FNF:1
FNH:0
FNDA:0,handleError
DA:4,9
DA:10,0
LF:2
LH:1
BRDA:10,0,0,0
BRDA:10,0,1,0
BRF:2
BRH:0
end_of_record
TN:
SF:src\models\Queue.ts
FN:1,(anonymous_2)
FN:10,Song
FN:20,(anonymous_4)
FN:25,Queue
FN:35,(anonymous_6)
FN:43,(anonymous_7)
FN:47,(anonymous_8)
FN:60,(anonymous_9)
FN:77,(anonymous_10)
FN:92,(anonymous_11)
FN:112,(anonymous_12)
FN:128,(anonymous_13)
FN:140,(anonymous_14)
FNF:13
FNH:13
FNDA:9,(anonymous_2)
FNDA:51,Song
FNDA:9,(anonymous_4)
FNDA:28,Queue
FNDA:7,(anonymous_6)
FNDA:26,(anonymous_7)
FNDA:15,(anonymous_8)
FNDA:1,(anonymous_9)
FNDA:7,(anonymous_10)
FNDA:31,(anonymous_11)
FNDA:7,(anonymous_12)
FNDA:4,(anonymous_13)
FNDA:1,(anonymous_14)
DA:1,9
DA:11,51
DA:12,51
DA:13,51
DA:14,51
DA:15,51
DA:16,51
DA:18,9
DA:20,9
DA:26,28
DA:27,28
DA:28,28
DA:35,9
DA:36,7
DA:37,7
DA:38,7
DA:43,44
DA:44,26
DA:45,22
DA:46,22
DA:47,22
DA:48,15
DA:49,15
DA:52,4
DA:60,9
DA:61,1
DA:62,1
DA:63,1
DA:64,1
DA:65,1
DA:66,1
DA:67,1
DA:68,1
DA:77,9
DA:78,7
DA:79,1
DA:81,7
DA:82,7
DA:92,9
DA:94,31
DA:98,31
DA:99,31
DA:100,31
DA:103,31
DA:104,6
DA:112,9
DA:113,7
DA:114,3
DA:115,3
DA:116,3
DA:118,4
DA:128,9
DA:129,4
DA:130,4
DA:131,4
DA:140,9
DA:141,1
DA:142,1
DA:145,1
DA:146,1
DA:148,1
DA:153,1
DA:156,1
DA:157,1
DA:159,9
LF:65
LH:65
BRDA:36,0,0,7
BRDA:36,1,0,7
BRDA:36,1,1,7
BRDA:43,2,0,18
BRDA:44,3,0,22
BRDA:44,3,1,4
BRDA:50,4,0,8
BRDA:50,4,1,14
BRDA:61,5,0,1
BRDA:78,6,0,1
BRDA:94,7,0,24
BRDA:94,7,1,7
BRDA:94,8,0,31
BRDA:94,8,1,8
BRDA:94,8,2,8
BRDA:96,9,0,0
BRDA:96,9,1,7
BRDA:98,10,0,18
BRDA:98,10,1,13
BRDA:103,11,0,6
BRDA:103,12,0,31
BRDA:103,12,1,13
BRDA:113,13,0,3
BRDA:113,13,1,4
BRDA:130,14,0,4
BRDA:141,15,0,1
BRDA:146,16,0,1
BRF:27
BRH:26
end_of_record
TN:
SF:src\models\SessionModels.ts
FN:6,(anonymous_6)
FN:7,SessionMessage
FNF:2
FNH:2
FNDA:9,(anonymous_6)
FNDA:98,SessionMessage
DA:2,9
DA:6,9
DA:8,98
DA:9,98
DA:11,98
DA:13,9
LF:6
LH:6
BRDA:11,0,0,98
BRDA:11,0,1,98
BRF:2
BRH:2
end_of_record
TN:
SF:src\models\UserModels.ts
FN:12,transformUsers
FN:17,(anonymous_24)
FN:17,(anonymous_25)
FN:22,transformUser
FN:34,transformObject
FN:41,(anonymous_31)
FN:42,FriendsMessage
FN:50,(anonymous_33)
FN:51,RequestsMessage
FNF:9
FNH:9
FNDA:259,transformUsers
FNDA:34,(anonymous_24)
FNDA:102,(anonymous_25)
FNDA:240,transformUser
FNDA:332,transformObject
FNDA:9,(anonymous_31)
FNDA:220,FriendsMessage
FNDA:9,(anonymous_33)
FNDA:78,RequestsMessage
DA:1,9
DA:2,9
DA:12,9
DA:16,259
DA:17,68
DA:22,9
DA:26,240
DA:27,240
DA:30,332
DA:34,9
DA:35,332
DA:36,235
DA:38,97
DA:41,9
DA:43,220
DA:44,220
DA:46,220
DA:48,9
DA:50,9
DA:52,78
DA:53,78
DA:55,78
DA:57,9
LF:23
LH:23
BRDA:16,0,0,259
BRDA:16,0,1,259
BRDA:17,1,0,34
BRDA:17,1,1,34
BRDA:26,2,0,240
BRDA:30,3,0,74
BRDA:35,4,0,235
BRDA:35,5,0,332
BRDA:35,5,1,235
BRDA:36,6,0,162
BRDA:36,6,1,73
BRDA:46,7,0,220
BRDA:46,7,1,220
BRDA:55,8,0,78
BRDA:55,8,1,78
BRF:15
BRH:15
end_of_record
TN:
SF:src\models\WebsocketModels.ts
FN:4,(anonymous_0)
FN:5,SocketMessage
FNF:2
FNH:2
FNDA:9,(anonymous_0)
FNDA:396,SocketMessage
DA:4,9
DA:6,396
DA:7,396
DA:8,396
DA:9,396
DA:11,9
LF:6
LH:6
BRF:0
BRH:0
end_of_record
TN:
SF:src\routes\ReportRoutes.ts
FNF:0
FNH:0
DA:1,9
DA:2,9
DA:4,9
LF:3
LH:3
BRF:0
BRH:0
end_of_record
TN:
SF:src\routes\UserRoutes.ts
FN:78,(anonymous_0)
FN:88,(anonymous_1)
FNF:2
FNH:0
FNDA:0,(anonymous_0)
FNDA:0,(anonymous_1)
DA:1,9
DA:2,9
DA:4,9
DA:79,0
DA:86,0
DA:89,0
DA:93,0
DA:97,0
LF:8
LH:3
BRDA:86,0,0,0
BRDA:89,1,0,0
BRDA:89,1,1,0
BRDA:89,2,0,0
BRDA:89,2,1,0
BRDA:89,3,0,0
BRDA:89,3,1,0
BRDA:90,4,0,0
BRDA:90,4,1,0
BRDA:90,5,0,0
BRDA:90,5,1,0
BRF:11
BRH:0
end_of_record
TN:
SF:src\services\ReportService.ts
FN:4,(anonymous_13)
FN:8,(anonymous_15)
FN:25,(anonymous_18)
FN:38,(anonymous_21)
FNF:4
FNH:1
FNDA:18,(anonymous_13)
FNDA:0,(anonymous_15)
FNDA:0,(anonymous_18)
FNDA:0,(anonymous_21)
DA:2,9
DA:4,9
DA:5,9
DA:8,9
DA:13,0
DA:25,9
DA:26,0
DA:38,9
DA:39,0
DA:44,9
LF:10
LH:7
BRDA:13,0,0,0
BRDA:13,0,1,0
BRDA:26,1,0,0
BRDA:26,1,1,0
BRDA:39,2,0,0
BRF:5
BRH:0
end_of_record
TN:
SF:src\services\SessionService.ts
FN:8,(anonymous_17)
FN:13,(anonymous_19)
FN:23,(anonymous_22)
FN:84,(anonymous_23)
FN:124,(anonymous_26)
FN:133,(anonymous_29)
FN:144,(anonymous_32)
FN:145,(anonymous_33)
FN:150,(anonymous_34)
FN:155,(anonymous_37)
FN:157,(anonymous_38)
FN:163,(anonymous_39)
FN:172,(anonymous_42)
FN:178,(anonymous_43)
FN:180,(anonymous_46)
FN:186,(anonymous_47)
FN:188,(anonymous_50)
FN:194,(anonymous_51)
FN:196,(anonymous_54)
FN:202,(anonymous_55)
FN:204,(anonymous_58)
FN:210,(anonymous_59)
FN:212,(anonymous_62)
FN:218,(anonymous_63)
FN:220,(anonymous_66)
FN:225,(anonymous_67)
FNF:26
FNH:26
FNDA:22,(anonymous_17)
FNDA:40,(anonymous_19)
FNDA:11,(anonymous_22)
FNDA:106,(anonymous_23)
FNDA:51,(anonymous_26)
FNDA:104,(anonymous_29)
FNDA:132,(anonymous_32)
FNDA:28,(anonymous_33)
FNDA:7,(anonymous_34)
FNDA:7,(anonymous_37)
FNDA:24,(anonymous_38)
FNDA:27,(anonymous_39)
FNDA:27,(anonymous_42)
FNDA:7,(anonymous_43)
FNDA:7,(anonymous_46)
FNDA:4,(anonymous_47)
FNDA:4,(anonymous_50)
FNDA:1,(anonymous_51)
FNDA:1,(anonymous_54)
FNDA:1,(anonymous_55)
FNDA:1,(anonymous_58)
FNDA:1,(anonymous_59)
FNDA:1,(anonymous_62)
FNDA:61,(anonymous_63)
FNDA:61,(anonymous_66)
FNDA:67,(anonymous_67)
DA:1,9
DA:2,9
DA:3,9
DA:5,9
DA:6,9
DA:8,9
DA:9,13
DA:10,13
DA:13,9
DA:17,68
DA:18,12
DA:23,12
DA:25,1
DA:31,78
DA:34,67
DA:35,11
DA:36,11
DA:37,1
DA:40,10
DA:43,10
DA:44,1
DA:46,9
DA:53,28
DA:57,28
DA:64,37
DA:65,74
DA:66,37
DA:68,37
DA:69,37
DA:70,37
DA:75,37
DA:80,37
DA:84,9
DA:86,106
DA:91,106
DA:92,70
DA:96,36
DA:97,53
DA:98,38
DA:102,34
DA:109,36
DA:110,55
DA:112,34
DA:113,17
DA:115,17
DA:116,17
DA:117,17
DA:124,9
DA:125,51
DA:126,51
DA:127,1
DA:129,50
DA:133,9
DA:134,104
DA:140,104
DA:141,104
DA:143,104
DA:144,132
DA:145,28
DA:146,208
DA:150,9
DA:154,7
DA:155,14
DA:156,7
DA:157,24
DA:163,9
DA:171,27
DA:172,54
DA:173,27
DA:178,9
DA:179,7
DA:180,14
DA:181,7
DA:186,9
DA:187,4
DA:188,8
DA:189,4
DA:194,9
DA:195,1
DA:196,2
DA:197,1
DA:202,9
DA:203,1
DA:204,2
DA:205,1
DA:210,9
DA:211,1
DA:212,2
DA:213,1
DA:218,9
DA:219,61
DA:220,61
DA:221,61
DA:222,61
DA:226,67
DA:231,9
LF:96
LH:96
BRDA:53,0,0,28
BRDA:53,0,1,37
BRDA:53,0,2,37
BRDA:17,1,0,28
BRDA:23,2,0,1
BRDA:23,3,0,12
BRDA:23,3,1,10
BRDA:34,4,0,28
BRDA:36,5,0,1
BRDA:43,6,0,1
BRDA:86,7,0,106
BRDA:86,7,1,17
BRDA:86,7,2,36
BRDA:91,8,0,70
BRDA:97,9,0,17
BRDA:110,10,0,19
BRDA:125,11,0,51
BRDA:126,12,0,1
BRDA:134,13,0,104
BRDA:220,14,0,61
BRDA:224,15,0,61
BRDA:224,15,1,0
BRDA:224,16,0,61
BRDA:224,16,1,61
BRDA:224,17,0,61
BRDA:224,17,1,0
BRDA:224,18,0,61
BRDA:224,18,1,61
BRF:28
BRH:26
end_of_record
TN:
SF:src\services\UserMatchingService.ts
FN:4,(anonymous_19)
FN:70,UserMatchingService
FN:9,(anonymous_21)
FN:14,(anonymous_24)
FN:28,(anonymous_25)
FN:35,(anonymous_26)
FN:56,(anonymous_29)
FN:63,(anonymous_30)
FN:75,(anonymous_31)
FN:84,(anonymous_32)
FN:85,(anonymous_33)
FN:88,(anonymous_34)
FN:96,(anonymous_35)
FN:116,(anonymous_36)
FN:118,(anonymous_39)
FN:162,(anonymous_42)
FN:182,(anonymous_43)
FN:194,(anonymous_46)
FN:199,(anonymous_47)
FN:204,(anonymous_48)
FNF:20
FNH:3
FNDA:9,(anonymous_19)
FNDA:9,UserMatchingService
FNDA:0,(anonymous_21)
FNDA:0,(anonymous_24)
FNDA:0,(anonymous_25)
FNDA:0,(anonymous_26)
FNDA:0,(anonymous_29)
FNDA:0,(anonymous_30)
FNDA:9,(anonymous_31)
FNDA:0,(anonymous_32)
FNDA:0,(anonymous_33)
FNDA:0,(anonymous_34)
FNDA:0,(anonymous_35)
FNDA:0,(anonymous_36)
FNDA:0,(anonymous_39)
FNDA:0,(anonymous_42)
FNDA:0,(anonymous_43)
FNDA:0,(anonymous_46)
FNDA:0,(anonymous_47)
FNDA:0,(anonymous_48)
DA:2,9
DA:4,9
DA:5,9
DA:6,9
DA:9,9
DA:10,0
DA:12,0
DA:14,0
DA:15,0
DA:16,0
DA:18,0
DA:19,0
DA:28,0
DA:31,0
DA:35,9
DA:38,0
DA:55,0
DA:58,0
DA:61,0
DA:64,0
DA:68,9
DA:71,9
DA:75,9
DA:76,9
DA:78,909
DA:79,909
DA:84,9
DA:85,0
DA:87,0
DA:88,0
DA:89,0
DA:92,0
DA:93,0
DA:96,0
DA:97,0
DA:98,0
DA:102,0
DA:105,0
DA:112,0
DA:116,9
DA:117,0
DA:118,0
DA:120,0
DA:121,0
DA:122,0
DA:124,0
DA:126,0
DA:127,0
DA:130,0
DA:131,0
DA:132,0
DA:134,0
DA:136,0
DA:140,0
DA:146,0
DA:147,0
DA:151,0
DA:153,0
DA:155,0
DA:157,0
DA:159,0
DA:161,0
DA:162,0
DA:167,0
DA:169,0
DA:171,0
DA:172,0
DA:178,0
DA:182,9
DA:184,0
DA:186,0
DA:188,0
DA:189,0
DA:190,0
DA:194,0
DA:197,0
DA:199,0
DA:202,0
DA:204,0
DA:206,0
DA:208,9
LF:81
LH:16
BRDA:31,0,0,0
BRDA:10,1,0,0
BRDA:14,2,0,0
BRDA:38,3,0,0
BRDA:58,4,0,0
BRDA:58,4,1,0
BRDA:97,5,0,0
BRDA:117,6,0,0
BRDA:117,6,1,0
BRDA:120,7,0,0
BRDA:120,7,1,0
BRDA:120,8,0,0
BRDA:120,8,1,0
BRDA:126,9,0,0
BRDA:130,10,0,0
BRDA:132,11,0,0
BRDA:136,12,0,0
BRDA:136,13,0,0
BRDA:136,13,1,0
BRDA:146,14,0,0
BRDA:155,15,0,0
BRDA:161,16,0,0
BRDA:161,17,0,0
BRDA:161,17,1,0
BRDA:161,17,2,0
BRDA:171,18,0,0
BRDA:184,19,0,0
BRDA:188,20,0,0
BRDA:188,20,1,0
BRDA:188,20,2,0
BRDA:188,21,0,0
BRDA:189,22,0,0
BRDA:197,23,0,0
BRF:33
BRH:0
end_of_record
TN:
SF:src\services\UserService.ts
FN:5,(anonymous_15)
FN:10,(anonymous_17)
FN:19,(anonymous_20)
FN:19,(anonymous_21)
FN:20,(anonymous_22)
FN:20,(anonymous_23)
FN:25,(anonymous_24)
FN:35,(anonymous_27)
FN:36,(anonymous_28)
FN:39,(anonymous_29)
FN:40,(anonymous_30)
FN:43,(anonymous_31)
FN:44,(anonymous_32)
FN:51,(anonymous_33)
FN:69,(anonymous_36)
FN:89,(anonymous_39)
FN:92,(anonymous_42)
FN:100,(anonymous_43)
FN:114,(anonymous_46)
FN:115,(anonymous_47)
FN:123,(anonymous_48)
FN:137,(anonymous_51)
FN:138,(anonymous_52)
FN:146,(anonymous_53)
FN:153,(anonymous_56)
FN:163,(anonymous_59)
FN:176,(anonymous_62)
FN:183,(anonymous_65)
FN:198,(anonymous_68)
FN:221,(anonymous_71)
FN:221,(anonymous_72)
FNF:31
FNH:28
FNDA:18,(anonymous_15)
FNDA:227,(anonymous_17)
FNDA:63,(anonymous_20)
FNDA:63,(anonymous_21)
FNDA:59,(anonymous_22)
FNDA:59,(anonymous_23)
FNDA:83,(anonymous_24)
FNDA:25,(anonymous_27)
FNDA:23,(anonymous_28)
FNDA:25,(anonymous_29)
FNDA:19,(anonymous_30)
FNDA:23,(anonymous_31)
FNDA:19,(anonymous_32)
FNDA:30,(anonymous_33)
FNDA:2,(anonymous_36)
FNDA:144,(anonymous_39)
FNDA:33,(anonymous_42)
FNDA:29,(anonymous_43)
FNDA:3,(anonymous_46)
FNDA:4,(anonymous_47)
FNDA:445,(anonymous_48)
FNDA:77,(anonymous_51)
FNDA:77,(anonymous_52)
FNDA:112,(anonymous_53)
FNDA:144,(anonymous_56)
FNDA:0,(anonymous_59)
FNDA:0,(anonymous_62)
FNDA:0,(anonymous_65)
FNDA:144,(anonymous_68)
FNDA:144,(anonymous_71)
FNDA:144,(anonymous_72)
DA:1,9
DA:2,9
DA:3,9
DA:5,9
DA:6,9
DA:7,9
DA:10,9
DA:11,227
DA:19,227
DA:20,63
DA:25,9
DA:28,83
DA:35,83
DA:36,83
DA:38,83
DA:40,25
DA:42,83
DA:44,23
DA:47,83
DA:51,9
DA:53,30
DA:62,30
DA:64,0
DA:69,9
DA:71,4
DA:77,4
DA:83,2
DA:85,0
DA:89,9
DA:90,144
DA:91,144
DA:92,33
DA:95,144
DA:96,288
DA:100,9
DA:106,29
DA:114,29
DA:115,26
DA:116,26
DA:118,3
DA:123,9
DA:129,445
DA:137,445
DA:138,445
DA:139,445
DA:141,0
DA:146,9
DA:147,112
DA:153,9
DA:154,144
DA:163,9
DA:164,0
DA:165,0
DA:170,0
DA:176,9
DA:177,0
DA:183,9
DA:188,0
DA:198,9
DA:203,144
DA:206,146
DA:207,141
DA:209,144
DA:210,69
DA:214,144
DA:217,288
DA:218,144
DA:219,144
DA:220,144
DA:221,144
DA:222,144
DA:230,144
DA:232,9
LF:73
LH:65
BRDA:11,0,0,227
BRDA:28,1,0,83
BRDA:90,2,0,144
BRDA:147,3,0,112
BRDA:147,3,1,112
BRDA:154,4,0,144
BRDA:154,4,1,144
BRDA:164,5,0,0
BRDA:164,6,0,0
BRDA:177,7,0,0
BRDA:177,7,1,0
BRDA:188,8,0,0
BRDA:188,8,1,0
BRDA:193,9,0,0
BRDA:193,9,1,0
BRDA:206,10,0,2
BRDA:206,11,0,64
BRDA:206,11,1,78
BRDA:206,12,0,142
BRDA:206,12,1,78
BRDA:206,13,0,141
BRDA:206,14,0,144
BRDA:206,14,1,38
BRDA:207,15,0,99
BRDA:207,15,1,42
BRDA:209,16,0,69
BRDA:210,17,0,63
BRDA:210,17,1,6
BRF:28
BRH:20
end_of_record
TN:
SF:src\services\WebsocketService.ts
FN:7,(anonymous_14)
FN:12,(anonymous_16)
FN:13,(anonymous_19)
FN:25,(anonymous_22)
FN:26,(anonymous_25)
FN:34,(anonymous_26)
FN:35,(anonymous_29)
FN:42,(anonymous_30)
FN:43,(anonymous_33)
FN:50,(anonymous_34)
FN:51,(anonymous_37)
FN:52,(anonymous_38)
FNF:12
FNH:12
FNDA:18,(anonymous_14)
FNDA:74,(anonymous_16)
FNDA:148,(anonymous_19)
FNDA:63,(anonymous_22)
FNDA:63,(anonymous_25)
FNDA:7,(anonymous_26)
FNDA:7,(anonymous_29)
FNDA:66,(anonymous_30)
FNDA:66,(anonymous_33)
FNDA:248,(anonymous_34)
FNDA:248,(anonymous_37)
FNDA:61,(anonymous_38)
DA:1,9
DA:3,9
DA:4,9
DA:7,9
DA:8,9
DA:9,9
DA:12,9
DA:13,148
DA:14,74
DA:15,74
DA:16,1
DA:17,1
DA:19,73
DA:20,73
DA:25,9
DA:26,126
DA:27,63
DA:28,63
DA:29,63
DA:34,9
DA:35,7
DA:36,7
DA:37,7
DA:42,9
DA:43,66
DA:44,66
DA:45,66
DA:50,9
DA:51,496
DA:52,248
DA:53,61
DA:54,61
DA:58,9
LF:33
LH:33
BRDA:13,0,0,74
BRDA:14,1,0,74
BRDA:15,2,0,1
BRDA:26,3,0,63
BRDA:35,4,0,7
BRDA:35,4,1,7
BRDA:43,5,0,66
BRDA:43,5,1,66
BRDA:51,6,0,248
BRDA:54,7,0,40
BRF:10
BRH:10
end_of_record
TN:
SF:test\websocket\songModels.ts
FNF:0
FNH:0
DA:1,2
DA:5,2
DA:11,2
DA:15,2
LF:4
LH:4
BRF:0
BRH:0
end_of_record
