<?xml version="1.0" encoding="UTF-8"?>
<coverage generated="1700359701050" clover="3.2.0">
  <project timestamp="1700359701050" name="All files">
    <metrics statements="713" coveredstatements="547" conditionals="242" coveredconditionals="148" methods="187" coveredmethods="129" elements="1142" coveredelements="824" complexity="0" loc="713" ncloc="713" packages="7" files="24" classes="24"/>
    <package name="src">
      <metrics statements="65" coveredstatements="51" conditionals="11" coveredconditionals="5" methods="9" coveredmethods="3"/>
      <file name="config.ts" path="C:\Users\Theo Siemens-Rhodes\Documents\CPEN321\CPEN321-TuneMatch\backend\src\config.ts">
        <metrics statements="4" coveredstatements="4" conditionals="6" coveredconditionals="4" methods="0" coveredmethods="0"/>
        <line num="1" count="9" type="stmt"/>
        <line num="3" count="9" type="cond" truecount="2" falsecount="0"/>
        <line num="4" count="9" type="cond" truecount="1" falsecount="1"/>
        <line num="5" count="9" type="cond" truecount="1" falsecount="1"/>
      </file>
      <file name="index.ts" path="C:\Users\Theo Siemens-Rhodes\Documents\CPEN321\CPEN321-TuneMatch\backend\src\index.ts">
        <metrics statements="37" coveredstatements="27" conditionals="2" coveredconditionals="0" methods="6" coveredmethods="2"/>
        <line num="1" count="9" type="stmt"/>
        <line num="3" count="9" type="stmt"/>
        <line num="4" count="9" type="stmt"/>
        <line num="5" count="9" type="stmt"/>
        <line num="6" count="9" type="stmt"/>
        <line num="7" count="9" type="stmt"/>
        <line num="8" count="9" type="stmt"/>
        <line num="9" count="9" type="stmt"/>
        <line num="10" count="9" type="stmt"/>
        <line num="11" count="9" type="stmt"/>
        <line num="12" count="9" type="stmt"/>
        <line num="13" count="9" type="stmt"/>
        <line num="14" count="9" type="stmt"/>
        <line num="15" count="9" type="stmt"/>
        <line num="17" count="9" type="stmt"/>
        <line num="21" count="9" type="stmt"/>
        <line num="23" count="0" type="stmt"/>
        <line num="26" count="9" type="stmt"/>
        <line num="27" count="9" type="stmt"/>
        <line num="28" count="9" type="stmt"/>
        <line num="32" count="9" type="stmt"/>
        <line num="33" count="99" type="stmt"/>
        <line num="36" count="0" type="stmt"/>
        <line num="37" count="0" type="stmt"/>
        <line num="38" count="0" type="cond" truecount="0" falsecount="1"/>
        <line num="40" count="0" type="stmt"/>
        <line num="44" count="0" type="stmt"/>
        <line num="49" count="0" type="stmt"/>
        <line num="51" count="0" type="stmt"/>
        <line num="57" count="9" type="stmt"/>
        <line num="60" count="9" type="stmt"/>
        <line num="61" count="9" type="stmt"/>
        <line num="64" count="9" type="stmt"/>
        <line num="68" count="9" type="stmt"/>
        <line num="77" count="9" type="cond" truecount="0" falsecount="1"/>
        <line num="78" count="0" type="stmt"/>
        <line num="79" count="0" type="stmt"/>
      </file>
      <file name="logger.ts" path="C:\Users\Theo Siemens-Rhodes\Documents\CPEN321\CPEN321-TuneMatch\backend\src\logger.ts">
        <metrics statements="9" coveredstatements="5" conditionals="3" coveredconditionals="1" methods="3" coveredmethods="1"/>
        <line num="1" count="9" type="stmt"/>
        <line num="3" count="9" type="stmt"/>
        <line num="4" count="266" type="stmt"/>
        <line num="5" count="133" type="cond" truecount="1" falsecount="0"/>
        <line num="7" count="0" type="stmt"/>
        <line num="8" count="0" type="cond" truecount="0" falsecount="1"/>
        <line num="10" count="0" type="stmt"/>
        <line num="11" count="0" type="cond" truecount="0" falsecount="1"/>
        <line num="15" count="9" type="stmt"/>
      </file>
      <file name="routes.ts" path="C:\Users\Theo Siemens-Rhodes\Documents\CPEN321\CPEN321-TuneMatch\backend\src\routes.ts">
        <metrics statements="3" coveredstatements="3" conditionals="0" coveredconditionals="0" methods="0" coveredmethods="0"/>
        <line num="1" count="9" type="stmt"/>
        <line num="2" count="9" type="stmt"/>
        <line num="4" count="9" type="stmt"/>
      </file>
      <file name="services.ts" path="C:\Users\Theo Siemens-Rhodes\Documents\CPEN321\CPEN321-TuneMatch\backend\src\services.ts">
        <metrics statements="12" coveredstatements="12" conditionals="0" coveredconditionals="0" methods="0" coveredmethods="0"/>
        <line num="1" count="9" type="stmt"/>
        <line num="2" count="9" type="stmt"/>
        <line num="3" count="9" type="stmt"/>
        <line num="4" count="9" type="stmt"/>
        <line num="5" count="9" type="stmt"/>
        <line num="6" count="9" type="stmt"/>
        <line num="9" count="9" type="stmt"/>
        <line num="10" count="9" type="stmt"/>
        <line num="11" count="9" type="stmt"/>
        <line num="12" count="9" type="stmt"/>
        <line num="13" count="9" type="stmt"/>
        <line num="14" count="9" type="stmt"/>
      </file>
    </package>
    <package name="src.controller">
      <metrics statements="234" coveredstatements="173" conditionals="67" coveredconditionals="47" methods="57" coveredmethods="32"/>
      <file name="ReportController.ts" path="C:\Users\Theo Siemens-Rhodes\Documents\CPEN321\CPEN321-TuneMatch\backend\src\controller\ReportController.ts">
        <metrics statements="14" coveredstatements="6" conditionals="1" coveredconditionals="0" methods="4" coveredmethods="1"/>
        <line num="1" count="9" type="stmt"/>
        <line num="4" count="9" type="stmt"/>
        <line num="6" count="9" type="stmt"/>
        <line num="7" count="0" type="stmt"/>
        <line num="8" count="0" type="stmt"/>
        <line num="13" count="0" type="stmt"/>
        <line num="17" count="9" type="stmt"/>
        <line num="18" count="0" type="stmt"/>
        <line num="19" count="0" type="stmt"/>
        <line num="20" count="0" type="stmt"/>
        <line num="24" count="9" type="stmt"/>
        <line num="25" count="0" type="cond" truecount="0" falsecount="1"/>
        <line num="26" count="0" type="stmt"/>
        <line num="28" count="9" type="stmt"/>
      </file>
      <file name="RequestController.ts" path="C:\Users\Theo Siemens-Rhodes\Documents\CPEN321\CPEN321-TuneMatch\backend\src\controller\RequestController.ts">
        <metrics statements="48" coveredstatements="38" conditionals="10" coveredconditionals="9" methods="10" coveredmethods="9"/>
        <line num="1" count="9" type="stmt"/>
        <line num="9" count="9" type="stmt"/>
        <line num="12" count="9" type="stmt"/>
        <line num="15" count="9" type="stmt"/>
        <line num="20" count="7" type="stmt"/>
        <line num="21" count="14" type="cond" truecount="1" falsecount="0"/>
        <line num="22" count="0" type="stmt"/>
        <line num="29" count="14" type="stmt"/>
        <line num="31" count="2" type="stmt"/>
        <line num="38" count="9" type="stmt"/>
        <line num="43" count="0" type="cond" truecount="0" falsecount="1"/>
        <line num="45" count="0" type="stmt"/>
        <line num="46" count="0" type="stmt"/>
        <line num="47" count="0" type="stmt"/>
        <line num="48" count="0" type="stmt"/>
        <line num="49" count="0" type="stmt"/>
        <line num="56" count="9" type="stmt"/>
        <line num="57" count="4" type="cond" truecount="2" falsecount="0"/>
        <line num="58" count="4" type="cond" truecount="1" falsecount="0"/>
        <line num="59" count="1" type="stmt"/>
        <line num="62" count="3" type="stmt"/>
        <line num="63" count="3" type="stmt"/>
        <line num="65" count="4" type="cond" truecount="1" falsecount="0"/>
        <line num="67" count="2" type="stmt"/>
        <line num="68" count="2" type="stmt"/>
        <line num="69" count="2" type="stmt"/>
        <line num="70" count="2" type="stmt"/>
        <line num="71" count="2" type="stmt"/>
        <line num="72" count="2" type="stmt"/>
        <line num="82" count="4" type="cond" truecount="1" falsecount="0"/>
        <line num="83" count="2" type="stmt"/>
        <line num="86" count="2" type="stmt"/>
        <line num="87" count="2" type="stmt"/>
        <line num="88" count="2" type="stmt"/>
        <line num="89" count="2" type="stmt"/>
        <line num="90" count="2" type="stmt"/>
        <line num="91" count="2" type="stmt"/>
        <line num="103" count="9" type="stmt"/>
        <line num="104" count="3" type="cond" truecount="1" falsecount="0"/>
        <line num="105" count="3" type="cond" truecount="1" falsecount="0"/>
        <line num="106" count="1" type="stmt"/>
        <line num="109" count="2" type="stmt"/>
        <line num="110" count="2" type="stmt"/>
        <line num="112" count="4" type="cond" truecount="1" falsecount="0"/>
        <line num="113" count="0" type="stmt"/>
        <line num="114" count="0" type="stmt"/>
        <line num="115" count="0" type="stmt"/>
        <line num="120" count="9" type="stmt"/>
      </file>
      <file name="SessionController.ts" path="C:\Users\Theo Siemens-Rhodes\Documents\CPEN321\CPEN321-TuneMatch\backend\src\controller\SessionController.ts">
        <metrics statements="58" coveredstatements="58" conditionals="20" coveredconditionals="19" methods="13" coveredmethods="13"/>
        <line num="1" count="9" type="stmt"/>
        <line num="2" count="9" type="stmt"/>
        <line num="6" count="9" type="stmt"/>
        <line num="9" count="9" type="stmt"/>
        <line num="12" count="9" type="stmt"/>
        <line num="17" count="94" type="stmt"/>
        <line num="18" count="187" type="cond" truecount="1" falsecount="0"/>
        <line num="19" count="1" type="stmt"/>
        <line num="26" count="186" type="stmt"/>
        <line num="28" count="2" type="stmt"/>
        <line num="35" count="9" type="stmt"/>
        <line num="36" count="2" type="cond" truecount="1" falsecount="0"/>
        <line num="37" count="4" type="stmt"/>
        <line num="45" count="9" type="stmt"/>
        <line num="50" count="7" type="cond" truecount="1" falsecount="0"/>
        <line num="51" count="14" type="stmt"/>
        <line num="52" count="14" type="stmt"/>
        <line num="60" count="9" type="stmt"/>
        <line num="65" count="27" type="stmt"/>
        <line num="66" count="27" type="stmt"/>
        <line num="67" count="54" type="stmt"/>
        <line num="75" count="54" type="stmt"/>
        <line num="83" count="9" type="stmt"/>
        <line num="88" count="7" type="cond" truecount="1" falsecount="0"/>
        <line num="89" count="14" type="stmt"/>
        <line num="90" count="14" type="stmt"/>
        <line num="98" count="9" type="stmt"/>
        <line num="103" count="4" type="cond" truecount="1" falsecount="0"/>
        <line num="104" count="4" type="stmt"/>
        <line num="105" count="8" type="stmt"/>
        <line num="110" count="8" type="stmt"/>
        <line num="118" count="9" type="stmt"/>
        <line num="123" count="1" type="cond" truecount="1" falsecount="0"/>
        <line num="124" count="2" type="stmt"/>
        <line num="125" count="2" type="stmt"/>
        <line num="133" count="9" type="stmt"/>
        <line num="138" count="1" type="cond" truecount="1" falsecount="0"/>
        <line num="139" count="2" type="stmt"/>
        <line num="140" count="2" type="stmt"/>
        <line num="148" count="9" type="stmt"/>
        <line num="153" count="1" type="cond" truecount="1" falsecount="0"/>
        <line num="154" count="1" type="stmt"/>
        <line num="155" count="2" type="stmt"/>
        <line num="156" count="2" type="stmt"/>
        <line num="164" count="9" type="stmt"/>
        <line num="165" count="39" type="cond" truecount="1" falsecount="0"/>
        <line num="169" count="37" type="stmt"/>
        <line num="170" count="37" type="stmt"/>
        <line num="171" count="37" type="stmt"/>
        <line num="172" count="37" type="stmt"/>
        <line num="173" count="37" type="stmt"/>
        <line num="174" count="47" type="stmt"/>
        <line num="183" count="9" type="stmt"/>
        <line num="184" count="8" type="cond" truecount="1" falsecount="0"/>
        <line num="185" count="4" type="stmt"/>
        <line num="186" count="4" type="stmt"/>
        <line num="187" count="4" type="stmt"/>
        <line num="190" count="9" type="stmt"/>
      </file>
      <file name="UserController.ts" path="C:\Users\Theo Siemens-Rhodes\Documents\CPEN321\CPEN321-TuneMatch\backend\src\controller\UserController.ts">
        <metrics statements="59" coveredstatements="18" conditionals="24" coveredconditionals="8" methods="24" coveredmethods="3"/>
        <line num="1" count="9" type="stmt"/>
        <line num="7" count="9" type="stmt"/>
        <line num="11" count="9" type="stmt"/>
        <line num="14" count="9" type="stmt"/>
        <line num="16" count="0" type="cond" truecount="0" falsecount="2"/>
        <line num="19" count="0" type="stmt"/>
        <line num="20" count="0" type="cond" truecount="0" falsecount="1"/>
        <line num="21" count="0" type="stmt"/>
        <line num="23" count="0" type="stmt"/>
        <line num="24" count="0" type="stmt"/>
        <line num="25" count="0" type="cond" truecount="0" falsecount="2"/>
        <line num="37" count="9" type="stmt"/>
        <line num="38" count="0" type="cond" truecount="0" falsecount="1"/>
        <line num="39" count="0" type="stmt"/>
        <line num="40" count="0" type="stmt"/>
        <line num="41" count="0" type="stmt"/>
        <line num="47" count="9" type="stmt"/>
        <line num="48" count="0" type="cond" truecount="0" falsecount="1"/>
        <line num="51" count="0" type="cond" truecount="0" falsecount="1"/>
        <line num="52" count="0" type="stmt"/>
        <line num="54" count="0" type="stmt"/>
        <line num="58" count="0" type="stmt"/>
        <line num="59" count="0" type="stmt"/>
        <line num="60" count="0" type="stmt"/>
        <line num="66" count="9" type="stmt"/>
        <line num="67" count="0" type="cond" truecount="0" falsecount="1"/>
        <line num="68" count="0" type="stmt"/>
        <line num="69" count="0" type="stmt"/>
        <line num="70" count="0" type="stmt"/>
        <line num="80" count="9" type="stmt"/>
        <line num="81" count="0" type="cond" truecount="0" falsecount="1"/>
        <line num="85" count="0" type="stmt"/>
        <line num="86" count="0" type="stmt"/>
        <line num="87" count="0" type="stmt"/>
        <line num="93" count="9" type="stmt"/>
        <line num="94" count="0" type="cond" truecount="0" falsecount="1"/>
        <line num="98" count="9" type="stmt"/>
        <line num="99" count="0" type="cond" truecount="0" falsecount="1"/>
        <line num="104" count="0" type="stmt"/>
        <line num="105" count="0" type="stmt"/>
        <line num="106" count="0" type="cond" truecount="0" falsecount="1"/>
        <line num="107" count="0" type="stmt"/>
        <line num="118" count="9" type="stmt"/>
        <line num="123" count="4" type="stmt"/>
        <line num="124" count="8" type="cond" truecount="1" falsecount="0"/>
        <line num="125" count="0" type="stmt"/>
        <line num="132" count="8" type="stmt"/>
        <line num="134" count="0" type="stmt"/>
        <line num="141" count="9" type="stmt"/>
        <line num="142" count="0" type="cond" truecount="0" falsecount="1"/>
        <line num="144" count="0" type="stmt"/>
        <line num="145" count="0" type="stmt"/>
        <line num="146" count="0" type="stmt"/>
        <line num="147" count="0" type="stmt"/>
        <line num="148" count="0" type="stmt"/>
        <line num="149" count="0" type="stmt"/>
        <line num="160" count="9" type="stmt"/>
        <line num="161" count="4" type="cond" truecount="1" falsecount="0"/>
        <line num="167" count="9" type="stmt"/>
      </file>
      <file name="WebsocketController.ts" path="C:\Users\Theo Siemens-Rhodes\Documents\CPEN321\CPEN321-TuneMatch\backend\src\controller\WebsocketController.ts">
        <metrics statements="55" coveredstatements="53" conditionals="12" coveredconditionals="11" methods="6" coveredmethods="6"/>
        <line num="1" count="9" type="stmt"/>
        <line num="2" count="9" type="stmt"/>
        <line num="3" count="9" type="stmt"/>
        <line num="4" count="9" type="stmt"/>
        <line num="11" count="9" type="stmt"/>
        <line num="22" count="75" type="cond" truecount="1" falsecount="0"/>
        <line num="23" count="1" type="stmt"/>
        <line num="24" count="1" type="stmt"/>
        <line num="27" count="74" type="stmt"/>
        <line num="33" count="74" type="cond" truecount="1" falsecount="0"/>
        <line num="34" count="1" type="stmt"/>
        <line num="35" count="1" type="stmt"/>
        <line num="37" count="146" type="stmt"/>
        <line num="40" count="73" type="stmt"/>
        <line num="41" count="73" type="stmt"/>
        <line num="42" count="73" type="stmt"/>
        <line num="43" count="73" type="stmt"/>
        <line num="44" count="73" type="stmt"/>
        <line num="45" count="73" type="stmt"/>
        <line num="46" count="18" type="stmt"/>
        <line num="54" count="73" type="stmt"/>
        <line num="55" count="73" type="stmt"/>
        <line num="56" count="73" type="stmt"/>
        <line num="57" count="73" type="stmt"/>
        <line num="58" count="73" type="stmt"/>
        <line num="59" count="73" type="stmt"/>
        <line num="64" count="73" type="stmt"/>
        <line num="68" count="9" type="stmt"/>
        <line num="70" count="75" type="cond" truecount="1" falsecount="0"/>
        <line num="72" count="75" type="stmt"/>
        <line num="75" count="75" type="stmt"/>
        <line num="76" count="108" type="cond" truecount="0" falsecount="1"/>
        <line num="77" count="0" type="stmt"/>
        <line num="78" count="0" type="stmt"/>
        <line num="80" count="108" type="stmt"/>
        <line num="81" count="108" type="stmt"/>
        <line num="82" count="107" type="cond" truecount="2" falsecount="0"/>
        <line num="83" count="1" type="stmt"/>
        <line num="85" count="106" type="cond" truecount="4" falsecount="0"/>
        <line num="87" count="94" type="stmt"/>
        <line num="88" count="94" type="stmt"/>
        <line num="90" count="4" type="stmt"/>
        <line num="91" count="4" type="stmt"/>
        <line num="93" count="7" type="stmt"/>
        <line num="94" count="7" type="stmt"/>
        <line num="96" count="1" type="stmt"/>
        <line num="102" count="1" type="stmt"/>
        <line num="109" count="75" type="stmt"/>
        <line num="110" count="64" type="stmt"/>
        <line num="111" count="64" type="stmt"/>
        <line num="113" count="67" type="cond" truecount="1" falsecount="0"/>
        <line num="114" count="122" type="stmt"/>
        <line num="115" count="122" type="stmt"/>
        <line num="118" count="67" type="cond" truecount="1" falsecount="0"/>
        <line num="119" count="122" type="stmt"/>
      </file>
    </package>
    <package name="src.middleware">
      <metrics statements="16" coveredstatements="3" conditionals="11" coveredconditionals="0" methods="2" coveredmethods="0"/>
      <file name="CurrentUser.ts" path="C:\Users\Theo Siemens-Rhodes\Documents\CPEN321\CPEN321-TuneMatch\backend\src\middleware\CurrentUser.ts">
        <metrics statements="14" coveredstatements="2" conditionals="9" coveredconditionals="0" methods="1" coveredmethods="0"/>
        <line num="2" count="9" type="stmt"/>
        <line num="6" count="9" type="stmt"/>
        <line num="11" count="0" type="cond" truecount="0" falsecount="2"/>
        <line num="12" count="0" type="stmt"/>
        <line num="15" count="0" type="cond" truecount="0" falsecount="3"/>
        <line num="16" count="0" type="stmt"/>
        <line num="17" count="0" type="stmt"/>
        <line num="19" count="0" type="cond" truecount="0" falsecount="3"/>
        <line num="20" count="0" type="stmt"/>
        <line num="21" count="0" type="stmt"/>
        <line num="23" count="0" type="cond" truecount="0" falsecount="1"/>
        <line num="24" count="0" type="stmt"/>
        <line num="25" count="0" type="stmt"/>
        <line num="27" count="0" type="stmt"/>
      </file>
      <file name="ErrorHandler.ts" path="C:\Users\Theo Siemens-Rhodes\Documents\CPEN321\CPEN321-TuneMatch\backend\src\middleware\ErrorHandler.ts">
        <metrics statements="2" coveredstatements="1" conditionals="2" coveredconditionals="0" methods="1" coveredmethods="0"/>
        <line num="4" count="9" type="stmt"/>
        <line num="10" count="0" type="cond" truecount="0" falsecount="2"/>
      </file>
    </package>
    <package name="src.models">
      <metrics statements="100" coveredstatements="100" conditionals="44" coveredconditionals="43" methods="26" coveredmethods="26"/>
      <file name="Queue.ts" path="C:\Users\Theo Siemens-Rhodes\Documents\CPEN321\CPEN321-TuneMatch\backend\src\models\Queue.ts">
        <metrics statements="65" coveredstatements="65" conditionals="27" coveredconditionals="26" methods="13" coveredmethods="13"/>
        <line num="1" count="9" type="stmt"/>
        <line num="11" count="51" type="stmt"/>
        <line num="12" count="51" type="stmt"/>
        <line num="13" count="51" type="stmt"/>
        <line num="14" count="51" type="stmt"/>
        <line num="15" count="51" type="stmt"/>
        <line num="16" count="51" type="stmt"/>
        <line num="18" count="9" type="stmt"/>
        <line num="20" count="9" type="stmt"/>
        <line num="26" count="28" type="stmt"/>
        <line num="27" count="28" type="stmt"/>
        <line num="28" count="28" type="stmt"/>
        <line num="35" count="9" type="stmt"/>
        <line num="36" count="7" type="cond" truecount="3" falsecount="0"/>
        <line num="37" count="7" type="stmt"/>
        <line num="38" count="7" type="stmt"/>
        <line num="43" count="44" type="cond" truecount="1" falsecount="0"/>
        <line num="44" count="26" type="cond" truecount="2" falsecount="0"/>
        <line num="45" count="22" type="stmt"/>
        <line num="46" count="22" type="stmt"/>
        <line num="47" count="22" type="stmt"/>
        <line num="48" count="15" type="stmt"/>
        <line num="49" count="15" type="stmt"/>
        <line num="52" count="4" type="stmt"/>
        <line num="60" count="9" type="stmt"/>
        <line num="61" count="1" type="cond" truecount="1" falsecount="0"/>
        <line num="62" count="1" type="stmt"/>
        <line num="63" count="1" type="stmt"/>
        <line num="64" count="1" type="stmt"/>
        <line num="65" count="1" type="stmt"/>
        <line num="66" count="1" type="stmt"/>
        <line num="67" count="1" type="stmt"/>
        <line num="68" count="1" type="stmt"/>
        <line num="77" count="9" type="stmt"/>
        <line num="78" count="7" type="cond" truecount="1" falsecount="0"/>
        <line num="79" count="1" type="stmt"/>
        <line num="81" count="7" type="stmt"/>
        <line num="82" count="7" type="stmt"/>
        <line num="92" count="9" type="stmt"/>
        <line num="94" count="31" type="cond" truecount="5" falsecount="0"/>
        <line num="98" count="31" type="cond" truecount="2" falsecount="0"/>
        <line num="99" count="31" type="stmt"/>
        <line num="100" count="31" type="stmt"/>
        <line num="103" count="31" type="cond" truecount="3" falsecount="0"/>
        <line num="104" count="6" type="stmt"/>
        <line num="112" count="9" type="stmt"/>
        <line num="113" count="7" type="cond" truecount="2" falsecount="0"/>
        <line num="114" count="3" type="stmt"/>
        <line num="115" count="3" type="stmt"/>
        <line num="116" count="3" type="stmt"/>
        <line num="118" count="4" type="stmt"/>
        <line num="128" count="9" type="stmt"/>
        <line num="129" count="4" type="stmt"/>
        <line num="130" count="4" type="cond" truecount="1" falsecount="0"/>
        <line num="131" count="4" type="stmt"/>
        <line num="140" count="9" type="stmt"/>
        <line num="141" count="1" type="cond" truecount="1" falsecount="0"/>
        <line num="142" count="1" type="stmt"/>
        <line num="145" count="1" type="stmt"/>
        <line num="146" count="1" type="cond" truecount="1" falsecount="0"/>
        <line num="148" count="1" type="stmt"/>
        <line num="153" count="1" type="stmt"/>
        <line num="156" count="1" type="stmt"/>
        <line num="157" count="1" type="stmt"/>
        <line num="159" count="9" type="stmt"/>
      </file>
      <file name="SessionModels.ts" path="C:\Users\Theo Siemens-Rhodes\Documents\CPEN321\CPEN321-TuneMatch\backend\src\models\SessionModels.ts">
        <metrics statements="6" coveredstatements="6" conditionals="2" coveredconditionals="2" methods="2" coveredmethods="2"/>
        <line num="2" count="9" type="stmt"/>
        <line num="6" count="9" type="stmt"/>
        <line num="8" count="95" type="stmt"/>
        <line num="9" count="95" type="stmt"/>
        <line num="11" count="95" type="cond" truecount="2" falsecount="0"/>
        <line num="13" count="9" type="stmt"/>
      </file>
      <file name="UserModels.ts" path="C:\Users\Theo Siemens-Rhodes\Documents\CPEN321\CPEN321-TuneMatch\backend\src\models\UserModels.ts">
        <metrics statements="23" coveredstatements="23" conditionals="15" coveredconditionals="15" methods="9" coveredmethods="9"/>
        <line num="1" count="9" type="stmt"/>
        <line num="2" count="9" type="stmt"/>
        <line num="12" count="9" type="stmt"/>
        <line num="16" count="256" type="cond" truecount="2" falsecount="0"/>
        <line num="17" count="68" type="cond" truecount="2" falsecount="0"/>
        <line num="22" count="9" type="stmt"/>
        <line num="26" count="234" type="cond" truecount="1" falsecount="0"/>
        <line num="27" count="234" type="stmt"/>
        <line num="30" count="324" type="cond" truecount="1" falsecount="0"/>
        <line num="34" count="9" type="stmt"/>
        <line num="35" count="324" type="cond" truecount="3" falsecount="0"/>
        <line num="36" count="168" type="cond" truecount="2" falsecount="0"/>
        <line num="38" count="156" type="stmt"/>
        <line num="41" count="9" type="stmt"/>
        <line num="43" count="215" type="stmt"/>
        <line num="44" count="215" type="stmt"/>
        <line num="46" count="215" type="cond" truecount="2" falsecount="0"/>
        <line num="48" count="9" type="stmt"/>
        <line num="50" count="9" type="stmt"/>
        <line num="52" count="77" type="stmt"/>
        <line num="53" count="77" type="stmt"/>
        <line num="55" count="77" type="cond" truecount="2" falsecount="0"/>
        <line num="57" count="9" type="stmt"/>
      </file>
      <file name="WebsocketModels.ts" path="C:\Users\Theo Siemens-Rhodes\Documents\CPEN321\CPEN321-TuneMatch\backend\src\models\WebsocketModels.ts">
        <metrics statements="6" coveredstatements="6" conditionals="0" coveredconditionals="0" methods="2" coveredmethods="2"/>
        <line num="4" count="9" type="stmt"/>
        <line num="6" count="387" type="stmt"/>
        <line num="7" count="387" type="stmt"/>
        <line num="8" count="387" type="stmt"/>
        <line num="9" count="387" type="stmt"/>
        <line num="11" count="9" type="stmt"/>
      </file>
    </package>
    <package name="src.routes">
      <metrics statements="11" coveredstatements="6" conditionals="11" coveredconditionals="0" methods="2" coveredmethods="0"/>
      <file name="ReportRoutes.ts" path="C:\Users\Theo Siemens-Rhodes\Documents\CPEN321\CPEN321-TuneMatch\backend\src\routes\ReportRoutes.ts">
        <metrics statements="3" coveredstatements="3" conditionals="0" coveredconditionals="0" methods="0" coveredmethods="0"/>
        <line num="1" count="9" type="stmt"/>
        <line num="2" count="9" type="stmt"/>
        <line num="4" count="9" type="stmt"/>
      </file>
      <file name="UserRoutes.ts" path="C:\Users\Theo Siemens-Rhodes\Documents\CPEN321\CPEN321-TuneMatch\backend\src\routes\UserRoutes.ts">
        <metrics statements="8" coveredstatements="3" conditionals="11" coveredconditionals="0" methods="2" coveredmethods="0"/>
        <line num="1" count="9" type="stmt"/>
        <line num="2" count="9" type="stmt"/>
        <line num="4" count="9" type="stmt"/>
        <line num="79" count="0" type="stmt"/>
        <line num="86" count="0" type="cond" truecount="0" falsecount="1"/>
        <line num="89" count="0" type="cond" truecount="0" falsecount="6"/>
        <line num="93" count="0" type="stmt"/>
        <line num="97" count="0" type="stmt"/>
      </file>
    </package>
    <package name="src.services">
      <metrics statements="283" coveredstatements="210" conditionals="98" coveredconditionals="53" methods="91" coveredmethods="68"/>
      <file name="ReportService.ts" path="C:\Users\Theo Siemens-Rhodes\Documents\CPEN321\CPEN321-TuneMatch\backend\src\services\ReportService.ts">
        <metrics statements="10" coveredstatements="7" conditionals="5" coveredconditionals="0" methods="4" coveredmethods="1"/>
        <line num="2" count="9" type="stmt"/>
        <line num="4" count="9" type="stmt"/>
        <line num="5" count="9" type="stmt"/>
        <line num="8" count="9" type="stmt"/>
        <line num="13" count="0" type="cond" truecount="0" falsecount="2"/>
        <line num="25" count="9" type="stmt"/>
        <line num="26" count="0" type="cond" truecount="0" falsecount="2"/>
        <line num="38" count="9" type="stmt"/>
        <line num="39" count="0" type="cond" truecount="0" falsecount="1"/>
        <line num="44" count="9" type="stmt"/>
      </file>
      <file name="SessionService.ts" path="C:\Users\Theo Siemens-Rhodes\Documents\CPEN321\CPEN321-TuneMatch\backend\src\services\SessionService.ts">
        <metrics statements="96" coveredstatements="95" conditionals="28" coveredconditionals="25" methods="26" coveredmethods="26"/>
        <line num="1" count="9" type="stmt"/>
        <line num="2" count="9" type="stmt"/>
        <line num="3" count="9" type="stmt"/>
        <line num="5" count="9" type="stmt"/>
        <line num="6" count="9" type="stmt"/>
        <line num="8" count="9" type="stmt"/>
        <line num="9" count="13" type="stmt"/>
        <line num="10" count="13" type="stmt"/>
        <line num="13" count="9" type="stmt"/>
        <line num="17" count="68" type="cond" truecount="1" falsecount="0"/>
        <line num="18" count="12" type="stmt"/>
        <line num="23" count="12" type="cond" truecount="3" falsecount="0"/>
        <line num="25" count="1" type="stmt"/>
        <line num="31" count="78" type="stmt"/>
        <line num="34" count="67" type="cond" truecount="1" falsecount="0"/>
        <line num="35" count="11" type="stmt"/>
        <line num="36" count="11" type="cond" truecount="1" falsecount="0"/>
        <line num="37" count="1" type="stmt"/>
        <line num="40" count="10" type="stmt"/>
        <line num="43" count="10" type="cond" truecount="1" falsecount="0"/>
        <line num="44" count="1" type="stmt"/>
        <line num="46" count="9" type="stmt"/>
        <line num="53" count="28" type="cond" truecount="3" falsecount="0"/>
        <line num="57" count="28" type="stmt"/>
        <line num="64" count="37" type="stmt"/>
        <line num="65" count="74" type="stmt"/>
        <line num="66" count="37" type="stmt"/>
        <line num="68" count="37" type="stmt"/>
        <line num="69" count="37" type="stmt"/>
        <line num="70" count="37" type="stmt"/>
        <line num="75" count="37" type="stmt"/>
        <line num="80" count="37" type="stmt"/>
        <line num="84" count="9" type="stmt"/>
        <line num="86" count="104" type="cond" truecount="3" falsecount="0"/>
        <line num="91" count="104" type="cond" truecount="1" falsecount="0"/>
        <line num="92" count="70" type="stmt"/>
        <line num="96" count="34" type="stmt"/>
        <line num="97" count="49" type="cond" truecount="1" falsecount="0"/>
        <line num="98" count="38" type="stmt"/>
        <line num="102" count="30" type="stmt"/>
        <line num="109" count="34" type="stmt"/>
        <line num="110" count="53" type="cond" truecount="1" falsecount="0"/>
        <line num="112" count="30" type="stmt"/>
        <line num="113" count="15" type="stmt"/>
        <line num="115" count="15" type="stmt"/>
        <line num="116" count="15" type="stmt"/>
        <line num="117" count="15" type="stmt"/>
        <line num="124" count="9" type="stmt"/>
        <line num="125" count="50" type="cond" truecount="1" falsecount="0"/>
        <line num="126" count="50" type="cond" truecount="0" falsecount="1"/>
        <line num="127" count="0" type="stmt"/>
        <line num="129" count="50" type="stmt"/>
        <line num="133" count="9" type="stmt"/>
        <line num="134" count="102" type="cond" truecount="1" falsecount="0"/>
        <line num="140" count="102" type="stmt"/>
        <line num="141" count="102" type="stmt"/>
        <line num="143" count="102" type="stmt"/>
        <line num="144" count="128" type="stmt"/>
        <line num="145" count="26" type="stmt"/>
        <line num="146" count="204" type="stmt"/>
        <line num="150" count="9" type="stmt"/>
        <line num="154" count="7" type="stmt"/>
        <line num="155" count="14" type="stmt"/>
        <line num="156" count="7" type="stmt"/>
        <line num="157" count="24" type="stmt"/>
        <line num="163" count="9" type="stmt"/>
        <line num="171" count="27" type="stmt"/>
        <line num="172" count="54" type="stmt"/>
        <line num="173" count="27" type="stmt"/>
        <line num="178" count="9" type="stmt"/>
        <line num="179" count="7" type="stmt"/>
        <line num="180" count="14" type="stmt"/>
        <line num="181" count="7" type="stmt"/>
        <line num="186" count="9" type="stmt"/>
        <line num="187" count="4" type="stmt"/>
        <line num="188" count="8" type="stmt"/>
        <line num="189" count="4" type="stmt"/>
        <line num="194" count="9" type="stmt"/>
        <line num="195" count="1" type="stmt"/>
        <line num="196" count="2" type="stmt"/>
        <line num="197" count="1" type="stmt"/>
        <line num="202" count="9" type="stmt"/>
        <line num="203" count="1" type="stmt"/>
        <line num="204" count="2" type="stmt"/>
        <line num="205" count="1" type="stmt"/>
        <line num="210" count="9" type="stmt"/>
        <line num="211" count="1" type="stmt"/>
        <line num="212" count="2" type="stmt"/>
        <line num="213" count="1" type="stmt"/>
        <line num="218" count="9" type="stmt"/>
        <line num="219" count="61" type="stmt"/>
        <line num="220" count="61" type="cond" truecount="1" falsecount="0"/>
        <line num="221" count="61" type="stmt"/>
        <line num="222" count="61" type="stmt"/>
        <line num="226" count="67" type="stmt"/>
        <line num="231" count="9" type="stmt"/>
      </file>
      <file name="UserMatchingService.ts" path="C:\Users\Theo Siemens-Rhodes\Documents\CPEN321\CPEN321-TuneMatch\backend\src\services\UserMatchingService.ts">
        <metrics statements="71" coveredstatements="10" conditionals="29" coveredconditionals="0" methods="18" coveredmethods="1"/>
        <line num="2" count="9" type="stmt"/>
        <line num="4" count="9" type="stmt"/>
        <line num="5" count="9" type="stmt"/>
        <line num="6" count="9" type="stmt"/>
        <line num="9" count="9" type="stmt"/>
        <line num="10" count="0" type="cond" truecount="0" falsecount="1"/>
        <line num="12" count="0" type="stmt"/>
        <line num="14" count="0" type="cond" truecount="0" falsecount="1"/>
        <line num="15" count="0" type="stmt"/>
        <line num="16" count="0" type="stmt"/>
        <line num="18" count="0" type="stmt"/>
        <line num="19" count="0" type="stmt"/>
        <line num="28" count="0" type="stmt"/>
        <line num="31" count="0" type="cond" truecount="0" falsecount="1"/>
        <line num="35" count="9" type="stmt"/>
        <line num="38" count="0" type="cond" truecount="0" falsecount="1"/>
        <line num="55" count="0" type="stmt"/>
        <line num="58" count="0" type="cond" truecount="0" falsecount="2"/>
        <line num="61" count="0" type="stmt"/>
        <line num="64" count="0" type="stmt"/>
        <line num="69" count="9" type="stmt"/>
        <line num="71" count="0" type="stmt"/>
        <line num="72" count="0" type="stmt"/>
        <line num="73" count="0" type="stmt"/>
        <line num="76" count="0" type="stmt"/>
        <line num="78" count="0" type="stmt"/>
        <line num="79" count="0" type="stmt"/>
        <line num="80" count="0" type="stmt"/>
        <line num="83" count="0" type="stmt"/>
        <line num="84" count="0" type="stmt"/>
        <line num="87" count="0" type="stmt"/>
        <line num="88" count="0" type="cond" truecount="0" falsecount="1"/>
        <line num="89" count="0" type="stmt"/>
        <line num="93" count="0" type="stmt"/>
        <line num="96" count="0" type="stmt"/>
        <line num="106" count="9" type="stmt"/>
        <line num="107" count="0" type="cond" truecount="0" falsecount="2"/>
        <line num="108" count="0" type="stmt"/>
        <line num="110" count="0" type="cond" truecount="0" falsecount="4"/>
        <line num="111" count="0" type="stmt"/>
        <line num="112" count="0" type="stmt"/>
        <line num="114" count="0" type="stmt"/>
        <line num="116" count="0" type="cond" truecount="0" falsecount="1"/>
        <line num="117" count="0" type="stmt"/>
        <line num="120" count="0" type="cond" truecount="0" falsecount="1"/>
        <line num="121" count="0" type="stmt"/>
        <line num="122" count="0" type="cond" truecount="0" falsecount="1"/>
        <line num="124" count="0" type="stmt"/>
        <line num="126" count="0" type="cond" truecount="0" falsecount="3"/>
        <line num="130" count="0" type="stmt"/>
        <line num="136" count="0" type="cond" truecount="0" falsecount="1"/>
        <line num="137" count="0" type="stmt"/>
        <line num="141" count="0" type="stmt"/>
        <line num="143" count="0" type="stmt"/>
        <line num="145" count="0" type="cond" truecount="0" falsecount="1"/>
        <line num="147" count="0" type="stmt"/>
        <line num="149" count="0" type="stmt"/>
        <line num="151" count="0" type="cond" truecount="0" falsecount="4"/>
        <line num="152" count="0" type="stmt"/>
        <line num="157" count="0" type="stmt"/>
        <line num="159" count="0" type="stmt"/>
        <line num="161" count="0" type="cond" truecount="0" falsecount="1"/>
        <line num="162" count="0" type="stmt"/>
        <line num="168" count="0" type="stmt"/>
        <line num="172" count="9" type="stmt"/>
        <line num="173" count="0" type="cond" truecount="0" falsecount="3"/>
        <line num="175" count="0" type="stmt"/>
        <line num="178" count="0" type="stmt"/>
        <line num="180" count="0" type="stmt"/>
        <line num="182" count="0" type="stmt"/>
        <line num="184" count="9" type="stmt"/>
      </file>
      <file name="UserService.ts" path="C:\Users\Theo Siemens-Rhodes\Documents\CPEN321\CPEN321-TuneMatch\backend\src\services\UserService.ts">
        <metrics statements="73" coveredstatements="65" conditionals="26" coveredconditionals="18" methods="31" coveredmethods="28"/>
        <line num="1" count="9" type="stmt"/>
        <line num="2" count="9" type="stmt"/>
        <line num="3" count="9" type="stmt"/>
        <line num="5" count="9" type="stmt"/>
        <line num="6" count="9" type="stmt"/>
        <line num="7" count="9" type="stmt"/>
        <line num="10" count="9" type="stmt"/>
        <line num="11" count="222" type="cond" truecount="1" falsecount="0"/>
        <line num="19" count="222" type="stmt"/>
        <line num="20" count="63" type="stmt"/>
        <line num="25" count="9" type="stmt"/>
        <line num="28" count="82" type="cond" truecount="1" falsecount="0"/>
        <line num="35" count="82" type="stmt"/>
        <line num="36" count="82" type="stmt"/>
        <line num="38" count="82" type="stmt"/>
        <line num="40" count="25" type="stmt"/>
        <line num="42" count="82" type="stmt"/>
        <line num="44" count="23" type="stmt"/>
        <line num="47" count="82" type="stmt"/>
        <line num="51" count="9" type="stmt"/>
        <line num="53" count="30" type="stmt"/>
        <line num="62" count="30" type="stmt"/>
        <line num="64" count="0" type="stmt"/>
        <line num="69" count="9" type="stmt"/>
        <line num="71" count="4" type="stmt"/>
        <line num="77" count="4" type="stmt"/>
        <line num="83" count="2" type="stmt"/>
        <line num="85" count="0" type="stmt"/>
        <line num="89" count="9" type="stmt"/>
        <line num="90" count="140" type="cond" truecount="1" falsecount="0"/>
        <line num="91" count="140" type="stmt"/>
        <line num="92" count="33" type="stmt"/>
        <line num="95" count="140" type="stmt"/>
        <line num="96" count="280" type="stmt"/>
        <line num="100" count="9" type="stmt"/>
        <line num="106" count="29" type="stmt"/>
        <line num="114" count="29" type="stmt"/>
        <line num="115" count="26" type="stmt"/>
        <line num="116" count="26" type="stmt"/>
        <line num="118" count="3" type="stmt"/>
        <line num="123" count="9" type="stmt"/>
        <line num="129" count="431" type="stmt"/>
        <line num="137" count="431" type="stmt"/>
        <line num="138" count="431" type="stmt"/>
        <line num="139" count="431" type="stmt"/>
        <line num="141" count="0" type="stmt"/>
        <line num="146" count="9" type="stmt"/>
        <line num="147" count="110" type="cond" truecount="2" falsecount="0"/>
        <line num="153" count="9" type="stmt"/>
        <line num="154" count="140" type="cond" truecount="2" falsecount="0"/>
        <line num="163" count="9" type="stmt"/>
        <line num="164" count="0" type="cond" truecount="0" falsecount="2"/>
        <line num="165" count="0" type="stmt"/>
        <line num="170" count="0" type="stmt"/>
        <line num="176" count="9" type="stmt"/>
        <line num="177" count="0" type="cond" truecount="0" falsecount="2"/>
        <line num="183" count="9" type="stmt"/>
        <line num="188" count="0" type="cond" truecount="0" falsecount="2"/>
        <line num="198" count="9" type="stmt"/>
        <line num="203" count="140" type="stmt"/>
        <line num="206" count="145" type="cond" truecount="8" falsecount="0"/>
        <line num="207" count="135" type="cond" truecount="2" falsecount="0"/>
        <line num="209" count="140" type="cond" truecount="1" falsecount="0"/>
        <line num="210" count="67" type="stmt"/>
        <line num="214" count="140" type="stmt"/>
        <line num="217" count="280" type="stmt"/>
        <line num="218" count="140" type="stmt"/>
        <line num="219" count="140" type="stmt"/>
        <line num="220" count="140" type="stmt"/>
        <line num="221" count="140" type="stmt"/>
        <line num="222" count="140" type="stmt"/>
        <line num="230" count="140" type="stmt"/>
        <line num="232" count="9" type="stmt"/>
      </file>
      <file name="WebsocketService.ts" path="C:\Users\Theo Siemens-Rhodes\Documents\CPEN321\CPEN321-TuneMatch\backend\src\services\WebsocketService.ts">
        <metrics statements="33" coveredstatements="33" conditionals="10" coveredconditionals="10" methods="12" coveredmethods="12"/>
        <line num="1" count="9" type="stmt"/>
        <line num="3" count="9" type="stmt"/>
        <line num="4" count="9" type="stmt"/>
        <line num="7" count="9" type="stmt"/>
        <line num="8" count="9" type="stmt"/>
        <line num="9" count="9" type="stmt"/>
        <line num="12" count="9" type="stmt"/>
        <line num="13" count="146" type="cond" truecount="1" falsecount="0"/>
        <line num="14" count="73" type="cond" truecount="1" falsecount="0"/>
        <line num="15" count="73" type="cond" truecount="1" falsecount="0"/>
        <line num="16" count="1" type="stmt"/>
        <line num="17" count="1" type="stmt"/>
        <line num="19" count="72" type="stmt"/>
        <line num="20" count="72" type="stmt"/>
        <line num="25" count="9" type="stmt"/>
        <line num="26" count="122" type="cond" truecount="1" falsecount="0"/>
        <line num="27" count="61" type="stmt"/>
        <line num="28" count="61" type="stmt"/>
        <line num="29" count="61" type="stmt"/>
        <line num="34" count="9" type="stmt"/>
        <line num="35" count="7" type="cond" truecount="2" falsecount="0"/>
        <line num="36" count="7" type="stmt"/>
        <line num="37" count="7" type="stmt"/>
        <line num="42" count="9" type="stmt"/>
        <line num="43" count="64" type="cond" truecount="2" falsecount="0"/>
        <line num="44" count="64" type="stmt"/>
        <line num="45" count="64" type="stmt"/>
        <line num="50" count="9" type="stmt"/>
        <line num="51" count="484" type="cond" truecount="1" falsecount="0"/>
        <line num="52" count="242" type="stmt"/>
        <line num="53" count="59" type="stmt"/>
        <line num="54" count="59" type="cond" truecount="1" falsecount="0"/>
        <line num="58" count="9" type="stmt"/>
      </file>
    </package>
    <package name="test.websocket">
      <metrics statements="4" coveredstatements="4" conditionals="0" coveredconditionals="0" methods="0" coveredmethods="0"/>
      <file name="songModels.ts" path="C:\Users\Theo Siemens-Rhodes\Documents\CPEN321\CPEN321-TuneMatch\backend\test\websocket\songModels.ts">
        <metrics statements="4" coveredstatements="4" conditionals="0" coveredconditionals="0" methods="0" coveredmethods="0"/>
        <line num="1" count="2" type="stmt"/>
        <line num="5" count="2" type="stmt"/>
        <line num="11" count="2" type="stmt"/>
        <line num="15" count="2" type="stmt"/>
      </file>
    </package>
  </project>
</coverage>
